(C46,(Titanium_IBR_MLV_vaccine,(C33,((216_II,((B589,SP1777):0.7988493476123598,BHV5):0.9502720213009037):1.5752165292505862,#H9:1.2890411919783902::0.30912396045372786):1.372232184452808):1.5151650072822123):1.7300805884552597,(Cooper)#H9:2.6421026093069933::0.6908760395462721);
(C46,(Titanium_IBR_MLV_vaccine,(C33,((216_II,((B589,SP1777):0.7676021385801196,BHV5):0.9493836839506432):1.5140241006297803,#H9:::0.3161831962407007):1.500555984040007):1.3768615650567693):1.8745553601785476,(Cooper)#H9:::0.6838168037592993);
(C46,(Titanium_IBR_MLV_vaccine,(C33,((216_II,((SP1777,B589):0.7774458553864719,BHV5):0.9437823837896303):1.5006239834379147,#H9:::0.28244567824314454):1.5423530180709624):1.317335379577782):2.3000954164746803,(Cooper)#H9:::0.7175543217568554);
(C46,(Titanium_IBR_MLV_vaccine,(C33,((216_II,(BHV5,(B589,SP1777):0.7658805849645982):0.9352175189554937):1.4841281354141536,#H9:::0.2874515321573059):1.665696288268948):1.3296996019260137):2.184140903950175,(Cooper)#H9:::0.7125484678426941);
(C46,(Titanium_IBR_MLV_vaccine,(C33,((216_II,((SP1777,B589):0.8075046638334024,BHV5):0.9306578023680414):1.382606724291731,#H9:::0.29610151055067874):1.7467664623127632):1.347168520713379):2.628479655075747,(Cooper)#H9:::0.7038984894493212);
((Titanium_IBR_MLV_vaccine,(C33,((216_II,((SP1777,B589):0.7674400882576928,BHV5):0.9445812683029639):1.5617766535737667,#H9:8.577393959642032::0.35315943360329205):1.4372110886608267):1.5944415797360263):10.0,C46,(Cooper)#H9:9.964303586103092::0.646840566396708);
((Titanium_IBR_MLV_vaccine,(C33,((216_II,(BHV5,(B589,SP1777):0.8025739969132388):0.9682378759928422):1.5879231345290754,#H9:::0.34231233519203486):1.4840314988803631):1.2467884224912005):4.747253465864162,C46,(Cooper)#H9:::0.6576876648079651);
(C46,(Titanium_IBR_MLV_vaccine,(((216_II,((B589,SP1777):0.7665648306548831,BHV5):0.9608607662797485):1.439259761500613,#H9:::0.29505719999722996):1.7488756051145224,C33):1.3420448362148187):2.397526303700238,(Cooper)#H9:::0.70494280000277);
(C46,(Titanium_IBR_MLV_vaccine,(C33,((216_II,((B589,SP1777):0.793346962944645,BHV5):0.9374973696221063):1.786894672250241,#H9:::0.3596189287112144):1.2627068537288113):1.3455121243921806):10.0,(Cooper)#H9:::0.6403810712887856);
(C46,((C33,((216_II,((B589,SP1777):0.7740862818416836,BHV5):0.9373527923325616):1.7776453138899964,#H9:::0.361427245743339):1.1076179780367434):1.4047012378403236,Titanium_IBR_MLV_vaccine):10.0,(Cooper)#H9:::0.638572754256661);
(C46,(Titanium_IBR_MLV_vaccine,(C33,((216_II,((B589,SP1777):0.755461168320238,BHV5):0.890163198679877):1.549960748619415,#H9:::0.30274022243179793):1.5130772219455324):1.3252747589359661):2.032642843949154,(Cooper)#H9:::0.6972597775682021);
(C46,(Titanium_IBR_MLV_vaccine,(C33,((((B589,SP1777):0.7586387853093712,BHV5):0.9023389000012976,216_II):1.556517735652977,#H9:::0.28377612309100486):1.400254965530642):1.1608178935117042):2.0872282757597773,(Cooper)#H9:::0.7162238769089951);
(C46,(Titanium_IBR_MLV_vaccine,(C33,((216_II,(BHV5,(B589,SP1777):0.7872511807467464):0.9311663781002195):1.762185597364184,#H9:::0.3435522489175078):1.191004454031611):1.2127274895492208):8.787272630814634,(Cooper)#H9:::0.6564477510824922);
(C46,(Titanium_IBR_MLV_vaccine,(C33,((216_II,(BHV5,(B589,SP1777):0.8173126417289741):0.9059311996190197):1.5204795904497108,#H9:::0.3382094810936657):1.672928664820245):1.5153669354055281):10.0,(Cooper)#H9:::0.6617905189063342);
(((Titanium_IBR_MLV_vaccine,(C46,(Cooper)#H9:::0.6903723141869147):3.200107030146139):1.1480126053486104,C33):1.2772476914450368,(216_II,((B589,SP1777):0.8036938568286041,BHV5):0.9187597160275421):1.5829317955238016,#H9:::0.3096276858130853);
(C46,((C33,((216_II,(BHV5,(B589,SP1777):0.7583673125694452):0.9078302639804882):1.8197025671148428,#H9:::0.3348474508714041):1.2049895090500709):1.2564246143264857,Titanium_IBR_MLV_vaccine):10.0,(Cooper)#H9:::0.6651525491285959);
(C46,((C33,(((BHV5,(B589,SP1777):0.8102383640029289):0.9202686566448792,216_II):1.588219371833558,#H9:::0.31936336753030725):1.3983471544166168):1.3649021536049546,Titanium_IBR_MLV_vaccine):2.1255119409244063,(Cooper)#H9:::0.6806366324696927);
(C46,((C33,((216_II,((B589,SP1777):0.7437394786397901,BHV5):0.917656453623178):1.5338854802982858,#H9:::0.3059509332279213):1.5120506258829827):1.3357396861434194,Titanium_IBR_MLV_vaccine):2.098465652935719,(Cooper)#H9:::0.6940490667720787);
(C46,((C33,((216_II,((SP1777,B589):0.7972627948780646,BHV5):0.8948457709956719):2.3238389549284224)#H9:10.0::0.7565868812088397):1.8463745944822418,Titanium_IBR_MLV_vaccine):1.656359791075388,(Cooper,#H9:0.0::0.2434131187911604):8.343640097561686);
(C46,(Titanium_IBR_MLV_vaccine,(C33,((216_II,(BHV5,(B589,SP1777):0.7718196768351194):0.9608284334324965):1.5774771064174633,#H9:::0.34761539978208056):1.4605598541730371):1.0950603566661785):2.9724126756406615,(Cooper)#H9:::0.6523846002179194);
((Titanium_IBR_MLV_vaccine,(C33,(((BHV5,(SP1777,B589):0.7799538222567005):0.9350185844038932,216_II):1.529158572108885,#H9:::0.30649171674284764):1.504323852588611):1.2818349992592513):2.345279182768082,C46,(Cooper)#H9:::0.6935082832571524);
((Titanium_IBR_MLV_vaccine,(C33,((216_II,(BHV5,(B589,SP1777):0.7549499212845286):0.9691320286872246):1.7154368359692795,#H9:::0.3218100172450059):1.183089707884528):1.380324193649833):3.454532004142531,C46,(Cooper)#H9:::0.6781899827549941);
(C46,(Titanium_IBR_MLV_vaccine,(C33,(((BHV5,(B589,SP1777):0.7572964947597471):0.9084802276942364,216_II):1.776896283341969,#H9:::0.3269860203206203):1.0065904514936812):1.1756558822990957):3.5599793458971174,(Cooper)#H9:::0.6730139796793797);
(C46,(Titanium_IBR_MLV_vaccine,(C33,(((BHV5,(SP1777,B589):0.7518554774971226):0.9505484626288747,216_II):1.4535129512293037,#H9:::0.283042975935567):1.6979631728652167):1.3458413301478354):3.0751027727459253,(Cooper)#H9:::0.716957024064433);
(C46,(Titanium_IBR_MLV_vaccine,(C33,(((BHV5,(B589,SP1777):0.7890842746074002):0.917299298547146,216_II):1.4480497220641306,#H9:::0.312751755148197):1.7268950752363512):1.4569241159596644):2.1874221297607765,(Cooper)#H9:::0.687248244851803);
(C46,(Titanium_IBR_MLV_vaccine,(C33,((216_II,((B589,SP1777):0.7839729275736878,BHV5):0.9209913361081593):1.5993651408738043,#H9:::0.33026607416011217):1.3497433559071976):1.4549041745371625):3.0346170653968545,(Cooper)#H9:::0.6697339258398878);
(C46,((C33,((216_II,(BHV5,(B589,SP1777):0.7736823338613954):0.9278939745695299):1.634290160754811,#H9:::0.3424870571502928):1.289576067866747):1.3220855486657772,Titanium_IBR_MLV_vaccine):10.0,(Cooper)#H9:::0.6575129428497072);
(((Titanium_IBR_MLV_vaccine,(C46,(Cooper)#H9:0.08266886362562954::0.6846682074416257):5.821477888252634):1.270918008107611,C33):1.5760682657833232,(216_II,((B589,SP1777):0.7815187791842096,BHV5):0.952280049287242):1.520472812224487,#H9:3.0654591186519555::0.31533179255837435);
(C46,(Titanium_IBR_MLV_vaccine,(C33,((((B589,SP1777):0.7596743984838769,BHV5):0.957168993563169,216_II):1.7573040628393413,#H9:::0.33705663862894836):1.1592466137524704):1.1918521693914468):2.388981783613089,(Cooper)#H9:::0.6629433613710516);
(C46,(Titanium_IBR_MLV_vaccine,(C33,((216_II,(BHV5,(B589,SP1777):0.8050006891353324):0.9182309093779273):1.7025399862979544,#H9:::0.34982526133755887):1.320950471429282):1.2820456811460081):2.798333115964575,(Cooper)#H9:::0.6501747386624411);
(C46,(Titanium_IBR_MLV_vaccine,(C33,((((B589,SP1777):0.8175484481225943,BHV5):0.9085080519229665,216_II):1.5174179949365159,#H9:0.029677189235469085::0.32182059042220296):1.5636372194167336):1.4705693916676525):10.0,(Cooper)#H9:7.644857907499266::0.6781794095777971);
(C46,(Cooper)#H9:::0.7107491784730999,(Titanium_IBR_MLV_vaccine,(C33,((216_II,((B589,SP1777):0.7685582648387048,BHV5):0.9434784490489114):1.5586141569356173,#H9:::0.2892508215269001):1.324846345362699):1.5675971482139321):1.9678553835842179);
(C46,(Titanium_IBR_MLV_vaccine,(C33,(((BHV5,(B589,SP1777):0.7995226916433656):0.9252416979963274,216_II):1.4311006110741948,#H9:::0.2910877173058422):1.6411356036551736):1.2750820500413882):2.7405816348401095,(Cooper)#H9:::0.7089122826941578);
(C46,(Titanium_IBR_MLV_vaccine,(C33,((216_II,((B589,SP1777):0.7389930964839293,BHV5):0.9570950424743876):1.6461757362511458,#H9:::0.32021331259720665):1.4738649238619603):1.4504400879113712):2.2626575794576307,(Cooper)#H9:::0.6797866874027934);
((216_II,((B589,SP1777):0.8262412043247179,BHV5):0.9213736391600118):1.626250158858578,(C33,(Titanium_IBR_MLV_vaccine,(C46,(Cooper)#H9:::0.6970518838727884):2.580789710961181):1.3300868300417303):1.3443442081813688,#H9:::0.3029481161272116);
(C46,((C33,(((BHV5,(B589,SP1777):0.7745735982805149):0.9196101073967485,216_II):1.4720695960475443,#H9:::0.3176508458510522):1.661568605944943):1.4928238672752163,Titanium_IBR_MLV_vaccine):2.3506988741146793,(Cooper)#H9:::0.6823491541489478);
(C46,(Titanium_IBR_MLV_vaccine,(C33,((216_II,((B589,SP1777):0.8149116711638158,BHV5):0.913086066322893):1.530186692608337,#H9:::0.3038443463401902):1.4327171074927851):1.374072785043492):2.405263088054882,(Cooper)#H9:::0.6961556536598098);
(C46,((C33,((((B589,SP1777):0.7661396682635649,BHV5):0.9509408856219741,216_II):1.5772832927445903,#H9:::0.3589450977615272):1.6153235534977817):1.298000322716971,Titanium_IBR_MLV_vaccine):3.740109179921615,(Cooper)#H9:::0.6410549022384728);
(C46,((C33,((216_II,(BHV5,(B589,SP1777):0.7807926674613969):0.9063176229510527):1.828432185776987,#H9:::0.3581626681559875):1.1568148442023611):1.2955394451059195,Titanium_IBR_MLV_vaccine):10.0,(Cooper)#H9:::0.6418373318440125);
(C46,(Titanium_IBR_MLV_vaccine,(C33,(((BHV5,(SP1777,B589):0.7863664332011898):0.9365165411813392,216_II):1.5936313025043702,#H9:::0.3485671455880536):1.3832454496156872):1.3891159367659223):2.4825466105840994,(Cooper)#H9:::0.6514328544119464);
(C46,((C33,((216_II,((B589,SP1777):0.7928685824943633,BHV5):0.9195681656084984):1.5956134553727488,#H9:0.23271010710958975::0.2948663050239225):1.341425451093515):1.2990315971562651,Titanium_IBR_MLV_vaccine):2.2034877315954935,(Cooper)#H9:3.3757426700793576::0.7051336949760775);
(C46,((C33,((216_II,((SP1777,B589):0.7848135492620116,BHV5):0.9458167072890602):1.5547128829781982,#H9:::0.32338871125485796):1.7430193040162536):1.2094496532563412,Titanium_IBR_MLV_vaccine):10.0,(Cooper)#H9:::0.6766112887451421);
(C46,(Titanium_IBR_MLV_vaccine,(C33,((216_II,((B589,SP1777):0.7834383216383162,BHV5):0.9445478495058347):1.4821082162289747,#H9:0.09139252195132469::0.2975482686196675):1.5120521497295674):1.183949404636292):2.3506811281539384,(Cooper)#H9:6.260299860679899::0.7024517313803325);
(C46,(Titanium_IBR_MLV_vaccine,(C33,((((B589,SP1777):0.7784978829608469,BHV5):0.9202701336909604,216_II):1.5703091187479237,#H9:::0.3000132052994336):1.3106469839634602):1.1284675915540265):2.4773799473479436,(Cooper)#H9:::0.6999867947005665);
(C46,(Titanium_IBR_MLV_vaccine,(C33,(((BHV5,(SP1777,B589):0.7975975477344016):0.9046217402661997,216_II):1.6770405367410304,#H9:0.7238742202106351::0.32648262657251736):1.3405226482685018):1.2867489898735824):2.3550865682899316,(Cooper)#H9:0.49271738244256996::0.6735173734274826);
(C46,((C33,((216_II,((SP1777,B589):0.7420353078874756,BHV5):0.9382717666454495):1.5672062040581296,#H9:::0.356174551466225):1.5044301156411695):1.7020615147965055,Titanium_IBR_MLV_vaccine):10.0,(Cooper)#H9:::0.643825448533775);
(C46,(Titanium_IBR_MLV_vaccine,(C33,((216_II,(BHV5,(B589,SP1777):0.78291970733845):0.9270758882341095):1.559706647407515,#H9:::0.3142495949084258):1.4964528065815197):1.7013553012643627):2.0395851160020317,(Cooper)#H9:::0.6857504050915741);
(C46,(Titanium_IBR_MLV_vaccine,(C33,((((B589,SP1777):0.7825660288620205,BHV5):0.9282129865678667,216_II):1.6587638791683765,#H9:::0.3412727073717411):1.3140055237331787):1.4473374342512952):1.7647207629613673,(Cooper)#H9:::0.6587272926282589);
(C46,((C33,(((BHV5,(B589,SP1777):0.7564987603767735):0.9323213720913912,216_II):1.6033995318523468,#H9:::0.34498754685996535):1.402474618007719):1.1664369553372544,Titanium_IBR_MLV_vaccine):10.0,(Cooper)#H9:::0.6550124531400346);
(C46,((C33,(((BHV5,(B589,SP1777):0.8072816809064713):0.9429091270036764,216_II):1.6893749234150794,#H9:::0.37083876095362955):1.341038899078503):1.428145250751424,Titanium_IBR_MLV_vaccine):10.0,(Cooper)#H9:::0.6291612390463704);
(((C33,(((BHV5,(B589,SP1777):0.7791671668377532):0.9594509053050673,216_II):1.6958498116187266,#H9:::0.3356236585931654):1.3129264311309647):1.186840664063391,Titanium_IBR_MLV_vaccine):10.0,C46,(Cooper)#H9:::0.6643763414068347);
(C46,(Titanium_IBR_MLV_vaccine,(C33,(((BHV5,(B589,SP1777):0.7667351213139344):0.9641147080300939,216_II):1.4219782245742236,#H9:::0.31273338397801903):1.641619130406586):1.3869221533670948):3.7060683877562584,(Cooper)#H9:::0.6872666160219809);
(C46,((C33,((216_II,((B589,SP1777):0.799614018568573,BHV5):0.9039631759015394):1.5280390319171246,#H9:::0.3259141581352068):1.5341980781657496):1.4678486688921015,Titanium_IBR_MLV_vaccine):1.945641004654287,(Cooper)#H9:::0.6740858418647933);
(C46,(Titanium_IBR_MLV_vaccine,(C33,(((BHV5,(B589,SP1777):0.7974162798421902):0.9494806348050175,216_II):1.6044675029976787,#H9:::0.31603501623552754):1.4360400339529522):1.5107724936863047):2.427893947512054,(Cooper)#H9:::0.6839649837644725);
((216_II,((B589,SP1777):0.7620287359047966,BHV5):0.9392848548637913):1.656390808119152,(C33,(Titanium_IBR_MLV_vaccine,(C46,(Cooper)#H9:::0.6740168764971659):10.0):1.452796765317304):1.2670379167664867,#H9:::0.32598312350283415);
(C46,((C33,(((BHV5,(B589,SP1777):0.7938977614282039):0.9087074956237391,216_II):1.6229457966991871,#H9:::0.33859802279538836):1.5756128361865773):1.3695019137505076,Titanium_IBR_MLV_vaccine):2.499762826099275,(Cooper)#H9:::0.6614019772046116);
(C46,(Titanium_IBR_MLV_vaccine,(C33,((216_II,((B589,SP1777):0.7702965001083126,BHV5):0.9312409579641694):1.963585029400807,#H9:::0.3930840385648079):0.7704620782102108):1.357946737260249):2.966161741958693,(Cooper)#H9:::0.6069159614351921);
(C46,(Titanium_IBR_MLV_vaccine,(C33,((216_II,((B589,SP1777):0.7991063487666686,BHV5):0.9439042482447084):1.7113339704015118,#H9:::0.3538313226301977):1.3097492668812631):1.38081253273935):10.0,(Cooper)#H9:::0.6461686773698023);
(C46,((C33,((((B589,SP1777):0.7598821017767792,BHV5):0.9497206431405905,216_II):1.5379188255970915,#H9:::0.3083707406576301):1.4662040819202347):1.2764764497274028,Titanium_IBR_MLV_vaccine):1.9616622460029352,(Cooper)#H9:::0.6916292593423699);
(C46,((C33,((216_II,((B589,SP1777):0.7783844026797441,BHV5):0.901881011462575):1.619004935311863,#H9:::0.3295468902690197):1.5138462949713043):1.467095600475737,Titanium_IBR_MLV_vaccine):2.8570772613383797,(Cooper)#H9:::0.6704531097309803);
(C46,(Titanium_IBR_MLV_vaccine,(((216_II,((B589,SP1777):0.790900471793239,BHV5):0.91940372078566):1.5305816441600526,#H9:::0.29650679053362106):1.387074179710126,C33):1.2668927682822477):2.282166515438144,(Cooper)#H9:::0.7034932094663789);
(C46,(Titanium_IBR_MLV_vaccine,(C33,((216_II,((SP1777,B589):0.7850990794515882,BHV5):0.9370647603883582):1.8024694664417413,#H9:::0.33825765905821403):0.991899671215501):1.5298964747932249):2.248426883313002,(Cooper)#H9:::0.661742340941786);
(C46,((C33,((((B589,SP1777):0.736529533163052,BHV5):0.9394519189807611,216_II):1.3919242224424588,#H9:::0.291891614670034):1.6892363613513603):1.3768627119075554,Titanium_IBR_MLV_vaccine):10.0,(Cooper)#H9:::0.708108385329966);
(C46,(Cooper)#H9:::0.6754111895927182,(Titanium_IBR_MLV_vaccine,(C33,((216_II,((B589,SP1777):0.7657884049548547,BHV5):0.9338394717591909):1.6657335881128061,#H9:::0.32458881040728177):1.188202518810851):1.3193100605261578):2.599672381378863);
(C46,((C33,((216_II,((B589,SP1777):0.7617272803858411,BHV5):0.9630816041964457):1.5865508465969262,#H9:::0.3341323669414963):1.5114854440432057):1.4741109443538156,Titanium_IBR_MLV_vaccine):2.8028795997403866,(Cooper)#H9:::0.6658676330585037);
(((C33,(((BHV5,(B589,SP1777):0.7731393731986574):0.9444778646297647,216_II):1.6841531897360424,#H9:::0.32107700551964014):1.3689791742876714):1.3093753841364404,Titanium_IBR_MLV_vaccine):2.675028557197204,C46,(Cooper)#H9:::0.6789229944803599);
(C46,(Titanium_IBR_MLV_vaccine,(C33,(((BHV5,(B589,SP1777):0.7751701956338481):0.9414218590820115,216_II):1.6528960888651802,#H9:::0.354807905984326):1.3393041307567712):1.467670051115978):10.0,(Cooper)#H9:::0.645192094015674);
(C46,(Cooper)#H9:::0.674544680789728,(Titanium_IBR_MLV_vaccine,(C33,(((BHV5,(B589,SP1777):0.7778353229455557):0.9185486014571085,216_II):1.5489060161420503,#H9:::0.3254553192102721):1.622091334472526):1.1450666315592997):2.903513260802041);
(((C33,((216_II,((B589,SP1777):0.7978374085005859,BHV5):0.9306456840025804):1.834145700554129,#H11:::0.3190805001847841):1.1501314689194533):1.215734393341468,Titanium_IBR_MLV_vaccine):2.092645352286021,C46,(Cooper)#H11:::0.6809194998152159);
(C46,(Titanium_IBR_MLV_vaccine,(C33,((216_II,((B589,SP1777):0.7836342641049439,BHV5):0.9160463405051397):1.6663713716190005,#H9:::0.336184153760618):1.4236419049283546):1.43665430890291):2.742297891736785,(Cooper)#H9:::0.663815846239382);
(C46,(Titanium_IBR_MLV_vaccine,(C33,((216_II,((B589,SP1777):0.7730184548542965,BHV5):0.9406029177996003):1.640296935813654,#H9:::0.32673745043992014):1.261385871970988):1.4257308066674752):10.0,(Cooper)#H9:::0.6732625495600799);
(C46,(Titanium_IBR_MLV_vaccine,(C33,(((BHV5,(B589,SP1777):0.726509824667272):0.9327454932404105,216_II):1.7330754276330447,#H9:::0.32605890206768967):1.2238347751746763):1.1910674142676454):2.308620427378816,(Cooper)#H9:::0.6739410979323104);
(C46,((C33,(((BHV5,(B589,SP1777):0.7465129881901669):0.9284276353316085,216_II):1.4490800606413379,#H9:::0.29441875498625947):1.6539119410670258):1.127624923191003,Titanium_IBR_MLV_vaccine):2.6899355378105128,(Cooper)#H9:::0.7055812450137405);
(C46,((C33,((216_II,((B589,SP1777):0.7889446905578976,BHV5):0.9245645470549363):1.596881373739951,#H9:::0.29508649000332937):1.3511161435802035):1.2820017281522165,Titanium_IBR_MLV_vaccine):2.5931201086624025,(Cooper)#H9:::0.7049135099966706);
(C46,((C33,((216_II,(BHV5,(B589,SP1777):0.7715959028468203):0.9553166793378322):1.7267817203349396,#H9:::0.3394450032412988):1.1780863295506954):1.4913502138801777,Titanium_IBR_MLV_vaccine):5.645165814261871,(Cooper)#H9:::0.6605549967587012);
(C46,((C33,((216_II,(BHV5,(B589,SP1777):0.7726881478304569):0.9361150278303765):1.500482428939859,#H9:::0.29067919224072103):1.524108769481879):1.2330884965497795,Titanium_IBR_MLV_vaccine):2.3855498989383905,(Cooper)#H9:::0.709320807759279);
(C46,(Titanium_IBR_MLV_vaccine,(C33,((((B589,SP1777):0.7993692060534496,BHV5):0.9118814786315502,216_II):1.7146796765841097,#H9:::0.3523179871892804):1.3298666994946424):1.514559149690139):2.385751704466948,(Cooper)#H9:::0.6476820128107196);
(C46,(Titanium_IBR_MLV_vaccine,(C33,((216_II,((B589,SP1777):0.7675413386379453,BHV5):0.9555040569434339):1.5045698639692522,#H9:9.626553850699144::0.305896924733808):1.6464259627441151):1.4398520356174191):1.9527468851022212,(Cooper)#H9:5.243226856222244::0.6941030752661921);
(C46,(Cooper)#H9:::0.7017265098364296,(Titanium_IBR_MLV_vaccine,(C33,((216_II,((B589,SP1777):0.7865545420861957,BHV5):0.9612793157439624):1.4736680251535268,#H9:::0.2982734901635704):1.6263944594515825):1.2185038641032135):2.423735647639966);
(C46,(Titanium_IBR_MLV_vaccine,(C33,((216_II,(BHV5,(B589,SP1777):0.7498022111070202):0.9249850332373422):1.616515312384335,#H9:::0.34202241786538806):1.4330695996182121):1.3470963958955955):3.2247660890491954,(Cooper)#H9:::0.6579775821346119);
(C46,(Titanium_IBR_MLV_vaccine,(C33,((216_II,((B589,SP1777):0.7730801043801812,BHV5):0.9297897353459107):1.6331887112396908,#H9:::0.32825629568875986):1.3318414765426574):1.2280747083968206):2.9478540603467644,(Cooper)#H9:::0.6717437043112402);
(C46,((C33,(((BHV5,(SP1777,B589):0.8163177953503757):0.9273186971886829,216_II):1.391962074412943,#H9:::0.25892508166866257):1.6216735301765148):1.2934982855312847,Titanium_IBR_MLV_vaccine):2.407816698593858,(Cooper)#H9:::0.7410749183313374);
(C46,(Titanium_IBR_MLV_vaccine,(C33,(((BHV5,(B589,SP1777):0.7479673573091891):0.9582111948771089,216_II):1.7382583021650841,#H9:::0.35397974646125685):1.1279887594758748):1.6499699291039032):3.161448210157097,(Cooper)#H9:::0.6460202535387431);
(C46,(Titanium_IBR_MLV_vaccine,(C33,((216_II,((B589,SP1777):0.7351143896271498,BHV5):0.9680608651758864):1.5842483477798739,#H9:::0.2863806838521444):1.517629190301684):1.1281694530530368):2.120504849768608,(Cooper)#H9:::0.7136193161478557);
(C46,(Titanium_IBR_MLV_vaccine,(C33,((((B589,SP1777):0.8024635241713329,BHV5):0.9150824497582936,216_II):1.9207236028487649,#H9:::0.3672222618726693):0.7733828743887354):1.4525858704497716):8.547413914349582,(Cooper)#H9:::0.6327777381273307);
(C46,(Titanium_IBR_MLV_vaccine,(C33,((216_II,(BHV5,(B589,SP1777):0.8093692040909327):0.9057602009646258):1.860473355909113,#H9:::0.35860754630942593):1.1077717836425314):1.221665101565479):3.4697416130674514,(Cooper)#H9:::0.6413924536905741);
(C46,(Titanium_IBR_MLV_vaccine,(C33,((((B589,SP1777):0.7602104887228154,BHV5):0.9231118726580737,216_II):1.4767152866664848,#H9:::0.2953242655408137):1.7179902832617862):1.4347706332954175):2.5577144722314697,(Cooper)#H9:::0.7046757344591863);
((Titanium_IBR_MLV_vaccine,(C33,((((B589,SP1777):0.7824715642325832,BHV5):0.903462031848903,216_II):1.448998756421615,#H9:0.011344630646218152::0.2987001834138672):1.7458512605310832):1.4830842505842428):2.5812695167832422,C46,(Cooper)#H9:5.094453848368646::0.7012998165861328);
((Titanium_IBR_MLV_vaccine,(C33,((216_II,((B589,SP1777):0.8297044084167382,BHV5):0.9379642294212355):1.597971862398104,#H9:::0.3341273550334653):1.4469562988471498):1.3337925696622492):3.739932807286512,C46,(Cooper)#H9:::0.6658726449665346);
(C46,((C33,((216_II,((B589,SP1777):0.7642964199189106,BHV5):0.9328669317207218):1.8413379634855125,#H9:::0.3541506627790712):1.095564334757344):1.4626717849131528,Titanium_IBR_MLV_vaccine):10.0,(Cooper)#H9:::0.6458493372209289);
(C46,(Titanium_IBR_MLV_vaccine,(C33,((216_II,((B589,SP1777):0.7800850281486844,BHV5):0.9171449105406838):1.672407729223995,#H9:::0.3754852656228797):1.3764917355665995):1.5944812092795455):4.606246574087724,(Cooper)#H9:::0.6245147343771202);
(C46,((C33,((((B589,SP1777):0.745003907966292,BHV5):0.9262769062235865,216_II):1.7945494819887557,#H9:::0.34512686212298327):1.2115315849552277):1.2659368563992939,Titanium_IBR_MLV_vaccine):10.0,(Cooper)#H9:::0.6548731378770167);
(C46,(Titanium_IBR_MLV_vaccine,(C33,((((B589,SP1777):0.7996904538185577,BHV5):0.925648373447617,216_II):1.7348185336337574,#H9:::0.33775561284409994):1.2419420136453003):1.2770431919580256):2.6069650490975986,(Cooper)#H9:::0.6622443871559001);
(C46,(Titanium_IBR_MLV_vaccine,(C33,((216_II,((B589,SP1777):0.7689829169848074,BHV5):0.9209194277204644):1.7164476290336979,#H9:::0.3696853748121847):1.3351620685878727):1.3490698557235834):3.954171722093629,(Cooper)#H9:::0.6303146251878153);
(C46,(Titanium_IBR_MLV_vaccine,(C33,((216_II,((B589,SP1777):0.8010586659774155,BHV5):0.9233543216696555):1.5925248290053093,#H9:::0.3178470839350639):1.4689931488632448):1.3375247129976926):2.258084951471014,(Cooper)#H9:::0.6821529160649361);
((Titanium_IBR_MLV_vaccine,(C33,((((SP1777,B589):0.767419857512643,BHV5):0.9358139042406463,216_II):1.6304595247940257,#H9:::0.34767789290066614):1.5158790319082065):1.2571755837620178):10.0,C46,(Cooper)#H9:::0.6523221070993339);
((C33,((216_II,(BHV5,(SP1777,B589):0.7958934358246434):0.9101258263631392):1.4417088952500265,#H9:::0.30262472147435443):1.5308216669243542):1.4137122987030784,Titanium_IBR_MLV_vaccine,(C46,(Cooper)#H9:::0.6973752785256455):2.1546712186301895);
(C46,(Titanium_IBR_MLV_vaccine,(C33,((216_II,(BHV5,(B589,SP1777):0.7901176691544509):0.9283235372813132):1.6099320549949123,#H9:::0.329828151229213):1.484305046205014):1.2073062548167555):10.0,(Cooper)#H9:::0.6701718487707871);
(C46,((C33,((((B589,SP1777):0.7620541182601731,BHV5):0.9356556373582154,216_II):1.5898993973849902,#H9:::0.3335650031706046):1.4989529458642241):1.3405647705990806,Titanium_IBR_MLV_vaccine):2.383355091693198,(Cooper)#H9:::0.6664349968293954);
(C46,((C33,(((BHV5,(B589,SP1777):0.7349190363254907):0.9344959100543379,216_II):1.521412242835496,#H9:::0.2649368636153759):1.3838751898589519):1.232207874461285,Titanium_IBR_MLV_vaccine):2.243896248120096,(Cooper)#H9:::0.7350631363846241);
