(C46,Cooper,(Titanium_IBR_MLV_vaccine,(C33,(216_II,((B589,SP1777):0.7805321012184662,BHV5):0.9353446065045073):2.549090922244815):0.7470388693148721):0.4704016770959716); -Ploglik = 501.7797654686652
 Dendroscope: (C46,Cooper,(Titanium_IBR_MLV_vaccine,(C33,(216_II,((B589,SP1777):0.7805321012184662,BHV5):0.9353446065045073):2.549090922244815):0.7470388693148721):0.4704016770959716);
 Elapsed time: 731.24 seconds, 20 attempted runs
-------
List of estimated networks for all runs (sorted by log-pseudolik; the smaller, the better):
 (C46,Cooper,(Titanium_IBR_MLV_vaccine,(C33,(216_II,((B589,SP1777):0.7805321012184662,BHV5):0.9353446065045073):2.549090922244815):0.7470388693148721):0.4704016770959716);, with -loglik 501.7797654686652
 (C46,Cooper,(Titanium_IBR_MLV_vaccine,(C33,(216_II,((B589,SP1777):0.7805321012184662,BHV5):0.9353446065045073):2.549090922244815):0.7470388693148721):0.4704016770959716);, with -loglik 501.7797654686652
 (C46,Cooper,(Titanium_IBR_MLV_vaccine,(C33,(216_II,((B589,SP1777):0.7805321012184662,BHV5):0.9353446065045073):2.549090922244815):0.7470388693148721):0.4704016770959716);, with -loglik 501.7797654686652
 (C46,Cooper,(Titanium_IBR_MLV_vaccine,(C33,(216_II,((B589,SP1777):0.7805321012184662,BHV5):0.9353446065045073):2.549090922244815):0.7470388693148721):0.4704016770959716);, with -loglik 501.7797654686652
 (C46,Cooper,(Titanium_IBR_MLV_vaccine,(C33,(216_II,((B589,SP1777):0.7805321012184662,BHV5):0.9353446065045073):2.549090922244815):0.7470388693148721):0.4704016770959716);, with -loglik 501.7797654686652
 (C46,Cooper,(Titanium_IBR_MLV_vaccine,(C33,(216_II,((B589,SP1777):0.7805321012184662,BHV5):0.9353446065045073):2.549090922244815):0.7470388693148721):0.4704016770959716);, with -loglik 501.7797654686652
 (C46,Cooper,(Titanium_IBR_MLV_vaccine,(C33,(216_II,((B589,SP1777):0.7805321012184662,BHV5):0.9353446065045073):2.549090922244815):0.7470388693148721):0.4704016770959716);, with -loglik 501.7797654686652
 (C46,Cooper,(Titanium_IBR_MLV_vaccine,(C33,(216_II,((B589,SP1777):0.7805321012184662,BHV5):0.9353446065045073):2.549090922244815):0.7470388693148721):0.4704016770959716);, with -loglik 501.7797654686652
 (C46,Cooper,(Titanium_IBR_MLV_vaccine,(C33,(((B589,SP1777):0.7805321645497216,BHV5):0.9353442117793698,216_II):2.5490915883065437):0.7470388891229476):0.47040236660251383);, with -loglik 501.7797654686659
 (Cooper,(Titanium_IBR_MLV_vaccine,(C33,(216_II,((B589,SP1777):0.7805323824305745,BHV5):0.935344337788502):2.5490920886623805):0.747038530958629):0.4704022666955459,C46);, with -loglik 501.7797654686779
 (C46,Cooper,(Titanium_IBR_MLV_vaccine,(C33,(216_II,((B589,SP1777):0.780533245521793,BHV5):0.9353440792720014):2.549091535009233):0.7470391045646545):0.4704021148537472);, with -loglik 501.7797654686787
 ((C46,Cooper):0.47040254397687714,(C33,(216_II,((B589,SP1777):0.7805325723499666,BHV5):0.9353445452777265):2.5490914645287313):0.7470385583109389,Titanium_IBR_MLV_vaccine);, with -loglik 501.7797654686814
 (Cooper,(Titanium_IBR_MLV_vaccine,(C33,(216_II,((B589,SP1777):0.7805327004058897,BHV5):0.9353436064097538):2.549089006029981):0.7470387950780673):0.47040231742144784,C46);, with -loglik 501.7797654688253
 (C46,Cooper,(Titanium_IBR_MLV_vaccine,(C33,(216_II,(BHV5,(B589,SP1777):0.7805309131380678):0.9353437518099768):2.549090779282097):0.7470386787669451):0.47040214314162737);, with -loglik 501.7797654690615
 (C46,Cooper,(Titanium_IBR_MLV_vaccine,(C33,(216_II,((B589,SP1777):0.7805341227947192,BHV5):0.9353429094677359):2.5490922660726647):0.7470376564652637):0.4704025752602818);, with -loglik 501.7797654693891
 (Cooper,(Titanium_IBR_MLV_vaccine,(C33,(216_II,((B589,SP1777):0.7805341473020674,BHV5):0.9353455899414732):2.549090908402356):0.74703938638735):0.4704009125935936,C46);, with -loglik 501.7797654696938
 (C46,Cooper,((C33,(216_II,((B589,SP1777):0.78053401211429,BHV5):0.9353455141162192):2.549092471610769):0.747038880876157,Titanium_IBR_MLV_vaccine):0.47040314316027837);, with -loglik 501.7797654697515
 (C46,Cooper,(((216_II,((B589,SP1777):0.7805349697054793,BHV5):0.935345896976678):2.54908720609657,C33):0.7470396632079966,Titanium_IBR_MLV_vaccine):0.470401315996527);, with -loglik 501.77976547070796
 (C46,Cooper,(((216_II,((B589,SP1777):0.7805318645687083,BHV5):0.9353477781303267):2.5490897973000552,C33):0.7470363758743878,Titanium_IBR_MLV_vaccine):0.47040010173262614);, with -loglik 501.77976547358924
 (C46,Cooper,(((216_II,((B589,SP1777):0.7805354586731325,BHV5):0.935344955573211):2.5491004482112243,C33):0.7470356589792125,Titanium_IBR_MLV_vaccine):0.4704029213228088);, with -loglik 501.7797654760092
-------
