IQ-TREE multicore version 2.1.3 COVID-edition for Linux 64-bit built Apr 21 2021
Developed by Bui Quang Minh, James Barbetti, Nguyen Lam Tung,
Olga Chernomor, Heiko Schmidt, Dominik Schrempf, Michael Woodhams.

Host:    mutalisk (AVX2, FMA3, 31 GB RAM)
Command: iqtree2 -nt AUTO -s experiment-Nredo-dataset.fasta -pre experiment-Nredo
Seed:    969791 (Using SPRNG - Scalable Parallel Random Number Generator)
Time:    Tue Jul  5 23:53:42 2022
Kernel:  AVX+FMA - auto-detect threads (12 CPU cores detected)

Reading alignment file experiment-Nredo-dataset.fasta ... Fasta format detected
Alignment most likely contains DNA/RNA sequences
WARNING: 881 sites contain only gaps or ambiguous characters.
Alignment has 8 sequences with 144551 columns, 1064 distinct patterns
1405 parsimony-informative, 15905 singleton sites, 127241 constant sites
                          Gap/Ambiguity  Composition  p-value
   1  BHV5                        4.66%    failed      0.00%
   2  216_II                      6.42%    passed      8.65%
   3  C33                         6.96%    failed      1.44%
   4  C46                         7.61%    passed      6.87%
   5  Titanium_IBR_MLV_vaccine    6.85%    failed      1.62%
   6  Cooper                      7.30%    passed      9.38%
   7  B589                        6.64%    passed     52.07%
   8  SP1777                      6.66%    passed     54.42%
****  TOTAL                       6.64%  3 sequences failed composition chi2 test (p-value<5%; df=3)
NOTE: minimal branch length is reduced to 0.000000691797 for long alignment


Create initial parsimony tree by phylogenetic likelihood library (PLL)... 0.001 seconds
Measuring multi-threading efficiency up to 12 CPU cores
Increase to 10 rounds for branch lengths
3132 trees examined
Threads: 1 / Time: 12.004 sec / Speedup: 1.000 / Efficiency: 100% / LogL: -270788
Threads: 2 / Time: 7.443 sec / Speedup: 1.613 / Efficiency: 81% / LogL: -270788
Threads: 3 / Time: 4.290 sec / Speedup: 2.798 / Efficiency: 93% / LogL: -270788
Threads: 4 / Time: 3.466 sec / Speedup: 3.463 / Efficiency: 87% / LogL: -270788
Threads: 5 / Time: 3.202 sec / Speedup: 3.748 / Efficiency: 75% / LogL: -270788
Threads: 6 / Time: 3.069 sec / Speedup: 3.911 / Efficiency: 65% / LogL: -270788
Threads: 7 / Time: 4.345 sec / Speedup: 2.763 / Efficiency: 39% / LogL: -270788
BEST NUMBER OF THREADS: 5

Perform fast likelihood tree search using GTR+I+G model...
Estimate model parameters (epsilon = 5.000)
Perform nearest neighbor interchange...
Estimate model parameters (epsilon = 1.000)
1. Initial log-likelihood: -260793.911
Optimal log-likelihood: -260792.503
Rate parameters:  A-C: 1.02674  A-G: 6.12647  A-T: 0.75809  C-G: 0.86244  C-T: 6.12496  G-T: 1.00000
Base frequencies:  A: 0.134  C: 0.361  G: 0.367  T: 0.139
Proportion of invariable sites: 0.436
Gamma shape alpha: 0.787
Parameters optimization took 1 rounds (0.002 sec)
Time for fast ML tree search: 0.034 seconds

NOTE: ModelFinder requires 2 MB RAM!
ModelFinder will test up to 286 DNA models (sample size: 144551) ...
 No. Model         -LnL         df  AIC          AICc         BIC
  1  GTR+F         261269.231   21  522580.462   522580.468   522787.971
  2  GTR+F+I       260789.363   22  521622.725   521622.732   521840.116
  3  GTR+F+G4      260787.977   22  521619.954   521619.961   521837.344
  4  GTR+F+I+G4    260787.331   23  521620.662   521620.670   521847.934
  5  GTR+F+R2      260798.569   23  521643.139   521643.147   521870.411
  6  GTR+F+R3      260791.104   25  521632.208   521632.217   521879.243
 15  SYM+I         279355.632   19  558749.263   558749.268   558937.010
 16  SYM+G4        279353.695   19  558745.389   558745.395   558933.136
 28  TVM+F+I       260789.287   21  521620.574   521620.581   521828.083
 29  TVM+F+G4      260787.843   21  521617.686   521617.692   521825.195
 41  TVMe+I        279356.087   18  558748.175   558748.180   558926.040
 42  TVMe+G4       279354.657   18  558745.315   558745.319   558923.180
 54  TIM3+F+I      260794.374   20  521628.748   521628.754   521826.376
 55  TIM3+F+G4     260792.852   20  521625.704   521625.710   521823.332
 67  TIM3e+I       279540.047   17  559114.095   559114.099   559282.078
 68  TIM3e+G4      279539.605   17  559113.210   559113.215   559281.194
 80  TIM2+F+I      260793.811   20  521627.623   521627.629   521825.251
 81  TIM2+F+G4     260792.495   20  521624.989   521624.995   521822.617
 93  TIM2e+I       279558.563   17  559151.127   559151.131   559319.110
 94  TIM2e+G4      279558.066   17  559150.133   559150.137   559318.116
106  TIM+F+I       260792.110   20  521624.220   521624.226   521821.847
107  TIM+F+G4      260790.633   20  521621.267   521621.273   521818.894
119  TIMe+I        279615.072   17  559264.143   559264.148   559432.127
120  TIMe+G4       279613.610   17  559261.220   559261.225   559429.204
132  TPM3u+F+I     260794.244   19  521626.489   521626.494   521814.235
133  TPM3u+F+G4    260792.919   19  521623.838   521623.843   521811.584
145  TPM3+F+I      260794.204   19  521626.408   521626.413   521814.155
146  TPM3+F+G4     260792.909   19  521623.819   521623.824   521811.565
158  TPM2u+F+I     260793.685   19  521625.370   521625.375   521813.116
159  TPM2u+F+G4    260792.352   19  521622.704   521622.709   521810.451
171  TPM2+F+I      260793.680   19  521625.360   521625.365   521813.106
172  TPM2+F+G4     260792.342   19  521622.684   521622.689   521810.430
184  K3Pu+F+I      260792.046   19  521622.092   521622.097   521809.838
185  K3Pu+F+G4     260790.529   19  521619.058   521619.063   521806.804
197  K3P+I         279616.071   16  559264.142   559264.146   559422.244
198  K3P+G4        279614.421   16  559260.842   559260.845   559418.944
210  TN+F+I        260794.491   19  521626.981   521626.987   521814.728
211  TN+F+G4       260793.156   19  521624.312   521624.317   521812.058
223  TNe+I         279720.580   16  559473.161   559473.164   559631.263
224  TNe+G4        279720.194   16  559472.389   559472.392   559630.491
236  HKY+F+I       260794.511   18  521625.021   521625.026   521802.886
237  HKY+F+G4      260793.159   18  521622.319   521622.323   521800.184
249  K2P+I         279721.443   15  559472.885   559472.888   559621.106
250  K2P+G4        279721.088   15  559472.176   559472.179   559620.397
262  F81+F+I       265803.263   17  531640.525   531640.529   531808.509
263  F81+F+G4      265801.870   17  531637.740   531637.744   531805.724
275  JC+I          283220.680   14  566469.360   566469.363   566607.700
276  JC+G4         283220.000   14  566468.000   566468.003   566606.340
Akaike Information Criterion:           TVM+F+G4
Corrected Akaike Information Criterion: TVM+F+G4
Bayesian Information Criterion:         HKY+F+G4
Best-fit model: HKY+F+G4 chosen according to BIC

All model information printed to experiment-Nredo.model.gz
CPU time for ModelFinder: 125.329 seconds (0h:2m:5s)
Wall-clock time for ModelFinder: 38.606 seconds (0h:0m:38s)

NOTE: 1 MB RAM (0 GB) is required!
Estimate model parameters (epsilon = 0.100)
1. Initial log-likelihood: -260793.159
Optimal log-likelihood: -260793.159
Rate parameters:  A-C: 1.00000  A-G: 7.23105  A-T: 1.00000  C-G: 1.00000  C-T: 7.23105  G-T: 1.00000
Base frequencies:  A: 0.134  C: 0.361  G: 0.367  T: 0.139
Gamma shape alpha: 0.180
Parameters optimization took 1 rounds (0.001 sec)
Computing ML distances based on estimated model parameters...
Computing ML distances took 0.000193 sec (of wall-clock time) 0.000614 sec(of CPU time)
WARNING: Some pairwise ML distances are too long (saturated)
Computing RapidNJ tree took 0.000058 sec (of wall-clock time) 0.000219 sec (of CPU time)
Log-likelihood of RapidNJ tree: -260793.159
--------------------------------------------------------------------
|             INITIALIZING CANDIDATE TREE SET                      |
--------------------------------------------------------------------
Generating 99 parsimony trees... 0.235 second
Computing log-likelihood of 48 initial trees ... 0.023 seconds
Current best score: -260793.159

Do NNI search on 20 best initial trees
Estimate model parameters (epsilon = 0.100)
BETTER TREE FOUND at iteration 1: -260793.158
Iteration 10 / LogL: -260801.690 / Time: 0h:0m:0s
Iteration 20 / LogL: -260816.636 / Time: 0h:0m:0s
Finish initializing candidate tree set (1)
Current best tree score: -260793.158 / CPU time: 0.318
Number of iterations: 20
--------------------------------------------------------------------
|               OPTIMIZING CANDIDATE TREE SET                      |
--------------------------------------------------------------------
UPDATE BEST LOG-LIKELIHOOD: -260793.158
UPDATE BEST LOG-LIKELIHOOD: -260793.158
UPDATE BEST LOG-LIKELIHOOD: -260793.158
Iteration 30 / LogL: -260803.474 / Time: 0h:0m:0s (0h:0m:0s left)
UPDATE BEST LOG-LIKELIHOOD: -260793.158
UPDATE BEST LOG-LIKELIHOOD: -260793.158
Iteration 40 / LogL: -260793.159 / Time: 0h:0m:0s (0h:0m:0s left)
Iteration 50 / LogL: -260803.295 / Time: 0h:0m:0s (0h:0m:0s left)
UPDATE BEST LOG-LIKELIHOOD: -260793.158
UPDATE BEST LOG-LIKELIHOOD: -260793.158
Iteration 60 / LogL: -260793.158 / Time: 0h:0m:0s (0h:0m:0s left)
UPDATE BEST LOG-LIKELIHOOD: -260793.158
Iteration 70 / LogL: -260793.159 / Time: 0h:0m:0s (0h:0m:0s left)
Iteration 80 / LogL: -260793.159 / Time: 0h:0m:0s (0h:0m:0s left)
Iteration 90 / LogL: -260793.159 / Time: 0h:0m:0s (0h:0m:0s left)
Iteration 100 / LogL: -260793.159 / Time: 0h:0m:0s (0h:0m:0s left)
TREE SEARCH COMPLETED AFTER 102 ITERATIONS / Time: 0h:0m:0s

--------------------------------------------------------------------
|                    FINALIZING TREE SEARCH                        |
--------------------------------------------------------------------
Performs final model parameters optimization
Estimate model parameters (epsilon = 0.010)
1. Initial log-likelihood: -260793.158
Optimal log-likelihood: -260793.158
Rate parameters:  A-C: 1.00000  A-G: 7.23353  A-T: 1.00000  C-G: 1.00000  C-T: 7.23353  G-T: 1.00000
Base frequencies:  A: 0.134  C: 0.361  G: 0.367  T: 0.139
Gamma shape alpha: 0.180
Parameters optimization took 1 rounds (0.001 sec)
BEST SCORE FOUND : -260793.158
Total tree length: 0.229

Total number of iterations: 102
CPU time used for tree search: 3.107 sec (0h:0m:3s)
Wall-clock time used for tree search: 0.586 sec (0h:0m:0s)
Total CPU time used: 3.167 sec (0h:0m:3s)
Total wall-clock time used: 0.597 sec (0h:0m:0s)

Analysis results written to: 
  IQ-TREE report:                experiment-Nredo.iqtree
  Maximum-likelihood tree:       experiment-Nredo.treefile
  Likelihood distances:          experiment-Nredo.mldist
  Screen log file:               experiment-Nredo.log

Date and Time: Tue Jul  5 23:54:22 2022
