IQ-TREE multicore version 2.1.3 COVID-edition for Linux 64-bit built Apr 21 2021
Developed by Bui Quang Minh, James Barbetti, Nguyen Lam Tung,
Olga Chernomor, Heiko Schmidt, Dominik Schrempf, Michael Woodhams.

Host:    mutalisk (AVX2, FMA3, 31 GB RAM)
Command: iqtree2 -nt AUTO -s experiment-set2-blocksize-1500-dataset.fasta -pre experiment-set2-blocksize-1500
Seed:    712649 (Using SPRNG - Scalable Parallel Random Number Generator)
Time:    Mon May 30 18:14:03 2022
Kernel:  AVX+FMA - auto-detect threads (12 CPU cores detected)

Reading alignment file experiment-set2-blocksize-1500-dataset.fasta ... Fasta format detected
Alignment most likely contains DNA/RNA sequences
WARNING: 8184 sites contain only gaps or ambiguous characters.
Alignment has 4 sequences with 144551 columns, 181 distinct patterns
523 parsimony-informative, 1287 singleton sites, 142741 constant sites
       Gap/Ambiguity  Composition  p-value
   1  K22      6.44%    passed     97.77%
   2  MN2      6.64%    passed     99.03%
   3  MN3      6.68%    passed     62.16%
   4  SM023    6.66%    passed     94.94%
****  TOTAL    6.60%  0 sequences failed composition chi2 test (p-value<5%; df=3)
NOTE: minimal branch length is reduced to 0.000000691797 for long alignment


Create initial parsimony tree by phylogenetic likelihood library (PLL)... 0.000 seconds
Measuring multi-threading efficiency up to 12 CPU cores
Increase to 10 rounds for branch lengths
28655 trees examined
Threads: 1 / Time: 12.000 sec / Speedup: 1.000 / Efficiency: 100% / LogL: -190522
Threads: 2 / Time: 8.427 sec / Speedup: 1.424 / Efficiency: 71% / LogL: -190522
Threads: 3 / Time: 7.691 sec / Speedup: 1.560 / Efficiency: 52% / LogL: -190522
Threads: 4 / Time: 7.832 sec / Speedup: 1.532 / Efficiency: 38% / LogL: -190522
BEST NUMBER OF THREADS: 3

Perform fast likelihood tree search using GTR+I+G model...
Estimate model parameters (epsilon = 5.000)
Perform nearest neighbor interchange...
Estimate model parameters (epsilon = 1.000)
1. Initial log-likelihood: -188247.838
Optimal log-likelihood: -188247.168
Rate parameters:  A-C: 1.11249  A-G: 8.98932  A-T: 1.21457  C-G: 0.73525  C-T: 8.60378  G-T: 1.00000
Base frequencies:  A: 0.134  C: 0.360  G: 0.366  T: 0.140
Proportion of invariable sites: 0.495
Gamma shape alpha: 0.020
Parameters optimization took 1 rounds (0.001 sec)
Time for fast ML tree search: 0.004 seconds

NOTE: ModelFinder requires 0 MB RAM!
ModelFinder will test up to 286 DNA models (sample size: 144551) ...
 No. Model         -LnL         df  AIC          AICc         BIC
WARNING: Number of threads seems too high for short alignments. Use -T AUTO to determine best number of threads.
  1  GTR+F         188599.456   13  377224.912   377224.915   377353.370
WARNING: Number of threads seems too high for short alignments. Use -T AUTO to determine best number of threads.
  2  GTR+F+I       188133.306   14  376294.612   376294.615   376432.951
WARNING: Number of threads seems too high for short alignments. Use -T AUTO to determine best number of threads.
  3  GTR+F+G4      188357.047   14  376742.094   376742.097   376880.433
WARNING: Number of threads seems too high for short alignments. Use -T AUTO to determine best number of threads.
  4  GTR+F+I+G4    188228.822   15  376487.644   376487.647   376635.865
WARNING: Number of threads seems too high for short alignments. Use -T AUTO to determine best number of threads.
  5  GTR+F+R2      188429.016   15  376888.033   376888.036   377036.254
WARNING: Number of threads seems too high for short alignments. Use -T AUTO to determine best number of threads.
  6  GTR+F+R3      188203.360   17  376440.721   376440.725   376608.704
WARNING: Number of threads seems too high for short alignments. Use -T AUTO to determine best number of threads.
  7  GTR+F+R4      188134.084   19  376306.168   376306.173   376493.914
WARNING: Number of threads seems too high for short alignments. Use -T AUTO to determine best number of threads.
  8  GTR+F+R5      188133.956   21  376309.911   376309.918   376517.421
WARNING: Number of threads seems too high for short alignments. Use -T AUTO to determine best number of threads.
 15  SYM+I         202743.121   11  405508.241   405508.243   405616.937
WARNING: Number of threads seems too high for short alignments. Use -T AUTO to determine best number of threads.
 28  TVM+F+I       188133.563   13  376293.127   376293.130   376421.585
WARNING: Number of threads seems too high for short alignments. Use -T AUTO to determine best number of threads.
 41  TVMe+I        202739.445   10  405498.889   405498.891   405597.703
WARNING: Number of threads seems too high for short alignments. Use -T AUTO to determine best number of threads.
 54  TIM3+F+I      188138.858   12  376301.716   376301.718   376420.293
WARNING: Number of threads seems too high for short alignments. Use -T AUTO to determine best number of threads.
 67  TIM3e+I       202747.446   9   405512.891   405512.893   405601.824
WARNING: Number of threads seems too high for short alignments. Use -T AUTO to determine best number of threads.
 80  TIM2+F+I      188139.586   12  376303.171   376303.173   376421.748
WARNING: Number of threads seems too high for short alignments. Use -T AUTO to determine best number of threads.
 93  TIM2e+I       202745.411   9   405508.821   405508.823   405597.754
WARNING: Number of threads seems too high for short alignments. Use -T AUTO to determine best number of threads.
106  TIM+F+I       188135.391   12  376294.781   376294.784   376413.358
WARNING: Number of threads seems too high for short alignments. Use -T AUTO to determine best number of threads.
119  TIMe+I        202750.440   9   405518.881   405518.882   405607.813
WARNING: Number of threads seems too high for short alignments. Use -T AUTO to determine best number of threads.
132  TPM3u+F+I     188138.914   11  376299.829   376299.831   376408.524
WARNING: Number of threads seems too high for short alignments. Use -T AUTO to determine best number of threads.
145  TPM3+F+I      188138.895   11  376299.789   376299.791   376408.485
WARNING: Number of threads seems too high for short alignments. Use -T AUTO to determine best number of threads.
158  TPM2u+F+I     188139.908   11  376301.815   376301.817   376410.511
WARNING: Number of threads seems too high for short alignments. Use -T AUTO to determine best number of threads.
171  TPM2+F+I      188139.908   11  376301.815   376301.817   376410.511
WARNING: Number of threads seems too high for short alignments. Use -T AUTO to determine best number of threads.
184  K3Pu+F+I      188135.589   11  376293.179   376293.181   376401.874
WARNING: Number of threads seems too high for short alignments. Use -T AUTO to determine best number of threads.
197  K3P+I         202750.443   8   405516.886   405516.887   405595.938
WARNING: Number of threads seems too high for short alignments. Use -T AUTO to determine best number of threads.
210  TN+F+I        188142.701   11  376307.402   376307.404   376416.098
WARNING: Number of threads seems too high for short alignments. Use -T AUTO to determine best number of threads.
223  TNe+I         202750.278   8   405516.556   405516.557   405595.607
WARNING: Number of threads seems too high for short alignments. Use -T AUTO to determine best number of threads.
236  HKY+F+I       188142.998   10  376305.996   376305.998   376404.810
WARNING: Number of threads seems too high for short alignments. Use -T AUTO to determine best number of threads.
249  K2P+I         202750.316   7   405514.633   405514.634   405583.803
WARNING: Number of threads seems too high for short alignments. Use -T AUTO to determine best number of threads.
262  F81+F+I       189261.179   9   378540.359   378540.360   378629.291
WARNING: Number of threads seems too high for short alignments. Use -T AUTO to determine best number of threads.
275  JC+I          203638.550   6   407289.100   407289.100   407348.388
Akaike Information Criterion:           TVM+F+I
Corrected Akaike Information Criterion: TVM+F+I
Bayesian Information Criterion:         K3Pu+F+I
Best-fit model: K3Pu+F+I chosen according to BIC

All model information printed to experiment-set2-blocksize-1500.model.gz
CPU time for ModelFinder: 86.493 seconds (0h:1m:26s)
Wall-clock time for ModelFinder: 36.347 seconds (0h:0m:36s)

NOTE: 0 MB RAM (0 GB) is required!
WARNING: Number of threads seems too high for short alignments. Use -T AUTO to determine best number of threads.
Estimate model parameters (epsilon = 0.100)
1. Initial log-likelihood: -188135.589
Optimal log-likelihood: -188135.567
Rate parameters:  A-C: 1.00000  A-G: 9.31855  A-T: 0.67397  C-G: 0.67397  C-T: 9.31855  G-T: 1.00000
Base frequencies:  A: 0.134  C: 0.360  G: 0.366  T: 0.140
Proportion of invariable sites: 0.959
Parameters optimization took 1 rounds (0.000 sec)
Computing ML distances based on estimated model parameters...
Computing ML distances took 0.000051 sec (of wall-clock time) 0.000053 sec(of CPU time)
Computing RapidNJ tree took 0.000019 sec (of wall-clock time) 0.000132 sec (of CPU time)
Log-likelihood of RapidNJ tree: -188135.567
--------------------------------------------------------------------
|             INITIALIZING CANDIDATE TREE SET                      |
--------------------------------------------------------------------
Generating 99 parsimony trees... 0.015 second
Computing log-likelihood of 2 initial trees ... 0.000 seconds
Current best score: -188135.567

Do NNI search on 3 best initial trees
Finish initializing candidate tree set (3)
Current best tree score: -188135.567 / CPU time: 0.016
Number of iterations: 3
--------------------------------------------------------------------
|               OPTIMIZING CANDIDATE TREE SET                      |
--------------------------------------------------------------------
UPDATE BEST LOG-LIKELIHOOD: -188135.567
UPDATE BEST LOG-LIKELIHOOD: -188135.567
Iteration 10 / LogL: -188135.567 / Time: 0h:0m:0s
Iteration 20 / LogL: -188135.624 / Time: 0h:0m:0s
Iteration 30 / LogL: -188135.567 / Time: 0h:0m:0s (0h:0m:0s left)
Iteration 40 / LogL: -188401.350 / Time: 0h:0m:0s (0h:0m:0s left)
Iteration 50 / LogL: -188135.568 / Time: 0h:0m:0s (0h:0m:0s left)
Iteration 60 / LogL: -188135.567 / Time: 0h:0m:0s (0h:0m:0s left)
Iteration 70 / LogL: -188135.624 / Time: 0h:0m:0s (0h:0m:0s left)
Iteration 80 / LogL: -188140.143 / Time: 0h:0m:0s (0h:0m:0s left)
Iteration 90 / LogL: -188135.624 / Time: 0h:0m:0s (0h:0m:0s left)
Iteration 100 / LogL: -188401.350 / Time: 0h:0m:0s (0h:0m:0s left)
TREE SEARCH COMPLETED AFTER 101 ITERATIONS / Time: 0h:0m:0s

--------------------------------------------------------------------
|                    FINALIZING TREE SEARCH                        |
--------------------------------------------------------------------
Performs final model parameters optimization
Estimate model parameters (epsilon = 0.010)
1. Initial log-likelihood: -188135.567
2. Current log-likelihood: -188135.541
3. Current log-likelihood: -188135.514
4. Current log-likelihood: -188135.481
5. Current log-likelihood: -188135.450
6. Current log-likelihood: -188135.391
7. Current log-likelihood: -188135.320
8. Current log-likelihood: -188135.093
9. Current log-likelihood: -188135.055
Optimal log-likelihood: -188135.053
Rate parameters:  A-C: 1.00000  A-G: 8.68932  A-T: 0.62559  C-G: 0.62559  C-T: 8.68932  G-T: 1.00000
Base frequencies:  A: 0.134  C: 0.360  G: 0.366  T: 0.140
Proportion of invariable sites: 0.958
Parameters optimization took 9 rounds (0.001 sec)
BEST SCORE FOUND : -188135.053
Total tree length: 0.018

Total number of iterations: 101
CPU time used for tree search: 0.165 sec (0h:0m:0s)
Wall-clock time used for tree search: 0.041 sec (0h:0m:0s)
Total CPU time used: 0.187 sec (0h:0m:0s)
Total wall-clock time used: 0.048 sec (0h:0m:0s)

Analysis results written to: 
  IQ-TREE report:                experiment-set2-blocksize-1500.iqtree
  Maximum-likelihood tree:       experiment-set2-blocksize-1500.treefile
  Likelihood distances:          experiment-set2-blocksize-1500.mldist
  Screen log file:               experiment-set2-blocksize-1500.log

Date and Time: Mon May 30 18:14:40 2022
