(C46,Cooper,((C33,((((SP1777,K22):0.12109363431246618,B589):1.2215355198765379,BHV5):1.4931397565437041,(216_II,#H10:::0.0655439578748725):10.0):10.0):0.7562356429058846,(Titanium_IBR_MLV_vaccine)#H10:::0.9344560421251276):0.45280424384110796);
((Titanium_IBR_MLV_vaccine,(C33,((216_II,(((SP1777,B589):0.08073906873598677,K22):1.4831420310776453,BHV5):0.8973383908429577):9.7750427218586,#H10:1.285456469810111::0.17735603497611263):10.0):0.9861676048338497):0.8524886016622409,C46,(Cooper)#H10:6.723946112642436::0.8226439650238874);
(C46,((C33,((216_II,((SP1777,(K22,B589):0.1776464259059708):0.6530704912440203,BHV5):1.604634688857418):9.812644736706885)#H10:::0.7128770671043798):1.1505620377397747,Titanium_IBR_MLV_vaccine):2.1039214576858543,(Cooper,#H10:::0.2871229328956202):1.6344356809635898);
(((((SP1777,#H10:9.954271753902363::0.1129271468494857):10.0,B589):0.11865166822863178,K22):0.8444765165575439,BHV5):5.292142904701901,216_II,((((C46,Cooper):0.20022344874881834,Titanium_IBR_MLV_vaccine):0.6347409376023198,C33):8.969209444812138)#H10:9.918111157806965::0.8870728531505143);
((BHV5,((B589,K22):0.3411968532903139,(SP1777,#H10:0.05232194855131917::0.10933422740203595):10.0):1.232998185208648):3.556623898089959,216_II,((C33,((C46,Cooper):0.7467485875450391,Titanium_IBR_MLV_vaccine):0.3893048295808371):9.147151977741336)#H10:5.260523321545915::0.8906657725979641);
(C46,(Titanium_IBR_MLV_vaccine,(C33,(((((SP1777,K22):0.08540244012350368,B589):1.0028850495808768,BHV5):1.2196235993408255,216_II):9.64139933381598)#H10:::0.7076883691488052):2.097461120688195):0.16510106112297815,(Cooper,#H10:::0.29231163085119477):0.8617215699540721);
(216_II,((B589,(K22,(SP1777,#H10:9.930816888413869::0.11403162474884157):10.0):0.09315806103121776):1.6119994906617852,BHV5):10.0,((C33,((C46,Cooper):0.3542380926972959,Titanium_IBR_MLV_vaccine):0.4610803678353645):2.4644347697251043)#H10:0.0::0.8859683752511585);
(C46,Cooper,(Titanium_IBR_MLV_vaccine,(C33,(216_II,((SP1777,((B589,K22):0.2598840215500046)#H10:0.0::0.7317121297812139):3.579527074631314,(BHV5,#H10:0.0::0.26828787021878614):8.690215242421221):1.078851030627039):2.973215612663847):0.4006309700344856):0.906199833680729);
((K22,(SP1777,#H10:10.0::0.3356092525189537):2.226605404473353):0.6210470003851924,(BHV5,((216_II,(C33,((C46,Cooper):1.0820771504806435,Titanium_IBR_MLV_vaccine):0.7412988463618556):10.0):1.7490341072429723)#H10:0.0::0.6643907474810463):10.0,B589);
(216_II,(((B589,(SP1777,#H10:0.07341825147032219::0.12636023490687281):10.0):0.10154198622702601,K22):1.0259735925750653,BHV5):5.8778804967244795,((((C46,Cooper):0.4061434580547908,Titanium_IBR_MLV_vaccine):0.5781116624809699,C33):9.122965714150531)#H10:9.655210287480543::0.8736397650931271);
(216_II,(((B589,(SP1777,#H10:::0.09119964573271477):10.0):0.08361775352910658,K22):1.2247467140990944,BHV5):3.572656995470949,((((Cooper,C46):0.7661593870126745,Titanium_IBR_MLV_vaccine):0.7151099412766971,C33):9.78130169189193)#H10:::0.9088003542672852);
((BHV5,((SP1777,K22):0.16891251767430315,(B589,#H10:0.6725360689454682::0.12387878856605203):0.24036596223401552):2.5123943351612668):10.0,216_II,((((C46,Cooper):0.22477041688708174,Titanium_IBR_MLV_vaccine):0.7686800253138334,C33):9.985843148099196)#H10:4.183395365953479::0.8761212114339479);
(Cooper,((C33,((BHV5,((B589,K22):0.03405659063304221,SP1777):0.7727596933043885):1.5001184229983617,(216_II)#H10:::0.9216611182625766):10.0):0.7925244067559851,(Titanium_IBR_MLV_vaccine,#H10:::0.07833888173742341):10.0):0.19136165786288745,C46);
(216_II,(BHV5,((B589,(SP1777,#H10:0.4996615274511828::0.11079844884471954):10.0):0.037912087266478066,K22):1.4215391890474096):3.4797306625104594,((C33,((C46,Cooper):0.4031505947688065,Titanium_IBR_MLV_vaccine):0.6392170192437027):8.978296366074769)#H10:8.516871275918364::0.8892015511552804);
(B589,((BHV5,((216_II,(((C46,Cooper):0.2974356805980806,Titanium_IBR_MLV_vaccine):0.41259603033310754,C33):9.991341310318157):1.7055989795352038)#H10:0.03213893237392314::0.7383351850306386):3.1073818423255966,K22):0.18290927898758172,(SP1777,#H10:7.3384357323853315::0.26166481496936145):10.0);
((((B589,(SP1777,#H10:0.43182728656773806::0.11224234765328649):0.843977366110609):0.16665165160235335,K22):1.8898702516595531,BHV5):10.0,216_II,((((Cooper,C46):0.5679518117110021,Titanium_IBR_MLV_vaccine):0.4798248633956202,C33):8.898892478387843)#H10:9.920522420395134::0.8877576523467136);
((C33,((216_II,(BHV5,(SP1777,(K22,B589):0.04533543190147783):0.9085057314835904):1.3364070605518266):9.756680814589398,#H10:::0.342080984636074):0.5726333396061787):1.8600668896571237,Cooper,(C46,(Titanium_IBR_MLV_vaccine)#H10:::0.657919015363926):0.7985801525106908);
(Cooper,((Titanium_IBR_MLV_vaccine,(C46)#H10:::0.49410040541341455):3.3039846515580287,(((BHV5,(SP1777,(K22,B589):0.19410368135048656):1.0469902230400765):1.498704766416489,216_II):10.0,C33):0.18993355259973532):3.3039846515580287,#H10:::0.5058995945865855);
((((B589,(SP1777,#H10:0.09702807254333576::0.13372444880721962):10.0):0.08175777065138128,K22):1.4132119986834972,BHV5):10.0,216_II,(((Titanium_IBR_MLV_vaccine,(Cooper,C46):0.21520401286596808):0.5646371245254328,C33):9.310143013853796)#H10:9.394049774012855::0.8662755511927804);
(C46,Cooper,(Titanium_IBR_MLV_vaccine,(C33,(216_II,((BHV5,#H10:0.17712153732179214::0.2398672647761106):8.683572344637225,(SP1777,((B589,K22):0.07893174808457028)#H10:0.0::0.7601327352238894):3.5782519285441277):1.1320943891309716):9.753484693676892):0.35325650595965186):0.49202857267294436);
(216_II,(BHV5,((K22,B589):0.19832266805366058,(SP1777,#H10:1.4765843714521172::0.12975145638000216):9.999999972942982):0.8927745265286633):9.107225437317108,((((Cooper,C46):0.7616017641092839,Titanium_IBR_MLV_vaccine):0.6322672994326161,C33):9.741106404841597)#H10:6.259362770523798::0.8702485436199978);
(C46,(Titanium_IBR_MLV_vaccine,(C33,((216_II,(((B589,K22):0.14196531582977337,SP1777):1.1183457465472935,BHV5):1.486576242339106):9.988025275185262,#H10:::0.24591673304144276):10.0):0.7507555602280769):1.516380459179076,(Cooper)#H10:::0.7540832669585572);
(216_II,((K22,(B589,(SP1777,#H10:::0.09157303093865465):10.0):0.20429094363023423):1.538277896634873,BHV5):3.036439249573608,((((C46,Cooper):0.39072649244572755,Titanium_IBR_MLV_vaccine):0.23846151710395697,C33):9.857921334994037)#H10:::0.9084269690613453);
((((BHV5,(216_II,((((C46,Cooper):0.8665241185416226,Titanium_IBR_MLV_vaccine):0.35430512168262196,C33):9.757884733748522)#H10:9.727143159040757::0.894054473727012):4.251445716933285):0.869605256560953,K22):0.04049427955816721,B589):9.959511105510861,SP1777,#H10:2.1606009304346334::0.10594552627298802);
((B589,(BHV5,(((((C46,Cooper):0.5113181808982623,Titanium_IBR_MLV_vaccine):0.529133385882271,C33):10.0,216_II):1.8003758759610924)#H10:0.0::0.6361906534308439):1.0343615905736512):0.3787182953116514,(SP1777,#H10:9.993687573139866::0.3638093465691561):4.019330941769317,K22);
(216_II,(BHV5,(B589,((SP1777,#H10:8.83105821678427::0.09785725341472992):10.0,K22):0.13761771820101215):1.4985166363543572):3.1773980137009983,((((C46,Cooper):0.5848999085829315,Titanium_IBR_MLV_vaccine):0.8824915883932875,C33):2.9824425352356663)#H10:0.0::0.90214274658527);
((((BHV5,((216_II,(((C46,Cooper):0.5877534194481151,Titanium_IBR_MLV_vaccine):0.2389772084403539,C33):10.0):1.7052445072366906)#H10:0.04289426512647754::0.7092250662784072):10.0,B589):0.1962353859787297,K22):2.297394226760486,SP1777,#H10:9.981124722670296::0.2907749337215928);
((Titanium_IBR_MLV_vaccine,(C33,((216_II,(((K22,SP1777):0.14929404290215428,B589):0.7873757486373383,BHV5):1.5671682939193647):9.812302017265857)#H10:::0.6533947392922752):10.0):1.0408720773531064,C46,(Cooper,#H10:::0.34660526070772485):0.5886836420054573);
((((K22,B589):0.10233772796735364,(SP1777,#H10:1.9238251652562773e-5::0.1449195883790738):10.0):1.561919017204873,BHV5):3.09707786436692,216_II,(((Titanium_IBR_MLV_vaccine,(Cooper,C46):0.33129877035667854):0.6662808966367781,C33):9.995496422048658)#H10:0.32012195787478276::0.8550804116209262);
((216_II,((((C46,Titanium_IBR_MLV_vaccine):0.21268540580084455,Cooper):0.9363308185583908,C33):9.056428321780954)#H10:7.409128103383724::0.8558844005616928):10.0,(K22,(B589,(SP1777,#H10:0.10534124374654888::0.14411559943830723):4.489106729371087):0.2426637076865079):1.5366796785459642,BHV5);
(C46,(Titanium_IBR_MLV_vaccine,(((216_II,(((SP1777,K22):0.132453973664741,B589):0.7269453455223351,BHV5):1.5861439653653362):10.0,C33):0.0)#H10:10.0::0.759543101603671):2.865856611960717,(Cooper,#H10:0.0::0.240456898396329):10.0);
((BHV5,((K22,(SP1777,#H10:0.34583791701752914::0.05620881833170939):10.0):0.3023428588966087,B589):1.277905053053111):1.517710977066504,216_II,(((Titanium_IBR_MLV_vaccine,(C46,Cooper):0.25251163099523916):1.0226728301455774,C33):8.41100542833817)#H10:4.260492939531714::0.9437911816682906);
(((K22,(B589,(SP1777,#H10:::0.11277024697426537):10.0):0.2868099159546452):1.075794878138733,BHV5):1.56960104766423,216_II,((((C46,Cooper):0.39485054944495523,Titanium_IBR_MLV_vaccine):0.1874075686577432,C33):9.30506122112309)#H10:::0.8872297530257346);
(((K22,(B589,(SP1777,#H10:::0.12344229913045127):10.0):0.2316031101830677):0.6476601309409313,BHV5):9.352339827354474,216_II,((((C46,Cooper):0.5245265764568445,Titanium_IBR_MLV_vaccine):0.4235059341696541,C33):9.993376523007635)#H10:::0.8765577008695488);
(216_II,(((B589,(SP1777,#H10:::0.095190047557875):10.0):0.16123413006945878,K22):1.2262775418520662,BHV5):3.305975555123113,((((C46,Cooper):0.5418778812366155,Titanium_IBR_MLV_vaccine):1.0534357291047511,C33):8.685426004894357)#H10:::0.904809952442125);
(216_II,(((B589,K22):0.10233724936512713,(SP1777,#H10:2.406622591479572::0.14491966356897143):10.0):1.5619197583240099,BHV5):3.097078991280153,((((Cooper,C46):0.6901175525517326,Titanium_IBR_MLV_vaccine):0.6005424318755834,C33):9.235329094648678)#H10:9.06197890770235::0.8550803364310285);
((Titanium_IBR_MLV_vaccine,(((BHV5,(B589,(K22,SP1777):0.09941275842172642):0.6494537730714208):1.3171372691832743,216_II):9.70811518828579,(C33)#H10:::0.6799557621978539):9.390101377123402):0.6098984514563477,Cooper,(C46,#H10:::0.3200442378021461):10.0);
(C46,(C33,((216_II,(((B589,SP1777):0.11773437089354254,K22):1.17063277976296,BHV5):1.1809633281000613):10.0,#H10:0.0::0.17569502093437056):9.416806420342757):10.0,((Titanium_IBR_MLV_vaccine,Cooper):0.0032250670887607347)#H10:0.01976447327707556::0.8243049790656294);
(216_II,(BHV5,(K22,(B589,(SP1777,#H10:0.07451719200324827::0.09470729288005063):10.0):0.040465929246399274):1.0116020183592798):3.9937021513583297,((C33,((C46,Cooper):0.45068672411149385,Titanium_IBR_MLV_vaccine):0.8783234348986152):8.692112261767845)#H10:8.129385117674298::0.9052927071199494);
(C46,Cooper,(Titanium_IBR_MLV_vaccine,(C33,((((B589,K22):0.1194820261632856,SP1777):0.6562129478249155,(BHV5,#H10:::0.20003048078755903):10.0):10.0,(216_II)#H10:::0.799969519212441):1.8542829710708226):0.4100257774038327):0.4164261170915696);
(((B589,(SP1777,#H10:0.010588221023265057::0.08638343306170479):10.0):0.2170225050254069,K22):2.322216978604251,BHV5,(216_II,((((C46,Cooper):0.4220434147183121,Titanium_IBR_MLV_vaccine):0.39609147995622374,C33):8.709896968889234)#H10:8.098610543871104::0.9136165669382952):2.7417698662901793);
((Titanium_IBR_MLV_vaccine,(C33,((216_II,(((B589,K22):0.12438873932420323,SP1777):0.993749544287375,BHV5):1.2189518024262365):9.999940139778001,#H10:::0.12512584709648164):10.0):1.1864420700947056):0.6147061109054127,C46,(Cooper)#H10:::0.8748741529035183);
(C46,Cooper,((C33,(((SP1777,(B589,K22):0.23307273862838324):1.2392447319772575,BHV5):1.0947496546180948,(216_II)#H10:::0.935533829639382):10.0):0.7110565313576844,(Titanium_IBR_MLV_vaccine,#H10:::0.06446617036061791):10.0):0.2144051121202066);
((((BHV5,(SP1777,(B589,K22):0.06988467775259413):0.8151775610309366):1.5660508795053072,216_II):10.0,((C33,Titanium_IBR_MLV_vaccine):0.0)#H10:0.0::0.6968823418374386):9.51063566525309,Cooper,(#H10:0.0::0.30311765816256137,C46):8.999174237008614);
(B589,(K22,(BHV5,((216_II,(((C46,Cooper):0.8085654884747479,Titanium_IBR_MLV_vaccine):0.2425844018668838,C33):10.0):1.644160629062873)#H10:0.6001533357128527::0.7637895580746976):3.176081714925196):0.22117421091166772,(SP1777,#H10:1.1603686788297942::0.23621044192530244):10.0);
(C46,(Titanium_IBR_MLV_vaccine,(C33,((216_II,(((B589,K22):0.028087449627642747,SP1777):0.4820075126721088,BHV5):1.4735444909721607):9.076030737391294)#H10:::0.8570008143597818):1.527406092988843):0.9142268448682672,(Cooper,#H10:::0.14299918564021813):10.0);
(C46,(Titanium_IBR_MLV_vaccine,(C33,(((((SP1777,K22):0.03634713940171177,B589):1.248169628935658,BHV5):1.467024162051261,216_II):9.178479070196625,#H10:::0.29366604582922917):10.0):1.481095946434219):10.0,(Cooper)#H10:::0.7063339541707708);
(B589,(K22,(SP1777,#H10:9.627938142847292::0.28022643584710366):2.6219747838327394):0.25367836194873083,(BHV5,(((((C46,Cooper):0.5544129161706048,Titanium_IBR_MLV_vaccine):0.569105696407613,C33):2.9313924306743964,216_II):1.5606892938453116)#H10:0.0::0.7197735641528964):10.0);
(C46,Cooper,(Titanium_IBR_MLV_vaccine,((216_II,((((K22,B589):0.02110143540385004,SP1777):1.1107199235203757,BHV5):0.5191002344405771,#H10:::0.054322727143915055):0.7677778980937265):10.0,(C33)#H10:::0.9456772728560849):0.6657550190163726):0.4304129669354707);
(Cooper,C46,((C33,((((K22,SP1777):0.1411820857739864,B589):0.9956431242180946,BHV5):1.5639282400045365,(216_II)#H10:::0.9317091040897298):10.0):0.8405037488267173,(Titanium_IBR_MLV_vaccine,#H10:::0.06829089591027021):10.0):0.729431878876529);
(216_II,((B589,((SP1777,#H10:3.1623928515856052::0.09595783173913512):10.0,K22):0.12662711478492392):1.267624904437013,BHV5):3.4930738450605867,((C33,(Titanium_IBR_MLV_vaccine,(Cooper,C46):0.31567970580095):0.4779281309911501):9.976860545647881)#H10:0.19919835449217513::0.9040421682608649);
(216_II,(BHV5,((B589,(SP1777,#H10:0.3364996364665456::0.11243099226357012):10.0):0.061489180765746436,K22):0.9726459519989682):4.404550021490024,((C33,((C46,Cooper):0.413969652409651,Titanium_IBR_MLV_vaccine):0.8074449898711561):8.933085305208516)#H10:6.535166064523669::0.8875690077364299);
(216_II,(BHV5,(K22,(B589,(SP1777,#H10:::0.12874573222003316):10.0):0.2669400893084177):1.0122167892439438):8.7208383404582,((C33,(Titanium_IBR_MLV_vaccine,(Cooper,C46):0.2916278301489062):0.17473178987035376):9.268914115729709)#H10:::0.8712542677799668);
(C46,Cooper,((C33,((((SP1777,B589):0.0350352615879055,K22):0.9409228170760011,BHV5):1.1683513064482463,(216_II)#H10:::0.9319736529144313):10.0):0.7194855860675073,(Titanium_IBR_MLV_vaccine,#H10:::0.06802634708556869):10.0):0.5897473045740894);
(((Titanium_IBR_MLV_vaccine,#H10:::0.3217522784117551):10.0,((216_II,((SP1777,(K22,B589):0.15544194650174153):1.0237505114321346,BHV5):1.560091997143636):2.0981109412516905,(C33)#H10:::0.678247721588245):10.0):0.09249295066411026,Cooper,C46);
((((K22,(SP1777,#H10:::0.1280964242132244):10.0):0.16782188689681152,B589):0.8727648762362122,BHV5):10.0,216_II,((((C46,Cooper):1.1189873221441107,Titanium_IBR_MLV_vaccine):0.18562643631921116,C33):9.599819592930647)#H10:::0.8719035757867756);
(C46,(Titanium_IBR_MLV_vaccine,(C33,((216_II,(((SP1777,B589):0.019709604648728393,K22):0.9459328903093138,BHV5):1.238791739516165):9.169274780025425,#H10:::0.22898999369046238):9.015456066050099):0.9845437958736404):9.015456831101828,(Cooper)#H10:::0.7710100063095376);
(C46,(Titanium_IBR_MLV_vaccine,(C33,((216_II,((B589,(SP1777,K22):0.2320946881796411):0.6989828747077024,BHV5):1.585887736341544):9.941224418363118,#H10:::0.2618084892965364):10.0):0.47771624006184565):1.632565723092723,(Cooper)#H10:::0.7381915107034636);
(C46,(Titanium_IBR_MLV_vaccine,(C33,(((BHV5,(SP1777,(K22,B589):0.07213330364971408):1.2464559052062771):1.258809180168528,216_II):10.0,#H10:::0.15755358462406188):10.0):0.8579646134475063):1.4108300948255943,(Cooper)#H10:::0.8424464153759381);
(((K22,(B589,(SP1777,#H10:0.4385048074888371::0.15220354640747658):10.0):0.17739080159518916):1.4303815883625215,BHV5):3.4477868239928524,216_II,((((C46,Cooper):0.630985821947502,Titanium_IBR_MLV_vaccine):0.7540341986315304,C33):9.5598680396931)#H10:1.0932955137882763::0.8477964535925234);
(216_II,(((B589,(SP1777,#H10:7.691080353420005::0.10202098830104757):10.0):0.28833532575978144,K22):1.6784445445425777,BHV5):3.263014631825648,((((Cooper,C46):0.4984921383107447,Titanium_IBR_MLV_vaccine):1.235283313942877,C33):2.917057438535409)#H10:0.0::0.8979790116989524);
(C46,(Cooper)#H10:::0.7539800740783651,(Titanium_IBR_MLV_vaccine,(C33,((216_II,((SP1777,(K22,B589):0.23257724995226214):1.1933021337078638,BHV5):1.4661834900480706):9.539498010806613,#H10:::0.2460199259216349):9.232458336645546):0.7675504066770553):9.232450189078753);
((C46,Cooper):0.46851866207316206,((216_II,(((K22,B589):0.058978570387346,SP1777):1.087591271454541,BHV5):1.4987867678934026):9.563479635475751,(C33)#H10:::0.5624986981605701):10.0,(Titanium_IBR_MLV_vaccine,#H10:::0.4375013018394299):9.9879453565153);
((((C46,(Cooper)#H12:::0.794051397408108):1.421321024907643,Titanium_IBR_MLV_vaccine):0.9672346358080091,C33):10.0,(216_II,(BHV5,(SP1777,(K22,B589):0.14709327587804394):1.4912492546487275):1.1244888566648146):9.995491599166991,#H12:::0.20594860259189196);
(((((SP1777,#H10:0.08705226043032556::0.11466680999098111):10.0,B589):0.07360406216778477,K22):0.7768250462094312,BHV5):7.748515202863083,216_II,((((C46,Cooper):0.7128467149663529,Titanium_IBR_MLV_vaccine):0.2558853618528976,C33):9.168804533315758)#H10:3.5489165748740783::0.8853331900090189);
(((BHV5,((216_II,(C33,((C46,Cooper):0.5332271950322164,Titanium_IBR_MLV_vaccine):0.6886870899094399):10.0):1.6853756669403128)#H10:0.0892618404703912::0.7192882662699829):10.0,B589):0.20336874784408385,K22,(SP1777,#H10:9.539793714854873::0.28071173373001707):2.319362726337061);
(216_II,(BHV5,(((SP1777,#H10:0.6483099690858353::0.10763698300731078):10.0,K22):0.1281390592502777,B589):0.9974240531473535):10.0,((((C46,Cooper):0.9566762341193484,Titanium_IBR_MLV_vaccine):0.4543163064225865,C33):9.680334924167989)#H10:8.251278483630237::0.8923630169926893);
(C46,(Titanium_IBR_MLV_vaccine,(C33,(((BHV5,((B589,K22):0.0709768216239399,SP1777):0.6239917054145739):1.678271745306247,216_II):2.1043448683004757,#H10:::0.2949038804550497):1.054240365436596):1.1283543214218803):8.871645348663135,(Cooper)#H10:::0.7050961195449503);
(C46,Cooper,((C33,(216_II,((B589,(SP1777,(K22)#H10:::0.860632278995598):0.1740442557573297):1.2326180253729344,(BHV5,#H10:::0.13936772100440198):3.5535356487311556):1.1767751966207605):10.0):0.20886125462100452,Titanium_IBR_MLV_vaccine):0.8073742918218275);
(216_II,((K22,(B589,(SP1777,#H10:::0.06914677977820502):10.0):0.07554498534346278):1.5547598426628448,BHV5):1.5741122059612642,((((C46,Cooper):0.2154695509985535,Titanium_IBR_MLV_vaccine):1.0325539230946315,C33):9.284719710282067)#H10:::0.930853220221795);
((B589,(BHV5,((216_II,(C33,((C46,Cooper):0.2841719638765723,Titanium_IBR_MLV_vaccine):0.3491679829055376):2.973030960214944):2.0055923331801435)#H10:0.0::0.5474152244215302):10.0):0.4379607451738809,(SP1777,#H10:0.34206916738645815::0.4525847755784698):0.8401710331652888,K22);
(C46,Cooper,((((((K22,B589):0.0851143373187331,SP1777):0.6198528568383489,BHV5):1.5600425585103626,(216_II)#H10:::0.9378130049820996):10.0,C33):0.4652927794158888,(Titanium_IBR_MLV_vaccine,#H10:::0.06218699501790038):10.0):0.2110892259819678);
(Cooper,C46,((C33,((((B589,K22):0.19257094405119116,SP1777):1.2457386127300119,BHV5):1.0955806124578469,(216_II)#H10:::0.9354678972802057):10.0):0.6259815886463452,(Titanium_IBR_MLV_vaccine,#H10:::0.06453210271979425):10.0):0.2837151095945731);
(216_II,(((K22,(SP1777,#H10:1.70004453735859::0.1357609271070551):10.0):0.21688510430062768,B589):1.5277884172821905,BHV5):2.8442854232662977,((C33,((C46,Cooper):0.3754232034567532,Titanium_IBR_MLV_vaccine):0.6668000990716538):9.667145824183514)#H10:9.998459629545998::0.8642390728929449);
(C46,(Cooper)#H10:::0.6762706705595884,(Titanium_IBR_MLV_vaccine,(C33,((216_II,(((SP1777,B589):0.13392928059316994,K22):1.120816698163795,BHV5):1.5394541632569667):2.295260112562918,#H10:::0.3237293294404115):0.9807162892899082):0.3658095248584953):1.0859987112151623);
((BHV5,(((SP1777,#H10:9.12828233399763::0.10106776802250837):10.0,B589):0.09319063624148381,K22):1.1921102246485245):3.6606933004260376,216_II,((((C46,Cooper):0.6146626730169875,Titanium_IBR_MLV_vaccine):0.5053609448068233,C33):3.0931176621082126)#H10:0.0::0.8989322319774916);
((C33,((216_II,(((K22,B589):0.043815174511469615,SP1777):0.7037184441754458,BHV5):1.395312024254666):9.845395516700256,#H10:::0.455052180052554):1.6200711628227784):2.5250622732622454,Cooper,(C46,(Titanium_IBR_MLV_vaccine)#H10:::0.544947819947446):0.3854720723247041);
(((SP1777,#H10:9.856804661244514::0.3333288088668646):9.433338455035924,B589):0.19258395974771536,(BHV5,(((C33,((C46,Cooper):0.4460048030603762,Titanium_IBR_MLV_vaccine):0.4894023611553623):10.0,216_II):1.8052896277364048)#H10:0.0::0.6666711911331353):0.923545885568328,K22);
(Cooper,((C33,(216_II,((B589,(K22,SP1777):0.12817761157021987):0.4503300107373636,BHV5):1.473682648401236):10.0):0.3169891652566692,(Titanium_IBR_MLV_vaccine,#H10:::0.335384860493816):3.267826956376999):3.267826956376999,(C46)#H10:::0.664615139506184);
((Titanium_IBR_MLV_vaccine,(C33,((216_II,((B589,(K22,SP1777):0.08066059906121706):1.0847454293268164,BHV5):0.9685800845536486):9.90204448143421,#H10:4.601054863373898::0.3069854709006275):10.0):0.8773299918078873):10.0,C46,(Cooper)#H10:7.918180563768306::0.6930145290993726);
((C33,((C46,(Cooper)#H10:::0.752843218416981):1.5121987909680048,Titanium_IBR_MLV_vaccine):0.7178956267763692):10.0,(216_II,(((K22,SP1777):0.11876123218251572,B589):0.9494563008589538,BHV5):1.5267813057704172):9.963346481876547,#H10:::0.24715678158301904);
(C46,(Titanium_IBR_MLV_vaccine,(C33,((216_II,((SP1777,(K22,B589):0.12075196286191966):0.8741254588541123,BHV5):1.6350614634875573):2.248020282944836)#H10:0.7806158282774501::0.7674855188949588):3.0134817700259537):0.7235562553236584,(Cooper,#H10:9.104241452694845::0.23251448110504125):10.0);
((C33,((216_II,(((B589,K22):0.03164226357250237,SP1777):1.0227181364573317,BHV5):1.3160859512618965):1.8279779646132894,#H10:::0.486765612652623):0.7811457970446865):0.7266585221311543,Titanium_IBR_MLV_vaccine,(C46,(Cooper)#H10:::0.513234387347377):10.0);
(C46,(Titanium_IBR_MLV_vaccine,(((216_II,(((B589,K22):0.03576584809530989,SP1777):1.2143365086562274,BHV5):1.3524253927176932):9.998812836483102,#H10:::0.2860679324458499):9.14854445543884,C33):0.8514555660846338):1.094626102904773,(Cooper)#H10:::0.7139320675541501);
((K22,(B589,(BHV5,(((((C46,Cooper):0.5842760664112646,Titanium_IBR_MLV_vaccine):0.7764049354992316,C33):10.0,216_II):1.6490967746263885)#H10:0.16008383970031387::0.7351917374256964):10.0):0.2812064819711345):1.7709142440850751,SP1777,#H10:9.501525867477376::0.2648082625743036);
(C46,Cooper,((Titanium_IBR_MLV_vaccine,#H10:::0.06370946873716787):10.0,(C33,((((K22,B589):0.04119215379583821,SP1777):0.6922931441645528,BHV5):1.539617179101396,(216_II)#H10:::0.9362905312628321):10.0):0.8104156733823913):0.15026018600702173);
((K22,(SP1777,#H10:9.99828803107522::0.2422755143226482):2.3791772022537727):0.3614116436229977,(BHV5,(((((C46,Cooper):0.28566995021523467,Titanium_IBR_MLV_vaccine):0.8276302197631253,C33):10.0,216_II):1.3944445911518932)#H10:0.0::0.7577244856773517):10.0,B589);
(C46,(Titanium_IBR_MLV_vaccine,(C33,((216_II,(((B589,K22):0.1133616378487604,SP1777):0.6007596198801579,BHV5):1.7480335486872653):9.959839718654203,#H10:4.13240187417486::0.39490565406382744):0.6916678606679918):1.0622497222951244):0.9305141364467151,(Cooper)#H10:1.4134572023095375::0.6050943459361726);
(216_II,((K22,(B589,(SP1777,#H10:2.3898847590720154::0.1091457961242842):10.0):0.08605676716783484):0.5487507506988722,BHV5):9.451249261747668,((C33,((C46,Titanium_IBR_MLV_vaccine):0.17457864872082654,Cooper):1.2606882451713288):9.991109426161596)#H10:2.6477235486366637::0.8908542038757158);
(C46,(Titanium_IBR_MLV_vaccine,(C33,((216_II,(((K22,SP1777):0.11876093017032664,B589):0.9494562607883494,BHV5):1.5267814255470002):9.999300949233772)#H10:0.8998647073954747::0.7403957616885395):1.694114456640215):0.4775014982296065,(Cooper,#H10:0.5044334213658437::0.2596042383114605):10.0);
(216_II,(BHV5,(K22,(B589,(SP1777,#H10:0.1834034585052342::0.09157298087671772):10.0):0.2042906711919849):1.5382773976319062):3.036437488857455,((((C46,Cooper):0.5456679160561828,Titanium_IBR_MLV_vaccine):0.301347948542825,C33):9.994564596065112)#H10:3.197010871981141::0.9084270191232823);
(C46,(Titanium_IBR_MLV_vaccine,(C33,((216_II,(((B589,K22):0.19342486747923576,SP1777):0.6489788379122785,BHV5):1.6044917481036745):9.63995477544813,#H10:::0.35513178966235026):0.6408923741865022):0.8926131720051048):10.0,(Cooper)#H10:::0.6448682103376497);
((K22,(SP1777,#H10:0.5461650590596107::0.3515137446917417):2.4627252398395725):0.45929618574516007,(BHV5,((216_II,(C33,(Titanium_IBR_MLV_vaccine,(Cooper,C46):0.3038727786776409):0.7405102565681402):10.0):1.90509606050611)#H10:0.035850978480311685::0.6484862553082583):10.0,B589);
(216_II,(((B589,(SP1777,#H10:::0.13893505116535285):10.0):0.33347541258558655,K22):1.5185501296584236,BHV5):3.0725869881749057,((((C46,Cooper):0.31567957518069195,Titanium_IBR_MLV_vaccine):0.4779278839811285,C33):9.998445143085036)#H10:::0.8610649488346471);
((((216_II,(((K22,SP1777):0.10484672687789248,B589):0.8779817673763017,BHV5):1.5461181040342804):9.990410223182726,(Titanium_IBR_MLV_vaccine)#H10:::0.5353755899778182):0.7298283119833188,C33):1.3885602370420058,Cooper,(C46,#H10:::0.4646244100221818):0.8752177310951974);
(((C33,(((BHV5,(SP1777,(K22,B589):0.15887636564362237):1.1135306628122343):1.486529929076353,216_II):9.935948745054032,#H10:::0.48939883679343615):0.3791364539277269):0.6069536352086419,Titanium_IBR_MLV_vaccine):10.0,C46,(Cooper)#H10:::0.5106011632065639);
(C46,((C33,(((BHV5,((K22,SP1777):0.06479836823104358,B589):0.8150294272825699):1.5666886502672657,216_II):9.927731130455976)#H16:::0.6897389569628543):1.5327976668564307,Titanium_IBR_MLV_vaccine):1.0064092083323568,(Cooper,#H16:::0.3102610430371457):10.0);
(C46,(Titanium_IBR_MLV_vaccine,(C33,(((((B589,K22):0.12312652834210663,SP1777):0.7760201637572479,BHV5):1.7855618614324869,216_II):2.3423433317877094)#H10:0.5808409138162117::0.6836891542047681):2.522100555885645):1.1251808439250999,(Cooper,#H10:9.998148366751275::0.31631084579523194):0.3939674355066458);
((Cooper,C46):1.1244418634682294,(C33,((((K22,B589):0.13670261129837272,SP1777):0.8687853202876223,BHV5):1.471575473002423,(216_II)#H12:::0.9282847165340788):10.0):0.6164565855321661,(Titanium_IBR_MLV_vaccine,#H12:::0.0717152834659211):10.0);
((K22,(SP1777,#H10:10.0::0.3600821896195417):10.0):0.21623339131670244,(BHV5,((216_II,((Titanium_IBR_MLV_vaccine,(C46,Cooper):0.8784043894239234):0.48497936323445695,C33):10.0):1.7508967431402016)#H10:0.0::0.6399178103804584):10.0,B589);
