(C46,(Titanium_IBR_MLV_vaccine,(C33,((216_II,(BHV5,((K22,SP1777):0.034006824016944555,B589):0.7881220514613592):0.9839310967530631):1.8322284240196125,#H10:::0.3584162513483501):1.033639581450974):1.3444385863951605):2.459586258321985,(Cooper)#H10:::0.6415837486516499);
(C46,((C33,((216_II,(((B589,K22):0.03598247789566399,SP1777):0.7268707436092918,BHV5):1.005819471525032):2.0089449333455787,#H10:::0.3473865540640326):0.7958791238011992):1.176297313276874,Titanium_IBR_MLV_vaccine):2.7770126785402183,(Cooper)#H10:::0.6526134459359674);
((Titanium_IBR_MLV_vaccine,(C33,(((((B589,K22):0.058595427914185975,SP1777):0.7536235464267552,BHV5):1.0098309397568717,216_II):1.8610058210266924,#H12:::0.3631925361144343):1.0653535924163786):1.4560166561530694):10.0,C46,(Cooper)#H12:::0.6368074638855656);
(C46,(Titanium_IBR_MLV_vaccine,(C33,(((((K22,SP1777):0.06967548274617504,B589):0.751978017418967,BHV5):0.9984243036242211,216_II):1.4960970732531569,#H10:::0.2989222921212184):1.4949018425726996):1.5548330451605468):2.344694763354036,(Cooper)#H10:::0.7010777078787815);
(C46,(Titanium_IBR_MLV_vaccine,(C33,(((BHV5,((SP1777,K22):0.05329168170113268,B589):0.7311749493458758):1.0292807066421585,216_II):1.7240323759958145,#H10:::0.3444866194750337):1.1610640953835063):1.360517173858501):3.7841910592543644,(Cooper)#H10:::0.6555133805249663);
(C46,((C33,((216_II,(((SP1777,K22):0.03883928960716521,B589):0.7255534226807036,BHV5):1.005837917160521):1.9274821905518058,#H10:::0.31956927384175127):0.9380907351147153):1.356948944654754,Titanium_IBR_MLV_vaccine):2.298969685439747,(Cooper)#H10:::0.6804307261582487);
(C46,((C33,(((BHV5,((SP1777,K22):0.037318532219540144,B589):0.7519243718792352):0.9891420573055372,216_II):1.8910922901701612,#H10:::0.32628125999151714):1.1174411991645847):1.2994206933875554,Titanium_IBR_MLV_vaccine):2.8637968706051264,(Cooper)#H10:::0.6737187400084829);
(C46,(Cooper)#H10:::0.6771987782145925,(Titanium_IBR_MLV_vaccine,(C33,(((((SP1777,K22):0.04188933937588401,B589):0.7241344593530288,BHV5):0.9996166998645659,216_II):1.8768110171171353,#H10:::0.3228012217854075):1.0654737102744696):1.308148049555712):2.4418728874835893);
(C46,(Titanium_IBR_MLV_vaccine,(C33,((((SP1777,(K22,B589):0.057038501893468145):0.7517975203551486,BHV5):0.986782894656847,216_II):1.8892727863477528,#H10:::0.3346569952488892):1.0958735089542304):1.1279785421025603):3.9400272837994694,(Cooper)#H10:::0.6653430047511109);
(C46,(Titanium_IBR_MLV_vaccine,(C33,(((((SP1777,K22):0.05119743083100107,B589):0.7575976186175337,BHV5):1.0029229679769365,216_II):1.7086585104590877,#H10:::0.298465984242401):1.1845327244064143):1.4135323987361208):3.170557975838581,(Cooper)#H10:::0.701534015757599);
(C46,(Titanium_IBR_MLV_vaccine,(C33,(((((SP1777,K22):0.049668251699870075,B589):0.7334720108818262,BHV5):0.9960869334173795,216_II):1.8284324709307729,#H10:::0.3016274651406981):1.1216459288925846):1.2336605279107193):8.76609758936587,(Cooper)#H10:::0.698372534859302);
(C46,(Titanium_IBR_MLV_vaccine,(C33,((216_II,(((K22,SP1777):0.07086517150583242,B589):0.7310074952112569,BHV5):0.9971844232858612):1.7838406735932988,#H10:::0.33601679900227877):1.377738061744336):1.2683167560702107):3.4277301683123302,(Cooper)#H10:::0.6639832009977212);
(C46,(Titanium_IBR_MLV_vaccine,(C33,((((B589,(SP1777,K22):0.055201243441419336):0.7192799185774771,BHV5):0.9938243351514007,216_II):1.6599262361636231,#H10:::0.35157736757165015):1.462360724496213):1.3399259655350608):10.0,(Cooper)#H10:::0.6484226324283499);
(C46,((C33,(((((K22,SP1777):0.04362346596917081,B589):0.7414168018348704,BHV5):1.0085247184858974,216_II):1.6604574736101556,#H10:::0.3158319413276053):1.3593340769198692):1.1943666952962726,Titanium_IBR_MLV_vaccine):10.0,(Cooper)#H10:::0.6841680586723947);
(C46,(Titanium_IBR_MLV_vaccine,(C33,((216_II,(((K22,B589):0.017087606610808236,SP1777):0.7553536241266892,BHV5):1.010652695391695):1.6755081752369494,#H10:::0.3060860439602557):1.2508771826916352):1.4289412209730725):2.556251338488837,(Cooper)#H10:::0.6939139560397443);
(C46,(Titanium_IBR_MLV_vaccine,(C33,((216_II,(((K22,B589):0.04166593179779947,SP1777):0.7540428098075233,BHV5):0.9782458468222965):1.4659033856642434,#H10:::0.29146313037744087):1.8324534349549366):1.1849805749666071):2.5169896973019004,(Cooper)#H10:::0.7085368696225591);
(C46,(Titanium_IBR_MLV_vaccine,(C33,((216_II,((B589,(K22,SP1777):0.05050841542939529):0.7331248466693928,BHV5):1.01602470739791):1.4721945229272557,#H10:6.017192653746296::0.3121566533802616):1.6318268622167438):1.3002602677474526):2.195378544387882,(Cooper)#H10:2.5680097329209186::0.6878433466197384);
(C46,(Titanium_IBR_MLV_vaccine,(C33,((((B589,(SP1777,K22):0.027394998991177467):0.758278943189067,BHV5):0.99559812424408,216_II):1.798873285656827,#H10:::0.3570293211732178):1.3820191334154255):1.3782106238330099):4.500301397973164,(Cooper)#H10:::0.6429706788267822);
(C46,(Titanium_IBR_MLV_vaccine,(C33,((216_II,(BHV5,((K22,SP1777):0.05011530024890886,B589):0.7301895616897262):0.9998272259142906):1.5678304050330756,#H10:::0.2758416051888187):1.6037996141792314):0.9480153645716218):10.0,(Cooper)#H10:::0.7241583948111814);
(C46,(Titanium_IBR_MLV_vaccine,(C33,((216_II,(BHV5,((B589,K22):0.05727915907340872,SP1777):0.7329109195440272):1.0203225312966673):1.6216283781019039,#H10:::0.30575277928528505):1.4648670501107721):1.2281871796143342):2.531942009169173,(Cooper)#H10:::0.694247220714715);
(C46,(Titanium_IBR_MLV_vaccine,(C33,((216_II,(BHV5,((SP1777,K22):0.03757290281283028,B589):0.7428701821555553):0.989574658879433):1.5100768753736975,#H10:::0.27248746296768056):1.6944272298916991):1.3557209455307089):2.1785613525867658,(Cooper)#H10:::0.7275125370323194);
(C46,(Titanium_IBR_MLV_vaccine,(C33,((216_II,((B589,(K22,SP1777):0.04930848506337949):0.7398753890961848,BHV5):0.9786379713957297):1.7099981496754322,#H10:::0.322369321717344):1.4530235661496353):1.3799343125178392):4.319299825239348,(Cooper)#H10:::0.677630678282656);
(C46,(Titanium_IBR_MLV_vaccine,(C33,((216_II,(((B589,K22):0.05794279696389812,SP1777):0.7310272490596706,BHV5):0.9972034557762522):1.770805014875547,#H10:::0.3343135032810201):1.1753584769819834):1.30862421350211):10.0,(Cooper)#H10:::0.66568649671898);
(C46,((C33,((216_II,(((SP1777,K22):0.044942521476004825,B589):0.7480283151132144,BHV5):0.9909329141760265):1.5635635226564368,#H10:::0.31038182724339575):1.5109944741545522):1.232434056428943,Titanium_IBR_MLV_vaccine):5.174580874046071,(Cooper)#H10:::0.6896181727566042);
(C46,(Titanium_IBR_MLV_vaccine,((((BHV5,((K22,SP1777):0.034834588340305846,B589):0.7564641056378453):0.9876901919656648,216_II):1.7413307611127005,#H10:::0.33354012964472046):1.3451127891517425,C33):1.4712012327161192):2.718691565236747,(Cooper)#H10:::0.6664598703552795);
(C46,(Titanium_IBR_MLV_vaccine,(C33,((216_II,(((SP1777,K22):0.04339874311823924,B589):0.7556927745056345,BHV5):0.987276480714702):1.6785066827228878,#H10:::0.32167316646381666):1.4200832047332148):1.4818316382261019):4.033805940198986,(Cooper)#H10:::0.6783268335361834);
(C46,((C33,(((((K22,B589):0.05186496746662008,SP1777):0.7304770899484174,BHV5):0.9893197536641742,216_II):1.6828915845605636,#H10:::0.3457140610061678):1.428916702172651):1.3278247773721559,Titanium_IBR_MLV_vaccine):10.0,(Cooper)#H10:::0.6542859389938323);
(C46,((C33,(((((SP1777,K22):0.04455915754615623,B589):0.7287332079630465,BHV5):0.9916026031871885,216_II):1.6773936931298374,#H10:::0.29054896396804664):1.3910757233164195):1.2914907575695833,Titanium_IBR_MLV_vaccine):2.926694015703291,(Cooper)#H10:::0.7094510360319534);
(C46,((C33,((216_II,(BHV5,(SP1777,(K22,B589):0.04787954621665998):0.7562817792480748):0.9894363635246635):1.6648828791724148,#H10:::0.3194884550921171):1.3853129899894812):1.33549976203115,Titanium_IBR_MLV_vaccine):3.30004560283023,(Cooper)#H10:::0.6805115449078829);
(C46,(Titanium_IBR_MLV_vaccine,(C33,((216_II,(((K22,B589):0.032809587396580006,SP1777):0.7374034071031055,BHV5):1.0176953886434184):1.8824681139397652,#H10:::0.35545435695932287):1.1109115938342224):1.5769728712922024):10.0,(Cooper)#H10:::0.6445456430406771);
(C46,((C33,(((BHV5,((K22,B589):0.045208606989676374,SP1777):0.7614579872270398):0.9823163852893594,216_II):1.7209934991861158,#H10:::0.3313975560907468):1.291115799687937):1.5328294441874577,Titanium_IBR_MLV_vaccine):10.0,(Cooper)#H10:::0.6686024439092533);
(C46,(Titanium_IBR_MLV_vaccine,(C33,(((((K22,SP1777):0.042357884127194295,B589):0.7504269683245937,BHV5):1.0252049170456337,216_II):1.673882683685012,#H10:::0.3454813171643741):1.3839111525394232):1.3789449884930045):2.801816497322806,(Cooper)#H10:::0.654518682835626);
(C46,(Titanium_IBR_MLV_vaccine,(C33,(((((K22,B589):0.046981410670892135,SP1777):0.7292103256990375,BHV5):1.0012295717802833,216_II):2.0048178013673397,#H10:::0.36027426364831777):0.9022001619839375):1.386334135086444):7.866260561000178,(Cooper)#H10:::0.6397257363516822);
(C46,(Titanium_IBR_MLV_vaccine,(C33,((216_II,(BHV5,((B589,K22):0.03869652916860924,SP1777):0.7281373913911939):1.003598208740847):1.8224410867514933,#H10:::0.36312172527635234):1.243253193727462):1.3222018346636584):8.677798254699225,(Cooper)#H10:::0.6368782747236477);
(C46,((((216_II,(((K22,SP1777):0.052265929394200085,B589):0.7372455520895582,BHV5):1.0165826950055161):1.6736897859905697,#H10:::0.32707030773381096):1.4633224484021703,C33):1.4675596314269466,Titanium_IBR_MLV_vaccine):7.343780091841001,(Cooper)#H10:::0.672929692266189);
(C46,(Titanium_IBR_MLV_vaccine,(C33,(((BHV5,((SP1777,K22):0.03398122452346926,B589):0.7379741256996882):0.9965924347587699,216_II):1.628312937914165,#H10:2.1050264163049444::0.32539977478445664):1.3864702684402144):1.3278489934686568):2.815287464232566,(Cooper)#H10:2.281061497829962::0.6746002252155434);
(C46,(Titanium_IBR_MLV_vaccine,(C33,((216_II,(BHV5,(SP1777,(K22,B589):0.04771137370023246):0.7610562909764274):0.9941042469937612):1.4761158359346624,#H10:::0.29399616605537343):1.6122931652965367):1.4134320745907174):2.5896575912915236,(Cooper)#H10:::0.7060038339446266);
(C46,(Titanium_IBR_MLV_vaccine,(((216_II,(((K22,B589):0.035448114398746046,SP1777):0.7425674877423725,BHV5):1.0279461513854102):1.6718978687836459,#H10:::0.3193574673814902):1.285201286644367,C33):1.2968696450839885):2.7450338545043405,(Cooper)#H10:::0.6806425326185098);
(C46,((C33,(((((SP1777,K22):0.035766640108580425,B589):0.7796776475287873,BHV5):0.9891284540332597,216_II):1.6996078452946033,#H10:::0.32022753865472653):1.4356241048894096):1.3291801509904488,Titanium_IBR_MLV_vaccine):2.8956642091228306,(Cooper)#H10:::0.6797724613452735);
(C46,(Titanium_IBR_MLV_vaccine,(C33,((216_II,(BHV5,((SP1777,K22):0.0356041848119772,B589):0.7578520457775522):0.998296419130785):1.7085777020064004,#H10:::0.32793012687719203):1.4183309527188823):1.407753854001766):4.75239642786213,(Cooper)#H10:::0.672069873122808);
(C46,((C33,(((((K22,SP1777):0.04489287464454633,B589):0.7386975387282755,BHV5):0.991935469053741,216_II):1.7814360704757364,#H10:0.0800904300133846::0.3143930793929396):1.1737427233990239):1.299497174971799,Titanium_IBR_MLV_vaccine):3.4444696851192407,(Cooper)#H10:9.70103208329298::0.6856069206070604);
(C46,(Titanium_IBR_MLV_vaccine,(C33,((216_II,(((K22,B589):0.05799024644992007,SP1777):0.7552459266883707,BHV5):1.0075544714997426):1.8680252034496703,#H10:0.12564045108274982::0.3594705178860319):1.1099190727644308):1.133843450696634):4.910721069285721,(Cooper)#H10:0.09597165261599622::0.6405294821139681);
(C46,((C33,(((BHV5,((K22,B589):0.04262921200109041,SP1777):0.7334242434460868):1.0235835792806516,216_II):1.7008738343812404,#H10:::0.2943932966891068):1.2939223521580598):1.3071229943043972,Titanium_IBR_MLV_vaccine):2.6690683437490517,(Cooper)#H10:::0.7056067033108933);
(C46,(Titanium_IBR_MLV_vaccine,(C33,(((BHV5,((SP1777,K22):0.05164118969712913,B589):0.738772890568137):0.9840591582268471,216_II):1.8717792193260858,#H10:::0.3174811187028521):0.9677472947945411):1.3013436320308807):2.8473151285539378,(Cooper)#H10:::0.6825188812971479);
((Titanium_IBR_MLV_vaccine,(C33,(((BHV5,(SP1777,(B589,K22):0.03163730405584621):0.7579637157531525):1.002737241115264,216_II):1.6860480726018485,#H10:::0.3237364871821935):1.2054638992943163):1.6237288675532053):2.6054751033221697,C46,(Cooper)#H10:::0.6762635128178065);
(C46,((C33,(((((SP1777,K22):0.05198321772665287,B589):0.7540963969683854,BHV5):1.0088888128772244,216_II):1.820746325706909,#H12:::0.3417983291629164):1.0342875263621503):1.468664379194596,Titanium_IBR_MLV_vaccine):10.0,(Cooper)#H12:::0.6582016708370836);
(((C33,(((BHV5,((K22,SP1777):0.05344939348892668,B589):0.732458395519182):1.0156867919260673,216_II):1.8700044735144037,#H10:::0.3496795261122809):1.0675975094511616):1.4430699446338657,Titanium_IBR_MLV_vaccine):2.2987297915530114,C46,(Cooper)#H10:::0.6503204738877191);
(C46,(Titanium_IBR_MLV_vaccine,(C33,(((BHV5,(B589,(K22,SP1777):0.04746056219972502):0.7832670253892976):0.9839403064204225,216_II):2.0008629436907275,#H10:::0.33261831966724925):0.818229711678318):1.307150606021403):4.141706269393844,(Cooper)#H10:::0.6673816803327508);
(C46,(Titanium_IBR_MLV_vaccine,(C33,((216_II,((B589,(K22,SP1777):0.05191454715382011):0.748196624260087,BHV5):0.9674399413118865):1.7293899215080104,#H10:::0.308954056414069):1.204187208245514):1.2320853367863513):2.4371612599689034,(Cooper)#H10:::0.6910459435859311);
(C46,(Titanium_IBR_MLV_vaccine,(C33,(((((SP1777,K22):0.040527295498723956,B589):0.7370834611369554,BHV5):1.0117278323276613,216_II):1.6889252754760584,#H10:::0.3609952767951951):1.360061569162367):1.2776157850357754):4.239388791770976,(Cooper)#H10:::0.6390047232048048);
(C46,(Titanium_IBR_MLV_vaccine,(C33,((216_II,(((SP1777,K22):0.04697289489580674,B589):0.7257354843553647,BHV5):1.0078928364231807):1.6865371605048936,#H12:::0.319812167493086):1.256879647378023):1.3502362640090642):2.2373141330760835,(Cooper)#H12:::0.680187832506914);
(C46,(Titanium_IBR_MLV_vaccine,(C33,((216_II,(((K22,B589):0.0342859108005734,SP1777):0.7449623579298394,BHV5):0.9868689534664751):1.8375106164139325,#H10:::0.3247361636357205):1.0486101076906762):1.4778859335693448):2.478011305793313,(Cooper)#H10:::0.6752638363642796);
((Titanium_IBR_MLV_vaccine,(C33,((216_II,((SP1777,(B589,K22):0.046414539123177216):0.7442992777828733,BHV5):0.9691101718644024):1.6784787546911972,#H10:::0.2944682961416177):1.2902962918573355):1.3573022981359546):3.225495717203177,C46,(Cooper)#H10:::0.7055317038583824);
(((C33,(((BHV5,((SP1777,K22):0.05123348015136864,B589):0.7566037336713106):0.9677385513120325,216_II):1.6467028488134794,#H10:::0.2868313100728575):1.3742733598338883):1.2229141274835789,Titanium_IBR_MLV_vaccine):2.409290832631871,C46,(Cooper)#H10:::0.7131686899271426);
((Titanium_IBR_MLV_vaccine,(C33,((216_II,((B589,(K22,SP1777):0.04777129976416742):0.7569469834850187,BHV5):1.0173000794514628):1.843619488273408,#H10:::0.3264621577575625):1.0609878621963278):1.161124501387423):3.138209614672101,C46,(Cooper)#H10:::0.6735378422424375);
(C46,((C33,((216_II,(((SP1777,K22):0.040675337954370144,B589):0.7546904608243504,BHV5):0.9970260762181786):1.7645734490619733,#H10:::0.3152704013443142):1.1459242345708183):1.0826775940199844,Titanium_IBR_MLV_vaccine):3.587033138569859,(Cooper)#H10:::0.6847295986556858);
(C46,(Titanium_IBR_MLV_vaccine,(C33,((216_II,(BHV5,((K22,SP1777):0.05171977401788593,B589):0.7297526040774586):1.013990107354723):1.6794019994543186,#H10:::0.3120377804076454):1.4323252096210748):1.322899741065101):10.0,(Cooper)#H10:::0.6879622195923546);
(C46,(Titanium_IBR_MLV_vaccine,(C33,(((((K22,B589):0.054840779696192894,SP1777):0.7420500496929215,BHV5):0.9964676690963745,216_II):1.8142811650706618,#H10:::0.3483463945379847):1.2176831812316395):1.4154920077317195):3.0228884909505425,(Cooper)#H10:::0.6516536054620152);
(C46,(Cooper)#H10:::0.645877416512677,(Titanium_IBR_MLV_vaccine,(C33,((216_II,((B589,(K22,SP1777):0.06298101435490658):0.746094179063711,BHV5):0.979903111426412):1.6880711317905495,#H10:::0.3541225834873229):1.4433764845330281):1.3226519746483405):3.980679600433378);
(C46,(Titanium_IBR_MLV_vaccine,(C33,((((SP1777,(B589,K22):0.053436689383405185):0.7278266771218772,BHV5):1.0023734837883078,216_II):1.869933621255272,#H10:::0.35032449245782976):1.0524240942550929):1.4448267344474532):2.5927843876708083,(Cooper)#H10:::0.6496755075421703);
(C46,(Titanium_IBR_MLV_vaccine,(C33,(((BHV5,((SP1777,K22):0.06645601611149753,B589):0.7136794479353235):1.0104235965685568,216_II):1.6753281945433816,#H10:::0.3048658833070137):1.3134677563675639):1.356036711513788):3.672925431784747,(Cooper)#H10:::0.6951341166929863);
((Titanium_IBR_MLV_vaccine,(C33,((216_II,(((K22,SP1777):0.052726971984922835,B589):0.755838234250872,BHV5):1.0017592272529356):1.8634430027950395,#H10:0.09602941164329848::0.34198867737471367):1.08295245310752):1.3411680570557265):9.99980444034237,C46,(Cooper)#H10:9.139783829792002::0.6580113226252864);
(C46,(Titanium_IBR_MLV_vaccine,(C33,((216_II,(BHV5,(B589,(K22,SP1777):0.04559914409708565):0.7430229719806841):0.9968348553791121):1.638032380561398,#H10:::0.3266588860155387):1.4337088090479717):1.441573794196013):3.7240455787614923,(Cooper)#H10:::0.6733411139844613);
(C46,(Titanium_IBR_MLV_vaccine,(C33,((216_II,(((K22,SP1777):0.050731532247190694,B589):0.7298875366964694,BHV5):0.9997192035863346):1.6810658607330988,#H10:::0.337878985865787):1.317065028780931):1.512238984955866):10.0,(Cooper)#H10:::0.662121014134213);
(C46,(Titanium_IBR_MLV_vaccine,(C33,((216_II,(((SP1777,K22):0.03674907442468561,B589):0.7452765302474963,BHV5):1.0163786219756576):1.7463446845985477,#H10:::0.3361070745134831):1.2405430252039187):1.3978524905704337):2.304089535593079,(Cooper)#H10:::0.6638929254865169);
(C46,(Titanium_IBR_MLV_vaccine,(C33,((216_II,(((K22,SP1777):0.05995962047931199,B589):0.7454894609172644,BHV5):0.9971976887133438):1.4837988459899458,#H10:::0.28466914943579186):1.6744472441426794):1.1518934021367784):2.4898063897186087,(Cooper)#H10:::0.7153308505642082);
(C46,(Titanium_IBR_MLV_vaccine,(C33,(((BHV5,((K22,B589):0.044099544833637365,SP1777):0.7686269367622002):1.0003732751774024,216_II):1.73249576586585,#H10:::0.30094888815157583):1.0787447709416025):1.3811513690824775):3.2890474089808484,(Cooper)#H10:::0.6990511118484242);
(C46,(Titanium_IBR_MLV_vaccine,(C33,((216_II,(((K22,SP1777):0.04601105816699548,B589):0.7316615603570528,BHV5):1.0080944165466812):1.6925883464626832,#H10:::0.32107368692359683):1.3586640349247054):1.164581579532595):3.0820458354900415,(Cooper)#H10:::0.6789263130764032);
(C46,((C33,((216_II,(((K22,SP1777):0.05064208556022654,B589):0.7579877262064274,BHV5):0.9802300825061677):1.689819667032563,#H10:::0.33127540453706006):1.2504015946306921):1.5504424125125844,Titanium_IBR_MLV_vaccine):2.0973874861985733,(Cooper)#H10:::0.6687245954629399);
(C46,((C33,((216_II,(BHV5,((B589,K22):0.06304906028658723,SP1777):0.7277114292096797):1.0254190429352539):1.5789245165682362,#H10:::0.2916794803247743):1.4941115782122438):1.2371854422477355,Titanium_IBR_MLV_vaccine):2.8394885863496007,(Cooper)#H10:::0.7083205196752257);
(C46,(Titanium_IBR_MLV_vaccine,(C33,((((B589,(SP1777,K22):0.04600029620664845):0.7777892144383496,BHV5):0.995945102322879,216_II):1.5008357788944615,#H10:::0.30589324284611225):1.5133780702661013):1.40619344892586):4.026974437940966,(Cooper)#H10:::0.6941067571538877);
((Titanium_IBR_MLV_vaccine,(C33,((216_II,((B589,(SP1777,K22):0.04851870857718992):0.7544487226826787,BHV5):0.9938445928442252):1.532801033286391,#H10:::0.2697933886847889):1.5086048984142593):1.2805732651316977):2.1216647530712445,C46,(Cooper)#H10:::0.730206611315211);
(C46,(Titanium_IBR_MLV_vaccine,(C33,(((BHV5,((K22,B589):0.03089234624753682,SP1777):0.7434277344908591):1.0046379992098353,216_II):1.5754352762599613,#H10:::0.3098631259102617):1.4608294647652096):1.3391092517974437):2.661563401109665,(Cooper)#H10:::0.6901368740897382);
(C46,(Titanium_IBR_MLV_vaccine,(C33,(((BHV5,((K22,SP1777):0.04356873846330651,B589):0.735985797229301):1.0096672034810326,216_II):1.798612879627674,#H10:::0.33842795195255915):1.3027222248981607):1.238217145063598):3.570836878459337,(Cooper)#H10:::0.6615720480474409);
(C46,(Titanium_IBR_MLV_vaccine,(C33,(((((SP1777,K22):0.04705494538227378,B589):0.7549257436400032,BHV5):0.9897459339107332,216_II):1.7346300101973504,#H10:::0.3064949514805611):1.2861660716975767):1.3187036188027808):5.54994984152755,(Cooper)#H10:::0.693505048519439);
(C46,(Titanium_IBR_MLV_vaccine,(C33,((216_II,(BHV5,((K22,B589):0.03580548790355393,SP1777):0.7538561426922528):1.0094251081853667):1.57096862184701,#H10:::0.29576515759134814):1.4946449841478953):1.2544274518918712):10.0,(Cooper)#H10:::0.7042348424086519);
(C46,(Titanium_IBR_MLV_vaccine,(C33,(((BHV5,(SP1777,(B589,K22):0.04847970692922654):0.7483018598903552):0.9615654173027507,216_II):1.534415784265555,#H10:::0.2731568914381587):1.6680381558422164):1.2702920057448701):2.7460078455072487,(Cooper)#H10:::0.7268431085618413);
(C46,(Titanium_IBR_MLV_vaccine,(C33,((216_II,(((K22,B589):0.03373616155018887,SP1777):0.7422709301409526,BHV5):1.02103346010054):1.5873064974534705,#H10:::0.3088361478725157):1.5719045284187374):1.172632168526866):10.0,(Cooper)#H10:::0.6911638521274843);
(C46,(Titanium_IBR_MLV_vaccine,(C33,((216_II,(((SP1777,K22):0.04678677793356326,B589):0.7436118520628549,BHV5):0.9955909171218219):1.6365717469263783,#H10:::0.3136758434018576):1.4268426931311653):1.1575160412841246):10.0,(Cooper)#H10:::0.6863241565981424);
(C46,(Titanium_IBR_MLV_vaccine,(C33,((216_II,(((SP1777,K22):0.05248293345004182,B589):0.7485263749590443,BHV5):0.9926660967253674):1.6366110110855236,#H10:::0.2933594088293994):1.2717196029261801):1.3085701515678982):3.4237930396134053,(Cooper)#H10:::0.7066405911706006);
(C46,((C33,(((((K22,SP1777):0.04680643165605393,B589):0.7262910961867912,BHV5):0.982453764311378,216_II):1.804023027550044,#H10:::0.3351007000797397):1.166130535205503):1.3560540405918502,Titanium_IBR_MLV_vaccine):3.2350189888377416,(Cooper)#H10:::0.6648992999202603);
(Titanium_IBR_MLV_vaccine,(C46,(Cooper)#H10:::0.7194828083229672):2.966753145129859,(C33,((216_II,(((K22,SP1777):0.03454357807689356,B589):0.7504824646341611,BHV5):0.9943958438640814):1.5111309506796493,#H10:::0.28051719167703276):1.5917977508419086):1.2513787662362852);
(C46,(Titanium_IBR_MLV_vaccine,(C33,(((BHV5,((SP1777,K22):0.03347896922865913,B589):0.7487922803250109):1.0228096825106436,216_II):1.8054543162519134,#H10:::0.33571875643176446):1.1040931548287172):1.2805386374219176):4.489782505329075,(Cooper)#H10:::0.6642812435682355);
(C46,((C33,((216_II,(((B589,K22):0.034900096795778345,SP1777):0.7459286237916861,BHV5):0.9860774276790442):1.8858035541516542,#H10:::0.3504194057498599):1.0119771052561044):1.4214536333733492,Titanium_IBR_MLV_vaccine):6.419247314642029,(Cooper)#H10:::0.64958059425014);
(C46,((C33,((216_II,(BHV5,((SP1777,K22):0.0636703709857065,B589):0.7347876215629898):0.9895454902916506):1.9276866970665676,#H10:::0.37614747873397253):1.007033839128779):1.34848574081418,Titanium_IBR_MLV_vaccine):3.7296521948944497,(Cooper)#H10:::0.6238525212660275);
(C46,(Cooper)#H10:::0.6854353995929793,(Titanium_IBR_MLV_vaccine,(C33,((216_II,(((SP1777,K22):0.053183243563079054,B589):0.7450617905994306,BHV5):1.0054180450916836):1.635700829343086,#H10:::0.3145646004070207):1.5062754133660274):1.3042224611073265):10.0);
(C46,(Titanium_IBR_MLV_vaccine,(C33,((216_II,(((K22,SP1777):0.044621121094567416,B589):0.7490373572006659,BHV5):0.9865765930719372):1.7938486698520515,#H10:::0.335694231121716):1.2016601417156239):1.2682405731336888):5.5933812721381395,(Cooper)#H10:::0.6643057688782841);
(C46,(Titanium_IBR_MLV_vaccine,(C33,(((BHV5,(B589,(SP1777,K22):0.03936225228392291):0.7409358360990537):1.022678101582892,216_II):1.657420676171375,#H10:::0.3304368093637003):1.3174090596424928):1.2524507191951342):3.2522365069942643,(Cooper)#H10:::0.6695631906362998);
(C46,(Titanium_IBR_MLV_vaccine,(C33,((216_II,((B589,(K22,SP1777):0.07640363857972682):0.7472287672616608,BHV5):1.0016038368095228):1.7615689937175607,#H10:::0.3454552480749001):1.2002084355523914):1.456847271403387):2.002316623915804,(Cooper)#H10:::0.6545447519251);
(C46,((C33,((216_II,((SP1777,(B589,K22):0.051841538368857076):0.7175417781371473,BHV5):1.0124235223244993):1.7918005215139028,#H10:::0.31730984134711204):0.9870089033366981):1.4060688711314127,Titanium_IBR_MLV_vaccine):8.593931278019413,(Cooper)#H10:::0.682690158652888);
((Titanium_IBR_MLV_vaccine,(C33,(((BHV5,(B589,(K22,SP1777):0.052752031176344166):0.7271663637184274):0.9887481898086262,216_II):1.7637402756160934,#H10:::0.3442240784480683):1.2258042376059652):1.3861155203670128):5.529138177264953,C46,(Cooper)#H10:::0.6557759215519317);
(C46,(Titanium_IBR_MLV_vaccine,(C33,((216_II,(((B589,K22):0.06683601621228155,SP1777):0.7542038426448374,BHV5):0.9737887846780792):1.5142972052951347,#H10:2.050753045160814::0.3031849385578265):1.5257993717365401):1.5171394082882932):2.69369147856065,(Cooper)#H10:7.352832366608741::0.6968150614421735);
((Titanium_IBR_MLV_vaccine,(C33,((216_II,(((K22,SP1777):0.036013128636898845,B589):0.77517989951768,BHV5):0.9888321983395021):1.7875402600693941,#H10:::0.3822560126196732):1.2469300258456089):1.414796875422167):10.0,C46,(Cooper)#H10:::0.6177439873803268);
(C46,(Titanium_IBR_MLV_vaccine,(C33,((216_II,(((K22,SP1777):0.06930359839221772,B589):0.7565731847045533,BHV5):0.985253370930376):1.70375866386739,#H10:6.323676611128453::0.3175252992521616):1.313942512520407):1.3526033500944017):3.577355525557178,(Cooper)#H10:9.913800418471567::0.6824747007478384);
(C46,(Titanium_IBR_MLV_vaccine,(C33,(((BHV5,((B589,K22):0.04908345119749625,SP1777):0.7550866769927228):0.9779819621508007,216_II):1.792691683855646,#H10:::0.33070264017602563):1.244737623347585):1.3523474622753215):2.7892391560936454,(Cooper)#H10:::0.6692973598239744);
(C46,(Titanium_IBR_MLV_vaccine,(C33,((216_II,(((K22,SP1777):0.04254467709408143,B589):0.7555176476057217,BHV5):0.9610862719953991):1.6288315123658665,#H10:::0.3412941255793683):1.4267287349550295):1.3664732500647339):2.8313749117358618,(Cooper)#H10:::0.6587058744206318);
(C46,((C33,(((BHV5,((SP1777,K22):0.048982238458578735,B589):0.7563230415057557):1.0118131100952543,216_II):1.9635075576902052,#H10:::0.3882355243135209):0.937711341791386):1.2426720510708538,Titanium_IBR_MLV_vaccine):3.1728522098921235,(Cooper)#H10:::0.6117644756864791);
(C46,(Cooper)#H10:::0.5953116896625725,(Titanium_IBR_MLV_vaccine,(C33,(#H10:::0.4046883103374274,(216_II,(((K22,B589):0.03638250258304956,SP1777):0.7264470099429019,BHV5):1.017295893283776):1.9009300705794399):1.1903485139525225):1.430123621586677):2.497073909342321);
(C46,((C33,((((B589,(SP1777,K22):0.055366935171747345):0.7245809064229174,BHV5):1.0122635982324688,216_II):1.7053066298821706,#H10:::0.3492264406908193):1.204170331566376):1.5837792960659463,Titanium_IBR_MLV_vaccine):5.631028339897922,(Cooper)#H10:::0.6507735593091807);
(C46,(Titanium_IBR_MLV_vaccine,(C33,(((BHV5,((K22,B589):0.054078239637592423,SP1777):0.7303516998917093):1.0114600860303817,216_II):1.807721429632774,#H10:::0.3417637058877529):1.0639845300968294):1.347484100940542):8.652513096773612,(Cooper)#H10:::0.658236294112247);
