(C46,(Titanium_IBR_MLV_vaccine,(C33,(((((SP1777,K22):0.03805091003172024,B589):0.7525522390632342,BHV5):1.0010004097019267,216_II):1.7243885847665665,#H10:::0.323244279101906):1.37272026956404):1.4033080343924291):3.481162367067672,(Cooper)#H10:::0.676755720898094); -Ploglik = 400.83826191436407
 Dendroscope: (C46,(Titanium_IBR_MLV_vaccine,(C33,(((((SP1777,K22):0.03805091003172024,B589):0.7525522390632342,BHV5):1.0010004097019267,216_II):1.7243885847665665,#H10):1.37272026956404):1.4033080343924291):3.481162367067672,(Cooper)#H10);
 Elapsed time: 5700.3 seconds, 20 attempted runs
-------
List of estimated networks for all runs (sorted by log-pseudolik; the smaller, the better):
 (C46,(Titanium_IBR_MLV_vaccine,(C33,(((((SP1777,K22):0.03805091003172024,B589):0.7525522390632342,BHV5):1.0010004097019267,216_II):1.7243885847665665,#H10:::0.323244279101906):1.37272026956404):1.4033080343924291):3.481162367067672,(Cooper)#H10:::0.676755720898094);, with -loglik 400.83826191436407
 (C46,(Titanium_IBR_MLV_vaccine,(C33,((216_II,((B589,(SP1777,K22):0.03805089305322639):0.7525512564359773,BHV5):1.0010008900197105):1.7243894374770274,#H10:::0.3232445651133908):1.3727196930935321):1.4033062922691957):3.4811800307532508,(Cooper)#H10:::0.6767554348866092);, with -loglik 400.83826191469535
 (C46,(Titanium_IBR_MLV_vaccine,(C33,((((B589,(SP1777,K22):0.038050642258534384):0.7525523328057807,BHV5):1.001001186080114,216_II):1.7243830502695958,#H10:::0.3232441053924242):1.372730729773111):1.4033063940483328):3.481164093807258,(Cooper)#H10:::0.6767558946075758);, with -loglik 400.8382619158318
 (C46,(Titanium_IBR_MLV_vaccine,(C33,((((B589,(SP1777,K22):0.03805276988096951):0.752551911490118,BHV5):1.001000961953095,216_II):1.724386684224329,#H10:::0.3232434135762092):1.3727213905030438):1.4033038999772887):3.481154869870344,(Cooper)#H10:::0.6767565864237908);, with -loglik 400.83826191680055
 (C46,(Titanium_IBR_MLV_vaccine,(C33,(((((K22,SP1777):0.038050277725883645,B589):0.7525514080412601,BHV5):1.0010013631841241,216_II):1.7243837445796075,#H10:::0.3232434408771364):1.3727321794653184):1.4033032856123049):3.4811219587117455,(Cooper)#H10:::0.6767565591228636);, with -loglik 400.83826191839967
 (C46,(Titanium_IBR_MLV_vaccine,(C33,(((((SP1777,K22):0.03805513698970658,B589):0.7525512189474689,BHV5):1.0010014022512794,216_II):1.7243840290826273,#H10:::0.32324363950593926):1.3727324446253544):1.4033021421855707):3.48115972894574,(Cooper)#H10:::0.6767563604940607);, with -loglik 400.83826192443274
 (C46,(Titanium_IBR_MLV_vaccine,(C33,((216_II,(((SP1777,K22):0.038053206697165644,B589):0.7525533258344476,BHV5):1.0009980114590467):1.724393046088915,#H10:0.00027983422911870455::0.32324531208502977):1.3727218258047136):1.4033140408701268):3.481157068439687,(Cooper)#H10:1.281578875121432::0.6767546879149702);, with -loglik 400.8382619259658
 ((Titanium_IBR_MLV_vaccine,(C33,((216_II,(((SP1777,K22):0.03805131460652527,B589):0.7525527415259153,BHV5):1.0009997505032313):1.7243749064169887,#H10:::0.3232415034639069):1.3727331319321205):1.4033032479698957):3.481028706124186,C46,(Cooper)#H10:::0.6767584965360931);, with -loglik 400.83826193652
 (C46,((C33,((216_II,(BHV5,(B589,(SP1777,K22):0.03805127121516646):0.7525479170053367):1.0010021955712878):1.7243999490013422,#H12:::0.32324220865779585):1.3727339816563768):1.4033066999217743,Titanium_IBR_MLV_vaccine):3.4811968018589887,(Cooper)#H12:::0.6767577913422042);, with -loglik 400.8382619573503
 (((C33,(#H10:3.8777474576539337::0.32324429850760855,((BHV5,((SP1777,K22):0.03806087291604827,B589):0.7525485384136579):1.0009962197111044,216_II):1.7243723655884147):1.372708667711485):1.4032998979785902,Titanium_IBR_MLV_vaccine):3.4810412273050737,C46,(Cooper)#H10:4.835729104737557::0.6767557014923915);, with -loglik 400.8382620333648
 (C46,(Titanium_IBR_MLV_vaccine,(C33,(((BHV5,(B589,(SP1777,K22):0.038053779551734744):0.7525260770831987):1.001238060949301,216_II):2.350415914312512)#H10:9.998336551233972::0.7668284883164302):1.7944633735858906):1.223564697828411,(Cooper,#H10:0.0::0.23317151168356978):10.0);, with -loglik 437.3645460891656
 (C46,(Titanium_IBR_MLV_vaccine,(((BHV5,((SP1777,K22):0.03807888907095528,B589):0.7526584346742099):1.0561279086654167,(216_II,#H10:::0.15995792086817467):0.0):3.365890000497037,C33):1.227310040906583):1.2697598669533283,(Cooper)#H10:::0.8400420791318253);, with -loglik 502.94257090365454
 (C46,(Titanium_IBR_MLV_vaccine,((216_II,((((K22,B589):0.034985524519788154,SP1777):0.7542830469021076,BHV5):1.0559590681375977,#H10:::0.15995846540897318):0.0):3.365897980041627,C33):1.2273136347451858):1.269774018182239,(Cooper)#H10:::0.8400415345910268);, with -loglik 503.05328623278626
 (C46,Cooper,(Titanium_IBR_MLV_vaccine,(C33,((((SP1777,K22):0.038644912746837665,B589):0.28830295917118415,(BHV5)#H10:::0.6865095144192785):2.2942129080337366,(216_II,#H10:::0.31349048558072146):0.5583795491869952):2.5358929771083947):0.7777720596801199):0.45232985756757854);, with -loglik 575.6674540196775
 (C46,Cooper,(Titanium_IBR_MLV_vaccine,(C33,(((B589,(SP1777,K22):0.038646848361996805):0.2882977625444694,(BHV5)#H10:::0.6865068075204646):2.2942051583036047,(216_II,#H10:::0.3134931924795355):0.5583602822995467):2.535896312269781):0.7777677461403149):0.45232581503848923);, with -loglik 575.6674540399939
 (C46,Cooper,(Titanium_IBR_MLV_vaccine,(((216_II,#H10:::0.4338432349652792):0.3361575863059533,(SP1777,(K22,(B589,(BHV5)#H10:::0.5661567650347208):0.013311632421204544):0.08125196117459532):2.7812333424682123):2.5758447137948743,C33):0.7778055283380978):0.45233041557202447);, with -loglik 587.2492754668481
 (C46,Cooper,(Titanium_IBR_MLV_vaccine,(C33,((((K22,SP1777):0.03814293049641153,B589):0.7063094498622514,(BHV5,#H10:::0.12237252511222069):10.0):1.4565504246552539,(216_II)#H10:::0.8776274748877793):2.4151957320277333):0.7777233648197122):0.45232224669846266);, with -loglik 613.8091720515654
 (C46,Cooper,((Titanium_IBR_MLV_vaccine,#H10:::0.1388846925197784):10.0,(((BHV5,((K22,SP1777):0.038050914620754196,B589):0.752509537180514):1.0009090025481204,216_II):2.430059080545458,(C33)#H10:::0.8611153074802216):1.1324254280019317):0.40563244082074723);, with -loglik 629.8932654315967
 ((Titanium_IBR_MLV_vaccine,((216_II,(((K22,SP1777):0.038043110035611345,B589):0.7524772320619286,BHV5):1.00108231860785):2.5726940078486145,(C33)#H10:::0.9758691117148717):0.8359839620071516):0.47061866885768533,Cooper,(C46,#H10:::0.02413088828512828):8.94758981398281);, with -loglik 658.8758286688922
 (C46,Cooper,(Titanium_IBR_MLV_vaccine,((((((K22,B589):0.03076010160876306,(SP1777)#H10:::0.9966664933795):0.7612434682604606,BHV5):1.0086897873157152,216_II):2.6216123508557048,C33):0.0,#H10:::0.0033335066205000645):0.7784118909917647):0.4523526709417378);, with -loglik 660.6182528854388
-------
