optimization of topology, BL and inheritance probabilities using:
 hmax = 2,
 tolerance parameters: ftolRel=1.0e-6, ftolAbs=1.0e-6,
                       xtolAbs=0.001, xtolRel=0.01.
 max number of failed proposals = 75, liktolAbs = 1.0e-6.
rootname for files: gitrepo/analysis/snaq/fromSNPs/set1c/net2
BEGIN: 20 runs on starting tree (C46,(Titanium_IBR_MLV_vaccine,(C33,(((((SP1777,K22):0.03805091003172024,B589):0.7525522390632342,BHV5):1.0010004097019267,216_II):1.7243885847665665,#H10:::0.323244279101906):1.37272026956404):1.4033080343924291):3.481162367067672,(Cooper)#H10:::0.676755720898094);

main seed 340057
seed: 340057 for run 1, 2022-08-17 11:15:50.796

BEGIN SNaQ for run 1, seed 340057 and hmax 2 changed starting topology by NNI move

 changed starting network by move target
Begins heuristic optimization of network------

found best network, now we re-optimize branch lengths and gamma more precisely
STOPPED by number of failures criteria
END optTopLevel: found minimizer topology at step 141 (failures: 75) with -loglik=1102.05545 and ht_min=[0.01485, 0.03576, 0.0, 1.72547, 0.03777, 0.50333, 1.04486, 0.0, 0.3235, 0.0, 0.00244, 0.46447, 1.44399, 10.0]
PERFORMANCE: total number of moves (proposed, successful, accepted) in general, and to fix gamma=0.0,t=0.0 cases
	--------moves general--------				 --------moves gamma,t------	
move	 Num.Proposed	 Num.Successful	 Num.Accepted	 | Num.Proposed	 Num.Successful	 Num.Accepted
add		 1		 1		 1	 |	 NA 		 NA 		 NA 
mvorigin	 35		 35		 10	 |	 0		 0		 --
mvtarget	 51		 51		 4	 |	 0		 0		 --
chdir		 20		 20		 4	 |	 0		 0		 --
delete		 0		 0		 0	 |	 0		 0		 --
nni		 34		 13		 0	 |	 10		 10		 --
Total		 141		 120		 19	 |	 10		 10		 7
Proportion	 -- 		 1.0		 0.2	 |	 -- 		 1.0		 0.7
(SP1777,K22,(B589,((BHV5,(216_II,(((Cooper,((Titanium_IBR_MLV_vaccine,C46):0.0)#H10:0.5033276461425612::0.985148636280424):1.568027507815183e-42,(C33,#H10:0.00243687184381391::0.01485136371957594):1.9462321531592297e-23):1.7254682058622468)#H11:1.4439889475068908::0.9642399518852316):1.044863336255734):0.4644664558971268,#H11:10.0::0.035760048114768454):0.32350256911574216):0.037772634811834904);
---------------------
seed: 3328 for run 2, 2022-08-17 11:17:43.353

BEGIN SNaQ for run 2, seed 3328 and hmax 2
Begins heuristic optimization of network------

found best network, now we re-optimize branch lengths and gamma more precisely
STOPPED by number of failures criteria
END optTopLevel: found minimizer topology at step 284 (failures: 75) with -loglik=315.80347 and ht_min=[0.32326, 0.31354, 0.03865, 2.29446, 1.65721, 0.5581, 1.37221, 1.40327, 3.48195, 0.28823]
PERFORMANCE: total number of moves (proposed, successful, accepted) in general, and to fix gamma=0.0,t=0.0 cases
	--------moves general--------				 --------moves gamma,t------	
move	 Num.Proposed	 Num.Successful	 Num.Accepted	 | Num.Proposed	 Num.Successful	 Num.Accepted
add		 1		 1		 1	 |	 NA 		 NA 		 NA 
mvorigin	 75		 75		 0	 |	 0		 0		 --
mvtarget	 85		 84		 0	 |	 0		 0		 --
chdir		 48		 43		 3	 |	 0		 0		 --
delete		 0		 0		 0	 |	 0		 0		 --
nni		 75		 43		 7	 |	 3		 3		 --
Total		 284		 246		 11	 |	 3		 3		 2
Proportion	 -- 		 1.0		 0.0	 |	 -- 		 1.0		 0.7
(C46,(Titanium_IBR_MLV_vaccine,(C33,(#H10:::0.32326003580298523,((((SP1777,K22):0.038648065141035505,B589):0.28823486443461865,(BHV5)#H11:::0.6864639147113899):2.2944605344476803,(216_II,#H11:::0.3135360852886101):0.5581012926269834):1.6572111385089179):1.3722081419095815):1.4032650601214929):3.4819492825051683,(Cooper)#H10:::0.6767399641970148);
---------------------
seed: 36453 for run 3, 2022-08-17 11:34:16.557

BEGIN SNaQ for run 3, seed 36453 and hmax 2 changed starting topology by NNI move

 changed starting network by move origin
Begins heuristic optimization of network------

found best network, now we re-optimize branch lengths and gamma more precisely
STOPPED by number of failures criteria
END optTopLevel: found minimizer topology at step 215 (failures: 75) with -loglik=328.3923 and ht_min=[0.33358, 0.43266, 1.39308, 0.08345, 0.33779, 2.77957, 1.75815, 1.26964, 9.99827, 0.0007]
PERFORMANCE: total number of moves (proposed, successful, accepted) in general, and to fix gamma=0.0,t=0.0 cases
	--------moves general--------				 --------moves gamma,t------	
move	 Num.Proposed	 Num.Successful	 Num.Accepted	 | Num.Proposed	 Num.Successful	 Num.Accepted
add		 2		 1		 1	 |	 NA 		 NA 		 NA 
mvorigin	 53		 53		 13	 |	 0		 0		 --
mvtarget	 63		 63		 0	 |	 0		 0		 --
chdir		 38		 38		 0	 |	 0		 0		 --
delete		 0		 0		 0	 |	 0		 0		 --
nni		 59		 46		 2	 |	 3		 3		 --
Total		 215		 201		 16	 |	 3		 3		 2
Proportion	 -- 		 1.0		 0.1	 |	 -- 		 1.0		 0.7
(C46,(Cooper)#H10:::0.6664166493233958,(Titanium_IBR_MLV_vaccine,(C33,(((216_II,#H11:::0.43266012273777654):0.33779072616499,(((K22,(BHV5)#H11:::0.5673398772622235):0.000697936513590566,B589):0.08345128208071872,SP1777):2.7795665584412514):1.7581498507732982,#H10:::0.33358335067660416):1.2696365494130954):1.3930773455954513):9.998268147085593);
---------------------
seed: 46413 for run 4, 2022-08-17 11:39:52.954

BEGIN SNaQ for run 4, seed 46413 and hmax 2 changed starting topology by NNI move

 changed starting network by move target
Begins heuristic optimization of network------

found best network, now we re-optimize branch lengths and gamma more precisely
STOPPED by number of failures criteria
END optTopLevel: found minimizer topology at step 170 (failures: 75) with -loglik=451.63441 and ht_min=[0.4131, 0.4807, 0.0, 2.36816, 0.0, 0.22792, 0.0, 1.43227, 2.59443, 9.99999]
PERFORMANCE: total number of moves (proposed, successful, accepted) in general, and to fix gamma=0.0,t=0.0 cases
	--------moves general--------				 --------moves gamma,t------	
move	 Num.Proposed	 Num.Successful	 Num.Accepted	 | Num.Proposed	 Num.Successful	 Num.Accepted
add		 7		 6		 1	 |	 NA 		 NA 		 NA 
mvorigin	 47		 47		 5	 |	 0		 0		 --
mvtarget	 44		 37		 0	 |	 0		 0		 --
chdir		 27		 26		 2	 |	 0		 0		 --
delete		 0		 0		 0	 |	 0		 0		 --
nni		 45		 23		 1	 |	 13		 13		 --
Total		 170		 139		 9	 |	 13		 13		 4
Proportion	 -- 		 1.0		 0.1	 |	 -- 		 1.0		 0.3
(C46,(Titanium_IBR_MLV_vaccine,((C33,(216_II,((BHV5)#H11:::0.5193034939664558,(((SP1777,#H11:::0.48069650603354414):0.0,B589):0.0,K22):2.368160496709359):0.22791988600200327):2.5944265055423554):0.0,#H10:::0.41309686860022576):1.432267910456268):9.999991823626798,(Cooper)#H10:::0.5869031313997742);
---------------------
seed: 75868 for run 5, 2022-08-17 11:43:35.283

BEGIN SNaQ for run 5, seed 75868 and hmax 2 changed starting topology by NNI move

Begins heuristic optimization of network------

found best network, now we re-optimize branch lengths and gamma more precisely
STOPPED by number of failures criteria
END optTopLevel: found minimizer topology at step 213 (failures: 75) with -loglik=328.38538 and ht_min=[0.33358, 0.43261, 0.08363, 0.33784, 1.75823, 2.7797, 1.26993, 1.39307, 9.04156, 0.00032]
PERFORMANCE: total number of moves (proposed, successful, accepted) in general, and to fix gamma=0.0,t=0.0 cases
	--------moves general--------				 --------moves gamma,t------	
move	 Num.Proposed	 Num.Successful	 Num.Accepted	 | Num.Proposed	 Num.Successful	 Num.Accepted
add		 1		 1		 1	 |	 NA 		 NA 		 NA 
mvorigin	 65		 65		 7	 |	 0		 0		 --
mvtarget	 59		 59		 1	 |	 1		 1		 --
chdir		 41		 41		 1	 |	 1		 1		 --
delete		 0		 0		 0	 |	 0		 0		 --
nni		 47		 28		 0	 |	 3		 3		 --
Total		 213		 194		 10	 |	 5		 5		 4
Proportion	 -- 		 1.0		 0.1	 |	 -- 		 1.0		 0.8
(C46,(Titanium_IBR_MLV_vaccine,(C33,(#H10:::0.33358415017515175,((216_II,#H11:::0.4326086385831059):0.33784161231476934,((B589,(K22,(BHV5)#H11:::0.5673913614168942):0.00032304130142477364):0.08362945787592126,SP1777):2.7797001850855736):1.7582317732856247):1.2699260509893031):1.393074258411697):9.041563215423436,(Cooper)#H10:::0.6664158498248482);
---------------------
seed: 15064 for run 6, 2022-08-17 11:55:13.125

BEGIN SNaQ for run 6, seed 15064 and hmax 2 changed starting topology by NNI move

Begins heuristic optimization of network------

found best network, now we re-optimize branch lengths and gamma more precisely
STOPPED by number of failures criteria
END optTopLevel: found minimizer topology at step 204 (failures: 75) with -loglik=327.37605 and ht_min=[0.32325, 0.43387, 0.08125, 0.01334, 2.78136, 1.69689, 1.3726, 1.40329, 3.481, 0.336]
PERFORMANCE: total number of moves (proposed, successful, accepted) in general, and to fix gamma=0.0,t=0.0 cases
	--------moves general--------				 --------moves gamma,t------	
move	 Num.Proposed	 Num.Successful	 Num.Accepted	 | Num.Proposed	 Num.Successful	 Num.Accepted
add		 3		 2		 1	 |	 NA 		 NA 		 NA 
mvorigin	 53		 53		 3	 |	 0		 0		 --
mvtarget	 55		 55		 0	 |	 0		 0		 --
chdir		 43		 43		 0	 |	 0		 0		 --
delete		 0		 0		 0	 |	 0		 0		 --
nni		 50		 31		 1	 |	 2		 2		 --
Total		 204		 184		 5	 |	 2		 2		 1
Proportion	 -- 		 1.0		 0.0	 |	 -- 		 1.0		 0.5
(C46,(((((SP1777,(K22,(B589,(BHV5)#H11:::0.5661322887856379):0.01333851740861011):0.0812485601877709):2.781364842066289,(#H11:::0.4338677112143621,216_II):0.3359980144440578):1.696888703556781,#H10:::0.32324595411964085):1.3726033972711262,C33):1.403293573007247,Titanium_IBR_MLV_vaccine):3.4809957768450603,(Cooper)#H10:::0.6767540458803591);
---------------------
seed: 1504 for run 7, 2022-08-17 12:5:38.834

BEGIN SNaQ for run 7, seed 1504 and hmax 2 changed starting topology by NNI move

Begins heuristic optimization of network------

found best network, now we re-optimize branch lengths and gamma more precisely
STOPPED by number of failures criteria
END optTopLevel: found minimizer topology at step 123 (failures: 75) with -loglik=343.27511 and ht_min=[0.32324, 0.45703, 0.09667, 2.31557, 0.26144, 1.71661, 1.37281, 1.40327, 3.48112, 0.06348]
PERFORMANCE: total number of moves (proposed, successful, accepted) in general, and to fix gamma=0.0,t=0.0 cases
	--------moves general--------				 --------moves gamma,t------	
move	 Num.Proposed	 Num.Successful	 Num.Accepted	 | Num.Proposed	 Num.Successful	 Num.Accepted
add		 1		 1		 1	 |	 NA 		 NA 		 NA 
mvorigin	 28		 28		 1	 |	 0		 0		 --
mvtarget	 34		 34		 0	 |	 0		 0		 --
chdir		 18		 18		 0	 |	 1		 1		 --
delete		 0		 0		 0	 |	 0		 0		 --
nni		 42		 23		 0	 |	 4		 4		 --
Total		 123		 104		 2	 |	 5		 5		 5
Proportion	 -- 		 1.0		 0.0	 |	 -- 		 1.0		 1.0
(C46,(Titanium_IBR_MLV_vaccine,(C33,((((((B589,#H11:::0.4570267270073118):0.06348211460855302,K22):0.09666614991235203,SP1777):2.3155669365465754,(BHV5)#H11:::0.5429732729926882):0.2614437981856374,216_II):1.7166082177480269,#H10:::0.32324131395766253):1.372813155245323):1.403266643291343):3.481120734143463,(Cooper)#H10:::0.6767586860423375);
---------------------
seed: 89075 for run 8, 2022-08-17 12:14:17.331

BEGIN SNaQ for run 8, seed 89075 and hmax 2 changed starting topology by NNI move

Begins heuristic optimization of network------

found best network, now we re-optimize branch lengths and gamma more precisely
STOPPED by number of failures criteria
END optTopLevel: found minimizer topology at step 278 (failures: 75) with -loglik=327.37605 and ht_min=[0.32325, 0.43387, 0.08125, 0.336, 2.78135, 1.6969, 1.37259, 1.40328, 3.4815, 0.01335]
PERFORMANCE: total number of moves (proposed, successful, accepted) in general, and to fix gamma=0.0,t=0.0 cases
	--------moves general--------				 --------moves gamma,t------	
move	 Num.Proposed	 Num.Successful	 Num.Accepted	 | Num.Proposed	 Num.Successful	 Num.Accepted
add		 2		 2		 1	 |	 NA 		 NA 		 NA 
mvorigin	 79		 79		 8	 |	 0		 0		 --
mvtarget	 80		 79		 0	 |	 0		 0		 --
chdir		 39		 39		 2	 |	 0		 0		 --
delete		 0		 0		 0	 |	 0		 0		 --
nni		 78		 49		 1	 |	 1		 1		 --
Total		 278		 248		 12	 |	 1		 1		 1
Proportion	 -- 		 1.0		 0.0	 |	 -- 		 1.0		 1.0
(C46,(Titanium_IBR_MLV_vaccine,(C33,(((SP1777,(K22,(B589,(BHV5)#H11:::0.5661338205113055):0.013347191945868293):0.08125033532503602):2.7813465879206927,(216_II,#H11:::0.43386617948869455):0.33600305986528195):1.6969007000005882,#H10:::0.32324919661260665):1.3725853915907416):1.403281257318117):3.4815020444487415,(Cooper)#H10:::0.6767508033873934);
---------------------
seed: 42682 for run 9, 2022-08-17 12:29:8.13

BEGIN SNaQ for run 9, seed 42682 and hmax 2
Begins heuristic optimization of network------

found best network, now we re-optimize branch lengths and gamma more precisely
STOPPED by number of failures criteria
END optTopLevel: found minimizer topology at step 105 (failures: 75) with -loglik=330.89555 and ht_min=[0.32319, 0.4174, 0.0, 0.36121, 2.77196, 1.69047, 1.37276, 1.40301, 3.47413, 0.04061]
PERFORMANCE: total number of moves (proposed, successful, accepted) in general, and to fix gamma=0.0,t=0.0 cases
	--------moves general--------				 --------moves gamma,t------	
move	 Num.Proposed	 Num.Successful	 Num.Accepted	 | Num.Proposed	 Num.Successful	 Num.Accepted
add		 2		 2		 1	 |	 NA 		 NA 		 NA 
mvorigin	 33		 33		 2	 |	 0		 0		 --
mvtarget	 30		 30		 0	 |	 0		 0		 --
chdir		 14		 14		 1	 |	 0		 0		 --
delete		 0		 0		 0	 |	 0		 0		 --
nni		 26		 19		 0	 |	 0		 0		 --
Total		 105		 98		 4	 |	 0		 0		 0
Proportion	 -- 		 1.0		 0.0	 |	 -- 		 0.0		 0.0
(C46,(Titanium_IBR_MLV_vaccine,(C33,(((B589,((SP1777,K22):0.040607822742475735,(BHV5)#H11:::0.5825980596883807):0.0):2.771959395568687,(216_II,#H11:::0.41740194031161926):0.3612121973657176):1.690465001418763,#H10:::0.32318750689018394):1.3727605507336447):1.4030147174142296):3.474132013831703,(Cooper)#H10:::0.6768124931098161);
---------------------
seed: 54858 for run 10, 2022-08-17 12:32:12.154

BEGIN SNaQ for run 10, seed 54858 and hmax 2 changed starting topology by NNI move

 changed starting network by move target
Begins heuristic optimization of network------

found best network, now we re-optimize branch lengths and gamma more precisely
STOPPED by number of failures criteria
END optTopLevel: found minimizer topology at step 111 (failures: 75) with -loglik=499.45561 and ht_min=[0.41493, 0.5, 1.41231, 0.07042, 0.71938, 1.01319, 2.60332, 0.0, 10.0, 0.0]
PERFORMANCE: total number of moves (proposed, successful, accepted) in general, and to fix gamma=0.0,t=0.0 cases
	--------moves general--------				 --------moves gamma,t------	
move	 Num.Proposed	 Num.Successful	 Num.Accepted	 | Num.Proposed	 Num.Successful	 Num.Accepted
add		 1		 1		 1	 |	 NA 		 NA 		 NA 
mvorigin	 26		 26		 1	 |	 22		 22		 --
mvtarget	 34		 34		 2	 |	 22		 22		 --
chdir		 21		 21		 0	 |	 44		 44		 --
delete		 0		 0		 0	 |	 0		 0		 --
nni		 29		 20		 0	 |	 2		 2		 --
Total		 111		 102		 4	 |	 90		 90		 46
Proportion	 -- 		 1.0		 0.0	 |	 -- 		 1.0		 0.5
(C46,(Titanium_IBR_MLV_vaccine,((C33,#H10:::0.41493288095124425):2.370562096534339e-15,(216_II,(BHV5,((K22,(SP1777,(B589)#H11:::0.5):0.0):0.07042022109344605,#H11:::0.5):0.7193844020629051):1.0131893177754991):2.603317128041943):1.4123078783201062):9.999999999999126,(Cooper)#H10:::0.5850671190487557);
---------------------
seed: 9899 for run 11, 2022-08-17 12:34:41.327

BEGIN SNaQ for run 11, seed 9899 and hmax 2
Begins heuristic optimization of network------

found best network, now we re-optimize branch lengths and gamma more precisely
STOPPED by number of failures criteria
END optTopLevel: found minimizer topology at step 191 (failures: 75) with -loglik=315.80347 and ht_min=[0.32326, 0.31353, 0.03865, 0.28824, 2.29444, 1.65722, 1.37221, 1.40327, 3.48204, 0.55812]
PERFORMANCE: total number of moves (proposed, successful, accepted) in general, and to fix gamma=0.0,t=0.0 cases
	--------moves general--------				 --------moves gamma,t------	
move	 Num.Proposed	 Num.Successful	 Num.Accepted	 | Num.Proposed	 Num.Successful	 Num.Accepted
add		 2		 2		 1	 |	 NA 		 NA 		 NA 
mvorigin	 47		 47		 0	 |	 0		 0		 --
mvtarget	 49		 49		 0	 |	 0		 0		 --
chdir		 31		 31		 0	 |	 0		 0		 --
delete		 0		 0		 0	 |	 0		 0		 --
nni		 62		 30		 2	 |	 0		 0		 --
Total		 191		 159		 3	 |	 0		 0		 0
Proportion	 -- 		 1.0		 0.0	 |	 -- 		 0.0		 0.0
(C46,(Titanium_IBR_MLV_vaccine,(C33,(((((K22,SP1777):0.03865491652099993,B589):0.2882442857202878,(BHV5)#H11:::0.686470497370749):2.294437281088307,(216_II,#H11:::0.31352950262925094):0.5581232369701298):1.6572198587346028,#H10:::0.32326062838466474):1.3722108911574336):1.4032743093677926):3.4820383428900223,(Cooper)#H10:::0.6767393716153353);
---------------------
seed: 69159 for run 12, 2022-08-17 12:45:52.607

BEGIN SNaQ for run 12, seed 69159 and hmax 2 changed starting topology by NNI move

 changed starting network by move origin
Begins heuristic optimization of network------

found best network, now we re-optimize branch lengths and gamma more precisely
STOPPED by number of failures criteria
END optTopLevel: found minimizer topology at step 128 (failures: 75) with -loglik=372.71801 and ht_min=[0.3232, 0.07964, 0.05689, 0.87085, 1.35006, 0.0, 1.37275, 1.40323, 3.47731, 2.07607, 1.84247, 5.38998]
PERFORMANCE: total number of moves (proposed, successful, accepted) in general, and to fix gamma=0.0,t=0.0 cases
	--------moves general--------				 --------moves gamma,t------	
move	 Num.Proposed	 Num.Successful	 Num.Accepted	 | Num.Proposed	 Num.Successful	 Num.Accepted
add		 6		 6		 1	 |	 NA 		 NA 		 NA 
mvorigin	 33		 33		 3	 |	 0		 0		 --
mvtarget	 32		 28		 0	 |	 0		 0		 --
chdir		 20		 16		 0	 |	 0		 0		 --
delete		 0		 0		 0	 |	 0		 0		 --
nni		 37		 29		 1	 |	 4		 4		 --
Total		 128		 112		 5	 |	 4		 4		 4
Proportion	 -- 		 1.0		 0.0	 |	 -- 		 1.0		 1.0
((BHV5,(216_II,((#H10:::0.32319742613610103,(C33,(Titanium_IBR_MLV_vaccine,(C46,(Cooper)#H10:::0.676802573863899):3.4773144240307676):1.4032332015285167):1.3727460923902435):1.8424724353052642)#H11:0.0::0.9203643561606399):1.3500592063627685):0.8708516106269963,B589,(K22,(SP1777,#H11:5.389984402300512::0.07963564383936005):2.076067752905278):0.056885397164995834);
---------------------
seed: 56968 for run 13, 2022-08-17 12:55:7.692

BEGIN SNaQ for run 13, seed 56968 and hmax 2 changed starting topology by NNI move

 changed starting network by move target
Begins heuristic optimization of network------

found best network, now we re-optimize branch lengths and gamma more precisely
STOPPED by number of failures criteria
END optTopLevel: found minimizer topology at step 113 (failures: 75) with -loglik=327.37605 and ht_min=[0.32325, 0.43386, 0.08125, 0.33601, 2.78134, 1.69689, 1.3726, 1.40328, 3.48138, 0.01333]
PERFORMANCE: total number of moves (proposed, successful, accepted) in general, and to fix gamma=0.0,t=0.0 cases
	--------moves general--------				 --------moves gamma,t------	
move	 Num.Proposed	 Num.Successful	 Num.Accepted	 | Num.Proposed	 Num.Successful	 Num.Accepted
add		 2		 1		 1	 |	 NA 		 NA 		 NA 
mvorigin	 33		 33		 2	 |	 0		 0		 --
mvtarget	 29		 29		 0	 |	 1		 1		 --
chdir		 16		 16		 1	 |	 1		 1		 --
delete		 0		 0		 0	 |	 0		 0		 --
nni		 33		 22		 1	 |	 2		 2		 --
Total		 113		 101		 5	 |	 4		 4		 2
Proportion	 -- 		 1.0		 0.0	 |	 -- 		 1.0		 0.5
(C46,(Titanium_IBR_MLV_vaccine,(C33,(((216_II,#H11:::0.43386412066444013):0.3360050085840553,((K22,(B589,(BHV5)#H11:::0.5661358793355599):0.013326474105241468):0.08125436265271327,SP1777):2.781343517393789):1.6968889461649945,#H10:::0.32324737200849774):1.3726015587438594):1.4032798817475343):3.4813784727110435,(Cooper)#H10:::0.6767526279915023);
---------------------
seed: 27017 for run 14, 2022-08-17 13:2:28.365

BEGIN SNaQ for run 14, seed 27017 and hmax 2 changed starting topology by NNI move

 changed starting network by move target
Begins heuristic optimization of network------

found best network, now we re-optimize branch lengths and gamma more precisely
STOPPED by number of failures criteria
END optTopLevel: found minimizer topology at step 140 (failures: 75) with -loglik=373.67166 and ht_min=[0.33359, 0.07956, 0.0569, 0.87076, 1.34962, 1.90477, 1.26917, 1.39326, 9.84311, 2.09587, 0.0, 3.74077]
PERFORMANCE: total number of moves (proposed, successful, accepted) in general, and to fix gamma=0.0,t=0.0 cases
	--------moves general--------				 --------moves gamma,t------	
move	 Num.Proposed	 Num.Successful	 Num.Accepted	 | Num.Proposed	 Num.Successful	 Num.Accepted
add		 3		 3		 1	 |	 NA 		 NA 		 NA 
mvorigin	 25		 25		 0	 |	 0		 0		 --
mvtarget	 36		 29		 1	 |	 0		 0		 --
chdir		 20		 14		 0	 |	 0		 0		 --
delete		 0		 0		 0	 |	 0		 0		 --
nni		 56		 38		 2	 |	 2		 2		 --
Total		 140		 109		 4	 |	 2		 2		 2
Proportion	 -- 		 1.0		 0.0	 |	 -- 		 1.0		 1.0
((B589,((216_II,((#H10:::0.33358653513880154,(C33,(Titanium_IBR_MLV_vaccine,(C46,(Cooper)#H10:::0.6664134648611985):9.84311487679076):1.3932554466252252):1.2691747732341414):1.904772785591024)#H11:0.0::0.9204434824146975):1.3496218430584364,BHV5):0.8707561391274858):0.056897065595451435,K22,(SP1777,#H11:3.740766548680443::0.07955651758530251):2.095870668206939);
---------------------
seed: 77245 for run 15, 2022-08-17 13:12:43.4

BEGIN SNaQ for run 15, seed 77245 and hmax 2 changed starting topology by NNI move

 changed starting network by move target
Begins heuristic optimization of network------

found best network, now we re-optimize branch lengths and gamma more precisely
STOPPED by number of failures criteria
END optTopLevel: found minimizer topology at step 142 (failures: 75) with -loglik=995.73211 and ht_min=[0.39824, 0.01986, 0.03804, 0.71854, 1.06996, 3.42816, 8.72713, 0.75709, 9.98568, 0.0, 0.2617]
PERFORMANCE: total number of moves (proposed, successful, accepted) in general, and to fix gamma=0.0,t=0.0 cases
	--------moves general--------				 --------moves gamma,t------	
move	 Num.Proposed	 Num.Successful	 Num.Accepted	 | Num.Proposed	 Num.Successful	 Num.Accepted
add		 1		 1		 1	 |	 NA 		 NA 		 NA 
mvorigin	 40		 40		 3	 |	 0		 0		 --
mvtarget	 50		 50		 1	 |	 0		 0		 --
chdir		 21		 20		 2	 |	 0		 0		 --
delete		 0		 0		 0	 |	 0		 0		 --
nni		 30		 17		 3	 |	 1		 1		 --
Total		 142		 128		 10	 |	 1		 1		 1
Proportion	 -- 		 1.0		 0.1	 |	 -- 		 1.0		 1.0
(C33,(((216_II,(((K22,SP1777):0.038040210749178904,B589):0.7185444109916127,(BHV5)#H11:::0.9801443202713477):1.0699609723065218):3.428164428774036,(#H11:::0.019855679728652303,Cooper):8.72712757552314):0.0)#H10:0.2617024694995956::0.6017594995190954,(Titanium_IBR_MLV_vaccine,(C46,#H10:0.0::0.39824050048090465):0.7570894562429967):9.985678423635854);
---------------------
seed: 23144 for run 16, 2022-08-17 13:19:16.471

BEGIN SNaQ for run 16, seed 23144 and hmax 2
Begins heuristic optimization of network------

found best network, now we re-optimize branch lengths and gamma more precisely
STOPPED by number of failures criteria
END optTopLevel: found minimizer topology at step 114 (failures: 75) with -loglik=397.91918 and ht_min=[0.3232, 0.35794, 0.12655, 0.67176, 1.00079, 1.72691, 1.37151, 1.40492, 3.48659, 0.23219]
PERFORMANCE: total number of moves (proposed, successful, accepted) in general, and to fix gamma=0.0,t=0.0 cases
	--------moves general--------				 --------moves gamma,t------	
move	 Num.Proposed	 Num.Successful	 Num.Accepted	 | Num.Proposed	 Num.Successful	 Num.Accepted
add		 2		 2		 1	 |	 NA 		 NA 		 NA 
mvorigin	 33		 33		 0	 |	 0		 0		 --
mvtarget	 30		 30		 0	 |	 0		 0		 --
chdir		 18		 18		 1	 |	 0		 0		 --
delete		 0		 0		 0	 |	 0		 0		 --
nni		 31		 16		 0	 |	 0		 0		 --
Total		 114		 99		 2	 |	 0		 0		 0
Proportion	 -- 		 1.0		 0.0	 |	 -- 		 0.0		 0.0
(C46,(Titanium_IBR_MLV_vaccine,(C33,(((((SP1777,(K22,#H11:::0.35793749898302557):0.2321894641455194):0.12654679552999767,(B589)#H11:::0.6420625010169745):0.6717595413269521,BHV5):1.0007911387984902,216_II):1.7269091105571521,#H10:::0.3231987523108673):1.3715124404908967):1.4049158291821662):3.486590468042704,(Cooper)#H10:::0.6768012476891327);
---------------------
seed: 14912 for run 17, 2022-08-17 13:26:35.172

BEGIN SNaQ for run 17, seed 14912 and hmax 2 changed starting topology by NNI move

Begins heuristic optimization of network------

found best network, now we re-optimize branch lengths and gamma more precisely
STOPPED by number of failures criteria
END optTopLevel: found minimizer topology at step 225 (failures: 75) with -loglik=372.71728 and ht_min=[0.32324, 0.07974, 1.8428, 0.87099, 0.0567, 1.35048, 1.37299, 1.40336, 3.48073, 2.06254, 0.0, 9.48732]
PERFORMANCE: total number of moves (proposed, successful, accepted) in general, and to fix gamma=0.0,t=0.0 cases
	--------moves general--------				 --------moves gamma,t------	
move	 Num.Proposed	 Num.Successful	 Num.Accepted	 | Num.Proposed	 Num.Successful	 Num.Accepted
add		 1		 1		 1	 |	 NA 		 NA 		 NA 
mvorigin	 60		 60		 2	 |	 0		 0		 --
mvtarget	 69		 58		 0	 |	 0		 0		 --
chdir		 31		 25		 1	 |	 0		 0		 --
delete		 0		 0		 0	 |	 0		 0		 --
nni		 64		 34		 1	 |	 3		 3		 --
Total		 225		 178		 5	 |	 3		 3		 2
Proportion	 -- 		 1.0		 0.0	 |	 -- 		 1.0		 0.7
(((SP1777,#H11:9.487321823722857::0.07974158752902284):2.0625444132012594,K22):0.056697100060087234,B589,(BHV5,(216_II,((#H10:::0.3232357221356694,(C33,(Titanium_IBR_MLV_vaccine,(C46,(Cooper)#H10:::0.6767642778643306):3.4807302490178627):1.4033637990477548):1.3729910075468352):1.8428019139068192)#H11:0.0::0.9202584124709772):1.3504769518006101):0.8709914698445348);
---------------------
seed: 1726 for run 18, 2022-08-17 13:37:15.561

BEGIN SNaQ for run 18, seed 1726 and hmax 2 changed starting topology by NNI move

Begins heuristic optimization of network------

found best network, now we re-optimize branch lengths and gamma more precisely
STOPPED by number of failures criteria
END optTopLevel: found minimizer topology at step 90 (failures: 75) with -loglik=396.53241 and ht_min=[0.32325, 0.0825, 0.08421, 0.82473, 0.36651, 1.72435, 1.37271, 1.40331, 3.48123, 0.65477]
PERFORMANCE: total number of moves (proposed, successful, accepted) in general, and to fix gamma=0.0,t=0.0 cases
	--------moves general--------				 --------moves gamma,t------	
move	 Num.Proposed	 Num.Successful	 Num.Accepted	 | Num.Proposed	 Num.Successful	 Num.Accepted
add		 1		 1		 1	 |	 NA 		 NA 		 NA 
mvorigin	 19		 19		 0	 |	 1		 1		 --
mvtarget	 29		 29		 0	 |	 1		 1		 --
chdir		 10		 10		 0	 |	 2		 2		 --
delete		 0		 0		 0	 |	 0		 0		 --
nni		 31		 17		 0	 |	 1		 1		 --
Total		 90		 76		 1	 |	 5		 5		 3
Proportion	 -- 		 1.0		 0.0	 |	 -- 		 1.0		 0.6
(C46,(Titanium_IBR_MLV_vaccine,(C33,((216_II,(((B589,(K22,(SP1777)#H11:::0.9174972134649992):0.08421154581043307):0.8247345977786485,BHV5):0.3665071292423582,#H11:::0.08250278653500073):0.65477481978453):1.7243461682235774,#H10:::0.3232450400523514):1.3727057307805612):1.4033081631102935):3.4812268040628407,(Cooper)#H10:::0.6767549599476486);
---------------------
seed: 21273 for run 19, 2022-08-17 13:43:47.324

BEGIN SNaQ for run 19, seed 21273 and hmax 2 changed starting topology by NNI move

 changed starting network by move target
Begins heuristic optimization of network------

found best network, now we re-optimize branch lengths and gamma more precisely
STOPPED by number of failures criteria
END optTopLevel: found minimizer topology at step 274 (failures: 75) with -loglik=327.37605 and ht_min=[0.43386, 0.32325, 0.08126, 0.01328, 0.33601, 2.78134, 1.37261, 1.69688, 1.40327, 3.48142]
PERFORMANCE: total number of moves (proposed, successful, accepted) in general, and to fix gamma=0.0,t=0.0 cases
	--------moves general--------				 --------moves gamma,t------	
move	 Num.Proposed	 Num.Successful	 Num.Accepted	 | Num.Proposed	 Num.Successful	 Num.Accepted
add		 1		 1		 1	 |	 NA 		 NA 		 NA 
mvorigin	 83		 83		 12	 |	 1		 1		 --
mvtarget	 65		 65		 0	 |	 0		 0		 --
chdir		 56		 56		 1	 |	 2		 2		 --
delete		 0		 0		 0	 |	 0		 0		 --
nni		 69		 45		 3	 |	 14		 14		 --
Total		 274		 250		 17	 |	 17		 17		 7
Proportion	 -- 		 1.0		 0.1	 |	 -- 		 1.0		 0.4
(C46,(Titanium_IBR_MLV_vaccine,(C33,(#H10:::0.32324778256863707,((#H11:::0.4338603386935334,216_II):0.3360133330399206,(SP1777,(K22,(B589,(BHV5)#H11:::0.5661396613064666):0.013283350435033587):0.08126256063055619):2.781337803636768):1.6968839098731208):1.3726121675462033):1.4032691446961092):3.4814190313554683,(Cooper)#H10:::0.6767522174313629);
---------------------
seed: 78435 for run 20, 2022-08-17 13:57:0.635

BEGIN SNaQ for run 20, seed 78435 and hmax 2
Begins heuristic optimization of network------

found best network, now we re-optimize branch lengths and gamma more precisely
STOPPED by number of failures criteria
END optTopLevel: found minimizer topology at step 97 (failures: 75) with -loglik=327.37606 and ht_min=[0.32324, 0.43385, 0.0813, 0.33601, 2.78131, 1.69684, 1.3727, 1.40327, 3.48099, 0.01319]
PERFORMANCE: total number of moves (proposed, successful, accepted) in general, and to fix gamma=0.0,t=0.0 cases
	--------moves general--------				 --------moves gamma,t------	
move	 Num.Proposed	 Num.Successful	 Num.Accepted	 | Num.Proposed	 Num.Successful	 Num.Accepted
add		 1		 1		 1	 |	 NA 		 NA 		 NA 
mvorigin	 32		 32		 1	 |	 0		 0		 --
mvtarget	 26		 26		 0	 |	 0		 0		 --
chdir		 15		 15		 0	 |	 0		 0		 --
delete		 0		 0		 0	 |	 0		 0		 --
nni		 23		 15		 1	 |	 0		 0		 --
Total		 97		 89		 3	 |	 0		 0		 0
Proportion	 -- 		 1.0		 0.0	 |	 -- 		 0.0		 0.0
(C46,(Titanium_IBR_MLV_vaccine,(C33,(((216_II,#H11:::0.43385478944059414):0.3360114065505455,((K22,(B589,(BHV5)#H11:::0.5661452105594058):0.013192981145214692):0.08130310751401451,SP1777):2.781309104054772):1.6968371977769159,#H10:::0.32324052944885834):1.3727033191768783):1.4032740096065104):3.4809941632904993,(Cooper)#H10:::0.6767594705511417);
---------------------

2022-08-17 14:2:9.309
MaxNet is (C46,(Titanium_IBR_MLV_vaccine,(C33,(#H10:::0.32326003580298523,((((SP1777,K22):0.038648065141035505,B589):0.28823486443461865,(BHV5)#H11:::0.6864639147113899):2.2944605344476803,(216_II,#H11:::0.3135360852886101):0.5581012926269834):1.6572111385089179):1.3722081419095815):1.4032650601214929):3.4819492825051683,(Cooper)#H10:::0.6767399641970148); 
with -loglik 315.80346871955686
