optimization of topology, BL and inheritance probabilities using:
 hmax = 3,
 tolerance parameters: ftolRel=1.0e-6, ftolAbs=1.0e-6,
                       xtolAbs=0.001, xtolRel=0.01.
 max number of failed proposals = 75, liktolAbs = 1.0e-6.
rootname for files: gitrepo/analysis/snaq/fromSNPs/set1c/net3
BEGIN: 20 runs on starting tree (C46,(Titanium_IBR_MLV_vaccine,(C33,(#H10:::0.32326003580298523,((((SP1777,K22):0.038648065141035505,B589):0.28823486443461865,(BHV5)#H11:::0.6864639147113899):2.2944605344476803,(216_II,#H11:::0.3135360852886101):0.5581012926269834):1.6572111385089179):1.3722081419095815):1.4032650601214929):3.4819492825051683,(Cooper)#H10:::0.6767399641970148);

main seed 387894
seed: 387894 for run 1, 2022-08-17 14:2:42.193

BEGIN SNaQ for run 1, seed 387894 and hmax 3
 changed starting network by move origin
Begins heuristic optimization of network------

found best network, now we re-optimize branch lengths and gamma more precisely
STOPPED by number of failures criteria
END optTopLevel: found minimizer topology at step 151 (failures: 75) with -loglik=312.11045 and ht_min=[0.32324, 0.31264, 0.55772, 0.09415, 0.19224, 0.16703, 2.28965, 0.56036, 1.65661, 1.37244, 1.40337, 3.48498, 0.0, 0.0, 3.53362]
PERFORMANCE: total number of moves (proposed, successful, accepted) in general, and to fix gamma=0.0,t=0.0 cases
	--------moves general--------				 --------moves gamma,t------	
move	 Num.Proposed	 Num.Successful	 Num.Accepted	 | Num.Proposed	 Num.Successful	 Num.Accepted
add		 1		 1		 1	 |	 NA 		 NA 		 NA 
mvorigin	 48		 48		 0	 |	 0		 0		 --
mvtarget	 39		 25		 0	 |	 0		 0		 --
chdir		 28		 18		 3	 |	 0		 0		 --
delete		 0		 0		 0	 |	 0		 0		 --
nni		 35		 13		 0	 |	 1		 1		 --
Total		 151		 105		 4	 |	 1		 1		 1
Proportion	 -- 		 1.0		 0.0	 |	 -- 		 1.0		 1.0
(K22,(B589,#H12:0.0::0.4422839350788199):0.1922441721620106,(SP1777,(((BHV5)#H11:::0.6873556199653356,((216_II,#H11:::0.31264438003466444):0.5603616293724343,(#H10:0.09415442985690128::0.32323751457942196,(C33,(Titanium_IBR_MLV_vaccine,(C46,(Cooper)#H10:0.0::0.676762485420578):3.4849847457232466):1.4033668432756963):1.3724378700157855):1.6566060497470145):2.2896524594390377):0.0)#H12:3.5336224783664707::0.5577160649211801):0.1670339448706328);
---------------------
seed: 5243 for run 2, 2022-08-17 14:16:5.726

BEGIN SNaQ for run 2, seed 5243 and hmax 3
Begins heuristic optimization of network------

found best network, now we re-optimize branch lengths and gamma more precisely
STOPPED by number of failures criteria
END optTopLevel: found minimizer topology at step 142 (failures: 75) with -loglik=312.89587 and ht_min=[0.32344, 0.3135, 0.19588, 0.09989, 0.4677, 2.29438, 0.55775, 1.65882, 1.37097, 1.40335, 3.48029, 0.23295]
PERFORMANCE: total number of moves (proposed, successful, accepted) in general, and to fix gamma=0.0,t=0.0 cases
	--------moves general--------				 --------moves gamma,t------	
move	 Num.Proposed	 Num.Successful	 Num.Accepted	 | Num.Proposed	 Num.Successful	 Num.Accepted
add		 2		 1		 1	 |	 NA 		 NA 		 NA 
mvorigin	 34		 34		 0	 |	 0		 0		 --
mvtarget	 39		 39		 0	 |	 0		 0		 --
chdir		 23		 23		 2	 |	 0		 0		 --
delete		 0		 0		 0	 |	 0		 0		 --
nni		 44		 11		 0	 |	 0		 0		 --
Total		 142		 108		 3	 |	 0		 0		 0
Proportion	 -- 		 1.0		 0.0	 |	 -- 		 0.0		 0.0
(C46,(Titanium_IBR_MLV_vaccine,(C33,(#H10:::0.32343814536172777,(((BHV5)#H11:::0.6864968158546214,((SP1777,(K22,#H12:::0.1958845179158131):0.4676980925317824):0.09988845852608476,(B589)#H12:::0.8041154820841869):0.23294604508999808):2.2943787018652926,(216_II,#H11:::0.31350318414537853):0.5577486797481026):1.658815190348137):1.3709702665071573):1.4033544385896721):3.480288167877009,(Cooper)#H10:::0.6765618546382722);
---------------------
seed: 57008 for run 3, 2022-08-17 14:28:18.488

BEGIN SNaQ for run 3, seed 57008 and hmax 3 changed starting topology by NNI move

 changed starting network by move target
Begins heuristic optimization of network------

found best network, now we re-optimize branch lengths and gamma more precisely
STOPPED by number of failures criteria
END optTopLevel: found minimizer topology at step 216 (failures: 75) with -loglik=312.11439 and ht_min=[0.32322, 0.31302, 0.44216, 0.19406, 2.29184, 1.65772, 0.55995, 1.37297, 1.40341, 3.47956, 0.16849, 0.00371, 3.41531]
PERFORMANCE: total number of moves (proposed, successful, accepted) in general, and to fix gamma=0.0,t=0.0 cases
	--------moves general--------				 --------moves gamma,t------	
move	 Num.Proposed	 Num.Successful	 Num.Accepted	 | Num.Proposed	 Num.Successful	 Num.Accepted
add		 1		 1		 1	 |	 NA 		 NA 		 NA 
mvorigin	 59		 59		 0	 |	 2		 2		 --
mvtarget	 67		 38		 0	 |	 2		 2		 --
chdir		 43		 35		 5	 |	 4		 3		 --
delete		 0		 0		 0	 |	 0		 0		 --
nni		 46		 14		 0	 |	 2		 2		 --
Total		 216		 147		 6	 |	 10		 9		 6
Proportion	 -- 		 1.0		 0.0	 |	 -- 		 1.0		 0.7
(K22,(SP1777,((((#H10:::0.32321570226872487,((Titanium_IBR_MLV_vaccine,(C46,(Cooper)#H10:::0.6767842977312751):3.479557794428603):1.4034137623020302,C33):1.3729670310081281):1.6577165302322494,(216_II,#H11:::0.3130210832021284):0.5599506111121614):2.2918410845458315,(BHV5)#H11:::0.6869789167978716):0.0)#H12:3.415309455888676::0.5578353851843523):0.16849379123758484,(B589,#H12:0.003711084237255408::0.4421646148156478):0.1940648194614093);
---------------------
seed: 53915 for run 4, 2022-08-17 14:44:7.478

BEGIN SNaQ for run 4, seed 53915 and hmax 3 changed starting topology by NNI move

 changed starting network by move target
Begins heuristic optimization of network------

found best network, now we re-optimize branch lengths and gamma more precisely
STOPPED by number of failures criteria
END optTopLevel: found minimizer topology at step 128 (failures: 75) with -loglik=314.82802 and ht_min=[0.32342, 0.31306, 0.08968, 0.01782, 0.62532, 0.2826, 2.28818, 0.55991, 1.66064, 1.36749, 1.40262, 3.4816]
PERFORMANCE: total number of moves (proposed, successful, accepted) in general, and to fix gamma=0.0,t=0.0 cases
	--------moves general--------				 --------moves gamma,t------	
move	 Num.Proposed	 Num.Successful	 Num.Accepted	 | Num.Proposed	 Num.Successful	 Num.Accepted
add		 5		 5		 1	 |	 NA 		 NA 		 NA 
mvorigin	 35		 35		 0	 |	 0		 0		 --
mvtarget	 33		 33		 2	 |	 1		 1		 --
chdir		 28		 28		 0	 |	 1		 1		 --
delete		 0		 0		 0	 |	 0		 0		 --
nni		 27		 10		 0	 |	 1		 1		 --
Total		 128		 111		 3	 |	 3		 3		 2
Proportion	 -- 		 1.0		 0.0	 |	 -- 		 1.0		 0.7
(C46,(((#H10:::0.3234169344157335,((((B589)#H12:::0.9103239428969354,(SP1777,(K22,#H12:::0.08967605710306453):0.6253166552952802):0.01782136473265717):0.28259884070965496,(BHV5)#H11:::0.6869368663670073):2.288178004391781,(216_II,#H11:::0.31306313363299265):0.55991197934577):1.660635851768483):1.367494576831333,C33):1.4026189244381932,Titanium_IBR_MLV_vaccine):3.4815964850315453,(Cooper)#H10:::0.6765830655842665);
---------------------
seed: 54792 for run 5, 2022-08-17 14:46:31.154

BEGIN SNaQ for run 5, seed 54792 and hmax 3
 changed starting network by move origin
Begins heuristic optimization of network------

found best network, now we re-optimize branch lengths and gamma more precisely
STOPPED by number of failures criteria
END optTopLevel: found minimizer topology at step 120 (failures: 75) with -loglik=312.09545 and ht_min=[0.32325, 0.31267, 0.55014, 0.18974, 0.17068, 2.28995, 0.5604, 1.65714, 1.37231, 1.40341, 3.48147, 0.0, 7.17174]
PERFORMANCE: total number of moves (proposed, successful, accepted) in general, and to fix gamma=0.0,t=0.0 cases
	--------moves general--------				 --------moves gamma,t------	
move	 Num.Proposed	 Num.Successful	 Num.Accepted	 | Num.Proposed	 Num.Successful	 Num.Accepted
add		 1		 1		 1	 |	 NA 		 NA 		 NA 
mvorigin	 40		 40		 1	 |	 0		 0		 --
mvtarget	 37		 27		 0	 |	 1		 1		 --
chdir		 20		 12		 1	 |	 1		 1		 --
delete		 0		 0		 0	 |	 0		 0		 --
nni		 22		 7		 0	 |	 0		 0		 --
Total		 120		 87		 3	 |	 2		 2		 1
Proportion	 -- 		 1.0		 0.0	 |	 -- 		 1.0		 0.5
(K22,(B589,#H12:0.0::0.4498550401902591):0.18974158996147958,(SP1777,(((BHV5)#H11:::0.687325109719822,((216_II,#H11:::0.31267489028017803):0.5603980518633885,(#H10:::0.32325058447841903,(C33,(Titanium_IBR_MLV_vaccine,(C46,(Cooper)#H10:::0.676749415521581):3.481472988627528):1.4034071685061333):1.3723143495978956):1.6571421458392528):2.289950747031309):0.0)#H12:7.171735750700444::0.5501449598097409):0.1706780162077211);
---------------------
seed: 79666 for run 6, 2022-08-17 14:58:36.627

BEGIN SNaQ for run 6, seed 79666 and hmax 3
Begins heuristic optimization of network------

found best network, now we re-optimize branch lengths and gamma more precisely
STOPPED by number of failures criteria
END optTopLevel: found minimizer topology at step 108 (failures: 75) with -loglik=313.26453 and ht_min=[0.32334, 0.31383, 0.44642, 0.1333, 0.15572, 2.29287, 0.55891, 1.65885, 1.37024, 1.40377, 3.49912, 0.17221]
PERFORMANCE: total number of moves (proposed, successful, accepted) in general, and to fix gamma=0.0,t=0.0 cases
	--------moves general--------				 --------moves gamma,t------	
move	 Num.Proposed	 Num.Successful	 Num.Accepted	 | Num.Proposed	 Num.Successful	 Num.Accepted
add		 2		 1		 1	 |	 NA 		 NA 		 NA 
mvorigin	 34		 34		 0	 |	 0		 0		 --
mvtarget	 28		 28		 0	 |	 0		 0		 --
chdir		 18		 18		 0	 |	 0		 0		 --
delete		 0		 0		 0	 |	 0		 0		 --
nni		 26		 10		 0	 |	 0		 0		 --
Total		 108		 91		 1	 |	 0		 0		 0
Proportion	 -- 		 1.0		 0.0	 |	 -- 		 0.0		 0.0
(C46,(Titanium_IBR_MLV_vaccine,(C33,(#H10:::0.3233400191057097,(((BHV5)#H11:::0.6861683839362618,(((K22,(SP1777)#H12:::0.5535763225538148):0.13330196036141492,B589):0.15571773051451265,#H12:::0.44642367744618516):0.17220602183928416):2.2928680863099262,(216_II,#H11:::0.31383161606373816):0.5589082107037013):1.6588493382525087):1.3702375033187821):1.403774963140875):3.4991215201834707,(Cooper)#H10:::0.6766599808942904);
---------------------
seed: 26433 for run 7, 2022-08-17 15:8:32.878

BEGIN SNaQ for run 7, seed 26433 and hmax 3 changed starting topology by NNI move

 changed starting network by move origin
Begins heuristic optimization of network------

found best network, now we re-optimize branch lengths and gamma more precisely
STOPPED by number of failures criteria
END optTopLevel: found minimizer topology at step 120 (failures: 75) with -loglik=313.11488 and ht_min=[0.32326, 0.31358, 0.09426, 1.40336, 0.07832, 0.24757, 2.2943, 0.55803, 1.65702, 1.37229, 3.47828, 1.49345]
PERFORMANCE: total number of moves (proposed, successful, accepted) in general, and to fix gamma=0.0,t=0.0 cases
	--------moves general--------				 --------moves gamma,t------	
move	 Num.Proposed	 Num.Successful	 Num.Accepted	 | Num.Proposed	 Num.Successful	 Num.Accepted
add		 2		 2		 1	 |	 NA 		 NA 		 NA 
mvorigin	 33		 33		 2	 |	 0		 0		 --
mvtarget	 34		 34		 0	 |	 0		 0		 --
chdir		 23		 23		 0	 |	 0		 0		 --
delete		 0		 0		 0	 |	 0		 0		 --
nni		 28		 10		 0	 |	 0		 0		 --
Total		 120		 102		 3	 |	 0		 0		 0
Proportion	 -- 		 1.0		 0.0	 |	 -- 		 0.0		 0.0
(C46,(Titanium_IBR_MLV_vaccine,((#H10:::0.32326361299958334,((((B589,(K22,#H12:::0.09425713548059138):1.4934483109627663):0.07831536775572853,(SP1777)#H12:::0.9057428645194087):0.24757179541248278,(BHV5)#H11:::0.6864164556592471):2.294296457632956,(216_II,#H11:::0.31358354434075286):0.5580269981049606):1.6570219736980314):1.3722853568907512,C33):1.4033646516217946):3.478280618177235,(Cooper)#H10:::0.6767363870004166);
---------------------
seed: 13034 for run 8, 2022-08-17 15:19:34.458

BEGIN SNaQ for run 8, seed 13034 and hmax 3
Begins heuristic optimization of network------

found best network, now we re-optimize branch lengths and gamma more precisely
STOPPED by number of failures criteria
END optTopLevel: found minimizer topology at step 152 (failures: 75) with -loglik=313.32238 and ht_min=[0.32365, 0.31367, 0.37667, 0.14947, 0.1139, 2.29359, 0.56066, 1.65867, 1.36482, 1.40514, 3.53082, 0.1772]
PERFORMANCE: total number of moves (proposed, successful, accepted) in general, and to fix gamma=0.0,t=0.0 cases
	--------moves general--------				 --------moves gamma,t------	
move	 Num.Proposed	 Num.Successful	 Num.Accepted	 | Num.Proposed	 Num.Successful	 Num.Accepted
add		 7		 4		 1	 |	 NA 		 NA 		 NA 
mvorigin	 37		 37		 0	 |	 0		 0		 --
mvtarget	 36		 35		 0	 |	 0		 0		 --
chdir		 32		 29		 2	 |	 0		 0		 --
delete		 0		 0		 0	 |	 0		 0		 --
nni		 40		 16		 0	 |	 0		 0		 --
Total		 152		 121		 3	 |	 0		 0		 0
Proportion	 -- 		 1.0		 0.0	 |	 -- 		 0.0		 0.0
(C46,(Titanium_IBR_MLV_vaccine,(C33,(#H10:::0.3236515089250166,((216_II,#H11:::0.31366522670389785):0.5606550889180317,((BHV5)#H11:::0.6863347732961022,(((K22,(SP1777)#H14:::0.623329132579379):0.11389827624479931,B589):0.17719532212016875,#H14:::0.376670867420621):0.1494724612687198):2.2935901668130017):1.658670855850792):1.3648217127325135):1.405136966505118):3.5308178032073134,(Cooper)#H10:::0.6763484910749834);
---------------------
seed: 56115 for run 9, 2022-08-17 15:31:35.534

BEGIN SNaQ for run 9, seed 56115 and hmax 3
Begins heuristic optimization of network------

found best network, now we re-optimize branch lengths and gamma more precisely
STOPPED by number of failures criteria
END optTopLevel: found minimizer topology at step 107 (failures: 75) with -loglik=313.04487 and ht_min=[0.32326, 0.31353, 0.25231, 2.2944, 0.55812, 1.6572, 1.37219, 1.40326, 3.48213, 0.07392, 0.06998]
PERFORMANCE: total number of moves (proposed, successful, accepted) in general, and to fix gamma=0.0,t=0.0 cases
	--------moves general--------				 --------moves gamma,t------	
move	 Num.Proposed	 Num.Successful	 Num.Accepted	 | Num.Proposed	 Num.Successful	 Num.Accepted
add		 1		 1		 1	 |	 NA 		 NA 		 NA 
mvorigin	 31		 31		 0	 |	 0		 0		 --
mvtarget	 26		 26		 0	 |	 0		 0		 --
chdir		 17		 17		 0	 |	 0		 0		 --
delete		 0		 0		 0	 |	 0		 0		 --
nni		 32		 3		 0	 |	 0		 0		 --
Total		 107		 78		 1	 |	 0		 0		 0
Proportion	 -- 		 1.0		 0.0	 |	 -- 		 0.0		 0.0
(C46,(Titanium_IBR_MLV_vaccine,(C33,(#H10:::0.3232610251867586,((((SP1777,(K22)#H12:::0.5136809996143331):0.15537035959147627,(B589,#H12:::0.4863190003856667):0.15537035959147627):0.2523110731741265,(BHV5)#H11:::0.6864675679267527):2.2944032467122213,(216_II,#H11:::0.3135324320732474):0.5581223323550885):1.6571983499175051):1.372194003867868):1.4032582191526883):3.4821337325600137,(Cooper)#H10:::0.6767389748132414);
---------------------
seed: 26433 for run 10, 2022-08-17 15:38:1.823

BEGIN SNaQ for run 10, seed 26433 and hmax 3 changed starting topology by NNI move

 changed starting network by move origin
Begins heuristic optimization of network------

found best network, now we re-optimize branch lengths and gamma more precisely
STOPPED by number of failures criteria
END optTopLevel: found minimizer topology at step 120 (failures: 75) with -loglik=313.11488 and ht_min=[0.32326, 0.31358, 0.09426, 1.40336, 0.07832, 0.24757, 2.2943, 0.55803, 1.65702, 1.37229, 3.47828, 1.49345]
PERFORMANCE: total number of moves (proposed, successful, accepted) in general, and to fix gamma=0.0,t=0.0 cases
	--------moves general--------				 --------moves gamma,t------	
move	 Num.Proposed	 Num.Successful	 Num.Accepted	 | Num.Proposed	 Num.Successful	 Num.Accepted
add		 2		 2		 1	 |	 NA 		 NA 		 NA 
mvorigin	 33		 33		 2	 |	 0		 0		 --
mvtarget	 34		 34		 0	 |	 0		 0		 --
chdir		 23		 23		 0	 |	 0		 0		 --
delete		 0		 0		 0	 |	 0		 0		 --
nni		 28		 10		 0	 |	 0		 0		 --
Total		 120		 102		 3	 |	 0		 0		 0
Proportion	 -- 		 1.0		 0.0	 |	 -- 		 0.0		 0.0
(C46,(Titanium_IBR_MLV_vaccine,((#H10:::0.32326361299958334,((((B589,(K22,#H12:::0.09425713548059138):1.4934483109627663):0.07831536775572853,(SP1777)#H12:::0.9057428645194087):0.24757179541248278,(BHV5)#H11:::0.6864164556592471):2.294296457632956,(216_II,#H11:::0.31358354434075286):0.5580269981049606):1.6570219736980314):1.3722853568907512,C33):1.4033646516217946):3.478280618177235,(Cooper)#H10:::0.6767363870004166);
---------------------
seed: 38117 for run 11, 2022-08-17 15:48:45.606

BEGIN SNaQ for run 11, seed 38117 and hmax 3 changed starting topology by NNI move

 changed starting network by move target
Begins heuristic optimization of network------

found best network, now we re-optimize branch lengths and gamma more precisely
STOPPED by number of failures criteria
END optTopLevel: found minimizer topology at step 144 (failures: 75) with -loglik=312.71474 and ht_min=[0.32324, 0.31292, 0.25403, 0.3468, 2.29129, 0.55954, 1.65695, 1.37235, 1.40327, 3.48044, 0.10493, 0.00089]
PERFORMANCE: total number of moves (proposed, successful, accepted) in general, and to fix gamma=0.0,t=0.0 cases
	--------moves general--------				 --------moves gamma,t------	
move	 Num.Proposed	 Num.Successful	 Num.Accepted	 | Num.Proposed	 Num.Successful	 Num.Accepted
add		 2		 2		 2	 |	 NA 		 NA 		 NA 
mvorigin	 40		 40		 0	 |	 2		 2		 --
mvtarget	 30		 29		 1	 |	 1		 1		 --
chdir		 28		 22		 1	 |	 3		 3		 --
delete		 0		 0		 0	 |	 0		 0		 --
nni		 44		 11		 1	 |	 9		 9		 --
Total		 144		 104		 5	 |	 15		 15		 4
Proportion	 -- 		 1.0		 0.0	 |	 -- 		 1.0		 0.3
(C46,(Titanium_IBR_MLV_vaccine,(C33,(#H10:::0.3232420899842014,((216_II,#H11:::0.31292294634828005):0.5595439269551781,((BHV5)#H11:::0.6870770536517199,(((K22,(B589)#H14:::0.7459705606365701):0.10493394113129184,SP1777):0.3467968819789488,#H14:::0.2540294393634299):0.0008914207481705588):2.291286706593656):1.6569508200899705):1.3723523440322138):1.4032736273922881):3.4804403529535346,(Cooper)#H10:::0.6767579100157985);
---------------------
seed: 21292 for run 12, 2022-08-17 15:52:40.172

BEGIN SNaQ for run 12, seed 21292 and hmax 3
 changed starting network by move origin
Begins heuristic optimization of network------

found best network, now we re-optimize branch lengths and gamma more precisely
STOPPED by number of failures criteria
END optTopLevel: found minimizer topology at step 132 (failures: 75) with -loglik=312.72001 and ht_min=[0.32354, 0.31287, 0.74051, 0.34061, 0.10664, 0.00767, 2.28915, 0.55949, 1.6596, 1.36969, 1.40282, 3.49649]
PERFORMANCE: total number of moves (proposed, successful, accepted) in general, and to fix gamma=0.0,t=0.0 cases
	--------moves general--------				 --------moves gamma,t------	
move	 Num.Proposed	 Num.Successful	 Num.Accepted	 | Num.Proposed	 Num.Successful	 Num.Accepted
add		 1		 1		 1	 |	 NA 		 NA 		 NA 
mvorigin	 31		 31		 1	 |	 0		 0		 --
mvtarget	 42		 42		 0	 |	 0		 0		 --
chdir		 23		 23		 2	 |	 0		 0		 --
delete		 0		 0		 0	 |	 0		 0		 --
nni		 35		 12		 0	 |	 0		 0		 --
Total		 132		 109		 4	 |	 0		 0		 0
Proportion	 -- 		 1.0		 0.0	 |	 -- 		 0.0		 0.0
(C46,(Titanium_IBR_MLV_vaccine,(C33,(#H10:::0.32353626264195523,(((BHV5)#H11:::0.6871329434168654,((SP1777,(K22,(B589)#H12:::0.7405144773404795):0.10663774580488056):0.34061370974230387,#H12:::0.2594855226595205):0.0076706271705356335):2.289150659149854,(216_II,#H11:::0.31286705658313463):0.5594905727794985):1.6595971618729775):1.3696948345654112):1.4028198468604527):3.4964850498703877,(Cooper)#H10:::0.6764637373580448);
---------------------
seed: 71478 for run 13, 2022-08-17 16:4:12.403

BEGIN SNaQ for run 13, seed 71478 and hmax 3
Begins heuristic optimization of network------

found best network, now we re-optimize branch lengths and gamma more precisely
STOPPED by number of failures criteria
END optTopLevel: found minimizer topology at step 204 (failures: 75) with -loglik=312.99386 and ht_min=[0.32383, 0.31672, 0.35093, 0.12613, 0.23721, 0.64499, 2.31182, 0.56384, 1.67534, 1.34345, 1.40779, 3.49289, 1.39518]
PERFORMANCE: total number of moves (proposed, successful, accepted) in general, and to fix gamma=0.0,t=0.0 cases
	--------moves general--------				 --------moves gamma,t------	
move	 Num.Proposed	 Num.Successful	 Num.Accepted	 | Num.Proposed	 Num.Successful	 Num.Accepted
add		 3		 1		 1	 |	 NA 		 NA 		 NA 
mvorigin	 68		 68		 0	 |	 0		 0		 --
mvtarget	 43		 34		 0	 |	 0		 0		 --
chdir		 39		 31		 2	 |	 0		 0		 --
delete		 0		 0		 0	 |	 0		 0		 --
nni		 51		 16		 0	 |	 0		 0		 --
Total		 204		 150		 3	 |	 0		 0		 0
Proportion	 -- 		 1.0		 0.0	 |	 -- 		 0.0		 0.0
((B589,(((BHV5)#H11:::0.6832770456059973,((216_II,#H11:::0.3167229543940026):0.5638405668920946,(#H10:::0.3238297864813965,(C33,(Titanium_IBR_MLV_vaccine,(C46,(Cooper)#H10:::0.6761702135186035):3.4928860356357965):1.4077866830127537):1.3434549526972295):1.675338949161743):2.311824467461011):0.0)#H12:0.6449867842684449::0.6490741454251933):0.12612777473412765,K22,(SP1777,#H12:1.3951755183982006::0.35092585457480674):0.23721281383258197);
---------------------
seed: 33803 for run 14, 2022-08-17 16:18:36.889

BEGIN SNaQ for run 14, seed 33803 and hmax 3 changed starting topology by NNI move

Begins heuristic optimization of network------

found best network, now we re-optimize branch lengths and gamma more precisely
STOPPED by number of failures criteria
END optTopLevel: found minimizer topology at step 189 (failures: 75) with -loglik=314.444 and ht_min=[0.33361, 0.31573, 0.11996, 0.08775, 0.75494, 2.30575, 0.55281, 1.71992, 1.26846, 1.39312, 9.45322, 0.44372, 0.32483]
PERFORMANCE: total number of moves (proposed, successful, accepted) in general, and to fix gamma=0.0,t=0.0 cases
	--------moves general--------				 --------moves gamma,t------	
move	 Num.Proposed	 Num.Successful	 Num.Accepted	 | Num.Proposed	 Num.Successful	 Num.Accepted
add		 1		 1		 1	 |	 NA 		 NA 		 NA 
mvorigin	 43		 43		 0	 |	 0		 0		 --
mvtarget	 51		 38		 0	 |	 0		 0		 --
chdir		 29		 22		 3	 |	 0		 0		 --
delete		 0		 0		 0	 |	 0		 0		 --
nni		 65		 17		 0	 |	 4		 4		 --
Total		 189		 121		 4	 |	 4		 4		 2
Proportion	 -- 		 1.0		 0.0	 |	 -- 		 1.0		 0.5
(K22,(B589,(((BHV5)#H11:::0.6842743083588534,((216_II,#H11:::0.31572569164114656):0.5528058360964827,(#H10:::0.33360669172410773,((Titanium_IBR_MLV_vaccine,(C46,(Cooper)#H10:::0.6663933082758923):9.453216931337852):1.393123377303534,C33):1.2684641732315955):1.719920046194719):2.3057525952672):0.0)#H12:0.4437161324604514::0.8800404049358018):0.08775076904762039,(SP1777,#H12:0.32483482827401583::0.11995959506419818):0.7549411177415402);
---------------------
seed: 63336 for run 15, 2022-08-17 16:31:28.868

BEGIN SNaQ for run 15, seed 63336 and hmax 3
 changed starting network by move origin
Begins heuristic optimization of network------

found best network, now we re-optimize branch lengths and gamma more precisely
STOPPED by number of failures criteria
END optTopLevel: found minimizer topology at step 169 (failures: 75) with -loglik=312.89583 and ht_min=[0.32329, 0.31345, 0.19473, 0.09999, 0.23293, 2.29446, 0.55807, 1.65725, 1.37206, 1.40377, 3.48316, 0.47454]
PERFORMANCE: total number of moves (proposed, successful, accepted) in general, and to fix gamma=0.0,t=0.0 cases
	--------moves general--------				 --------moves gamma,t------	
move	 Num.Proposed	 Num.Successful	 Num.Accepted	 | Num.Proposed	 Num.Successful	 Num.Accepted
add		 2		 1		 1	 |	 NA 		 NA 		 NA 
mvorigin	 42		 42		 1	 |	 0		 0		 --
mvtarget	 53		 53		 0	 |	 0		 0		 --
chdir		 36		 36		 2	 |	 0		 0		 --
delete		 0		 0		 0	 |	 0		 0		 --
nni		 36		 8		 0	 |	 0		 0		 --
Total		 169		 140		 4	 |	 0		 0		 0
Proportion	 -- 		 1.0		 0.0	 |	 -- 		 0.0		 0.0
(C46,(Titanium_IBR_MLV_vaccine,(C33,(#H10:::0.3232929555079891,((216_II,#H11:::0.31345243352259217):0.5580691574582823,(((SP1777,(K22,#H12:::0.19473033404248993):0.4745375191615417):0.09998557350464637,(B589)#H12:::0.80526966595751):0.23292801058506096,(BHV5)#H11:::0.6865475664774079):2.294460675913609):1.657252683855082):1.3720585981971463):1.4037741059436935):3.4831623693295466,(Cooper)#H10:::0.6767070444920109);
---------------------
seed: 39894 for run 16, 2022-08-17 16:48:43.032

BEGIN SNaQ for run 16, seed 39894 and hmax 3
Begins heuristic optimization of network------

found best network, now we re-optimize branch lengths and gamma more precisely
STOPPED by number of failures criteria
END optTopLevel: found minimizer topology at step 100 (failures: 75) with -loglik=313.04487 and ht_min=[0.32326, 0.31353, 2.29439, 0.55812, 1.65719, 1.37221, 1.40327, 3.48188, 0.25231, 0.07392, 0.06998]
PERFORMANCE: total number of moves (proposed, successful, accepted) in general, and to fix gamma=0.0,t=0.0 cases
	--------moves general--------				 --------moves gamma,t------	
move	 Num.Proposed	 Num.Successful	 Num.Accepted	 | Num.Proposed	 Num.Successful	 Num.Accepted
add		 1		 1		 1	 |	 NA 		 NA 		 NA 
mvorigin	 34		 34		 0	 |	 0		 0		 --
mvtarget	 24		 24		 0	 |	 0		 0		 --
chdir		 23		 23		 1	 |	 0		 0		 --
delete		 0		 0		 0	 |	 0		 0		 --
nni		 18		 8		 0	 |	 0		 0		 --
Total		 100		 90		 2	 |	 0		 0		 0
Proportion	 -- 		 1.0		 0.0	 |	 -- 		 0.0		 0.0
(C46,(Titanium_IBR_MLV_vaccine,(C33,(#H10:::0.32325955676886126,(((BHV5)#H11:::0.6864690309795953,((B589,#H12:::0.4863138391454535):0.15536709108975869,(SP1777,(K22)#H12:::0.5136861608545465):0.15536709108975869):0.2523121862206316):2.294391321461575,(216_II,#H11:::0.3135309690204046):0.5581233946538082):1.6571943016802702):1.3722056751727287):1.403267796725148):3.4818808920347917,(Cooper)#H10:::0.6767404432311388);
---------------------
seed: 72862 for run 17, 2022-08-17 16:57:17.06

BEGIN SNaQ for run 17, seed 72862 and hmax 3
Begins heuristic optimization of network------

found best network, now we re-optimize branch lengths and gamma more precisely
STOPPED by number of failures criteria
END optTopLevel: found minimizer topology at step 134 (failures: 75) with -loglik=313.04487 and ht_min=[0.32326, 0.31353, 0.25231, 2.2944, 0.55813, 1.65719, 1.37221, 1.40327, 3.48198, 0.07392, 0.06998]
PERFORMANCE: total number of moves (proposed, successful, accepted) in general, and to fix gamma=0.0,t=0.0 cases
	--------moves general--------				 --------moves gamma,t------	
move	 Num.Proposed	 Num.Successful	 Num.Accepted	 | Num.Proposed	 Num.Successful	 Num.Accepted
add		 2		 2		 1	 |	 NA 		 NA 		 NA 
mvorigin	 40		 40		 0	 |	 0		 0		 --
mvtarget	 30		 29		 0	 |	 0		 0		 --
chdir		 32		 29		 2	 |	 0		 0		 --
delete		 0		 0		 0	 |	 0		 0		 --
nni		 30		 8		 0	 |	 0		 0		 --
Total		 134		 108		 3	 |	 0		 0		 0
Proportion	 -- 		 1.0		 0.0	 |	 -- 		 0.0		 0.0
(C46,(Titanium_IBR_MLV_vaccine,(C33,(#H10:::0.3232595657560778,(((BHV5)#H11:::0.6864688355577113,((SP1777,(K22)#H12:::0.5136898870680181):0.15537521028516063,(B589,#H12:::0.48631011293198195):0.15537521028516063):0.2523085490282729):2.2944007018049564,(216_II,#H11:::0.3135311644422887):0.5581286162560911):1.6571896147707452):1.3722133812006525):1.4032716722744356):3.481983099691033,(Cooper)#H10:::0.6767404342439223);
---------------------
seed: 30608 for run 18, 2022-08-17 17:7:54.094

BEGIN SNaQ for run 18, seed 30608 and hmax 3
 changed starting network by move origin
Begins heuristic optimization of network------

found best network, now we re-optimize branch lengths and gamma more precisely
STOPPED by number of failures criteria
END optTopLevel: found minimizer topology at step 172 (failures: 75) with -loglik=312.8803 and ht_min=[0.3233, 0.31357, 0.31891, 0.11943, 0.2143, 2.29462, 0.55827, 1.65713, 1.37191, 1.40309, 3.48886, 0.26368]
PERFORMANCE: total number of moves (proposed, successful, accepted) in general, and to fix gamma=0.0,t=0.0 cases
	--------moves general--------				 --------moves gamma,t------	
move	 Num.Proposed	 Num.Successful	 Num.Accepted	 | Num.Proposed	 Num.Successful	 Num.Accepted
add		 1		 1		 1	 |	 NA 		 NA 		 NA 
mvorigin	 37		 37		 1	 |	 0		 0		 --
mvtarget	 50		 50		 0	 |	 0		 0		 --
chdir		 35		 35		 2	 |	 0		 0		 --
delete		 0		 0		 0	 |	 0		 0		 --
nni		 49		 14		 0	 |	 0		 0		 --
Total		 172		 137		 4	 |	 0		 0		 0
Proportion	 -- 		 1.0		 0.0	 |	 -- 		 0.0		 0.0
(C46,(Titanium_IBR_MLV_vaccine,(C33,(#H10:::0.3232979829902832,((((SP1777,(K22,#H12:::0.3189081474888526):0.2636836593615543):0.11943423117880235,(B589)#H12:::0.6810918525111473):0.2143017932801203,(BHV5)#H11:::0.6864266845320206):2.2946206927642345,(216_II,#H11:::0.31357331546797934):0.5582748681055462):1.657130986829989):1.3719123896968193):1.4030948162276375):3.4888645543166383,(Cooper)#H10:::0.6767020170097169);
---------------------
seed: 51659 for run 19, 2022-08-17 17:24:5.473

BEGIN SNaQ for run 19, seed 51659 and hmax 3
Begins heuristic optimization of network------

found best network, now we re-optimize branch lengths and gamma more precisely
STOPPED by number of failures criteria
END optTopLevel: found minimizer topology at step 112 (failures: 75) with -loglik=313.04487 and ht_min=[0.32326, 0.31353, 0.2523, 2.29442, 0.55812, 1.65718, 1.37222, 1.40327, 3.48197, 0.07392, 0.06999]
PERFORMANCE: total number of moves (proposed, successful, accepted) in general, and to fix gamma=0.0,t=0.0 cases
	--------moves general--------				 --------moves gamma,t------	
move	 Num.Proposed	 Num.Successful	 Num.Accepted	 | Num.Proposed	 Num.Successful	 Num.Accepted
add		 9		 3		 1	 |	 NA 		 NA 		 NA 
mvorigin	 24		 24		 0	 |	 0		 0		 --
mvtarget	 31		 31		 0	 |	 0		 0		 --
chdir		 23		 23		 0	 |	 0		 0		 --
delete		 0		 0		 0	 |	 0		 0		 --
nni		 25		 11		 0	 |	 0		 0		 --
Total		 112		 92		 1	 |	 0		 0		 0
Proportion	 -- 		 1.0		 0.0	 |	 -- 		 0.0		 0.0
(C46,(Titanium_IBR_MLV_vaccine,(C33,(#H10:::0.3232592093894441,((((SP1777,(K22)#H12:::0.5136738000189571):0.15538237668951418,(B589,#H12:::0.4863261999810429):0.15538237668951418):0.25230113677832305,(BHV5)#H11:::0.6864655361167247):2.294417157571696,(216_II,#H11:::0.3135344638832753):0.5581171912290522):1.6571810798582107):1.3722247650786645):1.4032666409845058):3.4819658610508224,(Cooper)#H10:::0.6767407906105559);
---------------------
seed: 99997 for run 20, 2022-08-17 17:32:14.048

BEGIN SNaQ for run 20, seed 99997 and hmax 3
 changed starting network by move origin
Begins heuristic optimization of network------

found best network, now we re-optimize branch lengths and gamma more precisely
STOPPED by number of failures criteria
END optTopLevel: found minimizer topology at step 163 (failures: 75) with -loglik=313.04487 and ht_min=[0.32326, 0.31353, 0.25231, 2.29439, 0.55812, 1.65719, 1.37221, 1.40327, 3.48192, 0.06998, 0.07392]
PERFORMANCE: total number of moves (proposed, successful, accepted) in general, and to fix gamma=0.0,t=0.0 cases
	--------moves general--------				 --------moves gamma,t------	
move	 Num.Proposed	 Num.Successful	 Num.Accepted	 | Num.Proposed	 Num.Successful	 Num.Accepted
add		 10		 1		 1	 |	 NA 		 NA 		 NA 
mvorigin	 39		 39		 2	 |	 0		 0		 --
mvtarget	 31		 31		 0	 |	 0		 0		 --
chdir		 38		 38		 1	 |	 0		 0		 --
delete		 0		 0		 0	 |	 0		 0		 --
nni		 45		 21		 1	 |	 0		 0		 --
Total		 163		 130		 5	 |	 0		 0		 0
Proportion	 -- 		 1.0		 0.0	 |	 -- 		 0.0		 0.0
(C46,(Titanium_IBR_MLV_vaccine,(C33,(#H10:::0.32325951293179606,((216_II,#H11:::0.31353148453666957):0.5581202970452775,(((B589,(K22)#H12:::0.4863189011135903):0.15537419400903532,(SP1777,#H12:::0.5136810988864098):0.15537419400903532):0.25231079319619215,(BHV5)#H11:::0.6864685154633304):2.2943915972727913):1.657190363900022):1.3722118160590586):1.403266001143571):3.481924405201802,(Cooper)#H10:::0.6767404870682039);
---------------------

2022-08-17 17:41:26.853
MaxNet is (K22,(B589,#H12:0.0::0.4498550401902591):0.18974158996147958,(SP1777,(((BHV5)#H11:::0.687325109719822,((216_II,#H11:::0.31267489028017803):0.5603980518633885,(#H10:::0.32325058447841903,(C33,(Titanium_IBR_MLV_vaccine,(C46,(Cooper)#H10:::0.676749415521581):3.481472988627528):1.4034071685061333):1.3723143495978956):1.6571421458392528):2.289950747031309):0.0)#H12:7.171735750700444::0.5501449598097409):0.1706780162077211); 
with -loglik 312.09545236068
