(Titanium_IBR_MLV_vaccine,(Cooper,C46):0.4523321951394963,(C33,(216_II,(((K22,SP1777):0.038051155254152806,B589):0.7525156478547702,BHV5):1.0010061540720185):2.603331043390411):0.7778472446939959); -Ploglik = 660.7009852001303
 Dendroscope: (Titanium_IBR_MLV_vaccine,(Cooper,C46):0.4523321951394963,(C33,(216_II,(((K22,SP1777):0.038051155254152806,B589):0.7525156478547702,BHV5):1.0010061540720185):2.603331043390411):0.7778472446939959);
 Elapsed time: 1784.33 seconds, 20 attempted runs
-------
List of estimated networks for all runs (sorted by log-pseudolik; the smaller, the better):
 (Titanium_IBR_MLV_vaccine,(Cooper,C46):0.4523321951394963,(C33,(216_II,(((K22,SP1777):0.038051155254152806,B589):0.7525156478547702,BHV5):1.0010061540720185):2.603331043390411):0.7778472446939959);, with -loglik 660.7009852001303
 (Titanium_IBR_MLV_vaccine,(Cooper,C46):0.4523320655800575,(C33,((BHV5,(B589,(SP1777,K22):0.038051857607449675):0.7525154172243699):1.0010059070942463,216_II):2.603332917851741):0.7778477042872605);, with -loglik 660.7009852002408
 (Titanium_IBR_MLV_vaccine,(Cooper,C46):0.45233330722915305,(((((K22,SP1777):0.03805198267757003,B589):0.7525153237243346,BHV5):1.0010057668796548,216_II):2.6033324161609674,C33):0.7778466910986167);, with -loglik 660.7009852005582
 (C46,((C33,(216_II,(((K22,SP1777):0.03805184376207274,B589):0.7525152131744116,BHV5):1.0010061304374107):2.603335181692851):0.7778482699750546,Titanium_IBR_MLV_vaccine):0.45233203623162993,Cooper);, with -loglik 660.7009852009261
 (C46,((C33,(216_II,(((SP1777,K22):0.03804959913715837,B589):0.7525159795468563,BHV5):1.0010069815245306):2.6033307745199807):0.777847499977351,Titanium_IBR_MLV_vaccine):0.4523328092448565,Cooper);, with -loglik 660.7009852020802
 (C46,((C33,(216_II,((B589,(SP1777,K22):0.038049603972055604):0.7525168135798916,BHV5):1.001006644171324):2.603333110905355):0.7778470108641968,Titanium_IBR_MLV_vaccine):0.45233179258900064,Cooper);, with -loglik 660.7009852021403
 (Titanium_IBR_MLV_vaccine,(Cooper,C46):0.4523332464383583,(C33,(216_II,(((SP1777,K22):0.03805103977727947,B589):0.7525142136122154,BHV5):1.001008622626543):2.603333756156741):0.7778482336148665);, with -loglik 660.7009852027232
 (Titanium_IBR_MLV_vaccine,(Cooper,C46):0.4523343636842223,(C33,(216_II,(((SP1777,K22):0.03804976270216357,B589):0.7525151517559941,BHV5):1.0010068545678215):2.603333031085218):0.7778472556224396);, with -loglik 660.7009852029265
 (Titanium_IBR_MLV_vaccine,(Cooper,C46):0.4523323659204227,((216_II,(((K22,SP1777):0.038053080215301245,B589):0.7525160231530179,BHV5):1.001006885118523):2.6033293449246893,C33):0.7778483849597481);, with -loglik 660.7009852031492
 (Titanium_IBR_MLV_vaccine,(Cooper,C46):0.4523338176409688,((216_II,(((SP1777,K22):0.038048386287790344,B589):0.7525163383769944,BHV5):1.0010059202981532):2.603331168068542,C33):0.777846514911643);, with -loglik 660.7009852060386
 (C46,((C33,(216_II,(((SP1777,K22):0.03805370316529557,B589):0.7525160684679721,BHV5):1.0010049665901752):2.603332265290051):0.7778494761174368,Titanium_IBR_MLV_vaccine):0.45233352062368565,Cooper);, with -loglik 660.7009852061523
 (C46,((C33,(216_II,(((SP1777,K22):0.03805022943409656,B589):0.7525139573621271,BHV5):1.001005164926865):2.6033405599275383):0.7778478872237559,Titanium_IBR_MLV_vaccine):0.4523311522098092,Cooper);, with -loglik 660.7009852072356
 (Titanium_IBR_MLV_vaccine,(Cooper,C46):0.4523330536033985,(C33,(216_II,(((SP1777,K22):0.038047738328392006,B589):0.7525165965292931,BHV5):1.001007515970306):2.6033334203310576):0.7778473694498834);, with -loglik 660.7009852084426
 (C46,((C33,(216_II,(((K22,SP1777):0.03805257334700588,B589):0.7525180319095821,BHV5):1.0010075807755512):2.60332795558336):0.7778483175113221,Titanium_IBR_MLV_vaccine):0.45233575505992885,Cooper);, with -loglik 660.7009852095929
 (C46,((C33,((BHV5,((SP1777,K22):0.038049537248339725,B589):0.7525195146102274):1.0010027821715235,216_II):2.6033337937344356):0.77785214943062,Titanium_IBR_MLV_vaccine):0.4523322235909265,Cooper);, with -loglik 660.7009852144665
 (Titanium_IBR_MLV_vaccine,(C46,Cooper):0.4523341950003218,(C33,(216_II,(((K22,SP1777):0.038046431714863445,B589):0.7525180588122029,BHV5):1.0010055137477623):2.603327747017787):0.7778461291728498);, with -loglik 660.7009852175119
 (Titanium_IBR_MLV_vaccine,(Cooper,C46):0.452335648567479,(C33,(216_II,(((SP1777,K22):0.03804462352771017,B589):0.7525152038389272,BHV5):1.00100948657543):2.6033302743800277):0.777845004828193);, with -loglik 660.7009852359131
 (Titanium_IBR_MLV_vaccine,(Cooper,C46):0.45233130333112864,(C33,(216_II,(((K22,SP1777):0.03805387184507809,B589):0.7525121014115452,BHV5):1.0010209885956627):2.603322127223123):0.7778449918727882);, with -loglik 660.7009852661807
 (C46,((C33,(216_II,(((K22,SP1777):0.038033656899933425,B589):0.7525220580750113,BHV5):1.001006662294455):2.6033229652157677):0.7778504901093913,Titanium_IBR_MLV_vaccine):0.45233172224349516,Cooper);, with -loglik 660.7009854000181
 (Titanium_IBR_MLV_vaccine,(Cooper,C46):0.4523327853634324,(C33,(216_II,(((K22,SP1777):0.03809155753950712,B589):0.7525074143402005,BHV5):1.0010024807542772):2.603339711819544):0.7778360784695839);, with -loglik 660.7009862499649
-------
