optimization of topology, BL and inheritance probabilities using:
 hmax = 1,
 tolerance parameters: ftolRel=1.0e-6, ftolAbs=1.0e-6,
                       xtolAbs=0.001, xtolRel=0.01.
 max number of failed proposals = 75, liktolAbs = 1.0e-6.
rootname for files: /home/zergling/.emacs.d/virus-project/analysis/snaq/fromSNPs/set1c-97genes-L2R/net1
BEGIN: 20 runs on starting tree (Titanium_IBR_MLV_vaccine,(Cooper,C46):0.4523321951394963,(C33,(216_II,(((K22,SP1777):0.038051155254152806,B589):0.7525156478547702,BHV5):1.0010061540720185):2.603331043390411):0.7778472446939959);

main seed 96704
seed: 96704 for run 1, 2023-04-16 17:17:48.514

BEGIN SNaQ for run 1, seed 96704 and hmax 1
Begins heuristic optimization of network------

found best network, now we re-optimize branch lengths and gamma more precisely
STOPPED by number of failures criteria
END optTopLevel: found minimizer topology at step 143 (failures: 75) with -loglik=400.83826 and ht_min=[0.32324, 3.48114, 1.72439, 0.03805, 0.75255, 1.001, 1.40331, 1.37272]
PERFORMANCE: total number of moves (proposed, successful, accepted) in general, and to fix gamma=0.0,t=0.0 cases
	--------moves general--------				 --------moves gamma,t------	
move	 Num.Proposed	 Num.Successful	 Num.Accepted	 | Num.Proposed	 Num.Successful	 Num.Accepted
add		 1		 1		 1	 |	 NA 		 NA 		 NA 
mvorigin	 35		 35		 8	 |	 0		 0		 --
mvtarget	 32		 32		 0	 |	 0		 0		 --
chdir		 19		 19		 0	 |	 0		 0		 --
delete		 0		 0		 0	 |	 0		 0		 --
nni		 56		 54		 0	 |	 0		 0		 --
Total		 143		 141		 9	 |	 0		 0		 0
Proportion	 -- 		 1.0		 0.1	 |	 -- 		 0.0		 0.0
(Titanium_IBR_MLV_vaccine,(C46,(Cooper)#H10:::0.6767553209216801):3.481137428395435,(C33,((216_II,(BHV5,(B589,(SP1777,K22):0.03804907014236216):0.7525540760468024):1.0010011011825406):1.7243894816087357,#H10:::0.3232446790783199):1.37271585778029):1.4033101558266072);
---------------------
seed: 7628 for run 2, 2023-04-16 17:22:0.054

BEGIN SNaQ for run 2, seed 7628 and hmax 1 changed starting topology by NNI move

Begins heuristic optimization of network------

found best network, now we re-optimize branch lengths and gamma more precisely
STOPPED by number of failures criteria
END optTopLevel: found minimizer topology at step 143 (failures: 75) with -loglik=587.31524 and ht_min=[0.43258, 0.45234, 2.77931, 0.0, 0.08364, 2.57529, 0.77779, 0.33801]
PERFORMANCE: total number of moves (proposed, successful, accepted) in general, and to fix gamma=0.0,t=0.0 cases
	--------moves general--------				 --------moves gamma,t------	
move	 Num.Proposed	 Num.Successful	 Num.Accepted	 | Num.Proposed	 Num.Successful	 Num.Accepted
add		 3		 3		 1	 |	 NA 		 NA 		 NA 
mvorigin	 35		 35		 6	 |	 0		 0		 --
mvtarget	 39		 39		 0	 |	 0		 0		 --
chdir		 19		 19		 0	 |	 0		 0		 --
delete		 0		 0		 0	 |	 0		 0		 --
nni		 47		 44		 2	 |	 0		 0		 --
Total		 143		 140		 9	 |	 0		 0		 0
Proportion	 -- 		 1.0		 0.1	 |	 -- 		 0.0		 0.0
(Titanium_IBR_MLV_vaccine,(Cooper,C46):0.45234197767367906,(C33,((SP1777,((K22,B589):3.095249682680519e-6,(BHV5)#H10:::0.5674182765434123):0.08363844767398097):2.7793062893090505,(#H10:::0.43258172345658774,216_II):0.33801463509234825):2.5752872378081326):0.777794834491895);
---------------------
seed: 84388 for run 3, 2023-04-16 17:23:29.156

BEGIN SNaQ for run 3, seed 84388 and hmax 1 changed starting topology by NNI move

Begins heuristic optimization of network------

found best network, now we re-optimize branch lengths and gamma more precisely
STOPPED by number of failures criteria
END optTopLevel: found minimizer topology at step 162 (failures: 75) with -loglik=401.78583 and ht_min=[0.33359, 9.47416, 1.78632, 0.03805, 0.75256, 1.001, 1.3932, 1.26963]
PERFORMANCE: total number of moves (proposed, successful, accepted) in general, and to fix gamma=0.0,t=0.0 cases
	--------moves general--------				 --------moves gamma,t------	
move	 Num.Proposed	 Num.Successful	 Num.Accepted	 | Num.Proposed	 Num.Successful	 Num.Accepted
add		 1		 1		 1	 |	 NA 		 NA 		 NA 
mvorigin	 53		 53		 1	 |	 0		 0		 --
mvtarget	 52		 52		 0	 |	 0		 0		 --
chdir		 14		 14		 0	 |	 0		 0		 --
delete		 0		 0		 0	 |	 0		 0		 --
nni		 42		 38		 4	 |	 1		 1		 --
Total		 162		 158		 6	 |	 1		 1		 1
Proportion	 -- 		 1.0		 0.0	 |	 -- 		 1.0		 1.0
(Titanium_IBR_MLV_vaccine,(C46,(Cooper)#H10:::0.6664065493057454):9.474160606118248,(C33,((216_II,(((K22,SP1777):0.03805449411327657,B589):0.7525583121369842,BHV5):1.0009994522622032):1.7863228578570085,#H10:::0.3335934506942546):1.2696347910768233):1.3931983017147984);
---------------------
seed: 60224 for run 4, 2023-04-16 17:28:26.168

BEGIN SNaQ for run 4, seed 60224 and hmax 1 changed starting topology by NNI move

Begins heuristic optimization of network------

found best network, now we re-optimize branch lengths and gamma more precisely
STOPPED by number of failures criteria
END optTopLevel: found minimizer topology at step 105 (failures: 75) with -loglik=400.83826 and ht_min=[0.32324, 3.48112, 0.03805, 0.75255, 1.001, 1.72439, 1.40331, 1.37272]
PERFORMANCE: total number of moves (proposed, successful, accepted) in general, and to fix gamma=0.0,t=0.0 cases
	--------moves general--------				 --------moves gamma,t------	
move	 Num.Proposed	 Num.Successful	 Num.Accepted	 | Num.Proposed	 Num.Successful	 Num.Accepted
add		 1		 1		 1	 |	 NA 		 NA 		 NA 
mvorigin	 33		 33		 2	 |	 0		 0		 --
mvtarget	 32		 32		 0	 |	 0		 0		 --
chdir		 8		 8		 0	 |	 0		 0		 --
delete		 0		 0		 0	 |	 0		 0		 --
nni		 31		 27		 2	 |	 3		 3		 --
Total		 105		 101		 5	 |	 3		 3		 2
Proportion	 -- 		 1.0		 0.0	 |	 -- 		 1.0		 0.7
(Titanium_IBR_MLV_vaccine,(C46,(Cooper)#H10:::0.6767561529286252):3.4811246836910636,(C33,((216_II,(((K22,SP1777):0.038052527543184916,B589):0.7525515312310106,BHV5):1.0010001046333288):1.724386724606481,#H10:::0.3232438470713748):1.3727225669938286):1.403307213479004);
---------------------
seed: 32665 for run 5, 2023-04-16 17:30:58.347

BEGIN SNaQ for run 5, seed 32665 and hmax 1 changed starting topology by NNI move

Begins heuristic optimization of network------

found best network, now we re-optimize branch lengths and gamma more precisely
STOPPED by number of failures criteria
END optTopLevel: found minimizer topology at step 135 (failures: 75) with -loglik=400.83826 and ht_min=[0.32324, 1.72439, 3.48111, 0.03805, 0.75255, 1.001, 1.40331, 1.37272, 6.28082, 7.65735]
PERFORMANCE: total number of moves (proposed, successful, accepted) in general, and to fix gamma=0.0,t=0.0 cases
	--------moves general--------				 --------moves gamma,t------	
move	 Num.Proposed	 Num.Successful	 Num.Accepted	 | Num.Proposed	 Num.Successful	 Num.Accepted
add		 3		 3		 1	 |	 NA 		 NA 		 NA 
mvorigin	 40		 40		 1	 |	 0		 0		 --
mvtarget	 41		 41		 0	 |	 0		 0		 --
chdir		 11		 11		 1	 |	 0		 0		 --
delete		 0		 0		 0	 |	 0		 0		 --
nni		 40		 36		 3	 |	 1		 1		 --
Total		 135		 131		 6	 |	 1		 1		 1
Proportion	 -- 		 1.0		 0.0	 |	 -- 		 1.0		 1.0
(Titanium_IBR_MLV_vaccine,(C46,(Cooper)#H10:6.280822635021737::0.6767565538545489):3.4811139774581026,(C33,((216_II,(((K22,SP1777):0.03805206348114188,B589):0.7525507404662034,BHV5):1.0010025462546757):1.7243865435231924,#H10:7.657349045346457::0.3232434461454511):1.372719388677965):1.4033102586940813);
---------------------
seed: 9 for run 6, 2023-04-16 17:35:54.239

BEGIN SNaQ for run 6, seed 9 and hmax 1 changed starting topology by NNI move

Begins heuristic optimization of network------

found best network, now we re-optimize branch lengths and gamma more precisely
STOPPED by number of failures criteria
END optTopLevel: found minimizer topology at step 95 (failures: 75) with -loglik=400.83826 and ht_min=[0.32324, 3.48117, 0.03805, 0.75255, 1.37272, 1.001, 1.40331, 1.72439]
PERFORMANCE: total number of moves (proposed, successful, accepted) in general, and to fix gamma=0.0,t=0.0 cases
	--------moves general--------				 --------moves gamma,t------	
move	 Num.Proposed	 Num.Successful	 Num.Accepted	 | Num.Proposed	 Num.Successful	 Num.Accepted
add		 1		 1		 1	 |	 NA 		 NA 		 NA 
mvorigin	 27		 27		 1	 |	 0		 0		 --
mvtarget	 32		 32		 0	 |	 0		 0		 --
chdir		 7		 7		 0	 |	 0		 0		 --
delete		 0		 0		 0	 |	 0		 0		 --
nni		 28		 24		 1	 |	 2		 2		 --
Total		 95		 91		 3	 |	 2		 2		 2
Proportion	 -- 		 1.0		 0.0	 |	 -- 		 1.0		 1.0
((C46,(Cooper)#H10:::0.676756473544872):3.4811718807178016,(C33,((216_II,(((SP1777,K22):0.03805201105464201,B589):0.7525522377355456,BHV5):1.001001601732622):1.7243869905275957,#H10:::0.323243526455128):1.372723582141646):1.4033085711933326,Titanium_IBR_MLV_vaccine);
---------------------
seed: 8650 for run 7, 2023-04-16 17:39:2.172

BEGIN SNaQ for run 7, seed 8650 and hmax 1
Begins heuristic optimization of network------

found best network, now we re-optimize branch lengths and gamma more precisely
STOPPED by number of failures criteria
END optTopLevel: found minimizer topology at step 167 (failures: 75) with -loglik=632.56645 and ht_min=[0.0798, 0.45222, 0.05673, 2.05779, 0.87101, 1.35077, 0.77794, 2.72186, 0.0, 4.43753]
PERFORMANCE: total number of moves (proposed, successful, accepted) in general, and to fix gamma=0.0,t=0.0 cases
	--------moves general--------				 --------moves gamma,t------	
move	 Num.Proposed	 Num.Successful	 Num.Accepted	 | Num.Proposed	 Num.Successful	 Num.Accepted
add		 1		 1		 1	 |	 NA 		 NA 		 NA 
mvorigin	 50		 50		 3	 |	 0		 0		 --
mvtarget	 50		 50		 1	 |	 0		 0		 --
chdir		 10		 10		 0	 |	 0		 0		 --
delete		 0		 0		 0	 |	 0		 0		 --
nni		 56		 48		 1	 |	 1		 1		 --
Total		 167		 159		 6	 |	 1		 1		 1
Proportion	 -- 		 1.0		 0.0	 |	 -- 		 1.0		 1.0
(K22,((BHV5,(216_II,((C33,(Titanium_IBR_MLV_vaccine,(Cooper,C46):0.4522198471481188):0.7779350833368072):2.7218639666290123)#H10:0.0::0.9202044996625459):1.3507730416983537):0.8710073177224104,B589):0.05673258599114241,(SP1777,#H10:4.4375259068156385::0.07979550033745406):2.0577870824838005);
---------------------
seed: 31996 for run 8, 2023-04-16 17:43:54.696

BEGIN SNaQ for run 8, seed 31996 and hmax 1 changed starting topology by NNI move

Begins heuristic optimization of network------

found best network, now we re-optimize branch lengths and gamma more precisely
STOPPED by number of failures criteria
END optTopLevel: found minimizer topology at step 189 (failures: 75) with -loglik=400.9495 and ht_min=[0.32324, 3.48118, 1.40331, 1.37273, 0.03491, 0.75419, 1.00083, 1.72438]
PERFORMANCE: total number of moves (proposed, successful, accepted) in general, and to fix gamma=0.0,t=0.0 cases
	--------moves general--------				 --------moves gamma,t------	
move	 Num.Proposed	 Num.Successful	 Num.Accepted	 | Num.Proposed	 Num.Successful	 Num.Accepted
add		 5		 5		 1	 |	 NA 		 NA 		 NA 
mvorigin	 44		 44		 4	 |	 0		 0		 --
mvtarget	 43		 43		 2	 |	 0		 0		 --
chdir		 20		 20		 1	 |	 0		 0		 --
delete		 0		 0		 0	 |	 0		 0		 --
nni		 77		 64		 4	 |	 3		 3		 --
Total		 189		 176		 12	 |	 3		 3		 2
Proportion	 -- 		 1.0		 0.1	 |	 -- 		 1.0		 0.7
(Titanium_IBR_MLV_vaccine,(C33,((216_II,(((K22,B589):0.034913255353160255,SP1777):0.7541885641680501,BHV5):1.000833861196739):1.7243800651328296,#H10:::0.3232441140521557):1.3727291740132668):1.4033090409451172,(C46,(Cooper)#H10:::0.6767558859478443):3.481179068746643);
---------------------
seed: 61890 for run 9, 2023-04-16 17:48:2.877

BEGIN SNaQ for run 9, seed 61890 and hmax 1 changed starting topology by NNI move

Begins heuristic optimization of network------

found best network, now we re-optimize branch lengths and gamma more precisely
STOPPED by number of failures criteria
END optTopLevel: found minimizer topology at step 114 (failures: 75) with -loglik=605.8145 and ht_min=[0.04977, 0.6448, 0.01977, 0.72594, 1.06372, 3.20305, 0.97861, 0.0]
PERFORMANCE: total number of moves (proposed, successful, accepted) in general, and to fix gamma=0.0,t=0.0 cases
	--------moves general--------				 --------moves gamma,t------	
move	 Num.Proposed	 Num.Successful	 Num.Accepted	 | Num.Proposed	 Num.Successful	 Num.Accepted
add		 2		 2		 1	 |	 NA 		 NA 		 NA 
mvorigin	 26		 26		 3	 |	 0		 0		 --
mvtarget	 36		 36		 0	 |	 0		 0		 --
chdir		 11		 11		 0	 |	 0		 0		 --
delete		 0		 0		 0	 |	 0		 0		 --
nni		 39		 38		 1	 |	 1		 1		 --
Total		 114		 113		 5	 |	 1		 1		 1
Proportion	 -- 		 1.0		 0.0	 |	 -- 		 1.0		 1.0
(Titanium_IBR_MLV_vaccine,(C46,(Cooper)#H10:::0.9502341023761879):0.6447964187197996,(C33,(216_II,((B589,(K22,(SP1777,#H10:::0.04976589762381212):1.7434229961426577e-20):0.019769366760980796):0.7259350759402811,BHV5):1.063719386283624):3.2030504700545492):0.9786089707150761);
---------------------
seed: 58054 for run 10, 2023-04-16 17:49:26.58

BEGIN SNaQ for run 10, seed 58054 and hmax 1
Begins heuristic optimization of network------

found best network, now we re-optimize branch lengths and gamma more precisely
STOPPED by number of failures criteria
END optTopLevel: found minimizer topology at step 180 (failures: 75) with -loglik=400.83826 and ht_min=[0.32324, 3.48114, 1.37273, 0.03805, 0.75255, 1.001, 1.40331, 1.72438]
PERFORMANCE: total number of moves (proposed, successful, accepted) in general, and to fix gamma=0.0,t=0.0 cases
	--------moves general--------				 --------moves gamma,t------	
move	 Num.Proposed	 Num.Successful	 Num.Accepted	 | Num.Proposed	 Num.Successful	 Num.Accepted
add		 2		 1		 1	 |	 NA 		 NA 		 NA 
mvorigin	 53		 53		 9	 |	 0		 0		 --
mvtarget	 49		 49		 0	 |	 0		 0		 --
chdir		 26		 26		 0	 |	 0		 0		 --
delete		 0		 0		 0	 |	 0		 0		 --
nni		 50		 46		 2	 |	 0		 0		 --
Total		 180		 175		 12	 |	 0		 0		 0
Proportion	 -- 		 1.0		 0.1	 |	 -- 		 0.0		 0.0
(Titanium_IBR_MLV_vaccine,(C46,(Cooper)#H10:::0.6767566587669956):3.4811427640961288,(C33,((216_II,(((K22,SP1777):0.03805119269135637,B589):0.7525505425064116,BHV5):1.0010023152615426):1.7243785524584945,#H10:::0.32324334123300436):1.3727293231721003):1.4033060886811324);
---------------------
seed: 55511 for run 11, 2023-04-16 17:56:7.808

BEGIN SNaQ for run 11, seed 55511 and hmax 1
Begins heuristic optimization of network------

found best network, now we re-optimize branch lengths and gamma more precisely
STOPPED by number of failures criteria
END optTopLevel: found minimizer topology at step 118 (failures: 75) with -loglik=400.83826 and ht_min=[0.32324, 1.72439, 3.48117, 0.03805, 0.75255, 1.001, 1.40331, 1.37272]
PERFORMANCE: total number of moves (proposed, successful, accepted) in general, and to fix gamma=0.0,t=0.0 cases
	--------moves general--------				 --------moves gamma,t------	
move	 Num.Proposed	 Num.Successful	 Num.Accepted	 | Num.Proposed	 Num.Successful	 Num.Accepted
add		 1		 1		 1	 |	 NA 		 NA 		 NA 
mvorigin	 31		 31		 3	 |	 0		 0		 --
mvtarget	 32		 32		 1	 |	 0		 0		 --
chdir		 16		 16		 1	 |	 0		 0		 --
delete		 0		 0		 0	 |	 0		 0		 --
nni		 38		 34		 2	 |	 0		 0		 --
Total		 118		 114		 8	 |	 0		 0		 0
Proportion	 -- 		 1.0		 0.1	 |	 -- 		 0.0		 0.0
(Titanium_IBR_MLV_vaccine,(C33,((216_II,(((SP1777,K22):0.03805483523533378,B589):0.7525505041208403,BHV5):1.0010007136961852):1.7243919311082618,#H10:::0.3232447841795345):1.3727220780556684):1.4033078995641566,(C46,(Cooper)#H10:::0.6767552158204655):3.4811692352049755);
---------------------
seed: 96312 for run 12, 2023-04-16 17:59:44.378

BEGIN SNaQ for run 12, seed 96312 and hmax 1 changed starting topology by NNI move

Begins heuristic optimization of network------

found best network, now we re-optimize branch lengths and gamma more precisely
STOPPED by number of failures criteria
END optTopLevel: found minimizer topology at step 137 (failures: 75) with -loglik=400.83826 and ht_min=[0.32324, 3.48114, 1.37272, 0.03805, 0.75255, 1.001, 1.40331, 1.72439]
PERFORMANCE: total number of moves (proposed, successful, accepted) in general, and to fix gamma=0.0,t=0.0 cases
	--------moves general--------				 --------moves gamma,t------	
move	 Num.Proposed	 Num.Successful	 Num.Accepted	 | Num.Proposed	 Num.Successful	 Num.Accepted
add		 1		 1		 1	 |	 NA 		 NA 		 NA 
mvorigin	 28		 28		 1	 |	 0		 0		 --
mvtarget	 40		 40		 1	 |	 0		 0		 --
chdir		 13		 13		 0	 |	 0		 0		 --
delete		 0		 0		 0	 |	 0		 0		 --
nni		 55		 50		 3	 |	 3		 3		 --
Total		 137		 132		 6	 |	 3		 3		 3
Proportion	 -- 		 1.0		 0.0	 |	 -- 		 1.0		 1.0
(Titanium_IBR_MLV_vaccine,(C33,(((((K22,SP1777):0.03805316540113154,B589):0.75255054641693,BHV5):1.0009992909406646,216_II):1.7243866931137497,#H10:::0.3232438608645954):1.3727248258899127):1.4033092367657218,(C46,(Cooper)#H10:::0.6767561391354047):3.4811425198324963);
---------------------
seed: 28684 for run 13, 2023-04-16 18:2:55.612

BEGIN SNaQ for run 13, seed 28684 and hmax 1
Begins heuristic optimization of network------

found best network, now we re-optimize branch lengths and gamma more precisely
STOPPED by number of failures criteria
END optTopLevel: found minimizer topology at step 86 (failures: 75) with -loglik=605.84483 and ht_min=[0.05046, 0.64685, 0.01798, 0.72649, 1.06282, 3.20977, 0.97737, 0.0]
PERFORMANCE: total number of moves (proposed, successful, accepted) in general, and to fix gamma=0.0,t=0.0 cases
	--------moves general--------				 --------moves gamma,t------	
move	 Num.Proposed	 Num.Successful	 Num.Accepted	 | Num.Proposed	 Num.Successful	 Num.Accepted
add		 2		 2		 1	 |	 NA 		 NA 		 NA 
mvorigin	 26		 26		 1	 |	 0		 0		 --
mvtarget	 25		 25		 0	 |	 0		 0		 --
chdir		 5		 5		 0	 |	 0		 0		 --
delete		 0		 0		 0	 |	 0		 0		 --
nni		 28		 25		 1	 |	 0		 0		 --
Total		 86		 83		 3	 |	 0		 0		 0
Proportion	 -- 		 1.0		 0.0	 |	 -- 		 0.0		 0.0
(Titanium_IBR_MLV_vaccine,(C46,(Cooper)#H10:::0.9495396893306391):0.6468492039463303,(C33,(216_II,((SP1777,(B589,(K22,#H10:::0.05046031066936082):0.0):0.0179778277515161):0.7264896927647445,BHV5):1.0628175428034372):3.209765559970833):0.9773697936340988);
---------------------
seed: 66505 for run 14, 2023-04-16 18:4:37.612

BEGIN SNaQ for run 14, seed 66505 and hmax 1 changed starting topology by NNI move

Begins heuristic optimization of network------

found best network, now we re-optimize branch lengths and gamma more precisely
STOPPED by number of failures criteria
END optTopLevel: found minimizer topology at step 124 (failures: 75) with -loglik=575.66745 and ht_min=[0.31349, 0.45233, 0.77777, 2.5359, 0.03864, 0.2883, 2.29421, 0.55837]
PERFORMANCE: total number of moves (proposed, successful, accepted) in general, and to fix gamma=0.0,t=0.0 cases
	--------moves general--------				 --------moves gamma,t------	
move	 Num.Proposed	 Num.Successful	 Num.Accepted	 | Num.Proposed	 Num.Successful	 Num.Accepted
add		 1		 1		 1	 |	 NA 		 NA 		 NA 
mvorigin	 37		 37		 2	 |	 0		 0		 --
mvtarget	 34		 34		 1	 |	 0		 0		 --
chdir		 11		 11		 2	 |	 0		 0		 --
delete		 0		 0		 0	 |	 0		 0		 --
nni		 41		 38		 2	 |	 2		 2		 --
Total		 124		 121		 8	 |	 2		 2		 2
Proportion	 -- 		 1.0		 0.1	 |	 -- 		 1.0		 1.0
(Titanium_IBR_MLV_vaccine,(Cooper,C46):0.45232635933499865,(C33,((((K22,SP1777):0.0386443822159466,B589):0.28830166725059686,(BHV5)#H10:::0.6865083025600345):2.2942074528648466,(216_II,#H10:::0.3134916974399655):0.5583730152525725):2.5359000792275372):0.7777729423951502);
---------------------
seed: 80464 for run 15, 2023-04-16 18:7:53.217

BEGIN SNaQ for run 15, seed 80464 and hmax 1
Begins heuristic optimization of network------

found best network, now we re-optimize branch lengths and gamma more precisely
STOPPED by number of failures criteria
END optTopLevel: found minimizer topology at step 122 (failures: 75) with -loglik=633.57958 and ht_min=[0.07913, 0.45234, 2.36839, 0.05505, 0.86733, 1.36319, 0.77802, 1.88268]
PERFORMANCE: total number of moves (proposed, successful, accepted) in general, and to fix gamma=0.0,t=0.0 cases
	--------moves general--------				 --------moves gamma,t------	
move	 Num.Proposed	 Num.Successful	 Num.Accepted	 | Num.Proposed	 Num.Successful	 Num.Accepted
add		 5		 3		 1	 |	 NA 		 NA 		 NA 
mvorigin	 28		 28		 1	 |	 0		 0		 --
mvtarget	 29		 29		 0	 |	 0		 0		 --
chdir		 9		 9		 1	 |	 0		 0		 --
delete		 0		 0		 0	 |	 0		 0		 --
nni		 51		 48		 0	 |	 0		 0		 --
Total		 122		 117		 3	 |	 0		 0		 0
Proportion	 -- 		 1.0		 0.0	 |	 -- 		 0.0		 0.0
(K22,(B589,(BHV5,(216_II,((C33,(Titanium_IBR_MLV_vaccine,(Cooper,C46):0.45233789586664375):0.7780193477916016):2.368388454279988)#H10:::0.9208650175330706):1.3631897369750352):0.8673290852907132):0.0550457152019438,(SP1777,#H10:::0.07913498246692935):1.8826780140207895);
---------------------
seed: 41531 for run 16, 2023-04-16 18:11:20.277

BEGIN SNaQ for run 16, seed 41531 and hmax 1 changed starting topology by NNI move

Begins heuristic optimization of network------

found best network, now we re-optimize branch lengths and gamma more precisely
STOPPED by number of failures criteria
END optTopLevel: found minimizer topology at step 233 (failures: 75) with -loglik=400.83826 and ht_min=[0.32324, 1.40331, 3.48122, 1.37272, 1.72439, 0.03805, 0.75255, 1.001]
PERFORMANCE: total number of moves (proposed, successful, accepted) in general, and to fix gamma=0.0,t=0.0 cases
	--------moves general--------				 --------moves gamma,t------	
move	 Num.Proposed	 Num.Successful	 Num.Accepted	 | Num.Proposed	 Num.Successful	 Num.Accepted
add		 1		 1		 1	 |	 NA 		 NA 		 NA 
mvorigin	 70		 70		 6	 |	 0		 0		 --
mvtarget	 66		 66		 3	 |	 1		 1		 --
chdir		 25		 25		 1	 |	 1		 1		 --
delete		 0		 0		 0	 |	 0		 0		 --
nni		 71		 64		 6	 |	 11		 11		 --
Total		 233		 226		 17	 |	 13		 13		 4
Proportion	 -- 		 1.0		 0.1	 |	 -- 		 1.0		 0.3
((C33,((216_II,(((K22,SP1777):0.038046758301401924,B589):0.7525532387660513,BHV5):1.001001650785533):1.7243853622588483,#H10:::0.3232445960555281):1.3727221910103753):1.4033067572993918,Titanium_IBR_MLV_vaccine,(C46,(Cooper)#H10:::0.6767554039444719):3.48122330190424);
---------------------
seed: 36626 for run 17, 2023-04-16 18:16:26.462

BEGIN SNaQ for run 17, seed 36626 and hmax 1 changed starting topology by NNI move

Begins heuristic optimization of network------

found best network, now we re-optimize branch lengths and gamma more precisely
STOPPED by number of failures criteria
END optTopLevel: found minimizer topology at step 128 (failures: 75) with -loglik=400.83826 and ht_min=[0.32324, 3.48122, 1.001, 0.03805, 1.72439, 0.75255, 1.40331, 1.37271]
PERFORMANCE: total number of moves (proposed, successful, accepted) in general, and to fix gamma=0.0,t=0.0 cases
	--------moves general--------				 --------moves gamma,t------	
move	 Num.Proposed	 Num.Successful	 Num.Accepted	 | Num.Proposed	 Num.Successful	 Num.Accepted
add		 1		 1		 1	 |	 NA 		 NA 		 NA 
mvorigin	 37		 37		 4	 |	 0		 0		 --
mvtarget	 33		 33		 0	 |	 0		 0		 --
chdir		 9		 9		 0	 |	 0		 0		 --
delete		 0		 0		 0	 |	 0		 0		 --
nni		 48		 44		 2	 |	 2		 2		 --
Total		 128		 124		 7	 |	 2		 2		 1
Proportion	 -- 		 1.0		 0.1	 |	 -- 		 1.0		 0.5
(Titanium_IBR_MLV_vaccine,(C46,(Cooper)#H10:::0.6767551332171716):3.481223930556289,(C33,((216_II,(((SP1777,K22):0.03804885623812582,B589):0.7525547853211357,BHV5):1.0009958502318128):1.724392766291367,#H10:::0.3232448667828284):1.3727114127608948):1.4033069095386708);
---------------------
seed: 27555 for run 18, 2023-04-16 18:20:13.442

BEGIN SNaQ for run 18, seed 27555 and hmax 1 changed starting topology by NNI move

Begins heuristic optimization of network------

found best network, now we re-optimize branch lengths and gamma more precisely
STOPPED by number of failures criteria
END optTopLevel: found minimizer topology at step 197 (failures: 75) with -loglik=591.37466 and ht_min=[0.31913, 2.43003, 0.03787, 0.0, 0.7527, 1.00108, 10.0, 0.30717, 0.0, 0.0]
PERFORMANCE: total number of moves (proposed, successful, accepted) in general, and to fix gamma=0.0,t=0.0 cases
	--------moves general--------				 --------moves gamma,t------	
move	 Num.Proposed	 Num.Successful	 Num.Accepted	 | Num.Proposed	 Num.Successful	 Num.Accepted
add		 1		 1		 1	 |	 NA 		 NA 		 NA 
mvorigin	 56		 56		 2	 |	 0		 0		 --
mvtarget	 56		 56		 1	 |	 0		 0		 --
chdir		 18		 18		 0	 |	 1		 1		 --
delete		 0		 0		 0	 |	 0		 0		 --
nni		 66		 58		 4	 |	 0		 0		 --
Total		 197		 189		 8	 |	 1		 1		 1
Proportion	 -- 		 1.0		 0.0	 |	 -- 		 1.0		 1.0
((C33,((216_II,(BHV5,((SP1777,K22):0.037868895769766577,B589):0.7526960503739732):1.0010842359287917):2.4300291883631604,#H10:0.0::0.3191338008657511):0.30716979854746057):10.0,C46,((Cooper,Titanium_IBR_MLV_vaccine):0.0)#H10:0.0::0.6808661991342488);
---------------------
seed: 56730 for run 19, 2023-04-16 18:24:34.594

BEGIN SNaQ for run 19, seed 56730 and hmax 1
Begins heuristic optimization of network------

found best network, now we re-optimize branch lengths and gamma more precisely
STOPPED by number of failures criteria
END optTopLevel: found minimizer topology at step 250 (failures: 75) with -loglik=400.83826 and ht_min=[0.32324, 3.4812, 1.40331, 1.001, 1.72439, 0.03805, 0.75255, 1.37272]
PERFORMANCE: total number of moves (proposed, successful, accepted) in general, and to fix gamma=0.0,t=0.0 cases
	--------moves general--------				 --------moves gamma,t------	
move	 Num.Proposed	 Num.Successful	 Num.Accepted	 | Num.Proposed	 Num.Successful	 Num.Accepted
add		 3		 2		 1	 |	 NA 		 NA 		 NA 
mvorigin	 65		 65		 11	 |	 0		 0		 --
mvtarget	 76		 76		 2	 |	 0		 0		 --
chdir		 39		 39		 0	 |	 0		 0		 --
delete		 0		 0		 0	 |	 0		 0		 --
nni		 67		 61		 4	 |	 0		 0		 --
Total		 250		 243		 18	 |	 0		 0		 0
Proportion	 -- 		 1.0		 0.1	 |	 -- 		 0.0		 0.0
(Titanium_IBR_MLV_vaccine,(C33,(((((SP1777,K22):0.038049760176332145,B589):0.7525518880523296,BHV5):1.0009992058933237,216_II):1.7243891098376003,#H10:::0.3232446919184183):1.3727233856336485):1.4033088389147879,(C46,(Cooper)#H10:::0.6767553080815817):3.4811953253263033);
---------------------
seed: 43960 for run 20, 2023-04-16 18:33:16.673

BEGIN SNaQ for run 20, seed 43960 and hmax 1 changed starting topology by NNI move

Begins heuristic optimization of network------

found best network, now we re-optimize branch lengths and gamma more precisely
STOPPED by number of failures criteria
END optTopLevel: found minimizer topology at step 114 (failures: 75) with -loglik=499.37922 and ht_min=[0.41312, 10.0, 2.60183, 0.0, 0.03805, 0.75252, 1.00099, 1.43247]
PERFORMANCE: total number of moves (proposed, successful, accepted) in general, and to fix gamma=0.0,t=0.0 cases
	--------moves general--------				 --------moves gamma,t------	
move	 Num.Proposed	 Num.Successful	 Num.Accepted	 | Num.Proposed	 Num.Successful	 Num.Accepted
add		 2		 2		 1	 |	 NA 		 NA 		 NA 
mvorigin	 34		 34		 7	 |	 0		 0		 --
mvtarget	 32		 32		 1	 |	 0		 0		 --
chdir		 10		 10		 0	 |	 0		 0		 --
delete		 0		 0		 0	 |	 0		 0		 --
nni		 36		 34		 1	 |	 4		 4		 --
Total		 114		 112		 10	 |	 4		 4		 4
Proportion	 -- 		 1.0		 0.1	 |	 -- 		 1.0		 1.0
(Titanium_IBR_MLV_vaccine,((216_II,(BHV5,((SP1777,K22):0.03805259727786312,B589):0.7525194642295028):1.000988659564143):2.601831608259767,(C33,#H10:::0.4131176090518675):0.0):1.4324683459547034,(C46,(Cooper)#H10:::0.5868823909481324):10.0);
---------------------

2023-04-16 18:35:58.811
MaxNet is ((C46,(Cooper)#H10:::0.676756473544872):3.4811718807178016,(C33,((216_II,(((SP1777,K22):0.03805201105464201,B589):0.7525522377355456,BHV5):1.001001601732622):1.7243869905275957,#H10:::0.323243526455128):1.372723582141646):1.4033085711933326,Titanium_IBR_MLV_vaccine); 
with -loglik 400.83826191566317
