((C46,(Cooper)#H10:::0.676756473544872):3.4811718807178016,(C33,((216_II,(((SP1777,K22):0.03805201105464201,B589):0.7525522377355456,BHV5):1.001001601732622):1.7243869905275957,#H10:::0.323243526455128):1.372723582141646):1.4033085711933326,Titanium_IBR_MLV_vaccine); -Ploglik = 400.83826191566317
 Dendroscope: ((C46,(Cooper)#H10):3.4811718807178016,(C33,((216_II,(((SP1777,K22):0.03805201105464201,B589):0.7525522377355456,BHV5):1.001001601732622):1.7243869905275957,#H10):1.372723582141646):1.4033085711933326,Titanium_IBR_MLV_vaccine);
 Elapsed time: 4690.3 seconds, 20 attempted runs
-------
List of estimated networks for all runs (sorted by log-pseudolik; the smaller, the better):
 ((C46,(Cooper)#H10:::0.676756473544872):3.4811718807178016,(C33,((216_II,(((SP1777,K22):0.03805201105464201,B589):0.7525522377355456,BHV5):1.001001601732622):1.7243869905275957,#H10:::0.323243526455128):1.372723582141646):1.4033085711933326,Titanium_IBR_MLV_vaccine);, with -loglik 400.83826191566317
 (Titanium_IBR_MLV_vaccine,(C46,(Cooper)#H10:::0.6767561529286252):3.4811246836910636,(C33,((216_II,(((K22,SP1777):0.038052527543184916,B589):0.7525515312310106,BHV5):1.0010001046333288):1.724386724606481,#H10:::0.3232438470713748):1.3727225669938286):1.403307213479004);, with -loglik 400.83826191586115
 (Titanium_IBR_MLV_vaccine,(C33,(((((K22,SP1777):0.03805316540113154,B589):0.75255054641693,BHV5):1.0009992909406646,216_II):1.7243866931137497,#H10:::0.3232438608645954):1.3727248258899127):1.4033092367657218,(C46,(Cooper)#H10:::0.6767561391354047):3.4811425198324963);, with -loglik 400.83826191674444
 (Titanium_IBR_MLV_vaccine,(C46,(Cooper)#H10:::0.6767566587669956):3.4811427640961288,(C33,((216_II,(((K22,SP1777):0.03805119269135637,B589):0.7525505425064116,BHV5):1.0010023152615426):1.7243785524584945,#H10:::0.32324334123300436):1.3727293231721003):1.4033060886811324);, with -loglik 400.838261917409
 (Titanium_IBR_MLV_vaccine,(C33,(((((SP1777,K22):0.038049760176332145,B589):0.7525518880523296,BHV5):1.0009992058933237,216_II):1.7243891098376003,#H10:::0.3232446919184183):1.3727233856336485):1.4033088389147879,(C46,(Cooper)#H10:::0.6767553080815817):3.4811953253263033);, with -loglik 400.83826191819975
 (Titanium_IBR_MLV_vaccine,(C46,(Cooper)#H10:6.280822635021737::0.6767565538545489):3.4811139774581026,(C33,((216_II,(((K22,SP1777):0.03805206348114188,B589):0.7525507404662034,BHV5):1.0010025462546757):1.7243865435231924,#H10:7.657349045346457::0.3232434461454511):1.372719388677965):1.4033102586940813);, with -loglik 400.8382619193516
 (Titanium_IBR_MLV_vaccine,(C33,((216_II,(((SP1777,K22):0.03805483523533378,B589):0.7525505041208403,BHV5):1.0010007136961852):1.7243919311082618,#H10:::0.3232447841795345):1.3727220780556684):1.4033078995641566,(C46,(Cooper)#H10:::0.6767552158204655):3.4811692352049755);, with -loglik 400.8382619216852
 (Titanium_IBR_MLV_vaccine,(C46,(Cooper)#H10:::0.6767553209216801):3.481137428395435,(C33,((216_II,(BHV5,(B589,(SP1777,K22):0.03804907014236216):0.7525540760468024):1.0010011011825406):1.7243894816087357,#H10:::0.3232446790783199):1.37271585778029):1.4033101558266072);, with -loglik 400.8382619225099
 (Titanium_IBR_MLV_vaccine,(C46,(Cooper)#H10:::0.6767551332171716):3.481223930556289,(C33,((216_II,(((SP1777,K22):0.03804885623812582,B589):0.7525547853211357,BHV5):1.0009958502318128):1.724392766291367,#H10:::0.3232448667828284):1.3727114127608948):1.4033069095386708);, with -loglik 400.8382619285432
 ((C33,((216_II,(((K22,SP1777):0.038046758301401924,B589):0.7525532387660513,BHV5):1.001001650785533):1.7243853622588483,#H10:::0.3232445960555281):1.3727221910103753):1.4033067572993918,Titanium_IBR_MLV_vaccine,(C46,(Cooper)#H10:::0.6767554039444719):3.48122330190424);, with -loglik 400.8382619317058
 (Titanium_IBR_MLV_vaccine,(C33,((216_II,(((K22,B589):0.034913255353160255,SP1777):0.7541885641680501,BHV5):1.000833861196739):1.7243800651328296,#H10:::0.3232441140521557):1.3727291740132668):1.4033090409451172,(C46,(Cooper)#H10:::0.6767558859478443):3.481179068746643);, with -loglik 400.949503594011
 (Titanium_IBR_MLV_vaccine,(C46,(Cooper)#H10:::0.6664065493057454):9.474160606118248,(C33,((216_II,(((K22,SP1777):0.03805449411327657,B589):0.7525583121369842,BHV5):1.0009994522622032):1.7863228578570085,#H10:::0.3335934506942546):1.2696347910768233):1.3931983017147984);, with -loglik 401.785831182816
 (Titanium_IBR_MLV_vaccine,((216_II,(BHV5,((SP1777,K22):0.03805259727786312,B589):0.7525194642295028):1.000988659564143):2.601831608259767,(C33,#H10:::0.4131176090518675):0.0):1.4324683459547034,(C46,(Cooper)#H10:::0.5868823909481324):10.0);, with -loglik 499.37921633721083
 (Titanium_IBR_MLV_vaccine,(Cooper,C46):0.45232635933499865,(C33,((((K22,SP1777):0.0386443822159466,B589):0.28830166725059686,(BHV5)#H10:::0.6865083025600345):2.2942074528648466,(216_II,#H10:::0.3134916974399655):0.5583730152525725):2.5359000792275372):0.7777729423951502);, with -loglik 575.6674540199432
 (Titanium_IBR_MLV_vaccine,(Cooper,C46):0.45234197767367906,(C33,((SP1777,((K22,B589):3.095249682680519e-6,(BHV5)#H10:::0.5674182765434123):0.08363844767398097):2.7793062893090505,(#H10:::0.43258172345658774,216_II):0.33801463509234825):2.5752872378081326):0.777794834491895);, with -loglik 587.3152426458399
 ((C33,((216_II,(BHV5,((SP1777,K22):0.037868895769766577,B589):0.7526960503739732):1.0010842359287917):2.4300291883631604,#H10:0.0::0.3191338008657511):0.30716979854746057):10.0,C46,((Cooper,Titanium_IBR_MLV_vaccine):0.0)#H10:0.0::0.6808661991342488);, with -loglik 591.3746595116042
 (Titanium_IBR_MLV_vaccine,(C46,(Cooper)#H10:::0.9502341023761879):0.6447964187197996,(C33,(216_II,((B589,(K22,(SP1777,#H10:::0.04976589762381212):1.7434229961426577e-20):0.019769366760980796):0.7259350759402811,BHV5):1.063719386283624):3.2030504700545492):0.9786089707150761);, with -loglik 605.8144950520586
 (Titanium_IBR_MLV_vaccine,(C46,(Cooper)#H10:::0.9495396893306391):0.6468492039463303,(C33,(216_II,((SP1777,(B589,(K22,#H10:::0.05046031066936082):0.0):0.0179778277515161):0.7264896927647445,BHV5):1.0628175428034372):3.209765559970833):0.9773697936340988);, with -loglik 605.8448330560954
 (K22,((BHV5,(216_II,((C33,(Titanium_IBR_MLV_vaccine,(Cooper,C46):0.4522198471481188):0.7779350833368072):2.7218639666290123)#H10:0.0::0.9202044996625459):1.3507730416983537):0.8710073177224104,B589):0.05673258599114241,(SP1777,#H10:4.4375259068156385::0.07979550033745406):2.0577870824838005);, with -loglik 632.5664519207281
 (K22,(B589,(BHV5,(216_II,((C33,(Titanium_IBR_MLV_vaccine,(Cooper,C46):0.45233789586664375):0.7780193477916016):2.368388454279988)#H10:::0.9208650175330706):1.3631897369750352):0.8673290852907132):0.0550457152019438,(SP1777,#H10:::0.07913498246692935):1.8826780140207895);, with -loglik 633.579577628529
-------
