optimization of topology, BL and inheritance probabilities using:
 hmax = 3,
 tolerance parameters: ftolRel=1.0e-6, ftolAbs=1.0e-6,
                       xtolAbs=0.001, xtolRel=0.01.
 max number of failed proposals = 75, liktolAbs = 1.0e-6.
rootname for files: /home/zergling/.emacs.d/virus-project/analysis/snaq/fromSNPs/set1c-97genes-L2R/net3
BEGIN: 20 runs on starting tree ((C46,(Cooper)#H10:::0.6767405651203351):3.4819015988189705,(C33,(#H10:::0.32325943487966496,((((K22,SP1777):0.038647947672984635,B589):0.288231986332054,(BHV5)#H11:::0.6864616751268389):2.2944689872908817,(216_II,#H11:::0.31353832487316113):0.5580964470574112):1.6572075708148128):1.3722135271815343):1.4032664805628827,Titanium_IBR_MLV_vaccine);

main seed 387894
seed: 387894 for run 1, 2023-04-16 21:36:46.277

BEGIN SNaQ for run 1, seed 387894 and hmax 3 changed starting topology by NNI move

Begins heuristic optimization of network------

found best network, now we re-optimize branch lengths and gamma more precisely
STOPPED by number of failures criteria
END optTopLevel: found minimizer topology at step 294 (failures: 75) with -loglik=312.12105 and ht_min=[0.32328, 0.31272, 0.43688, 3.48333, 0.16509, 2.29023, 0.56032, 1.65747, 1.37123, 1.4033, 0.19561, 3.01354, 9.0e-5]
PERFORMANCE: total number of moves (proposed, successful, accepted) in general, and to fix gamma=0.0,t=0.0 cases
	--------moves general--------				 --------moves gamma,t------	
move	 Num.Proposed	 Num.Successful	 Num.Accepted	 | Num.Proposed	 Num.Successful	 Num.Accepted
add		 1		 1		 1	 |	 NA 		 NA 		 NA 
mvorigin	 73		 73		 0	 |	 0		 0		 --
mvtarget	 72		 61		 0	 |	 0		 0		 --
chdir		 77		 64		 5	 |	 0		 0		 --
delete		 0		 0		 0	 |	 0		 0		 --
nni		 71		 17		 0	 |	 1		 1		 --
Total		 294		 216		 6	 |	 1		 1		 1
Proportion	 -- 		 1.0		 0.0	 |	 -- 		 1.0		 1.0
(B589,(K22,(SP1777,(((BHV5)#H11:::0.6872769713781375,((216_II,#H11:::0.3127230286218625):0.5603181882681101,(#H10:::0.3232803493370143,(C33,((C46,(Cooper)#H10:::0.6767196506629857):3.4833320726355943,Titanium_IBR_MLV_vaccine):1.4033048098954057):1.3712276941080934):1.6574689816598225):2.290225738210999):0.0)#H12:3.0135447385773904::0.5631150759597372):0.16509154564799366):0.1956090568110477,#H12:9.327236020219501e-5::0.43688492404026286);
---------------------
seed: 5243 for run 2, 2023-04-16 21:56:28.554

BEGIN SNaQ for run 2, seed 5243 and hmax 3
Begins heuristic optimization of network------

found best network, now we re-optimize branch lengths and gamma more precisely
STOPPED by number of failures criteria
END optTopLevel: found minimizer topology at step 137 (failures: 75) with -loglik=313.04487 and ht_min=[0.32325, 0.31353, 3.48179, 0.2523, 2.29437, 0.55813, 1.65715, 1.37223, 1.40329, 0.07394, 0.07]
PERFORMANCE: total number of moves (proposed, successful, accepted) in general, and to fix gamma=0.0,t=0.0 cases
	--------moves general--------				 --------moves gamma,t------	
move	 Num.Proposed	 Num.Successful	 Num.Accepted	 | Num.Proposed	 Num.Successful	 Num.Accepted
add		 2		 1		 1	 |	 NA 		 NA 		 NA 
mvorigin	 35		 35		 0	 |	 0		 0		 --
mvtarget	 36		 36		 0	 |	 0		 0		 --
chdir		 24		 24		 1	 |	 0		 0		 --
delete		 0		 0		 0	 |	 0		 0		 --
nni		 40		 13		 0	 |	 0		 0		 --
Total		 137		 109		 2	 |	 0		 0		 0
Proportion	 -- 		 1.0		 0.0	 |	 -- 		 0.0		 0.0
((C46,(Cooper)#H10:::0.6767456180747371):3.4817917218566703,(C33,(#H10:::0.32325438192526296,((((SP1777,(K22)#H12:::0.5136667050164985):0.15541563350969173,(B589,#H12:::0.48633329498350153):0.15541563350969173):0.25230303942882765,(BHV5)#H11:::0.6864662498732077):2.294373027808798,(216_II,#H11:::0.31353375012679235):0.5581278246446495):1.657151110953984):1.3722321757783662):1.4032920420158004,Titanium_IBR_MLV_vaccine);
---------------------
seed: 57008 for run 3, 2023-04-16 22:3:20.442

BEGIN SNaQ for run 3, seed 57008 and hmax 3 changed starting topology by NNI move

 changed starting network by move target
Begins heuristic optimization of network------

found best network, now we re-optimize branch lengths and gamma more precisely
STOPPED by number of failures criteria
END optTopLevel: found minimizer topology at step 244 (failures: 75) with -loglik=372.86656 and ht_min=[0.32324, 0.0788, 3.48084, 0.057, 0.86987, 1.8461, 0.0, 0.01636, 2.14311, 1.34639, 1.37297, 1.40335]
PERFORMANCE: total number of moves (proposed, successful, accepted) in general, and to fix gamma=0.0,t=0.0 cases
	--------moves general--------				 --------moves gamma,t------	
move	 Num.Proposed	 Num.Successful	 Num.Accepted	 | Num.Proposed	 Num.Successful	 Num.Accepted
add		 50		 0		 0	 |	 NA 		 NA 		 NA 
mvorigin	 55		 55		 2	 |	 1		 1		 --
mvtarget	 57		 44		 0	 |	 2		 2		 --
chdir		 30		 22		 1	 |	 3		 3		 --
delete		 0		 0		 0	 |	 0		 0		 --
nni		 52		 35		 1	 |	 8		 8		 --
Total		 244		 156		 4	 |	 14		 14		 3
Proportion	 -- 		 1.0		 0.0	 |	 -- 		 1.0		 0.2
((K22,(SP1777,#H11:0.016360483743517593::0.07879603714786225):2.143106248428531):0.0570040013528886,(BHV5,(216_II,((#H10:::0.3232387140469043,(C33,((C46,(Cooper)#H10:::0.6767612859530957):3.4808425552014723,Titanium_IBR_MLV_vaccine):1.403354726461021):1.3729650461037004):1.8460973920221675)#H11:0.0::0.9212039628521378):1.3463870394118982):0.8698681066143045,B589);
---------------------
seed: 53915 for run 4, 2023-04-16 22:8:45.343

BEGIN SNaQ for run 4, seed 53915 and hmax 3 changed starting topology by NNI move

 changed starting network by move target
Begins heuristic optimization of network------

found best network, now we re-optimize branch lengths and gamma more precisely
STOPPED by number of failures criteria
END optTopLevel: found minimizer topology at step 184 (failures: 75) with -loglik=542.52325 and ht_min=[0.13867, 0.31559, 0.06551, 0.08306, 4.07539, 2.30288, 0.55336, 2.36392, 1.13145, 0.40562, 9.45713, 0.38453, 1.01764]
PERFORMANCE: total number of moves (proposed, successful, accepted) in general, and to fix gamma=0.0,t=0.0 cases
	--------moves general--------				 --------moves gamma,t------	
move	 Num.Proposed	 Num.Successful	 Num.Accepted	 | Num.Proposed	 Num.Successful	 Num.Accepted
add		 1		 1		 1	 |	 NA 		 NA 		 NA 
mvorigin	 58		 58		 0	 |	 0		 0		 --
mvtarget	 49		 24		 3	 |	 0		 0		 --
chdir		 29		 21		 2	 |	 0		 0		 --
delete		 0		 0		 0	 |	 0		 0		 --
nni		 47		 13		 0	 |	 0		 0		 --
Total		 184		 117		 6	 |	 0		 0		 0
Proportion	 -- 		 1.0		 0.1	 |	 -- 		 0.0		 0.0
(K22,(B589,(((BHV5)#H11:::0.6844063945984271,((216_II,#H11:::0.31559360540157294):0.5533577062420716,(((C46,Cooper):0.40561903410087363,(Titanium_IBR_MLV_vaccine,#H10:::0.1386656908058301):9.457130778799286):1.1314482792315455,(C33)#H10:::0.8613343091941699):2.3639245204245074):2.3028801041242026):0.0)#H12:0.38452844944882114::0.9344928587033701):0.0830622551501136,(SP1777,#H12:1.0176408668866195::0.06550714129662999):4.075392346772549);
---------------------
seed: 54792 for run 5, 2023-04-16 22:16:36.685

BEGIN SNaQ for run 5, seed 54792 and hmax 3 changed starting topology by NNI move

 changed starting network by move origin
Begins heuristic optimization of network------

found best network, now we re-optimize branch lengths and gamma more precisely
STOPPED by number of failures criteria
END optTopLevel: found minimizer topology at step 113 (failures: 75) with -loglik=313.99341 and ht_min=[0.3336, 0.31352, 9.90528, 0.25233, 2.29439, 0.55816, 1.71895, 1.26933, 1.3931, 0.07392, 0.06997]
PERFORMANCE: total number of moves (proposed, successful, accepted) in general, and to fix gamma=0.0,t=0.0 cases
	--------moves general--------				 --------moves gamma,t------	
move	 Num.Proposed	 Num.Successful	 Num.Accepted	 | Num.Proposed	 Num.Successful	 Num.Accepted
add		 4		 1		 1	 |	 NA 		 NA 		 NA 
mvorigin	 29		 29		 1	 |	 0		 0		 --
mvtarget	 39		 39		 0	 |	 0		 0		 --
chdir		 19		 19		 0	 |	 0		 0		 --
delete		 0		 0		 0	 |	 0		 0		 --
nni		 22		 5		 1	 |	 0		 0		 --
Total		 113		 93		 3	 |	 0		 0		 0
Proportion	 -- 		 1.0		 0.0	 |	 -- 		 0.0		 0.0
((C46,(Cooper)#H10:::0.666404671394321):9.905277335565875,Titanium_IBR_MLV_vaccine,(C33,(#H10:::0.333595328605679,((((SP1777,(K22)#H12:::0.5136952031564515):0.15535670736746457,(B589,#H12:::0.48630479684354855):0.15535670736746457):0.2523282961971252,(BHV5)#H11:::0.6864768473596858):2.2943865511745534,(216_II,#H11:::0.3135231526403142):0.5581577123778296):1.718946888151393):1.2693327645497827):1.393102304368881);
---------------------
seed: 79666 for run 6, 2023-04-16 22:21:38.114

BEGIN SNaQ for run 6, seed 79666 and hmax 3 changed starting topology by NNI move

 changed starting network by move origin
Begins heuristic optimization of network------

found best network, now we re-optimize branch lengths and gamma more precisely
STOPPED by number of failures criteria
END optTopLevel: found minimizer topology at step 202 (failures: 75) with -loglik=313.74418 and ht_min=[0.33365, 0.31367, 0.62817, 9.60677, 0.12543, 0.112, 2.29542, 0.55791, 1.71774, 1.26858, 1.39485, 0.22633]
PERFORMANCE: total number of moves (proposed, successful, accepted) in general, and to fix gamma=0.0,t=0.0 cases
	--------moves general--------				 --------moves gamma,t------	
move	 Num.Proposed	 Num.Successful	 Num.Accepted	 | Num.Proposed	 Num.Successful	 Num.Accepted
add		 3		 1		 1	 |	 NA 		 NA 		 NA 
mvorigin	 55		 55		 3	 |	 0		 0		 --
mvtarget	 51		 51		 0	 |	 0		 0		 --
chdir		 42		 42		 2	 |	 0		 0		 --
delete		 0		 0		 0	 |	 0		 0		 --
nni		 51		 16		 0	 |	 0		 0		 --
Total		 202		 165		 6	 |	 0		 0		 0
Proportion	 -- 		 1.0		 0.0	 |	 -- 		 0.0		 0.0
((C46,(Cooper)#H10:::0.6663471240601588):9.60677095356125,Titanium_IBR_MLV_vaccine,(C33,(#H10:::0.33365287593984116,((((SP1777,(K22,(B589)#H12:::0.6281661536979682):0.1254334893702418):0.2263334736363747,#H12:::0.37183384630203176):0.1119989686223234,(BHV5)#H11:::0.686325527955161):2.295417713989222,(216_II,#H11:::0.31367447204483906):0.5579095968985318):1.7177373827458924):1.2685803350413587):1.3948473506740842);
---------------------
seed: 26433 for run 7, 2023-04-16 22:31:40.028

BEGIN SNaQ for run 7, seed 26433 and hmax 3 changed starting topology by NNI move

 changed starting network by move origin
Begins heuristic optimization of network------

found best network, now we re-optimize branch lengths and gamma more precisely
STOPPED by number of failures criteria
END optTopLevel: found minimizer topology at step 150 (failures: 75) with -loglik=312.09551 and ht_min=[0.32325, 0.3127, 0.55011, 3.48216, 0.1895, 0.0, 2.29005, 0.56005, 1.65698, 1.37233, 1.40329, 0.17063, 7.02364]
PERFORMANCE: total number of moves (proposed, successful, accepted) in general, and to fix gamma=0.0,t=0.0 cases
	--------moves general--------				 --------moves gamma,t------	
move	 Num.Proposed	 Num.Successful	 Num.Accepted	 | Num.Proposed	 Num.Successful	 Num.Accepted
add		 1		 1		 1	 |	 NA 		 NA 		 NA 
mvorigin	 44		 44		 1	 |	 0		 0		 --
mvtarget	 37		 21		 2	 |	 0		 0		 --
chdir		 22		 11		 0	 |	 0		 0		 --
delete		 0		 0		 0	 |	 0		 0		 --
nni		 46		 14		 0	 |	 1		 1		 --
Total		 150		 91		 4	 |	 1		 1		 1
Proportion	 -- 		 1.0		 0.0	 |	 -- 		 1.0		 1.0
(K22,(SP1777,(((BHV5)#H11:::0.6872955754454002,((216_II,#H11:::0.31270442455459974):0.5600514242978882,(#H10:::0.3232538242647095,(((C46,(Cooper)#H10:::0.6767461757352905):3.4821603065880558,Titanium_IBR_MLV_vaccine):1.4032913211070586,C33):1.372333268031201):1.6569849032845994):2.290046029206376):0.0)#H12:7.023643360140626::0.5501112742809189):0.17062751231855122,(B589,#H12:0.0::0.4498887257190811):0.1894953704573432);
---------------------
seed: 13034 for run 8, 2023-04-16 22:39:45.915

BEGIN SNaQ for run 8, seed 13034 and hmax 3 changed starting topology by NNI move

 changed starting network by move origin
Begins heuristic optimization of network------

found best network, now we re-optimize branch lengths and gamma more precisely
STOPPED by number of failures criteria
END optTopLevel: found minimizer topology at step 157 (failures: 75) with -loglik=313.67245 and ht_min=[0.33303, 0.31376, 0.50261, 6.32691, 0.17144, 2.29956, 0.55928, 1.71689, 1.27239, 1.39393, 0.16557, 0.15642]
PERFORMANCE: total number of moves (proposed, successful, accepted) in general, and to fix gamma=0.0,t=0.0 cases
	--------moves general--------				 --------moves gamma,t------	
move	 Num.Proposed	 Num.Successful	 Num.Accepted	 | Num.Proposed	 Num.Successful	 Num.Accepted
add		 2		 2		 2	 |	 NA 		 NA 		 NA 
mvorigin	 48		 48		 4	 |	 1		 1		 --
mvtarget	 47		 47		 0	 |	 1		 1		 --
chdir		 24		 24		 1	 |	 3		 3		 --
delete		 0		 0		 0	 |	 0		 0		 --
nni		 36		 12		 0	 |	 2		 2		 --
Total		 157		 133		 7	 |	 7		 7		 5
Proportion	 -- 		 1.0		 0.1	 |	 -- 		 1.0		 0.7
((C46,(Cooper)#H10:::0.6669695707543408):6.326914960823525,(C33,(#H10:::0.3330304292456591,(((BHV5)#H11:::0.68623829564988,((SP1777,(K22,(B589)#H14:::0.5026141810060283):0.15641701675689865):0.16556838080563951,#H14:::0.4973858189939717):0.17143871647057632):2.2995621934894794,(216_II,#H11:::0.3137617043501199):0.5592832383831504):1.716891256618899):1.2723918238269405):1.3939326011878208,Titanium_IBR_MLV_vaccine);
---------------------
seed: 56115 for run 9, 2023-04-16 22:50:39.848

BEGIN SNaQ for run 9, seed 56115 and hmax 3
Begins heuristic optimization of network------

found best network, now we re-optimize branch lengths and gamma more precisely
STOPPED by number of failures criteria
END optTopLevel: found minimizer topology at step 120 (failures: 75) with -loglik=312.89202 and ht_min=[0.32323, 0.31368, 0.22991, 3.48871, 0.1044, 0.22857, 2.29455, 0.558, 1.65704, 1.37267, 1.40332, 0.38518]
PERFORMANCE: total number of moves (proposed, successful, accepted) in general, and to fix gamma=0.0,t=0.0 cases
	--------moves general--------				 --------moves gamma,t------	
move	 Num.Proposed	 Num.Successful	 Num.Accepted	 | Num.Proposed	 Num.Successful	 Num.Accepted
add		 6		 4		 1	 |	 NA 		 NA 		 NA 
mvorigin	 28		 28		 0	 |	 0		 0		 --
mvtarget	 32		 32		 0	 |	 0		 0		 --
chdir		 22		 22		 2	 |	 0		 0		 --
delete		 0		 0		 0	 |	 0		 0		 --
nni		 32		 10		 0	 |	 0		 0		 --
Total		 120		 96		 3	 |	 0		 0		 0
Proportion	 -- 		 1.0		 0.0	 |	 -- 		 0.0		 0.0
((C46,(Cooper)#H10:::0.6767740581187539):3.488712196357749,(C33,(#H10:::0.3232259418812461,((((SP1777,(K22,#H12:::0.22990840869244125):0.3851774308627875):0.10439504616578267,(B589)#H12:::0.7700915913075588):0.22856922223312645,(BHV5)#H11:::0.6863232077972168):2.294548224938072,(216_II,#H11:::0.31367679220278327):0.5580047781295548):1.6570392477713256):1.372668614093238):1.4033244098048476,Titanium_IBR_MLV_vaccine);
---------------------
seed: 26433 for run 10, 2023-04-16 22:59:7.62

BEGIN SNaQ for run 10, seed 26433 and hmax 3 changed starting topology by NNI move

 changed starting network by move origin
Begins heuristic optimization of network------

found best network, now we re-optimize branch lengths and gamma more precisely
STOPPED by number of failures criteria
END optTopLevel: found minimizer topology at step 150 (failures: 75) with -loglik=312.09551 and ht_min=[0.32325, 0.3127, 0.55011, 3.48216, 0.1895, 0.0, 2.29005, 0.56005, 1.65698, 1.37233, 1.40329, 0.17063, 7.02364]
PERFORMANCE: total number of moves (proposed, successful, accepted) in general, and to fix gamma=0.0,t=0.0 cases
	--------moves general--------				 --------moves gamma,t------	
move	 Num.Proposed	 Num.Successful	 Num.Accepted	 | Num.Proposed	 Num.Successful	 Num.Accepted
add		 1		 1		 1	 |	 NA 		 NA 		 NA 
mvorigin	 44		 44		 1	 |	 0		 0		 --
mvtarget	 37		 21		 2	 |	 0		 0		 --
chdir		 22		 11		 0	 |	 0		 0		 --
delete		 0		 0		 0	 |	 0		 0		 --
nni		 46		 14		 0	 |	 1		 1		 --
Total		 150		 91		 4	 |	 1		 1		 1
Proportion	 -- 		 1.0		 0.0	 |	 -- 		 1.0		 1.0
(K22,(SP1777,(((BHV5)#H11:::0.6872955754454002,((216_II,#H11:::0.31270442455459974):0.5600514242978882,(#H10:::0.3232538242647095,(((C46,(Cooper)#H10:::0.6767461757352905):3.4821603065880558,Titanium_IBR_MLV_vaccine):1.4032913211070586,C33):1.372333268031201):1.6569849032845994):2.290046029206376):0.0)#H12:7.023643360140626::0.5501112742809189):0.17062751231855122,(B589,#H12:0.0::0.4498887257190811):0.1894953704573432);
---------------------
seed: 38117 for run 11, 2023-04-16 23:7:13.792

BEGIN SNaQ for run 11, seed 38117 and hmax 3
Begins heuristic optimization of network------

found best network, now we re-optimize branch lengths and gamma more precisely
STOPPED by number of failures criteria
END optTopLevel: found minimizer topology at step 154 (failures: 75) with -loglik=313.40805 and ht_min=[0.32332, 0.31557, 0.08558, 3.46942, 0.08452, 0.40334, 2.30664, 0.5506, 1.65945, 1.3734, 1.40293, 1.46141, 1.51202]
PERFORMANCE: total number of moves (proposed, successful, accepted) in general, and to fix gamma=0.0,t=0.0 cases
	--------moves general--------				 --------moves gamma,t------	
move	 Num.Proposed	 Num.Successful	 Num.Accepted	 | Num.Proposed	 Num.Successful	 Num.Accepted
add		 5		 3		 1	 |	 NA 		 NA 		 NA 
mvorigin	 41		 41		 0	 |	 0		 0		 --
mvtarget	 38		 24		 0	 |	 0		 0		 --
chdir		 23		 16		 0	 |	 0		 0		 --
delete		 0		 0		 0	 |	 0		 0		 --
nni		 47		 18		 0	 |	 0		 0		 --
Total		 154		 102		 1	 |	 0		 0		 0
Proportion	 -- 		 1.0		 0.0	 |	 -- 		 0.0		 0.0
(K22,(B589,(((BHV5)#H11:::0.6844305726687323,((216_II,#H11:::0.3155694273312677):0.5505978163633383,(#H10:::0.3233176905724259,(C33,((C46,(Cooper)#H10:::0.6766823094275741):3.469423740221138,Titanium_IBR_MLV_vaccine):1.402925797109906):1.3733967795553947):1.6594542053273096):2.3066404072222024):0.0)#H12:0.403335152978916::0.9144188035113224):0.0845153990868491,(SP1777,#H12:1.5120200635543264::0.08558119648867753):1.4614086390356);
---------------------
seed: 21292 for run 12, 2023-04-16 23:14:29.528

BEGIN SNaQ for run 12, seed 21292 and hmax 3
 changed starting network by move origin
Begins heuristic optimization of network------

found best network, now we re-optimize branch lengths and gamma more precisely
STOPPED by number of failures criteria
END optTopLevel: found minimizer topology at step 117 (failures: 75) with -loglik=312.89023 and ht_min=[0.32335, 0.31351, 0.2443, 3.48616, 0.10681, 0.22638, 2.29465, 0.55841, 1.65726, 1.37171, 1.40354, 0.35818]
PERFORMANCE: total number of moves (proposed, successful, accepted) in general, and to fix gamma=0.0,t=0.0 cases
	--------moves general--------				 --------moves gamma,t------	
move	 Num.Proposed	 Num.Successful	 Num.Accepted	 | Num.Proposed	 Num.Successful	 Num.Accepted
add		 2		 2		 1	 |	 NA 		 NA 		 NA 
mvorigin	 30		 30		 1	 |	 0		 0		 --
mvtarget	 38		 38		 0	 |	 0		 0		 --
chdir		 26		 26		 1	 |	 0		 0		 --
delete		 0		 0		 0	 |	 0		 0		 --
nni		 21		 8		 0	 |	 0		 0		 --
Total		 117		 104		 3	 |	 0		 0		 0
Proportion	 -- 		 1.0		 0.0	 |	 -- 		 0.0		 0.0
((C46,(Cooper)#H10:::0.6766531232210595):3.4861579745429836,Titanium_IBR_MLV_vaccine,(C33,(#H10:::0.3233468767789404,((((SP1777,(K22,#H12:::0.24430293245510773):0.3581844821016653):0.1068061133381944,(B589)#H12:::0.7556970675448923):0.22638351173722593,(BHV5)#H11:::0.6864870072352167):2.2946511947549117,(216_II,#H11:::0.3135129927647832):0.5584096579497745):1.6572596293574848):1.371714085624598):1.4035368591162225);
---------------------
seed: 71478 for run 13, 2023-04-16 23:21:49.331

BEGIN SNaQ for run 13, seed 71478 and hmax 3
Begins heuristic optimization of network------

found best network, now we re-optimize branch lengths and gamma more precisely
STOPPED by number of failures criteria
END optTopLevel: found minimizer topology at step 149 (failures: 75) with -loglik=313.55777 and ht_min=[0.32338, 0.31566, 0.10385, 3.48723, 0.08363, 0.42644, 2.30579, 0.55359, 1.65898, 1.36991, 1.40373, 0.87354, 0.04687]
PERFORMANCE: total number of moves (proposed, successful, accepted) in general, and to fix gamma=0.0,t=0.0 cases
	--------moves general--------				 --------moves gamma,t------	
move	 Num.Proposed	 Num.Successful	 Num.Accepted	 | Num.Proposed	 Num.Successful	 Num.Accepted
add		 6		 4		 1	 |	 NA 		 NA 		 NA 
mvorigin	 37		 37		 0	 |	 0		 0		 --
mvtarget	 39		 28		 0	 |	 0		 0		 --
chdir		 23		 14		 0	 |	 0		 0		 --
delete		 0		 0		 0	 |	 0		 0		 --
nni		 44		 15		 0	 |	 0		 0		 --
Total		 149		 98		 1	 |	 0		 0		 0
Proportion	 -- 		 1.0		 0.0	 |	 -- 		 0.0		 0.0
(K22,(B589,(((BHV5)#H11:::0.6843443108559457,((216_II,#H11:::0.3156556891440543):0.5535947241919141,(#H10:::0.3233793363963328,(C33,((C46,(Cooper)#H10:::0.6766206636036671):3.487233717510849,Titanium_IBR_MLV_vaccine):1.4037337358478055):1.3699108406905711):1.6589792313083842):2.305786125773067):0.0)#H12:0.4264393184042237::0.8961519107558245):0.08363140651804359,(SP1777,#H12:0.04687184966744068::0.10384808924417553):0.8735373707431418);
---------------------
seed: 33803 for run 14, 2023-04-16 23:28:34.648

BEGIN SNaQ for run 14, seed 33803 and hmax 3 changed starting topology by NNI move

Begins heuristic optimization of network------

found best network, now we re-optimize branch lengths and gamma more precisely
STOPPED by number of failures criteria
END optTopLevel: found minimizer topology at step 114 (failures: 75) with -loglik=313.14133 and ht_min=[0.32325, 0.31347, 0.7628, 3.4953, 0.36309, 0.23418, 2.29485, 0.55809, 1.65775, 1.371, 1.40287, 0.09223]
PERFORMANCE: total number of moves (proposed, successful, accepted) in general, and to fix gamma=0.0,t=0.0 cases
	--------moves general--------				 --------moves gamma,t------	
move	 Num.Proposed	 Num.Successful	 Num.Accepted	 | Num.Proposed	 Num.Successful	 Num.Accepted
add		 2		 1		 1	 |	 NA 		 NA 		 NA 
mvorigin	 29		 29		 0	 |	 0		 0		 --
mvtarget	 31		 31		 0	 |	 0		 0		 --
chdir		 21		 21		 1	 |	 0		 0		 --
delete		 0		 0		 0	 |	 0		 0		 --
nni		 31		 13		 0	 |	 2		 2		 --
Total		 114		 95		 2	 |	 2		 2		 1
Proportion	 -- 		 1.0		 0.0	 |	 -- 		 1.0		 0.5
(((C46,(Cooper)#H10:::0.676746394543905):3.495296897627817,Titanium_IBR_MLV_vaccine):1.4028657155274744,(#H10:::0.323253605456095,((((B589,(K22,#H12:::0.2372033855849166):0.3630939252634353):0.09222784982019362,(SP1777)#H12:::0.7627966144150834):0.23417519839634843,(BHV5)#H11:::0.6865279523861586):2.2948501259249503,(216_II,#H11:::0.3134720476138414):0.5580936097095437):1.6577471052545107):1.371003204656148,C33);
---------------------
seed: 63336 for run 15, 2023-04-16 23:36:2.693

BEGIN SNaQ for run 15, seed 63336 and hmax 3 changed starting topology by NNI move

Begins heuristic optimization of network------

found best network, now we re-optimize branch lengths and gamma more precisely
STOPPED by number of failures criteria
END optTopLevel: found minimizer topology at step 158 (failures: 75) with -loglik=313.48498 and ht_min=[0.32326, 0.31591, 0.26582, 3.4735, 0.05438, 0.10337, 2.3075, 0.55223, 1.6589, 1.37172, 1.40443, 0.27139]
PERFORMANCE: total number of moves (proposed, successful, accepted) in general, and to fix gamma=0.0,t=0.0 cases
	--------moves general--------				 --------moves gamma,t------	
move	 Num.Proposed	 Num.Successful	 Num.Accepted	 | Num.Proposed	 Num.Successful	 Num.Accepted
add		 2		 1		 1	 |	 NA 		 NA 		 NA 
mvorigin	 41		 41		 0	 |	 1		 1		 --
mvtarget	 38		 34		 0	 |	 0		 0		 --
chdir		 29		 25		 2	 |	 1		 1		 --
delete		 0		 0		 0	 |	 0		 0		 --
nni		 48		 17		 0	 |	 1		 1		 --
Total		 158		 118		 3	 |	 3		 3		 2
Proportion	 -- 		 1.0		 0.0	 |	 -- 		 1.0		 0.7
(((C46,(Cooper)#H10:::0.6767396117842408):3.4734965831698017,Titanium_IBR_MLV_vaccine):1.404434690798114,C33,(#H10:::0.32326038821575914,(((BHV5)#H11:::0.6840914801471505,(((K22,(SP1777)#H12:::0.7341823755338912):0.10337131379924969,B589):0.2713949561408468,#H12:::0.2658176244661088):0.05438486487649046):2.3075049270529924,(216_II,#H11:::0.3159085198528495):0.5522338946588977):1.658903903458105):1.371724166948907);
---------------------
seed: 39894 for run 16, 2023-04-16 23:42:43.412

BEGIN SNaQ for run 16, seed 39894 and hmax 3 changed starting topology by NNI move

Begins heuristic optimization of network------

found best network, now we re-optimize branch lengths and gamma more precisely
STOPPED by number of failures criteria
END optTopLevel: found minimizer topology at step 130 (failures: 75) with -loglik=312.8901 and ht_min=[0.32338, 0.31364, 0.24659, 3.48658, 0.10644, 0.22621, 2.29446, 0.55812, 1.65759, 1.37134, 1.40349, 0.35357]
PERFORMANCE: total number of moves (proposed, successful, accepted) in general, and to fix gamma=0.0,t=0.0 cases
	--------moves general--------				 --------moves gamma,t------	
move	 Num.Proposed	 Num.Successful	 Num.Accepted	 | Num.Proposed	 Num.Successful	 Num.Accepted
add		 6		 1		 1	 |	 NA 		 NA 		 NA 
mvorigin	 36		 36		 0	 |	 0		 0		 --
mvtarget	 30		 30		 0	 |	 0		 0		 --
chdir		 23		 23		 1	 |	 0		 0		 --
delete		 0		 0		 0	 |	 0		 0		 --
nni		 35		 18		 1	 |	 1		 1		 --
Total		 130		 108		 3	 |	 1		 1		 1
Proportion	 -- 		 1.0		 0.0	 |	 -- 		 1.0		 1.0
((C46,(Cooper)#H10:::0.6766229250294031):3.4865837201984,(C33,(#H10:::0.32337707497059687,((((SP1777,(K22,#H12:::0.24658612474494673):0.35356525476385325):0.10643679124094911,(B589)#H12:::0.7534138752550532):0.22620815952988133,(BHV5)#H11:::0.6863611818591998):2.2944608636673274,(216_II,#H11:::0.3136388181408002):0.5581185755146024):1.657585984795975):1.371338923553235):1.403485111441133,Titanium_IBR_MLV_vaccine);
---------------------
seed: 72862 for run 17, 2023-04-16 23:48:49.395

BEGIN SNaQ for run 17, seed 72862 and hmax 3
Begins heuristic optimization of network------

found best network, now we re-optimize branch lengths and gamma more precisely
STOPPED by number of failures criteria
END optTopLevel: found minimizer topology at step 94 (failures: 75) with -loglik=313.18863 and ht_min=[0.32317, 0.31332, 0.6022, 3.47754, 0.19353, 0.11403, 2.29208, 0.55827, 1.65762, 1.37282, 1.40303, 0.2133]
PERFORMANCE: total number of moves (proposed, successful, accepted) in general, and to fix gamma=0.0,t=0.0 cases
	--------moves general--------				 --------moves gamma,t------	
move	 Num.Proposed	 Num.Successful	 Num.Accepted	 | Num.Proposed	 Num.Successful	 Num.Accepted
add		 1		 1		 1	 |	 NA 		 NA 		 NA 
mvorigin	 23		 23		 0	 |	 0		 0		 --
mvtarget	 30		 30		 0	 |	 0		 0		 --
chdir		 17		 17		 0	 |	 0		 0		 --
delete		 0		 0		 0	 |	 0		 0		 --
nni		 23		 7		 0	 |	 0		 0		 --
Total		 94		 78		 1	 |	 0		 0		 0
Proportion	 -- 		 1.0		 0.0	 |	 -- 		 0.0		 0.0
((C46,(Cooper)#H10:::0.6768340226755578):3.4775404418490985,(C33,(#H10:::0.32316597732444213,(((BHV5)#H11:::0.6866845356009418,(((K22,#H12:::0.3978046564212784):0.1935290243994418,B589):0.11403301798409268,(SP1777)#H12:::0.6021953435787216):0.21330429522529792):2.2920847221819627,(216_II,#H11:::0.3133154643990582):0.5582676315823162):1.6576220066699856):1.3728206223456534):1.4030347773350167,Titanium_IBR_MLV_vaccine);
---------------------
seed: 30608 for run 18, 2023-04-16 23:55:11.397

BEGIN SNaQ for run 18, seed 30608 and hmax 3 changed starting topology by NNI move

 changed starting network by move origin
Begins heuristic optimization of network------

found best network, now we re-optimize branch lengths and gamma more precisely
STOPPED by number of failures criteria
END optTopLevel: found minimizer topology at step 111 (failures: 75) with -loglik=313.6949 and ht_min=[0.33376, 0.31236, 0.23311, 8.6565, 0.08974, 0.0, 2.28654, 0.55978, 1.72026, 1.26637, 1.39232, 0.34675]
PERFORMANCE: total number of moves (proposed, successful, accepted) in general, and to fix gamma=0.0,t=0.0 cases
	--------moves general--------				 --------moves gamma,t------	
move	 Num.Proposed	 Num.Successful	 Num.Accepted	 | Num.Proposed	 Num.Successful	 Num.Accepted
add		 1		 1		 1	 |	 NA 		 NA 		 NA 
mvorigin	 31		 31		 1	 |	 0		 0		 --
mvtarget	 26		 26		 1	 |	 0		 0		 --
chdir		 20		 20		 2	 |	 0		 0		 --
delete		 0		 0		 0	 |	 0		 0		 --
nni		 33		 9		 0	 |	 1		 1		 --
Total		 111		 87		 5	 |	 1		 1		 1
Proportion	 -- 		 1.0		 0.1	 |	 -- 		 1.0		 1.0
((C46,(Cooper)#H10:::0.6662383038822642):8.656498867190825,(C33,(#H10:::0.33376169611773576,(((BHV5)#H11:::0.6876406358586491,((SP1777,(K22,(B589)#H12:::0.7668900377265093):0.08974469280913694):0.3467506408832037,#H12:::0.23310996227349065):0.0):2.286539532718719,(216_II,#H11:::0.31235936414135085):0.5597761431774172):1.7202591740712359):1.2663724342487461):1.3923154798439208,Titanium_IBR_MLV_vaccine);
---------------------
seed: 51659 for run 19, 2023-04-17 0:0:32.811

BEGIN SNaQ for run 19, seed 51659 and hmax 3
Begins heuristic optimization of network------

found best network, now we re-optimize branch lengths and gamma more precisely
STOPPED by number of failures criteria
END optTopLevel: found minimizer topology at step 137 (failures: 75) with -loglik=312.89701 and ht_min=[0.32323, 0.31353, 0.1831, 3.48011, 0.09834, 0.23432, 2.29447, 0.55806, 1.65693, 1.37262, 1.40321, 0.51442]
PERFORMANCE: total number of moves (proposed, successful, accepted) in general, and to fix gamma=0.0,t=0.0 cases
	--------moves general--------				 --------moves gamma,t------	
move	 Num.Proposed	 Num.Successful	 Num.Accepted	 | Num.Proposed	 Num.Successful	 Num.Accepted
add		 2		 1		 1	 |	 NA 		 NA 		 NA 
mvorigin	 38		 38		 0	 |	 0		 0		 --
mvtarget	 28		 28		 0	 |	 0		 0		 --
chdir		 26		 26		 2	 |	 0		 0		 --
delete		 0		 0		 0	 |	 0		 0		 --
nni		 43		 5		 0	 |	 0		 0		 --
Total		 137		 98		 3	 |	 0		 0		 0
Proportion	 -- 		 1.0		 0.0	 |	 -- 		 0.0		 0.0
((C46,(Cooper)#H10:::0.6767658742591076):3.4801132485930175,(C33,(#H10:::0.32323412574089244,(((BHV5)#H11:::0.6864659745247959,((SP1777,(K22,#H14:::0.18310464977002808):0.5144230872097437):0.09834241324018192,(B589)#H14:::0.816895350229972):0.23431822712304692):2.294466921145147,(216_II,#H11:::0.3135340254752042):0.5580578887830845):1.6569271904622211):1.3726233074815937):1.403209114167666,Titanium_IBR_MLV_vaccine);
---------------------
seed: 99997 for run 20, 2023-04-17 0:9:0.477

BEGIN SNaQ for run 20, seed 99997 and hmax 3 changed starting topology by NNI move

Begins heuristic optimization of network------

found best network, now we re-optimize branch lengths and gamma more precisely
STOPPED by number of failures criteria
END optTopLevel: found minimizer topology at step 161 (failures: 75) with -loglik=312.5478 and ht_min=[0.32328, 0.31244, 0.08526, 3.48271, 0.09003, 0.43407, 2.28817, 0.56127, 1.65711, 1.37156, 1.40339, 2.50266, 0.0328]
PERFORMANCE: total number of moves (proposed, successful, accepted) in general, and to fix gamma=0.0,t=0.0 cases
	--------moves general--------				 --------moves gamma,t------	
move	 Num.Proposed	 Num.Successful	 Num.Accepted	 | Num.Proposed	 Num.Successful	 Num.Accepted
add		 1		 1		 1	 |	 NA 		 NA 		 NA 
mvorigin	 50		 50		 0	 |	 0		 0		 --
mvtarget	 35		 23		 0	 |	 0		 0		 --
chdir		 34		 19		 4	 |	 0		 0		 --
delete		 0		 0		 0	 |	 0		 0		 --
nni		 41		 15		 0	 |	 0		 0		 --
Total		 161		 108		 5	 |	 0		 0		 0
Proportion	 -- 		 1.0		 0.0	 |	 -- 		 0.0		 0.0
(K22,(SP1777,(((BHV5)#H11:::0.6875619387618261,((216_II,#H11:::0.3124380612381738):0.561270963649377,(#H10:::0.3232767386889813,(C33,((C46,(Cooper)#H10:::0.6767232613110187):3.482708288942995,Titanium_IBR_MLV_vaccine):1.403385596358679):1.3715588359545128):1.6571123351317258):2.2881717901064302):0.0)#H12:0.43406528394060406::0.9147383351649178):0.0900314625402614,(B589,#H12:0.032798264416393524::0.08526166483508224):2.502663799981902);
---------------------

2023-04-17 0:17:12.193
MaxNet is (K22,(SP1777,(((BHV5)#H11:::0.6872955754454002,((216_II,#H11:::0.31270442455459974):0.5600514242978882,(#H10:::0.3232538242647095,(((C46,(Cooper)#H10:::0.6767461757352905):3.4821603065880558,Titanium_IBR_MLV_vaccine):1.4032913211070586,C33):1.372333268031201):1.6569849032845994):2.290046029206376):0.0)#H12:7.023643360140626::0.5501112742809189):0.17062751231855122,(B589,#H12:0.0::0.4498887257190811):0.1894953704573432); 
with -loglik 312.0955140028541
