IQ-TREE multicore version 2.1.3 COVID-edition for Linux 64-bit built Apr 21 2021
Developed by Bui Quang Minh, James Barbetti, Nguyen Lam Tung,
Olga Chernomor, Heiko Schmidt, Dominik Schrempf, Michael Woodhams.

Host:    mutalisk (AVX2, FMA3, 31 GB RAM)
Command: iqtree2 -nt AUTO -s experiment-G-dataset.fasta -pre experiment-G
Seed:    49826 (Using SPRNG - Scalable Parallel Random Number Generator)
Time:    Sat Apr 23 15:30:32 2022
Kernel:  AVX+FMA - auto-detect threads (12 CPU cores detected)

Reading alignment file experiment-G-dataset.fasta ... Fasta format detected
Alignment most likely contains DNA/RNA sequences
WARNING: 14 sites contain only gaps or ambiguous characters.
Alignment has 34 sequences with 144551 columns, 2652 distinct patterns
1992 parsimony-informative, 15957 singleton sites, 126602 constant sites
                                 Gap/Ambiguity  Composition  p-value
   1  BHV5                               4.66%    failed      0.00%
   2  MN2                                6.64%    passed     86.33%
   3  MN3                                6.68%    passed     89.48%
   4  MN5                                6.69%    passed     91.20%
   5  MN6                                6.69%    passed     92.51%
   6  MN7                                6.69%    passed     92.03%
   7  MN12                               6.69%    passed     91.34%
   8  MN14                               6.69%    passed     90.10%
   9  PA1                                6.69%    passed     91.37%
  10  PA3                                6.68%    passed     90.81%
  11  C14_CSU_034_10640                  7.00%    passed     69.44%
  12  C18                                7.06%    passed     68.39%
  13  C26                                6.92%    passed     74.90%
  14  C28_55771                          6.47%    passed     72.61%
  15  C29                                6.94%    passed     76.07%
  16  C33                                6.96%    passed     75.60%
  17  C36_876_459                        7.14%    passed     80.34%
  18  C42                                6.80%    passed     78.61%
  19  C43                                6.78%    passed     72.85%
  20  C44                                7.60%    passed     96.44%
  21  C46                                7.61%    passed     95.30%
  22  C47                                7.69%    passed     90.00%
  23  Nasalgen_IP_MLV_vaccine            7.50%    passed     95.83%
  24  TSV-2_Nasal_MLV_vaccine            6.68%    passed     86.79%
  25  BoviShield_Gold_FP5_MLV_vaccine    6.86%    passed     81.04%
  26  Express1_IBR_MLV_vaccine           6.73%    passed     80.75%
  27  Titanium_IBR_MLV_vaccine           6.85%    passed     77.87%
  28  VR188_Los_Angeles                  6.77%    passed     68.42%
  29  216_II                             6.42%    passed     98.28%
  30  SP1777                             6.66%    passed     90.59%
  31  SM023                              6.66%    passed     71.09%
  32  K22                                6.44%    passed     78.90%
  33  B589                               6.64%    passed     89.27%
  34  Cooper                             7.30%    passed     98.31%
****  TOTAL                              6.80%  1 sequences failed composition chi2 test (p-value<5%; df=3)
NOTE: minimal branch length is reduced to 0.000000691797 for long alignment


Create initial parsimony tree by phylogenetic likelihood library (PLL)... 0.018 seconds
Measuring multi-threading efficiency up to 12 CPU cores
Increase to 10 rounds for branch lengths
217 trees examined
Threads: 1 / Time: 12.039 sec / Speedup: 1.000 / Efficiency: 100% / LogL: -303658
Threads: 2 / Time: 7.633 sec / Speedup: 1.577 / Efficiency: 79% / LogL: -303658
Threads: 3 / Time: 6.064 sec / Speedup: 1.985 / Efficiency: 66% / LogL: -303658
Threads: 4 / Time: 4.852 sec / Speedup: 2.481 / Efficiency: 62% / LogL: -303658
Threads: 5 / Time: 4.568 sec / Speedup: 2.635 / Efficiency: 53% / LogL: -303658
Threads: 6 / Time: 3.988 sec / Speedup: 3.019 / Efficiency: 50% / LogL: -303658
Threads: 7 / Time: 3.434 sec / Speedup: 3.505 / Efficiency: 50% / LogL: -303658
Threads: 8 / Time: 3.780 sec / Speedup: 3.185 / Efficiency: 40% / LogL: -303658
BEST NUMBER OF THREADS: 7

Perform fast likelihood tree search using GTR+I+G model...
Estimate model parameters (epsilon = 5.000)
Perform nearest neighbor interchange...
Estimate model parameters (epsilon = 1.000)
1. Initial log-likelihood: -275331.660
Optimal log-likelihood: -275331.358
Rate parameters:  A-C: 1.07516  A-G: 8.65814  A-T: 0.81839  C-G: 0.93141  C-T: 8.44640  G-T: 1.00000
Base frequencies:  A: 0.135  C: 0.359  G: 0.366  T: 0.140
Proportion of invariable sites: 0.431
Gamma shape alpha: 0.376
Parameters optimization took 1 rounds (0.017 sec)
Time for fast ML tree search: 0.265 seconds

NOTE: ModelFinder requires 29 MB RAM!
ModelFinder will test up to 286 DNA models (sample size: 144551) ...
 No. Model         -LnL         df  AIC          AICc         BIC
  1  GTR+F         277005.210   73  554156.421   554156.495   554877.762
  2  GTR+F+I       275498.119   74  551144.238   551144.315   551875.461
  3  GTR+F+G4      275458.415   74  551064.831   551064.907   551796.053
  4  GTR+F+I+G4    275325.850   75  550801.700   550801.779   551542.804
  5  GTR+F+R2      274869.668   75  549889.336   549889.415   550630.440
  6  GTR+F+R3      274732.340   77  549618.680   549618.763   550379.547
WARNING: Log-likelihood -274765 of GTR+F+R4 worse than GTR+F+R3 -274732
  7  GTR+F+R4      274764.780   79  549687.561   549687.648   550468.190
 19  SYM+R3        293348.611   74  586845.222   586845.299   587576.444
 32  TVM+F+R3      274701.503   76  549555.005   549555.086   550305.991
 45  TVMe+R3       293338.545   73  586823.090   586823.165   587544.431
 58  TIM3+F+R3     274703.022   75  549556.045   549556.124   550297.149
 71  TIM3e+R3      293569.322   72  587282.645   587282.717   587994.104
 84  TIM2+F+R3     274703.105   75  549556.210   549556.288   550297.314
 97  TIM2e+R3      293584.583   72  587313.167   587313.240   588024.627
110  TIM+F+R3      274702.487   75  549554.974   549555.053   550296.078
123  TIMe+R3       293649.274   72  587442.548   587442.621   588154.008
136  TPM3u+F+R3    274702.685   74  549553.371   549553.448   550284.594
149  TPM3+F+R3     274702.632   74  549553.265   549553.341   550284.487
162  TPM2u+F+R3    274702.830   74  549553.659   549553.736   550284.882
175  TPM2+F+R3     274702.830   74  549553.659   549553.736   550284.882
188  K3Pu+F+R3     274702.138   74  549552.277   549552.353   550283.499
201  K3P+R3        293650.379   71  587442.757   587442.828   588144.336
214  TN+F+R3       274703.044   74  549554.089   549554.166   550285.312
227  TNe+R3        293788.136   71  587718.272   587718.343   588419.851
240  HKY+F+R3      274703.059   73  549552.119   549552.194   550273.460
253  K2P+R3        293789.307   70  587718.614   587718.682   588410.311
266  F81+F+R3      280198.581   72  560541.162   560541.235   561252.622
279  JC+R3         297702.846   69  595543.692   595543.759   596225.508
Akaike Information Criterion:           HKY+F+R3
Corrected Akaike Information Criterion: HKY+F+R3
Bayesian Information Criterion:         HKY+F+R3
Best-fit model: HKY+F+R3 chosen according to BIC

All model information printed to experiment-G.model.gz
CPU time for ModelFinder: 297.745 seconds (0h:4m:57s)
Wall-clock time for ModelFinder: 64.995 seconds (0h:1m:4s)

NOTE: 8 MB RAM (0 GB) is required!
Estimate model parameters (epsilon = 0.100)
1. Initial log-likelihood: -274703.059
Optimal log-likelihood: -274703.023
Rate parameters:  A-C: 1.00000  A-G: 5.43947  A-T: 1.00000  C-G: 1.00000  C-T: 5.43947  G-T: 1.00000
Base frequencies:  A: 0.135  C: 0.359  G: 0.366  T: 0.140
Site proportion and rates:  (0.506,0.361) (0.476,0.361) (0.018,36.032)
Parameters optimization took 1 rounds (0.016 sec)
Computing ML distances based on estimated model parameters...
Computing ML distances took 0.003120 sec (of wall-clock time) 0.021001 sec(of CPU time)
Computing RapidNJ tree took 0.000466 sec (of wall-clock time) 0.001330 sec (of CPU time)
Log-likelihood of RapidNJ tree: -274869.809
--------------------------------------------------------------------
|             INITIALIZING CANDIDATE TREE SET                      |
--------------------------------------------------------------------
Generating 98 parsimony trees... 2.520 second
Computing log-likelihood of 98 initial trees ... 0.265 seconds
Current best score: -274703.023

Do NNI search on 20 best initial trees
Estimate model parameters (epsilon = 0.100)
BETTER TREE FOUND at iteration 1: -274700.512
Estimate model parameters (epsilon = 0.100)
BETTER TREE FOUND at iteration 2: -274666.641
Iteration 10 / LogL: -274690.523 / Time: 0h:0m:3s
Iteration 20 / LogL: -274695.482 / Time: 0h:0m:3s
Finish initializing candidate tree set (6)
Current best tree score: -274666.641 / CPU time: 3.355
Number of iterations: 20
--------------------------------------------------------------------
|               OPTIMIZING CANDIDATE TREE SET                      |
--------------------------------------------------------------------
Iteration 30 / LogL: -274692.388 / Time: 0h:0m:3s (0h:0m:9s left)
Estimate model parameters (epsilon = 0.100)
BETTER TREE FOUND at iteration 37: -274665.620
Iteration 40 / LogL: -274685.721 / Time: 0h:0m:4s (0h:0m:10s left)
Iteration 50 / LogL: -274696.657 / Time: 0h:0m:4s (0h:0m:8s left)
Estimate model parameters (epsilon = 0.100)
BETTER TREE FOUND at iteration 52: -274665.157
Iteration 60 / LogL: -274716.235 / Time: 0h:0m:5s (0h:0m:7s left)
Iteration 70 / LogL: -274665.590 / Time: 0h:0m:5s (0h:0m:6s left)
Iteration 80 / LogL: -274665.649 / Time: 0h:0m:5s (0h:0m:5s left)
UPDATE BEST LOG-LIKELIHOOD: -274665.147
Iteration 90 / LogL: -274685.943 / Time: 0h:0m:6s (0h:0m:4s left)
Iteration 100 / LogL: -274682.541 / Time: 0h:0m:6s (0h:0m:3s left)
Iteration 110 / LogL: -274768.293 / Time: 0h:0m:7s (0h:0m:2s left)
Iteration 120 / LogL: -274686.933 / Time: 0h:0m:7s (0h:0m:2s left)
Iteration 130 / LogL: -274673.727 / Time: 0h:0m:8s (0h:0m:1s left)
Iteration 140 / LogL: -274665.152 / Time: 0h:0m:8s (0h:0m:0s left)
Iteration 150 / LogL: -274665.233 / Time: 0h:0m:8s (0h:0m:0s left)
TREE SEARCH COMPLETED AFTER 153 ITERATIONS / Time: 0h:0m:9s

--------------------------------------------------------------------
|                    FINALIZING TREE SEARCH                        |
--------------------------------------------------------------------
Performs final model parameters optimization
Estimate model parameters (epsilon = 0.010)
1. Initial log-likelihood: -274665.147
2. Current log-likelihood: -274665.126
3. Current log-likelihood: -274665.086
4. Current log-likelihood: -274665.050
5. Current log-likelihood: -274665.017
6. Current log-likelihood: -274664.987
7. Current log-likelihood: -274664.960
8. Current log-likelihood: -274664.936
9. Current log-likelihood: -274664.914
10. Current log-likelihood: -274664.894
11. Current log-likelihood: -274664.875
12. Current log-likelihood: -274664.858
13. Current log-likelihood: -274664.845
14. Current log-likelihood: -274664.829
15. Current log-likelihood: -274664.817
16. Current log-likelihood: -274664.805
17. Current log-likelihood: -274664.794
18. Current log-likelihood: -274664.784
Optimal log-likelihood: -274664.765
Rate parameters:  A-C: 1.00000  A-G: 5.37251  A-T: 1.00000  C-G: 1.00000  C-T: 5.37251  G-T: 1.00000
Base frequencies:  A: 0.135  C: 0.359  G: 0.366  T: 0.140
Site proportion and rates:  (0.507,0.377) (0.477,0.378) (0.016,38.966)
Parameters optimization took 18 rounds (0.284 sec)
BEST SCORE FOUND : -274664.765
Total tree length: 0.371

Total number of iterations: 153
CPU time used for tree search: 63.264 sec (0h:1m:3s)
Wall-clock time used for tree search: 9.033 sec (0h:0m:9s)
Total CPU time used: 65.695 sec (0h:1m:5s)
Total wall-clock time used: 9.376 sec (0h:0m:9s)

Analysis results written to: 
  IQ-TREE report:                experiment-G.iqtree
  Maximum-likelihood tree:       experiment-G.treefile
  Likelihood distances:          experiment-G.mldist
  Screen log file:               experiment-G.log

Date and Time: Sat Apr 23 15:31:46 2022
