IQ-TREE multicore version 2.1.3 COVID-edition for Linux 64-bit built Apr 21 2021
Developed by Bui Quang Minh, James Barbetti, Nguyen Lam Tung,
Olga Chernomor, Heiko Schmidt, Dominik Schrempf, Michael Woodhams.

Host:    mutalisk (AVX2, FMA3, 31 GB RAM)
Command: iqtree2 -nt AUTO -s experiment-set3_08-blocksize-1500-dataset.fasta -pre experiment-set3_08-blocksize-1500
Seed:    202592 (Using SPRNG - Scalable Parallel Random Number Generator)
Time:    Mon May 30 19:22:30 2022
Kernel:  AVX+FMA - auto-detect threads (12 CPU cores detected)

Reading alignment file experiment-set3_08-blocksize-1500-dataset.fasta ... Fasta format detected
Alignment most likely contains DNA/RNA sequences
WARNING: 7575 sites contain only gaps or ambiguous characters.
Alignment has 8 sequences with 144551 columns, 500 distinct patterns
1287 parsimony-informative, 734 singleton sites, 142530 constant sites
                          Gap/Ambiguity  Composition  p-value
   1  C33                         6.96%    passed     80.37%
   2  C46                         7.61%    passed     96.46%
   3  Titanium_IBR_MLV_vaccine    6.85%    passed     82.68%
   4  Cooper                      7.30%    passed     99.40%
   5  K22                         6.44%    passed     75.71%
   6  MN2                         6.64%    passed     82.21%
   7  MN3                         6.68%    passed     92.52%
   8  SM023                       6.66%    passed     67.67%
****  TOTAL                       6.89%  0 sequences failed composition chi2 test (p-value<5%; df=3)
NOTE: minimal branch length is reduced to 0.000000691797 for long alignment


Create initial parsimony tree by phylogenetic likelihood library (PLL)... 0.000 seconds
Measuring multi-threading efficiency up to 12 CPU cores
Increase to 10 rounds for branch lengths
7854 trees examined
Threads: 1 / Time: 12.000 sec / Speedup: 1.000 / Efficiency: 100% / LogL: -200887
Threads: 2 / Time: 8.644 sec / Speedup: 1.388 / Efficiency: 69% / LogL: -200887
Threads: 3 / Time: 7.515 sec / Speedup: 1.597 / Efficiency: 53% / LogL: -200887
Threads: 4 / Time: 5.484 sec / Speedup: 2.188 / Efficiency: 55% / LogL: -200887
Threads: 5 / Time: 4.742 sec / Speedup: 2.531 / Efficiency: 51% / LogL: -200887
Threads: 6 / Time: 4.892 sec / Speedup: 2.453 / Efficiency: 41% / LogL: -200887
BEST NUMBER OF THREADS: 5

Perform fast likelihood tree search using GTR+I+G model...
Estimate model parameters (epsilon = 5.000)
Perform nearest neighbor interchange...
Estimate model parameters (epsilon = 1.000)
1. Initial log-likelihood: -191602.812
Optimal log-likelihood: -191602.012
Rate parameters:  A-C: 1.06197  A-G: 7.62942  A-T: 1.13892  C-G: 0.75135  C-T: 7.22549  G-T: 1.00000
Base frequencies:  A: 0.135  C: 0.359  G: 0.366  T: 0.140
Proportion of invariable sites: 0.495
Gamma shape alpha: 0.020
Parameters optimization took 1 rounds (0.002 sec)
Time for fast ML tree search: 0.013 seconds

NOTE: ModelFinder requires 1 MB RAM!
ModelFinder will test up to 286 DNA models (sample size: 144551) ...
 No. Model         -LnL         df  AIC          AICc         BIC
  1  GTR+F         192034.215   21  384110.430   384110.436   384317.939
  2  GTR+F+I       191497.041   22  383038.082   383038.089   383255.473
  3  GTR+F+G4      191732.507   22  383509.014   383509.021   383726.404
  4  GTR+F+I+G4    191579.496   23  383204.992   383205.000   383432.264
  5  GTR+F+R2      191821.016   23  383688.032   383688.040   383915.304
  6  GTR+F+R3      191525.444   25  383100.888   383100.897   383347.922
  7  GTR+F+R4      191497.905   27  383049.810   383049.820   383316.607
  8  GTR+F+R5      191497.813   29  383053.625   383053.637   383340.185
 15  SYM+I         206177.361   19  412392.721   412392.726   412580.467
 28  TVM+F+I       191497.603   21  383037.207   383037.213   383244.716
 41  TVMe+I        206174.693   18  412385.387   412385.391   412563.252
 54  TIM3+F+I      191501.567   20  383043.135   383043.140   383240.762
 67  TIM3e+I       206185.992   17  412405.984   412405.988   412573.968
 80  TIM2+F+I      191502.508   20  383045.015   383045.021   383242.643
 93  TIM2e+I       206183.321   17  412400.641   412400.645   412568.625
106  TIM+F+I       191500.337   20  383040.674   383040.680   383238.301
119  TIMe+I        206194.504   17  412423.007   412423.011   412590.991
132  TPM3u+F+I     191502.509   19  383043.019   383043.024   383230.765
145  TPM3+F+I      191502.497   19  383042.993   383042.999   383230.740
158  TPM2u+F+I     191503.113   19  383044.225   383044.230   383231.972
171  TPM2+F+I      191503.113   19  383044.225   383044.230   383231.972
184  K3Pu+F+I      191498.468   19  383034.936   383034.941   383222.682
197  K3P+I         206192.790   16  412417.580   412417.584   412575.683
210  TN+F+I        191504.547   19  383047.093   383047.098   383234.839
223  TNe+I         206193.447   16  412418.894   412418.898   412576.996
236  HKY+F+I       191505.099   18  383046.198   383046.203   383224.063
249  K2P+I         206193.617   15  412417.233   412417.236   412565.454
262  F81+F+I       192621.131   17  385276.261   385276.265   385444.245
275  JC+I          207069.465   14  414166.930   414166.933   414305.269
Akaike Information Criterion:           K3Pu+F+I
Corrected Akaike Information Criterion: K3Pu+F+I
Bayesian Information Criterion:         K3Pu+F+I
Best-fit model: K3Pu+F+I chosen according to BIC

All model information printed to experiment-set3_08-blocksize-1500.model.gz
CPU time for ModelFinder: 133.172 seconds (0h:2m:13s)
Wall-clock time for ModelFinder: 44.261 seconds (0h:0m:44s)

NOTE: 0 MB RAM (0 GB) is required!
Estimate model parameters (epsilon = 0.100)
1. Initial log-likelihood: -191498.468
Optimal log-likelihood: -191498.466
Rate parameters:  A-C: 1.00000  A-G: 7.38978  A-T: 0.69759  C-G: 0.69759  C-T: 7.38978  G-T: 1.00000
Base frequencies:  A: 0.135  C: 0.359  G: 0.366  T: 0.140
Proportion of invariable sites: 0.951
Parameters optimization took 1 rounds (0.001 sec)
Computing ML distances based on estimated model parameters...
Computing ML distances took 0.000129 sec (of wall-clock time) 0.000132 sec(of CPU time)
WARNING: Some pairwise ML distances are too long (saturated)
Computing RapidNJ tree took 0.000067 sec (of wall-clock time) 0.000068 sec (of CPU time)
Log-likelihood of RapidNJ tree: -194568.574
--------------------------------------------------------------------
|             INITIALIZING CANDIDATE TREE SET                      |
--------------------------------------------------------------------
Generating 98 parsimony trees... 0.046 second
Computing log-likelihood of 46 initial trees ... 0.010 seconds
Current best score: -191498.466

Do NNI search on 20 best initial trees
Estimate model parameters (epsilon = 0.100)
BETTER TREE FOUND at iteration 1: -191498.465
Iteration 10 / LogL: -191498.496 / Time: 0h:0m:0s
Iteration 20 / LogL: -191499.763 / Time: 0h:0m:0s
Finish initializing candidate tree set (1)
Current best tree score: -191498.465 / CPU time: 0.087
Number of iterations: 20
--------------------------------------------------------------------
|               OPTIMIZING CANDIDATE TREE SET                      |
--------------------------------------------------------------------
Iteration 30 / LogL: -191500.577 / Time: 0h:0m:0s (0h:0m:0s left)
Iteration 40 / LogL: -191498.471 / Time: 0h:0m:0s (0h:0m:0s left)
Iteration 50 / LogL: -191498.656 / Time: 0h:0m:0s (0h:0m:0s left)
Iteration 60 / LogL: -191498.480 / Time: 0h:0m:0s (0h:0m:0s left)
Iteration 70 / LogL: -191501.024 / Time: 0h:0m:0s (0h:0m:0s left)
Iteration 80 / LogL: -191499.765 / Time: 0h:0m:0s (0h:0m:0s left)
Iteration 90 / LogL: -191498.656 / Time: 0h:0m:0s (0h:0m:0s left)
Iteration 100 / LogL: -191498.711 / Time: 0h:0m:0s (0h:0m:0s left)
TREE SEARCH COMPLETED AFTER 102 ITERATIONS / Time: 0h:0m:0s

--------------------------------------------------------------------
|                    FINALIZING TREE SEARCH                        |
--------------------------------------------------------------------
Performs final model parameters optimization
Estimate model parameters (epsilon = 0.010)
1. Initial log-likelihood: -191498.465
Optimal log-likelihood: -191498.465
Rate parameters:  A-C: 1.00000  A-G: 7.38911  A-T: 0.69615  C-G: 0.69615  C-T: 7.38911  G-T: 1.00000
Base frequencies:  A: 0.135  C: 0.359  G: 0.366  T: 0.140
Proportion of invariable sites: 0.951
Parameters optimization took 1 rounds (0.000 sec)
BEST SCORE FOUND : -191498.465
Total tree length: 0.019

Total number of iterations: 102
CPU time used for tree search: 1.442 sec (0h:0m:1s)
Wall-clock time used for tree search: 0.248 sec (0h:0m:0s)
Total CPU time used: 1.484 sec (0h:0m:1s)
Total wall-clock time used: 0.255 sec (0h:0m:0s)

Analysis results written to: 
  IQ-TREE report:                experiment-set3_08-blocksize-1500.iqtree
  Maximum-likelihood tree:       experiment-set3_08-blocksize-1500.treefile
  Likelihood distances:          experiment-set3_08-blocksize-1500.mldist
  Screen log file:               experiment-set3_08-blocksize-1500.log

Date and Time: Mon May 30 19:23:14 2022
