IQ-TREE multicore version 2.1.3 COVID-edition for Linux 64-bit built Apr 21 2021
Developed by Bui Quang Minh, James Barbetti, Nguyen Lam Tung,
Olga Chernomor, Heiko Schmidt, Dominik Schrempf, Michael Woodhams.

Host:    mutalisk (AVX2, FMA3, 31 GB RAM)
Command: iqtree2 -nt AUTO -s experiment-set3_08-blocksize-2500-dataset.fasta -pre experiment-set3_08-blocksize-2500
Seed:    156780 (Using SPRNG - Scalable Parallel Random Number Generator)
Time:    Mon May 30 19:26:48 2022
Kernel:  AVX+FMA - auto-detect threads (12 CPU cores detected)

Reading alignment file experiment-set3_08-blocksize-2500-dataset.fasta ... Fasta format detected
Alignment most likely contains DNA/RNA sequences
WARNING: 7575 sites contain only gaps or ambiguous characters.
Alignment has 8 sequences with 144551 columns, 500 distinct patterns
1287 parsimony-informative, 734 singleton sites, 142530 constant sites
                          Gap/Ambiguity  Composition  p-value
   1  C33                         6.96%    passed     80.37%
   2  C46                         7.61%    passed     96.46%
   3  Titanium_IBR_MLV_vaccine    6.85%    passed     82.68%
   4  Cooper                      7.30%    passed     99.40%
   5  K22                         6.44%    passed     75.71%
   6  MN2                         6.64%    passed     82.21%
   7  MN3                         6.68%    passed     92.52%
   8  SM023                       6.66%    passed     67.67%
****  TOTAL                       6.89%  0 sequences failed composition chi2 test (p-value<5%; df=3)
NOTE: minimal branch length is reduced to 0.000000691797 for long alignment


Create initial parsimony tree by phylogenetic likelihood library (PLL)... 0.000 seconds
Measuring multi-threading efficiency up to 12 CPU cores
Increase to 10 rounds for branch lengths
7873 trees examined
Threads: 1 / Time: 12.000 sec / Speedup: 1.000 / Efficiency: 100% / LogL: -200689
Threads: 2 / Time: 7.653 sec / Speedup: 1.568 / Efficiency: 78% / LogL: -200689
Threads: 3 / Time: 7.369 sec / Speedup: 1.629 / Efficiency: 54% / LogL: -200689
Threads: 4 / Time: 6.909 sec / Speedup: 1.737 / Efficiency: 43% / LogL: -200689
BEST NUMBER OF THREADS: 2

Perform fast likelihood tree search using GTR+I+G model...
Estimate model parameters (epsilon = 5.000)
Perform nearest neighbor interchange...
Estimate model parameters (epsilon = 1.000)
1. Initial log-likelihood: -191602.849
Optimal log-likelihood: -191602.021
Rate parameters:  A-C: 1.06274  A-G: 7.63535  A-T: 1.14003  C-G: 0.75179  C-T: 7.23052  G-T: 1.00000
Base frequencies:  A: 0.135  C: 0.359  G: 0.366  T: 0.140
Proportion of invariable sites: 0.495
Gamma shape alpha: 0.020
Parameters optimization took 1 rounds (0.003 sec)
Time for fast ML tree search: 0.031 seconds

NOTE: ModelFinder requires 1 MB RAM!
ModelFinder will test up to 286 DNA models (sample size: 144551) ...
 No. Model         -LnL         df  AIC          AICc         BIC
  1  GTR+F         192034.226   21  384110.451   384110.458   384317.961
  2  GTR+F+I       191497.038   22  383038.077   383038.084   383255.467
  3  GTR+F+G4      191732.467   22  383508.935   383508.942   383726.325
  4  GTR+F+I+G4    191579.497   23  383204.994   383205.001   383432.265
  5  GTR+F+R2      191821.095   23  383688.190   383688.197   383915.462
  6  GTR+F+R3      191525.475   25  383100.949   383100.958   383347.984
  7  GTR+F+R4      191497.930   27  383049.861   383049.871   383316.658
  8  GTR+F+R5      191497.830   29  383053.660   383053.672   383340.220
 15  SYM+I         206177.263   19  412392.526   412392.531   412580.272
 28  TVM+F+I       191497.604   21  383037.207   383037.214   383244.716
 41  TVMe+I        206174.674   18  412385.347   412385.352   412563.212
 54  TIM3+F+I      191501.567   20  383043.134   383043.140   383240.762
 67  TIM3e+I       206185.991   17  412405.983   412405.987   412573.966
 80  TIM2+F+I      191502.666   20  383045.331   383045.337   383242.959
 93  TIM2e+I       206183.587   17  412401.174   412401.179   412569.158
106  TIM+F+I       191500.187   20  383040.374   383040.380   383238.002
119  TIMe+I        206194.169   17  412422.338   412422.342   412590.321
132  TPM3u+F+I     191502.460   19  383042.919   383042.924   383230.666
145  TPM3+F+I      191502.446   19  383042.893   383042.898   383230.639
158  TPM2u+F+I     191503.109   19  383044.218   383044.223   383231.964
171  TPM2+F+I      191503.109   19  383044.218   383044.223   383231.964
184  K3Pu+F+I      191498.481   19  383034.963   383034.968   383222.709
197  K3P+I         206192.764   16  412417.528   412417.531   412575.630
210  TN+F+I        191504.538   19  383047.077   383047.082   383234.823
223  TNe+I         206193.447   16  412418.894   412418.898   412576.996
236  HKY+F+I       191505.099   18  383046.198   383046.202   383224.063
249  K2P+I         206193.616   15  412417.233   412417.236   412565.454
262  F81+F+I       192621.130   17  385276.261   385276.265   385444.245
275  JC+I          207069.465   14  414166.930   414166.933   414305.269
Akaike Information Criterion:           K3Pu+F+I
Corrected Akaike Information Criterion: K3Pu+F+I
Bayesian Information Criterion:         K3Pu+F+I
Best-fit model: K3Pu+F+I chosen according to BIC

All model information printed to experiment-set3_08-blocksize-2500.model.gz
CPU time for ModelFinder: 81.747 seconds (0h:1m:21s)
Wall-clock time for ModelFinder: 35.380 seconds (0h:0m:35s)

NOTE: 0 MB RAM (0 GB) is required!
Estimate model parameters (epsilon = 0.100)
1. Initial log-likelihood: -191498.481
Optimal log-likelihood: -191498.481
Rate parameters:  A-C: 1.00000  A-G: 7.47618  A-T: 0.70594  C-G: 0.70594  C-T: 7.47618  G-T: 1.00000
Base frequencies:  A: 0.135  C: 0.359  G: 0.366  T: 0.140
Proportion of invariable sites: 0.951
Parameters optimization took 1 rounds (0.001 sec)
Computing ML distances based on estimated model parameters...
Computing ML distances took 0.000378 sec (of wall-clock time) 0.000757 sec(of CPU time)
WARNING: Some pairwise ML distances are too long (saturated)
Computing RapidNJ tree took 0.000050 sec (of wall-clock time) 0.000050 sec (of CPU time)
Log-likelihood of RapidNJ tree: -194566.105
--------------------------------------------------------------------
|             INITIALIZING CANDIDATE TREE SET                      |
--------------------------------------------------------------------
Generating 98 parsimony trees... 0.052 second
Computing log-likelihood of 49 initial trees ... 0.011 seconds
Current best score: -191498.481

Do NNI search on 20 best initial trees
Estimate model parameters (epsilon = 0.100)
BETTER TREE FOUND at iteration 1: -191498.480
Iteration 10 / LogL: -191498.502 / Time: 0h:0m:0s
Iteration 20 / LogL: -191498.652 / Time: 0h:0m:0s
Finish initializing candidate tree set (1)
Current best tree score: -191498.480 / CPU time: 0.101
Number of iterations: 20
--------------------------------------------------------------------
|               OPTIMIZING CANDIDATE TREE SET                      |
--------------------------------------------------------------------
Iteration 30 / LogL: -191498.670 / Time: 0h:0m:0s (0h:0m:0s left)
Iteration 40 / LogL: -191498.588 / Time: 0h:0m:0s (0h:0m:0s left)
Iteration 50 / LogL: -191498.480 / Time: 0h:0m:0s (0h:0m:0s left)
Iteration 60 / LogL: -191498.608 / Time: 0h:0m:0s (0h:0m:0s left)
Iteration 70 / LogL: -191498.534 / Time: 0h:0m:0s (0h:0m:0s left)
Iteration 80 / LogL: -191498.608 / Time: 0h:0m:0s (0h:0m:0s left)
Iteration 90 / LogL: -191499.472 / Time: 0h:0m:0s (0h:0m:0s left)
Iteration 100 / LogL: -191498.632 / Time: 0h:0m:0s (0h:0m:0s left)
TREE SEARCH COMPLETED AFTER 102 ITERATIONS / Time: 0h:0m:0s

--------------------------------------------------------------------
|                    FINALIZING TREE SEARCH                        |
--------------------------------------------------------------------
Performs final model parameters optimization
Estimate model parameters (epsilon = 0.010)
1. Initial log-likelihood: -191498.480
Optimal log-likelihood: -191498.479
Rate parameters:  A-C: 1.00000  A-G: 7.47104  A-T: 0.70547  C-G: 0.70547  C-T: 7.47104  G-T: 1.00000
Base frequencies:  A: 0.135  C: 0.359  G: 0.366  T: 0.140
Proportion of invariable sites: 0.951
Parameters optimization took 1 rounds (0.001 sec)
BEST SCORE FOUND : -191498.479
Total tree length: 0.019

Total number of iterations: 102
CPU time used for tree search: 0.744 sec (0h:0m:0s)
Wall-clock time used for tree search: 0.279 sec (0h:0m:0s)
Total CPU time used: 0.768 sec (0h:0m:0s)
Total wall-clock time used: 0.290 sec (0h:0m:0s)

Analysis results written to: 
  IQ-TREE report:                experiment-set3_08-blocksize-2500.iqtree
  Maximum-likelihood tree:       experiment-set3_08-blocksize-2500.treefile
  Likelihood distances:          experiment-set3_08-blocksize-2500.mldist
  Screen log file:               experiment-set3_08-blocksize-2500.log

Date and Time: Mon May 30 19:27:23 2022
