IQ-TREE multicore version 2.1.3 COVID-edition for Linux 64-bit built Apr 21 2021
Developed by Bui Quang Minh, James Barbetti, Nguyen Lam Tung,
Olga Chernomor, Heiko Schmidt, Dominik Schrempf, Michael Woodhams.

Host:    mutalisk (AVX2, FMA3, 31 GB RAM)
Command: iqtree2 -nt AUTO -s experiment-set2-blocksize-2500-dataset.fasta -pre experiment-set2-blocksize-2500
Seed:    86647 (Using SPRNG - Scalable Parallel Random Number Generator)
Time:    Mon May 30 18:15:29 2022
Kernel:  AVX+FMA - auto-detect threads (12 CPU cores detected)

Reading alignment file experiment-set2-blocksize-2500-dataset.fasta ... Fasta format detected
Alignment most likely contains DNA/RNA sequences
WARNING: 8184 sites contain only gaps or ambiguous characters.
Alignment has 4 sequences with 144551 columns, 181 distinct patterns
523 parsimony-informative, 1287 singleton sites, 142741 constant sites
       Gap/Ambiguity  Composition  p-value
   1  K22      6.44%    passed     97.77%
   2  MN2      6.64%    passed     99.03%
   3  MN3      6.68%    passed     62.16%
   4  SM023    6.66%    passed     94.94%
****  TOTAL    6.60%  0 sequences failed composition chi2 test (p-value<5%; df=3)
NOTE: minimal branch length is reduced to 0.000000691797 for long alignment


Create initial parsimony tree by phylogenetic likelihood library (PLL)... 0.000 seconds
Measuring multi-threading efficiency up to 12 CPU cores
Increase to 10 rounds for branch lengths
29304 trees examined
Threads: 1 / Time: 12.000 sec / Speedup: 1.000 / Efficiency: 100% / LogL: -189483
Threads: 2 / Time: 9.944 sec / Speedup: 1.207 / Efficiency: 60% / LogL: -189483
Threads: 3 / Time: 9.552 sec / Speedup: 1.256 / Efficiency: 42% / LogL: -189483
BEST NUMBER OF THREADS: 2

Perform fast likelihood tree search using GTR+I+G model...
Estimate model parameters (epsilon = 5.000)
Perform nearest neighbor interchange...
Estimate model parameters (epsilon = 1.000)
1. Initial log-likelihood: -188247.663
Optimal log-likelihood: -188246.975
Rate parameters:  A-C: 1.10930  A-G: 8.98065  A-T: 1.18742  C-G: 0.73165  C-T: 8.59555  G-T: 1.00000
Base frequencies:  A: 0.134  C: 0.360  G: 0.366  T: 0.140
Proportion of invariable sites: 0.495
Gamma shape alpha: 0.020
Parameters optimization took 1 rounds (0.001 sec)
Time for fast ML tree search: 0.012 seconds

NOTE: ModelFinder requires 0 MB RAM!
ModelFinder will test up to 286 DNA models (sample size: 144551) ...
 No. Model         -LnL         df  AIC          AICc         BIC
WARNING: Number of threads seems too high for short alignments. Use -T AUTO to determine best number of threads.
  1  GTR+F         188599.434   13  377224.867   377224.870   377353.325
WARNING: Number of threads seems too high for short alignments. Use -T AUTO to determine best number of threads.
  2  GTR+F+I       188133.301   14  376294.603   376294.606   376432.942
WARNING: Number of threads seems too high for short alignments. Use -T AUTO to determine best number of threads.
  3  GTR+F+G4      188357.067   14  376742.134   376742.137   376880.473
WARNING: Number of threads seems too high for short alignments. Use -T AUTO to determine best number of threads.
  4  GTR+F+I+G4    188228.827   15  376487.654   376487.658   376635.875
WARNING: Number of threads seems too high for short alignments. Use -T AUTO to determine best number of threads.
  5  GTR+F+R2      188429.014   15  376888.029   376888.032   377036.250
WARNING: Number of threads seems too high for short alignments. Use -T AUTO to determine best number of threads.
  6  GTR+F+R3      188203.547   17  376441.095   376441.099   376609.079
WARNING: Number of threads seems too high for short alignments. Use -T AUTO to determine best number of threads.
  7  GTR+F+R4      188134.100   19  376306.200   376306.205   376493.946
WARNING: Number of threads seems too high for short alignments. Use -T AUTO to determine best number of threads.
  8  GTR+F+R5      188133.947   21  376309.895   376309.901   376517.404
WARNING: Number of threads seems too high for short alignments. Use -T AUTO to determine best number of threads.
 15  SYM+I         202742.828   11  405507.657   405507.658   405616.352
WARNING: Number of threads seems too high for short alignments. Use -T AUTO to determine best number of threads.
 28  TVM+F+I       188133.561   13  376293.122   376293.125   376421.580
WARNING: Number of threads seems too high for short alignments. Use -T AUTO to determine best number of threads.
 41  TVMe+I        202739.448   10  405498.896   405498.897   405597.710
WARNING: Number of threads seems too high for short alignments. Use -T AUTO to determine best number of threads.
 54  TIM3+F+I      188138.858   12  376301.715   376301.718   376420.292
WARNING: Number of threads seems too high for short alignments. Use -T AUTO to determine best number of threads.
 67  TIM3e+I       202747.445   9   405512.890   405512.892   405601.823
WARNING: Number of threads seems too high for short alignments. Use -T AUTO to determine best number of threads.
 80  TIM2+F+I      188139.586   12  376303.171   376303.174   376421.748
WARNING: Number of threads seems too high for short alignments. Use -T AUTO to determine best number of threads.
 93  TIM2e+I       202745.453   9   405508.906   405508.908   405597.839
WARNING: Number of threads seems too high for short alignments. Use -T AUTO to determine best number of threads.
106  TIM+F+I       188135.390   12  376294.780   376294.782   376413.357
WARNING: Number of threads seems too high for short alignments. Use -T AUTO to determine best number of threads.
119  TIMe+I        202750.441   9   405518.881   405518.882   405607.814
WARNING: Number of threads seems too high for short alignments. Use -T AUTO to determine best number of threads.
132  TPM3u+F+I     188138.914   11  376299.829   376299.831   376408.524
WARNING: Number of threads seems too high for short alignments. Use -T AUTO to determine best number of threads.
145  TPM3+F+I      188138.895   11  376299.789   376299.791   376408.484
WARNING: Number of threads seems too high for short alignments. Use -T AUTO to determine best number of threads.
158  TPM2u+F+I     188139.908   11  376301.815   376301.817   376410.511
WARNING: Number of threads seems too high for short alignments. Use -T AUTO to determine best number of threads.
171  TPM2+F+I      188139.908   11  376301.815   376301.817   376410.511
WARNING: Number of threads seems too high for short alignments. Use -T AUTO to determine best number of threads.
184  K3Pu+F+I      188135.589   11  376293.178   376293.180   376401.873
WARNING: Number of threads seems too high for short alignments. Use -T AUTO to determine best number of threads.
197  K3P+I         202750.443   8   405516.886   405516.887   405595.938
WARNING: Number of threads seems too high for short alignments. Use -T AUTO to determine best number of threads.
210  TN+F+I        188142.701   11  376307.402   376307.404   376416.098
WARNING: Number of threads seems too high for short alignments. Use -T AUTO to determine best number of threads.
223  TNe+I         202750.278   8   405516.556   405516.557   405595.607
WARNING: Number of threads seems too high for short alignments. Use -T AUTO to determine best number of threads.
236  HKY+F+I       188142.998   10  376305.996   376305.998   376404.810
WARNING: Number of threads seems too high for short alignments. Use -T AUTO to determine best number of threads.
249  K2P+I         202750.316   7   405514.633   405514.634   405583.803
WARNING: Number of threads seems too high for short alignments. Use -T AUTO to determine best number of threads.
262  F81+F+I       189261.179   9   378540.359   378540.360   378629.291
WARNING: Number of threads seems too high for short alignments. Use -T AUTO to determine best number of threads.
275  JC+I          203638.550   6   407289.100   407289.100   407348.388
Akaike Information Criterion:           TVM+F+I
Corrected Akaike Information Criterion: TVM+F+I
Bayesian Information Criterion:         K3Pu+F+I
Best-fit model: K3Pu+F+I chosen according to BIC

All model information printed to experiment-set2-blocksize-2500.model.gz
CPU time for ModelFinder: 63.396 seconds (0h:1m:3s)
Wall-clock time for ModelFinder: 31.949 seconds (0h:0m:31s)

NOTE: 0 MB RAM (0 GB) is required!
WARNING: Number of threads seems too high for short alignments. Use -T AUTO to determine best number of threads.
Estimate model parameters (epsilon = 0.100)
1. Initial log-likelihood: -188135.589
Optimal log-likelihood: -188135.566
Rate parameters:  A-C: 1.00000  A-G: 9.31828  A-T: 0.67395  C-G: 0.67395  C-T: 9.31828  G-T: 1.00000
Base frequencies:  A: 0.134  C: 0.360  G: 0.366  T: 0.140
Proportion of invariable sites: 0.959
Parameters optimization took 1 rounds (0.000 sec)
Computing ML distances based on estimated model parameters...
Computing ML distances took 0.000058 sec (of wall-clock time) 0.000060 sec(of CPU time)
Computing RapidNJ tree took 0.000017 sec (of wall-clock time) 0.000017 sec (of CPU time)
Log-likelihood of RapidNJ tree: -188135.566
--------------------------------------------------------------------
|             INITIALIZING CANDIDATE TREE SET                      |
--------------------------------------------------------------------
Generating 99 parsimony trees... 0.015 second
Computing log-likelihood of 2 initial trees ... 0.000 seconds
Current best score: -188135.566

Do NNI search on 3 best initial trees
Finish initializing candidate tree set (3)
Current best tree score: -188135.566 / CPU time: 0.015
Number of iterations: 3
--------------------------------------------------------------------
|               OPTIMIZING CANDIDATE TREE SET                      |
--------------------------------------------------------------------
UPDATE BEST LOG-LIKELIHOOD: -188135.566
Iteration 10 / LogL: -188135.623 / Time: 0h:0m:0s
Iteration 20 / LogL: -188135.568 / Time: 0h:0m:0s
Iteration 30 / LogL: -188401.350 / Time: 0h:0m:0s (0h:0m:0s left)
Iteration 40 / LogL: -188135.623 / Time: 0h:0m:0s (0h:0m:0s left)
Iteration 50 / LogL: -188135.623 / Time: 0h:0m:0s (0h:0m:0s left)
Iteration 60 / LogL: -188135.623 / Time: 0h:0m:0s (0h:0m:0s left)
Iteration 70 / LogL: -188135.623 / Time: 0h:0m:0s (0h:0m:0s left)
Iteration 80 / LogL: -188140.142 / Time: 0h:0m:0s (0h:0m:0s left)
Iteration 90 / LogL: -188401.350 / Time: 0h:0m:0s (0h:0m:0s left)
Iteration 100 / LogL: -188135.623 / Time: 0h:0m:0s (0h:0m:0s left)
TREE SEARCH COMPLETED AFTER 101 ITERATIONS / Time: 0h:0m:0s

--------------------------------------------------------------------
|                    FINALIZING TREE SEARCH                        |
--------------------------------------------------------------------
Performs final model parameters optimization
Estimate model parameters (epsilon = 0.010)
1. Initial log-likelihood: -188135.566
2. Current log-likelihood: -188135.541
3. Current log-likelihood: -188135.513
4. Current log-likelihood: -188135.481
5. Current log-likelihood: -188135.450
6. Current log-likelihood: -188135.391
7. Current log-likelihood: -188135.320
8. Current log-likelihood: -188135.093
9. Current log-likelihood: -188135.055
Optimal log-likelihood: -188135.053
Rate parameters:  A-C: 1.00000  A-G: 8.68928  A-T: 0.62559  C-G: 0.62559  C-T: 8.68928  G-T: 1.00000
Base frequencies:  A: 0.134  C: 0.360  G: 0.366  T: 0.140
Proportion of invariable sites: 0.958
Parameters optimization took 9 rounds (0.001 sec)
BEST SCORE FOUND : -188135.053
Total tree length: 0.018

Total number of iterations: 101
CPU time used for tree search: 0.120 sec (0h:0m:0s)
Wall-clock time used for tree search: 0.040 sec (0h:0m:0s)
Total CPU time used: 0.136 sec (0h:0m:0s)
Total wall-clock time used: 0.046 sec (0h:0m:0s)

Analysis results written to: 
  IQ-TREE report:                experiment-set2-blocksize-2500.iqtree
  Maximum-likelihood tree:       experiment-set2-blocksize-2500.treefile
  Likelihood distances:          experiment-set2-blocksize-2500.mldist
  Screen log file:               experiment-set2-blocksize-2500.log

Date and Time: Mon May 30 18:16:01 2022
