(Titanium_IBR_MLV_vaccine,C46,(Cooper,(C33,(216_II,(((K22,SP1777):0.012198635863314641,B589):0.4736464369762025,BHV5):1.828170965751235):2.0075738900169426):0.3156994384964489):0.06348181844774733); -Ploglik = 91.3453760347144
 Dendroscope: (Titanium_IBR_MLV_vaccine,C46,(Cooper,(C33,(216_II,(((K22,SP1777):0.012198635863314641,B589):0.4736464369762025,BHV5):1.828170965751235):2.0075738900169426):0.3156994384964489):0.06348181844774733);
 Elapsed time: 1345.6 seconds, 20 attempted runs
-------
List of estimated networks for all runs (sorted by log-pseudolik; the smaller, the better):
 (Titanium_IBR_MLV_vaccine,C46,(Cooper,(C33,(216_II,(((K22,SP1777):0.012198635863314641,B589):0.4736464369762025,BHV5):1.828170965751235):2.0075738900169426):0.3156994384964489):0.06348181844774733);, with -loglik 91.3453760347144
 ((C46,Titanium_IBR_MLV_vaccine):0.0634820174717247,(C33,(216_II,(((K22,SP1777):0.01219841477854964,B589):0.4736462625493848,BHV5):1.8281709719105976):2.007573860415937):0.3156991935769275,Cooper);, with -loglik 91.34537603473723
 (Titanium_IBR_MLV_vaccine,C46,(Cooper,(((((K22,SP1777):0.01219861391626456,B589):0.4736462145204039,BHV5):1.828171643829716,216_II):2.007573582375603,C33):0.31569948660184893):0.06348205477271476);, with -loglik 91.34537603474247
 ((C46,Titanium_IBR_MLV_vaccine):0.06348150869738473,(C33,((((K22,SP1777):0.012198413505695093,B589):0.47364612605914996,BHV5):1.8281714055479683,216_II):2.007574130008589):0.31569913308420094,Cooper);, with -loglik 91.34537603489672
 (Titanium_IBR_MLV_vaccine,C46,(Cooper,(C33,(216_II,(((K22,SP1777):0.012197780396658888,B589):0.4736469343003226,BHV5):1.8281716048652044):2.0075737847181383):0.31569934202033645):0.06348170161564158);, with -loglik 91.34537603505382
 (Titanium_IBR_MLV_vaccine,C46,(Cooper,(C33,(216_II,(((K22,SP1777):0.012197836859854549,B589):0.4736469329964706,BHV5):1.8281719501457532):2.0075729883770888):0.3156995132518655):0.06348172642176232);, with -loglik 91.34537603511487
 (Titanium_IBR_MLV_vaccine,C46,(Cooper,(C33,(216_II,(((SP1777,K22):0.012197904173755287,B589):0.4736470625040332,BHV5):1.828169896084006):2.0075735609153993):0.31569954833164793):0.06348188088029934);, with -loglik 91.34537603526444
 (Titanium_IBR_MLV_vaccine,C46,(Cooper,(C33,(216_II,((B589,(K22,SP1777):0.012199295048510198):0.4736457860306319,BHV5):1.8281723527649778):2.00757341073026):0.3156991763236576):0.06348219668358844);, with -loglik 91.34537603540878
 (Titanium_IBR_MLV_vaccine,C46,(Cooper,(C33,(216_II,(((SP1777,K22):0.012199144930200053,B589):0.47364590437950377,BHV5):1.8281731624193243):2.0075732525269836):0.31569932456142086):0.06348169606038555);, with -loglik 91.34537603544133
 (Titanium_IBR_MLV_vaccine,C46,(Cooper,((216_II,(((SP1777,K22):0.012198122839181863,B589):0.4736458494752338,BHV5):1.828171267195668):2.0075733025015596,C33):0.31569884143987614):0.06348263146280829);, with -loglik 91.3453760355076
 (Titanium_IBR_MLV_vaccine,C46,(Cooper,(C33,(216_II,(((SP1777,K22):0.012199373901394087,B589):0.4736461038447789,BHV5):1.8281716536587218):2.00757435517553):0.3156995262951198):0.06348247395309695);, with -loglik 91.34537603563244
 (Titanium_IBR_MLV_vaccine,C46,(Cooper,(C33,(216_II,(((K22,SP1777):0.012196926935108335,B589):0.47364770251754684,BHV5):1.8281715295668939):2.0075769119042075):0.3156991334503306):0.06348232829315076);, with -loglik 91.34537603787
 (Titanium_IBR_MLV_vaccine,C46,(Cooper,(((((K22,SP1777):0.0121958704688993,B589):0.47364692760310484,BHV5):1.8281713136971076,216_II):2.007573615493753,C33):0.31569944670094274):0.06348198531717811);, with -loglik 91.34537603950456
 (Titanium_IBR_MLV_vaccine,C46,((C33,(216_II,(((K22,SP1777):0.012201551028078211,B589):0.4736469083161524,BHV5):1.82816723071501):2.0075775274855814):0.3156997546875948,Cooper):0.06348063345549292);, with -loglik 91.34537604650819
 (((C46,Titanium_IBR_MLV_vaccine):0.06348059866063187,Cooper):0.31570004409961505,C33,((BHV5,((K22,SP1777):0.012202253482747146,B589):0.4736458030807502):1.8281715300627033,216_II):2.007571777442094);, with -loglik 91.34537604678643
 (Titanium_IBR_MLV_vaccine,C46,(Cooper,(C33,(((B589,(K22,SP1777):0.012194941985285732):0.47365003588010113,BHV5):1.8281737302002925,216_II):2.007577349470174):0.3156965929522005):0.06348317953495836);, with -loglik 91.34537605414751
 (C46,((C33,(216_II,((B589,(SP1777,K22):0.012194247279095098):0.47364450873909636,BHV5):1.828173847642097):2.00755991180062):0.3156984887749725,Cooper):0.06348280323929888,Titanium_IBR_MLV_vaccine);, with -loglik 91.34537607719439
 (Titanium_IBR_MLV_vaccine,C46,(((216_II,(((SP1777,K22):0.01219157757752716,B589):0.4736463148135116,BHV5):1.8281726677523162):2.007570860818409,C33):0.31570474525878395,Cooper):0.06347983636556985);, with -loglik 91.34537609025497
 (Titanium_IBR_MLV_vaccine,C46,(Cooper,((((B589,(K22,SP1777):0.012201266524976495):0.47364040386529843,BHV5):1.8281742062831121,216_II):2.0075736529674737,C33):0.31570723072760604):0.06346439961768467);, with -loglik 91.34537626011979
 (Titanium_IBR_MLV_vaccine,C46,(Cooper,(C33,(216_II,(((K22,SP1777):0.01255250856301859,B589):0.47353666421689433,BHV5):1.8281416113717728):2.007579074161845):0.3156904525759602):0.06352369691166015);, with -loglik 91.34546675495585
-------
