optimization of topology, BL and inheritance probabilities using:
 hmax = 3,
 tolerance parameters: ftolRel=1.0e-6, ftolAbs=1.0e-6,
                       xtolAbs=0.001, xtolRel=0.01.
 max number of failed proposals = 75, liktolAbs = 1.0e-6.
rootname for files: /home/zergling/.emacs.d/virus-project/analysis/snaq/fromIQtrees/set1c-97genes-L2R/net3
BEGIN: 20 runs on starting tree ((C46,(Cooper)#H11:::0.8037104183413187):0.11197335884715942,Titanium_IBR_MLV_vaccine,(C33,((216_II,(#H12:::0.4350629234237718,(((K22,(BHV5)#H12:::0.5649370765762283):0.12475127205916281,SP1777):0.021145538669148048,B589):2.031408104579982):0.8990096508285855):1.7126242905215854,#H11:::0.19628958165868124):0.3274662000200006):0.3964685291955121);

main seed 265609
seed: 265609 for run 1, 2023-04-16 0:55:32.914

BEGIN SNaQ for run 1, seed 265609 and hmax 3 changed starting topology by NNI move

 changed starting network by move target
Begins heuristic optimization of network------

found best network, now we re-optimize branch lengths and gamma more precisely
STOPPED by number of failures criteria
END optTopLevel: found minimizer topology at step 225 (failures: 75) with -loglik=57.00757 and ht_min=[0.43506, 0.19628, 3.26918, 0.11197, 0.89901, 0.12475, 0.02115, 2.03141, 0.32749, 2.62786, 1.71261, 0.39647]
PERFORMANCE: total number of moves (proposed, successful, accepted) in general, and to fix gamma=0.0,t=0.0 cases
	--------moves general--------				 --------moves gamma,t------	
move	 Num.Proposed	 Num.Successful	 Num.Accepted	 | Num.Proposed	 Num.Successful	 Num.Accepted
add		 44		 0		 0	 |	 NA 		 NA 		 NA 
mvorigin	 47		 47		 0	 |	 2		 2		 --
mvtarget	 54		 54		 1	 |	 1		 1		 --
chdir		 24		 24		 2	 |	 3		 3		 --
delete		 0		 0		 0	 |	 0		 0		 --
nni		 56		 28		 1	 |	 2		 2		 --
Total		 225		 153		 4	 |	 8		 8		 5
Proportion	 -- 		 1.0		 0.0	 |	 -- 		 1.0		 0.6
((C46,(Cooper)#H11:3.269180786952221::0.8037172600304465):0.11197075725906269,Titanium_IBR_MLV_vaccine,(C33,(#H11:2.6278593851975405::0.19628273996955342,((#H12:::0.43506343329553915,(((K22,(BHV5)#H12:::0.5649365667044608):0.1247527373648306,SP1777):0.02114501772532906,B589):2.031407884349823):0.8990121920988887,216_II):1.7126053999965225):0.3274851194607858):0.39646839618601);
---------------------
seed: 62774 for run 2, 2023-04-16 1:1:20.182

BEGIN SNaQ for run 2, seed 62774 and hmax 3
Begins heuristic optimization of network------

found best network, now we re-optimize branch lengths and gamma more precisely
STOPPED by number of failures criteria
END optTopLevel: found minimizer topology at step 108 (failures: 75) with -loglik=57.00757 and ht_min=[0.43506, 0.19629, 0.11197, 0.12475, 0.02115, 2.03141, 0.89901, 1.71262, 0.32747, 0.39647]
PERFORMANCE: total number of moves (proposed, successful, accepted) in general, and to fix gamma=0.0,t=0.0 cases
	--------moves general--------				 --------moves gamma,t------	
move	 Num.Proposed	 Num.Successful	 Num.Accepted	 | Num.Proposed	 Num.Successful	 Num.Accepted
add		 25		 0		 0	 |	 NA 		 NA 		 NA 
mvorigin	 21		 21		 0	 |	 0		 0		 --
mvtarget	 28		 28		 0	 |	 0		 0		 --
chdir		 10		 10		 0	 |	 0		 0		 --
delete		 0		 0		 0	 |	 0		 0		 --
nni		 24		 16		 0	 |	 0		 0		 --
Total		 108		 75		 0	 |	 0		 0		 0
Proportion	 -- 		 1.0		 0.0	 |	 -- 		 0.0		 0.0
((C46,(Cooper)#H11:::0.8037104976455886):0.11197341333332071,Titanium_IBR_MLV_vaccine,(C33,((216_II,(#H12:::0.4350627950343303,(((K22,(BHV5)#H12:::0.5649372049656697):0.12475097990200593,SP1777):0.02114552632460222,B589):2.0314083625608306):0.8990099142261159):1.712623120842635,#H11:::0.19628950235441148):0.3274663460053009):0.3964674861300713);
---------------------
seed: 75949 for run 3, 2023-04-16 1:3:36.849

BEGIN SNaQ for run 3, seed 75949 and hmax 3 changed starting topology by NNI move

 changed starting network by move origin
Begins heuristic optimization of network------

found best network, now we re-optimize branch lengths and gamma more precisely
STOPPED by number of failures criteria
END optTopLevel: found minimizer topology at step 147 (failures: 75) with -loglik=57.00757 and ht_min=[0.43506, 0.19629, 0.11198, 0.89901, 0.12475, 0.02114, 2.03141, 1.71263, 0.32746, 0.39647]
PERFORMANCE: total number of moves (proposed, successful, accepted) in general, and to fix gamma=0.0,t=0.0 cases
	--------moves general--------				 --------moves gamma,t------	
move	 Num.Proposed	 Num.Successful	 Num.Accepted	 | Num.Proposed	 Num.Successful	 Num.Accepted
add		 34		 0		 0	 |	 NA 		 NA 		 NA 
mvorigin	 33		 33		 1	 |	 1		 1		 --
mvtarget	 28		 28		 0	 |	 0		 0		 --
chdir		 18		 18		 0	 |	 1		 1		 --
delete		 0		 0		 0	 |	 0		 0		 --
nni		 34		 17		 1	 |	 7		 7		 --
Total		 147		 96		 2	 |	 9		 9		 6
Proportion	 -- 		 1.0		 0.0	 |	 -- 		 1.0		 0.7
((C46,(Cooper)#H11:::0.8037085969180665):0.11197617346269503,Titanium_IBR_MLV_vaccine,(C33,(((#H12:::0.43506288846024666,((SP1777,(K22,(BHV5)#H12:::0.5649371115397533):0.12475318462921166):0.021143380885098925,B589):2.031410713417018):0.8990089913550532,216_II):1.7126260100905146,#H11:::0.19629140308193346):0.3274648924569233):0.39646858752389347);
---------------------
seed: 97401 for run 4, 2023-04-16 1:7:47.919

BEGIN SNaQ for run 4, seed 97401 and hmax 3
 changed starting network by move origin
Begins heuristic optimization of network------

found best network, now we re-optimize branch lengths and gamma more precisely
STOPPED by number of failures criteria
END optTopLevel: found minimizer topology at step 417 (failures: 75) with -loglik=57.00757 and ht_min=[0.43506, 0.19629, 0.18381, 0.11198, 2.03141, 0.02115, 0.89901, 0.12475, 1.71262, 0.52698, 0.32747, 0.39647]
PERFORMANCE: total number of moves (proposed, successful, accepted) in general, and to fix gamma=0.0,t=0.0 cases
	--------moves general--------				 --------moves gamma,t------	
move	 Num.Proposed	 Num.Successful	 Num.Accepted	 | Num.Proposed	 Num.Successful	 Num.Accepted
add		 98		 0		 0	 |	 NA 		 NA 		 NA 
mvorigin	 85		 85		 4	 |	 2		 2		 --
mvtarget	 95		 95		 1	 |	 1		 1		 --
chdir		 58		 58		 4	 |	 3		 3		 --
delete		 0		 0		 0	 |	 0		 0		 --
nni		 81		 29		 3	 |	 19		 19		 --
Total		 417		 267		 12	 |	 25		 25		 12
Proportion	 -- 		 1.0		 0.0	 |	 -- 		 1.0		 0.5
((C46,(Cooper)#H11:0.1838089540114546::0.8037094026534848):0.11197552828241213,Titanium_IBR_MLV_vaccine,(C33,((216_II,(#H12:::0.4350637851136489,((SP1777,(K22,(BHV5)#H12:::0.564936214886351):0.12475307049926533):0.02114783739124575,B589):2.0314055043386037):0.8990134630684976):1.7126245475880715,#H11:0.5269814662482413::0.19629059734651524):0.32746672467272536):0.39646671612869644);
---------------------
seed: 76350 for run 5, 2023-04-16 1:18:5.127

BEGIN SNaQ for run 5, seed 76350 and hmax 3
Begins heuristic optimization of network------

found best network, now we re-optimize branch lengths and gamma more precisely
STOPPED by number of failures criteria
END optTopLevel: found minimizer topology at step 102 (failures: 75) with -loglik=57.00757 and ht_min=[0.43506, 0.19629, 0.11197, 0.12475, 0.02115, 2.03141, 0.89901, 1.71262, 0.32747, 0.39647]
PERFORMANCE: total number of moves (proposed, successful, accepted) in general, and to fix gamma=0.0,t=0.0 cases
	--------moves general--------				 --------moves gamma,t------	
move	 Num.Proposed	 Num.Successful	 Num.Accepted	 | Num.Proposed	 Num.Successful	 Num.Accepted
add		 15		 0		 0	 |	 NA 		 NA 		 NA 
mvorigin	 27		 27		 0	 |	 0		 0		 --
mvtarget	 23		 23		 0	 |	 0		 0		 --
chdir		 10		 10		 0	 |	 0		 0		 --
delete		 0		 0		 0	 |	 0		 0		 --
nni		 27		 15		 0	 |	 0		 0		 --
Total		 102		 75		 0	 |	 0		 0		 0
Proportion	 -- 		 1.0		 0.0	 |	 -- 		 0.0		 0.0
((C46,(Cooper)#H11:::0.8037104976455886):0.11197341333332071,Titanium_IBR_MLV_vaccine,(C33,((216_II,(#H12:::0.4350627950343303,(((K22,(BHV5)#H12:::0.5649372049656697):0.12475097990200593,SP1777):0.02114552632460222,B589):2.0314083625608306):0.8990099142261159):1.712623120842635,#H11:::0.19628950235441148):0.3274663460053009):0.3964674861300713);
---------------------
seed: 40421 for run 6, 2023-04-16 1:20:23.857

BEGIN SNaQ for run 6, seed 40421 and hmax 3
 changed starting network by move target
Begins heuristic optimization of network------

found best network, now we re-optimize branch lengths and gamma more precisely
STOPPED by number of failures criteria
END optTopLevel: found minimizer topology at step 129 (failures: 75) with -loglik=82.74333 and ht_min=[0.05695, 0.0, 0.22723, 0.40838, 2.00559, 10.0, 0.00078, 0.53164, 0.10183, 0.25009, 0.12333, 1.39595, 0.0, 0.0]
PERFORMANCE: total number of moves (proposed, successful, accepted) in general, and to fix gamma=0.0,t=0.0 cases
	--------moves general--------				 --------moves gamma,t------	
move	 Num.Proposed	 Num.Successful	 Num.Accepted	 | Num.Proposed	 Num.Successful	 Num.Accepted
add		 15		 6		 2	 |	 NA 		 NA 		 NA 
mvorigin	 38		 38		 3	 |	 361		 361		 --
mvtarget	 24		 24		 2	 |	 361		 361		 --
chdir		 22		 18		 4	 |	 723		 723		 --
delete		 0		 0		 0	 |	 61		 61		 --
nni		 30		 14		 1	 |	 20		 20		 --
Total		 129		 100		 12	 |	 1526		 1526		 135
Proportion	 -- 		 1.0		 0.1	 |	 -- 		 1.0		 0.1
(216_II,(C33,((((C46,(Titanium_IBR_MLV_vaccine)#H14:::0.772774606251708):0.1018331210573092,Cooper):0.25009283998081744,#H14:::0.22722539374829193):0.0)#H1:0.12333195762211169::1.0):2.005588278888697,((((B589,(K22)#H12:::0.9430502353051708):0.0007784535741980315,SP1777):0.5316403382424985,(#H12:::0.0569497646948291,BHV5):9.99999999990295):1.395953658815815,#H1:0.0::0.0):0.408376333126091);
---------------------
seed: 33316 for run 7, 2023-04-16 1:37:8.033

BEGIN SNaQ for run 7, seed 33316 and hmax 3
Begins heuristic optimization of network------

found best network, now we re-optimize branch lengths and gamma more precisely
STOPPED by number of failures criteria
END optTopLevel: found minimizer topology at step 133 (failures: 75) with -loglik=57.00757 and ht_min=[0.43506, 0.19629, 0.11197, 0.12475, 0.02115, 2.03141, 0.89901, 1.71262, 0.32747, 0.39647]
PERFORMANCE: total number of moves (proposed, successful, accepted) in general, and to fix gamma=0.0,t=0.0 cases
	--------moves general--------				 --------moves gamma,t------	
move	 Num.Proposed	 Num.Successful	 Num.Accepted	 | Num.Proposed	 Num.Successful	 Num.Accepted
add		 38		 0		 0	 |	 NA 		 NA 		 NA 
mvorigin	 24		 24		 0	 |	 0		 0		 --
mvtarget	 27		 27		 0	 |	 0		 0		 --
chdir		 10		 10		 0	 |	 0		 0		 --
delete		 0		 0		 0	 |	 0		 0		 --
nni		 34		 14		 0	 |	 0		 0		 --
Total		 133		 75		 0	 |	 0		 0		 0
Proportion	 -- 		 1.0		 0.0	 |	 -- 		 0.0		 0.0
((C46,(Cooper)#H11:::0.8037104976455886):0.11197341333332071,Titanium_IBR_MLV_vaccine,(C33,((216_II,(#H12:::0.4350627950343303,(((K22,(BHV5)#H12:::0.5649372049656697):0.12475097990200593,SP1777):0.02114552632460222,B589):2.0314083625608306):0.8990099142261159):1.712623120842635,#H11:::0.19628950235441148):0.3274663460053009):0.3964674861300713);
---------------------
seed: 28024 for run 8, 2023-04-16 1:39:18.036

BEGIN SNaQ for run 8, seed 28024 and hmax 3 changed starting topology by NNI move

 changed starting network by move target
Begins heuristic optimization of network------

found best network, now we re-optimize branch lengths and gamma more precisely
STOPPED by number of failures criteria
END optTopLevel: found minimizer topology at step 173 (failures: 75) with -loglik=57.00757 and ht_min=[0.43506, 0.1963, 0.11198, 0.12476, 0.02114, 2.03142, 0.899, 1.71262, 0.32747, 0.39647]
PERFORMANCE: total number of moves (proposed, successful, accepted) in general, and to fix gamma=0.0,t=0.0 cases
	--------moves general--------				 --------moves gamma,t------	
move	 Num.Proposed	 Num.Successful	 Num.Accepted	 | Num.Proposed	 Num.Successful	 Num.Accepted
add		 45		 0		 0	 |	 NA 		 NA 		 NA 
mvorigin	 38		 38		 1	 |	 0		 0		 --
mvtarget	 37		 37		 1	 |	 0		 0		 --
chdir		 23		 23		 0	 |	 0		 0		 --
delete		 0		 0		 0	 |	 0		 0		 --
nni		 30		 11		 0	 |	 1		 1		 --
Total		 173		 109		 2	 |	 1		 1		 1
Proportion	 -- 		 1.0		 0.0	 |	 -- 		 1.0		 1.0
((C46,(Cooper)#H11:::0.8037036775297763):0.11197858186341994,Titanium_IBR_MLV_vaccine,(C33,((216_II,(#H12:::0.4350622286377454,((SP1777,(K22,(BHV5)#H12:::0.5649377713622545):0.12475702427849933):0.021143284674258748,B589):2.031423294250988):0.8990027595955113):1.7126248299776385,#H11:::0.19629632247022363):0.32746578700224704):0.39647014737316283);
---------------------
seed: 11693 for run 9, 2023-04-16 1:42:59.606

BEGIN SNaQ for run 9, seed 11693 and hmax 3 changed starting topology by NNI move

 changed starting network by move target
Begins heuristic optimization of network------

found best network, now we re-optimize branch lengths and gamma more precisely
STOPPED by number of failures criteria
END optTopLevel: found minimizer topology at step 146 (failures: 75) with -loglik=58.2902 and ht_min=[0.43505, 0.07779, 2.01832, 0.0696, 0.12433, 0.02154, 2.0323, 0.89874, 3.13283, 0.38728]
PERFORMANCE: total number of moves (proposed, successful, accepted) in general, and to fix gamma=0.0,t=0.0 cases
	--------moves general--------				 --------moves gamma,t------	
move	 Num.Proposed	 Num.Successful	 Num.Accepted	 | Num.Proposed	 Num.Successful	 Num.Accepted
add		 38		 0		 0	 |	 NA 		 NA 		 NA 
mvorigin	 32		 32		 0	 |	 1		 1		 --
mvtarget	 30		 29		 0	 |	 1		 1		 --
chdir		 15		 13		 1	 |	 2		 2		 --
delete		 0		 0		 0	 |	 0		 0		 --
nni		 31		 21		 2	 |	 3		 3		 --
Total		 146		 95		 3	 |	 7		 7		 3
Proportion	 -- 		 1.0		 0.0	 |	 -- 		 1.0		 0.4
((C46,(Cooper,#H11:::0.07778799283660952):3.132832297492376):0.06960038320570403,Titanium_IBR_MLV_vaccine,(C33,((216_II,(#H12:::0.43505250495745845,(((K22,(BHV5)#H12:::0.5649474950425415):0.12432592298970849,SP1777):0.021538214352767003,B589):2.0323038853596334):0.8987373728462396):2.018323741869693)#H11:::0.9222120071633905):0.38727668256360137);
---------------------
seed: 26510 for run 10, 2023-04-16 1:46:55.502

BEGIN SNaQ for run 10, seed 26510 and hmax 3
 changed starting network by move target
Begins heuristic optimization of network------

found best network, now we re-optimize branch lengths and gamma more precisely
STOPPED by number of failures criteria
END optTopLevel: found minimizer topology at step 172 (failures: 75) with -loglik=58.22509 and ht_min=[0.43511, 0.07523, 0.06965, 3.0e-5, 2.04905, 0.38583, 0.89916, 0.12473, 0.02126, 2.03096, 4.90082, 2.83428]
PERFORMANCE: total number of moves (proposed, successful, accepted) in general, and to fix gamma=0.0,t=0.0 cases
	--------moves general--------				 --------moves gamma,t------	
move	 Num.Proposed	 Num.Successful	 Num.Accepted	 | Num.Proposed	 Num.Successful	 Num.Accepted
add		 32		 0		 0	 |	 NA 		 NA 		 NA 
mvorigin	 31		 31		 4	 |	 5		 5		 --
mvtarget	 45		 39		 1	 |	 6		 6		 --
chdir		 24		 22		 0	 |	 12		 12		 --
delete		 0		 0		 0	 |	 0		 0		 --
nni		 40		 30		 0	 |	 0		 0		 --
Total		 172		 122		 5	 |	 23		 23		 10
Proportion	 -- 		 1.0		 0.0	 |	 -- 		 1.0		 0.4
((C33,(((#H12:::0.43511236310455303,(((K22,(BHV5)#H12:::0.564887636895447):0.12472610770586674,SP1777):0.02126115485161246,B589):2.030960340755327):0.8991603581442985,216_II):2.049053541952173)#H11:3.4260033677322135e-5::0.9247718297926094):0.38583466019344637,Titanium_IBR_MLV_vaccine,(C46,(#H11:2.8342756060700727::0.07522817020739059,Cooper):4.9008230496806755):0.06964970238144484);
---------------------
seed: 46398 for run 11, 2023-04-16 1:50:10.018

BEGIN SNaQ for run 11, seed 46398 and hmax 3 changed starting topology by NNI move

 changed starting network by move target
Begins heuristic optimization of network------

found best network, now we re-optimize branch lengths and gamma more precisely
STOPPED by number of failures criteria
END optTopLevel: found minimizer topology at step 175 (failures: 75) with -loglik=57.00757 and ht_min=[0.43506, 0.19628, 0.11197, 0.12475, 0.02115, 2.0314, 0.89901, 1.71259, 0.3275, 0.39647]
PERFORMANCE: total number of moves (proposed, successful, accepted) in general, and to fix gamma=0.0,t=0.0 cases
	--------moves general--------				 --------moves gamma,t------	
move	 Num.Proposed	 Num.Successful	 Num.Accepted	 | Num.Proposed	 Num.Successful	 Num.Accepted
add		 48		 0		 0	 |	 NA 		 NA 		 NA 
mvorigin	 37		 37		 0	 |	 0		 0		 --
mvtarget	 40		 40		 1	 |	 0		 0		 --
chdir		 20		 20		 0	 |	 0		 0		 --
delete		 0		 0		 0	 |	 0		 0		 --
nni		 30		 15		 0	 |	 1		 1		 --
Total		 175		 112		 1	 |	 1		 1		 1
Proportion	 -- 		 1.0		 0.0	 |	 -- 		 1.0		 1.0
(Titanium_IBR_MLV_vaccine,(C33,((216_II,(#H12:::0.4350640226582177,(((K22,(BHV5)#H12:::0.5649359773417824):0.12475223186362681,SP1777):0.02114855986823784,B589):2.031402341054661):0.8990128573368816):1.7125900042903195,#H11:::0.19627754399800962):0.3275025678354784):0.3964660826693608,(C46,(Cooper)#H11:::0.8037224560019904):0.11196692781864327);
---------------------
seed: 68847 for run 12, 2023-04-16 1:54:24.621

BEGIN SNaQ for run 12, seed 68847 and hmax 3
Begins heuristic optimization of network------

found best network, now we re-optimize branch lengths and gamma more precisely
STOPPED by number of failures criteria
END optTopLevel: found minimizer topology at step 116 (failures: 75) with -loglik=57.00757 and ht_min=[0.43506, 0.19629, 0.11197, 0.12475, 0.02115, 2.03141, 0.89901, 1.71262, 0.32747, 0.39647]
PERFORMANCE: total number of moves (proposed, successful, accepted) in general, and to fix gamma=0.0,t=0.0 cases
	--------moves general--------				 --------moves gamma,t------	
move	 Num.Proposed	 Num.Successful	 Num.Accepted	 | Num.Proposed	 Num.Successful	 Num.Accepted
add		 25		 0		 0	 |	 NA 		 NA 		 NA 
mvorigin	 26		 26		 0	 |	 0		 0		 --
mvtarget	 33		 33		 0	 |	 0		 0		 --
chdir		 10		 10		 0	 |	 0		 0		 --
delete		 0		 0		 0	 |	 0		 0		 --
nni		 22		 6		 0	 |	 0		 0		 --
Total		 116		 75		 0	 |	 0		 0		 0
Proportion	 -- 		 1.0		 0.0	 |	 -- 		 0.0		 0.0
((C46,(Cooper)#H11:::0.8037104976455886):0.11197341333332071,Titanium_IBR_MLV_vaccine,(C33,((216_II,(#H12:::0.4350627950343303,(((K22,(BHV5)#H12:::0.5649372049656697):0.12475097990200593,SP1777):0.02114552632460222,B589):2.0314083625608306):0.8990099142261159):1.712623120842635,#H11:::0.19628950235441148):0.3274663460053009):0.3964674861300713);
---------------------
seed: 41244 for run 13, 2023-04-16 1:56:36.11

BEGIN SNaQ for run 13, seed 41244 and hmax 3
Begins heuristic optimization of network------

found best network, now we re-optimize branch lengths and gamma more precisely
STOPPED by number of failures criteria
END optTopLevel: found minimizer topology at step 114 (failures: 75) with -loglik=57.00757 and ht_min=[0.43506, 0.19629, 0.11197, 0.12475, 0.02115, 2.03141, 0.89901, 1.71262, 0.32747, 0.39647]
PERFORMANCE: total number of moves (proposed, successful, accepted) in general, and to fix gamma=0.0,t=0.0 cases
	--------moves general--------				 --------moves gamma,t------	
move	 Num.Proposed	 Num.Successful	 Num.Accepted	 | Num.Proposed	 Num.Successful	 Num.Accepted
add		 25		 0		 0	 |	 NA 		 NA 		 NA 
mvorigin	 22		 22		 0	 |	 0		 0		 --
mvtarget	 32		 32		 0	 |	 0		 0		 --
chdir		 10		 10		 0	 |	 0		 0		 --
delete		 0		 0		 0	 |	 0		 0		 --
nni		 25		 11		 0	 |	 0		 0		 --
Total		 114		 75		 0	 |	 0		 0		 0
Proportion	 -- 		 1.0		 0.0	 |	 -- 		 0.0		 0.0
((C46,(Cooper)#H11:::0.8037104976455886):0.11197341333332071,Titanium_IBR_MLV_vaccine,(C33,((216_II,(#H12:::0.4350627950343303,(((K22,(BHV5)#H12:::0.5649372049656697):0.12475097990200593,SP1777):0.02114552632460222,B589):2.0314083625608306):0.8990099142261159):1.712623120842635,#H11:::0.19628950235441148):0.3274663460053009):0.3964674861300713);
---------------------
seed: 41741 for run 14, 2023-04-16 1:58:58.177

BEGIN SNaQ for run 14, seed 41741 and hmax 3
Begins heuristic optimization of network------

found best network, now we re-optimize branch lengths and gamma more precisely
STOPPED by number of failures criteria
END optTopLevel: found minimizer topology at step 117 (failures: 75) with -loglik=57.00757 and ht_min=[0.43506, 0.19629, 0.11197, 0.12475, 0.02115, 2.03141, 0.89901, 1.71262, 0.32747, 0.39647]
PERFORMANCE: total number of moves (proposed, successful, accepted) in general, and to fix gamma=0.0,t=0.0 cases
	--------moves general--------				 --------moves gamma,t------	
move	 Num.Proposed	 Num.Successful	 Num.Accepted	 | Num.Proposed	 Num.Successful	 Num.Accepted
add		 25		 0		 0	 |	 NA 		 NA 		 NA 
mvorigin	 19		 19		 0	 |	 0		 0		 --
mvtarget	 30		 30		 0	 |	 0		 0		 --
chdir		 10		 10		 0	 |	 0		 0		 --
delete		 0		 0		 0	 |	 0		 0		 --
nni		 33		 16		 0	 |	 0		 0		 --
Total		 117		 75		 0	 |	 0		 0		 0
Proportion	 -- 		 1.0		 0.0	 |	 -- 		 0.0		 0.0
((C46,(Cooper)#H11:::0.8037104976455886):0.11197341333332071,Titanium_IBR_MLV_vaccine,(C33,((216_II,(#H12:::0.4350627950343303,(((K22,(BHV5)#H12:::0.5649372049656697):0.12475097990200593,SP1777):0.02114552632460222,B589):2.0314083625608306):0.8990099142261159):1.712623120842635,#H11:::0.19628950235441148):0.3274663460053009):0.3964674861300713);
---------------------
seed: 98128 for run 15, 2023-04-16 2:1:29.951

BEGIN SNaQ for run 15, seed 98128 and hmax 3 changed starting topology by NNI move

Begins heuristic optimization of network------

found best network, now we re-optimize branch lengths and gamma more precisely
STOPPED by number of failures criteria
END optTopLevel: found minimizer topology at step 148 (failures: 75) with -loglik=57.00757 and ht_min=[0.43506, 0.1963, 4.18895, 0.11198, 0.12475, 0.02114, 2.03141, 0.89901, 0.32743, 0.57154, 1.71265, 0.39647]
PERFORMANCE: total number of moves (proposed, successful, accepted) in general, and to fix gamma=0.0,t=0.0 cases
	--------moves general--------				 --------moves gamma,t------	
move	 Num.Proposed	 Num.Successful	 Num.Accepted	 | Num.Proposed	 Num.Successful	 Num.Accepted
add		 28		 0		 0	 |	 NA 		 NA 		 NA 
mvorigin	 36		 36		 1	 |	 0		 0		 --
mvtarget	 32		 32		 1	 |	 0		 0		 --
chdir		 23		 22		 2	 |	 0		 0		 --
delete		 0		 0		 0	 |	 0		 0		 --
nni		 29		 14		 1	 |	 4		 4		 --
Total		 148		 104		 5	 |	 4		 4		 2
Proportion	 -- 		 1.0		 0.0	 |	 -- 		 1.0		 0.5
(((C46,(Cooper)#H11:4.188953709668098::0.8037015519662549):0.11197858038429938,Titanium_IBR_MLV_vaccine):0.39646785752596564,C33,(#H11:0.5715355889980019::0.19629844803374505,(216_II,(#H12:::0.43506282609359476,(((K22,(BHV5)#H12:::0.5649371739064053):0.12475312047746592,SP1777):0.021143491121484854,B589):2.0314069400065455):0.899011491662731):1.7126509663843001):0.3274347327499802);
---------------------
seed: 60964 for run 16, 2023-04-16 2:4:5.141

BEGIN SNaQ for run 16, seed 60964 and hmax 3
 changed starting network by move target
Begins heuristic optimization of network------

found best network, now we re-optimize branch lengths and gamma more precisely
STOPPED by number of failures criteria
END optTopLevel: found minimizer topology at step 200 (failures: 75) with -loglik=60.66757 and ht_min=[0.43504, 0.06699, 0.00977, 0.08501, 1.96171, 0.1248, 0.02123, 2.03084, 0.89898, 2.8017, 2.19717, 0.39806]
PERFORMANCE: total number of moves (proposed, successful, accepted) in general, and to fix gamma=0.0,t=0.0 cases
	--------moves general--------				 --------moves gamma,t------	
move	 Num.Proposed	 Num.Successful	 Num.Accepted	 | Num.Proposed	 Num.Successful	 Num.Accepted
add		 42		 0		 0	 |	 NA 		 NA 		 NA 
mvorigin	 39		 39		 1	 |	 1		 1		 --
mvtarget	 38		 38		 1	 |	 0		 0		 --
chdir		 32		 32		 1	 |	 2		 2		 --
delete		 0		 0		 0	 |	 0		 0		 --
nni		 49		 25		 3	 |	 3		 3		 --
Total		 200		 134		 6	 |	 6		 6		 3
Proportion	 -- 		 1.0		 0.0	 |	 -- 		 1.0		 0.5
(((216_II,(#H12:::0.4350446535342052,((SP1777,(K22,(BHV5)#H12:::0.5649553464657948):0.12480070641407837):0.02123282786668485,B589):2.03084250472401):0.8989790734636124):1.9617149970593974,(C33,#H11:2.801695613949815::0.06699077287459024):2.197169434279769):0.398064958951989,Cooper,((Titanium_IBR_MLV_vaccine,C46):0.08501243400144094)#H11:0.009771340435876156::0.9330092271254098);
---------------------
seed: 92841 for run 17, 2023-04-16 2:8:37.644

BEGIN SNaQ for run 17, seed 92841 and hmax 3 changed starting topology by NNI move

 changed starting network by move target
Begins heuristic optimization of network------

found best network, now we re-optimize branch lengths and gamma more precisely
STOPPED by number of failures criteria
END optTopLevel: found minimizer topology at step 153 (failures: 75) with -loglik=57.04256 and ht_min=[0.43387, 0.19611, 0.11265, 0.12713, 0.01458, 2.03629, 0.89617, 1.71208, 0.32851, 0.39618]
PERFORMANCE: total number of moves (proposed, successful, accepted) in general, and to fix gamma=0.0,t=0.0 cases
	--------moves general--------				 --------moves gamma,t------	
move	 Num.Proposed	 Num.Successful	 Num.Accepted	 | Num.Proposed	 Num.Successful	 Num.Accepted
add		 39		 0		 0	 |	 NA 		 NA 		 NA 
mvorigin	 36		 36		 0	 |	 0		 0		 --
mvtarget	 36		 36		 1	 |	 0		 0		 --
chdir		 14		 14		 0	 |	 0		 0		 --
delete		 0		 0		 0	 |	 0		 0		 --
nni		 28		 13		 1	 |	 6		 6		 --
Total		 153		 99		 2	 |	 6		 6		 3
Proportion	 -- 		 1.0		 0.0	 |	 -- 		 1.0		 0.5
(Titanium_IBR_MLV_vaccine,(C33,((216_II,(#H12:::0.4338740386124508,(((K22,(BHV5)#H12:::0.5661259613875492):0.1271296809578217,SP1777):0.014579223027778832,B589):2.036287390412807):0.8961683494268827):1.7120754528541422,#H11:::0.1961052466607055):0.328507329836042):0.39618460472825895,(C46,(Cooper)#H11:::0.8038947533392945):0.11264760048726527);
---------------------
seed: 17903 for run 18, 2023-04-16 2:10:55.498

BEGIN SNaQ for run 18, seed 17903 and hmax 3
Begins heuristic optimization of network------

found best network, now we re-optimize branch lengths and gamma more precisely
STOPPED by number of failures criteria
END optTopLevel: found minimizer topology at step 122 (failures: 75) with -loglik=57.00757 and ht_min=[0.43506, 0.19629, 0.11197, 0.12475, 0.02115, 2.03141, 0.89901, 1.71262, 0.32747, 0.39647]
PERFORMANCE: total number of moves (proposed, successful, accepted) in general, and to fix gamma=0.0,t=0.0 cases
	--------moves general--------				 --------moves gamma,t------	
move	 Num.Proposed	 Num.Successful	 Num.Accepted	 | Num.Proposed	 Num.Successful	 Num.Accepted
add		 37		 0		 0	 |	 NA 		 NA 		 NA 
mvorigin	 39		 39		 0	 |	 0		 0		 --
mvtarget	 20		 20		 0	 |	 0		 0		 --
chdir		 10		 10		 0	 |	 0		 0		 --
delete		 0		 0		 0	 |	 0		 0		 --
nni		 16		 6		 0	 |	 0		 0		 --
Total		 122		 75		 0	 |	 0		 0		 0
Proportion	 -- 		 1.0		 0.0	 |	 -- 		 0.0		 0.0
((C46,(Cooper)#H11:::0.8037104976455886):0.11197341333332071,Titanium_IBR_MLV_vaccine,(C33,((216_II,(#H12:::0.4350627950343303,(((K22,(BHV5)#H12:::0.5649372049656697):0.12475097990200593,SP1777):0.02114552632460222,B589):2.0314083625608306):0.8990099142261159):1.712623120842635,#H11:::0.19628950235441148):0.3274663460053009):0.3964674861300713);
---------------------
seed: 81128 for run 19, 2023-04-16 2:13:19.444

BEGIN SNaQ for run 19, seed 81128 and hmax 3
 changed starting network by move origin
Begins heuristic optimization of network------

found best network, now we re-optimize branch lengths and gamma more precisely
STOPPED by number of failures criteria
END optTopLevel: found minimizer topology at step 108 (failures: 75) with -loglik=57.00757 and ht_min=[0.43506, 0.19629, 0.11197, 0.12475, 0.02114, 2.0314, 0.89901, 1.71263, 0.32746, 0.39647]
PERFORMANCE: total number of moves (proposed, successful, accepted) in general, and to fix gamma=0.0,t=0.0 cases
	--------moves general--------				 --------moves gamma,t------	
move	 Num.Proposed	 Num.Successful	 Num.Accepted	 | Num.Proposed	 Num.Successful	 Num.Accepted
add		 20		 0		 0	 |	 NA 		 NA 		 NA 
mvorigin	 29		 29		 1	 |	 0		 0		 --
mvtarget	 28		 28		 0	 |	 0		 0		 --
chdir		 11		 11		 0	 |	 0		 0		 --
delete		 0		 0		 0	 |	 0		 0		 --
nni		 20		 12		 1	 |	 3		 3		 --
Total		 108		 80		 2	 |	 3		 3		 2
Proportion	 -- 		 1.0		 0.0	 |	 -- 		 1.0		 0.7
((C46,(Cooper)#H11:::0.8037109696099974):0.11197277061671645,Titanium_IBR_MLV_vaccine,(C33,((216_II,(#H12:::0.4350630350145634,(((K22,(BHV5)#H12:::0.5649369649854366):0.12475464304372778,SP1777):0.021140989713018647,B589):2.031400730230778):0.8990130028835643):1.712627343899029,#H11:::0.19628903039000256):0.32746242446277407):0.3964679470550965);
---------------------
seed: 13607 for run 20, 2023-04-16 2:16:9.857

BEGIN SNaQ for run 20, seed 13607 and hmax 3
Begins heuristic optimization of network------

found best network, now we re-optimize branch lengths and gamma more precisely
STOPPED by number of failures criteria
END optTopLevel: found minimizer topology at step 108 (failures: 75) with -loglik=57.00757 and ht_min=[0.43506, 0.19629, 0.11197, 0.12475, 0.02115, 2.03141, 0.89901, 1.71262, 0.32747, 0.39647]
PERFORMANCE: total number of moves (proposed, successful, accepted) in general, and to fix gamma=0.0,t=0.0 cases
	--------moves general--------				 --------moves gamma,t------	
move	 Num.Proposed	 Num.Successful	 Num.Accepted	 | Num.Proposed	 Num.Successful	 Num.Accepted
add		 24		 0		 0	 |	 NA 		 NA 		 NA 
mvorigin	 34		 34		 0	 |	 0		 0		 --
mvtarget	 19		 19		 0	 |	 0		 0		 --
chdir		 10		 10		 0	 |	 0		 0		 --
delete		 0		 0		 0	 |	 0		 0		 --
nni		 21		 12		 0	 |	 0		 0		 --
Total		 108		 75		 0	 |	 0		 0		 0
Proportion	 -- 		 1.0		 0.0	 |	 -- 		 0.0		 0.0
((C46,(Cooper)#H11:::0.8037104976455886):0.11197341333332071,Titanium_IBR_MLV_vaccine,(C33,((216_II,(#H12:::0.4350627950343303,(((K22,(BHV5)#H12:::0.5649372049656697):0.12475097990200593,SP1777):0.02114552632460222,B589):2.0314083625608306):0.8990099142261159):1.712623120842635,#H11:::0.19628950235441148):0.3274663460053009):0.3964674861300713);
---------------------

2023-04-16 2:18:16.552
MaxNet is ((C46,(Cooper)#H11:::0.8037104976455886):0.11197341333332071,Titanium_IBR_MLV_vaccine,(C33,((216_II,(#H12:::0.4350627950343303,(((K22,(BHV5)#H12:::0.5649372049656697):0.12475097990200593,SP1777):0.02114552632460222,B589):2.0314083625608306):0.8990099142261159):1.712623120842635,#H11:::0.19628950235441148):0.3274663460053009):0.3964674861300713); 
with -loglik 57.00757044168647
