IQ-TREE multicore version 2.1.3 COVID-edition for Linux 64-bit built Apr 21 2021
Developed by Bui Quang Minh, James Barbetti, Nguyen Lam Tung,
Olga Chernomor, Heiko Schmidt, Dominik Schrempf, Michael Woodhams.

Host:    mutalisk (AVX2, FMA3, 31 GB RAM)
Command: iqtree2 -nt AUTO -s experiment-L2-dataset.fasta -pre experiment-L2
Seed:    838740 (Using SPRNG - Scalable Parallel Random Number Generator)
Time:    Tue Jun 21 11:53:29 2022
Kernel:  AVX+FMA - auto-detect threads (12 CPU cores detected)

Reading alignment file experiment-L2-dataset.fasta ... Fasta format detected
Alignment most likely contains DNA/RNA sequences
WARNING: 7637 sites contain only gaps or ambiguous characters.
Alignment has 6 sequences with 144551 columns, 337 distinct patterns
1006 parsimony-informative, 935 singleton sites, 142610 constant sites
                          Gap/Ambiguity  Composition  p-value
   1  C33                         6.96%    passed     87.33%
   2  C46                         7.61%    passed     97.87%
   3  Titanium_IBR_MLV_vaccine    6.85%    passed     89.19%
   4  Cooper                      7.30%    passed     99.93%
   5  B589                        6.64%    passed     80.77%
   6  SP1777                      6.66%    passed     81.05%
****  TOTAL                       7.00%  0 sequences failed composition chi2 test (p-value<5%; df=3)
NOTE: minimal branch length is reduced to 0.000000691797 for long alignment


Create initial parsimony tree by phylogenetic likelihood library (PLL)... 0.000 seconds
Measuring multi-threading efficiency up to 12 CPU cores
Increase to 10 rounds for branch lengths
18748 trees examined
Threads: 1 / Time: 12.001 sec / Speedup: 1.000 / Efficiency: 100% / LogL: -190390
Threads: 2 / Time: 7.068 sec / Speedup: 1.698 / Efficiency: 85% / LogL: -190390
Threads: 3 / Time: 6.044 sec / Speedup: 1.986 / Efficiency: 66% / LogL: -190390
Threads: 4 / Time: 5.893 sec / Speedup: 2.036 / Efficiency: 51% / LogL: -190390
Threads: 5 / Time: 5.859 sec / Speedup: 2.048 / Efficiency: 41% / LogL: -190390
BEST NUMBER OF THREADS: 3

Perform fast likelihood tree search using GTR+I+G model...
Estimate model parameters (epsilon = 5.000)
Perform nearest neighbor interchange...
Estimate model parameters (epsilon = 1.000)
1. Initial log-likelihood: -189225.657
Optimal log-likelihood: -189225.047
Rate parameters:  A-C: 1.27606  A-G: 9.30139  A-T: 1.14995  C-G: 0.71413  C-T: 8.88563  G-T: 1.00000
Base frequencies:  A: 0.135  C: 0.359  G: 0.366  T: 0.140
Proportion of invariable sites: 0.493
Gamma shape alpha: 0.020
Parameters optimization took 1 rounds (0.001 sec)
Time for fast ML tree search: 0.008 seconds

NOTE: ModelFinder requires 0 MB RAM!
ModelFinder will test up to 286 DNA models (sample size: 144551) ...
 No. Model         -LnL         df  AIC          AICc         BIC
  1  GTR+F         189263.713   17  378561.425   378561.430   378729.409
  2  GTR+F+I       189223.532   18  378483.064   378483.069   378660.929
  3  GTR+F+G4      189231.779   18  378499.558   378499.563   378677.423
  4  GTR+F+I+G4    189223.696   19  378485.392   378485.398   378673.139
  5  GTR+F+R2      189246.060   19  378530.119   378530.125   378717.866
  6  GTR+F+R3      189237.035   21  378516.071   378516.077   378723.580
 15  SYM+I         203859.417   15  407748.835   407748.838   407897.055
 28  TVM+F+I       189223.402   17  378480.803   378480.807   378648.787
 41  TVMe+I        203857.976   14  407743.953   407743.955   407882.292
 54  TIM3+F+I      189232.789   16  378497.579   378497.582   378655.681
 67  TIM3e+I       203865.546   13  407757.093   407757.095   407885.551
 80  TIM2+F+I      189230.797   16  378493.594   378493.597   378651.696
 93  TIM2e+I       203865.363   13  407756.726   407756.729   407885.184
106  TIM+F+I       189222.214   16  378476.427   378476.431   378634.529
119  TIMe+I        203868.941   13  407763.882   407763.885   407892.341
132  TPM3u+F+I     189231.905   15  378493.811   378493.814   378642.031
145  TPM3+F+I      189231.905   15  378493.811   378493.814   378642.031
158  TPM2u+F+I     189231.198   15  378492.397   378492.400   378640.617
171  TPM2+F+I      189231.198   15  378492.397   378492.400   378640.617
184  K3Pu+F+I      189222.628   15  378475.256   378475.259   378623.476
197  K3P+I         203869.130   12  407762.259   407762.261   407880.836
210  TN+F+I        189233.842   15  378497.685   378497.688   378645.906
223  TNe+I         203868.993   12  407761.985   407761.988   407880.562
236  HKY+F+I       189234.272   14  378496.544   378496.547   378634.884
249  K2P+I         203869.036   11  407760.071   407760.073   407868.766
262  F81+F+I       190280.752   13  380587.504   380587.507   380715.963
275  JC+I          204695.436   10  409410.873   409410.874   409509.687
Akaike Information Criterion:           K3Pu+F+I
Corrected Akaike Information Criterion: K3Pu+F+I
Bayesian Information Criterion:         K3Pu+F+I
Best-fit model: K3Pu+F+I chosen according to BIC

All model information printed to experiment-L2.model.gz
CPU time for ModelFinder: 99.060 seconds (0h:1m:39s)
Wall-clock time for ModelFinder: 37.074 seconds (0h:0m:37s)

NOTE: 0 MB RAM (0 GB) is required!
Estimate model parameters (epsilon = 0.100)
1. Initial log-likelihood: -189222.628
Optimal log-likelihood: -189222.610
Rate parameters:  A-C: 1.00000  A-G: 7.69774  A-T: 0.61996  C-G: 0.61996  C-T: 7.69774  G-T: 1.00000
Base frequencies:  A: 0.135  C: 0.359  G: 0.366  T: 0.140
Proportion of invariable sites: 0.885
Parameters optimization took 1 rounds (0.000 sec)
Computing ML distances based on estimated model parameters...
Computing ML distances took 0.000093 sec (of wall-clock time) 0.000304 sec(of CPU time)
Computing RapidNJ tree took 0.000036 sec (of wall-clock time) 0.000070 sec (of CPU time)
Log-likelihood of RapidNJ tree: -189266.183
--------------------------------------------------------------------
|             INITIALIZING CANDIDATE TREE SET                      |
--------------------------------------------------------------------
Generating 98 parsimony trees... 0.028 second
Computing log-likelihood of 6 initial trees ... 0.001 seconds
Current best score: -189222.610

Do NNI search on 8 best initial trees
Finish initializing candidate tree set (8)
Current best tree score: -189222.610 / CPU time: 0.034
Number of iterations: 8
--------------------------------------------------------------------
|               OPTIMIZING CANDIDATE TREE SET                      |
--------------------------------------------------------------------
Iteration 10 / LogL: -189222.610 / Time: 0h:0m:0s
UPDATE BEST LOG-LIKELIHOOD: -189222.610
UPDATE BEST LOG-LIKELIHOOD: -189222.610
Iteration 20 / LogL: -189222.610 / Time: 0h:0m:0s
Iteration 30 / LogL: -189244.085 / Time: 0h:0m:0s (0h:0m:0s left)
Iteration 40 / LogL: -189222.611 / Time: 0h:0m:0s (0h:0m:0s left)
Iteration 50 / LogL: -189222.611 / Time: 0h:0m:0s (0h:0m:0s left)
Iteration 60 / LogL: -189222.610 / Time: 0h:0m:0s (0h:0m:0s left)
Iteration 70 / LogL: -189222.610 / Time: 0h:0m:0s (0h:0m:0s left)
Iteration 80 / LogL: -189222.762 / Time: 0h:0m:0s (0h:0m:0s left)
Iteration 90 / LogL: -189222.610 / Time: 0h:0m:0s (0h:0m:0s left)
Iteration 100 / LogL: -189222.610 / Time: 0h:0m:0s (0h:0m:0s left)
TREE SEARCH COMPLETED AFTER 101 ITERATIONS / Time: 0h:0m:0s

--------------------------------------------------------------------
|                    FINALIZING TREE SEARCH                        |
--------------------------------------------------------------------
Performs final model parameters optimization
Estimate model parameters (epsilon = 0.010)
1. Initial log-likelihood: -189222.610
2. Current log-likelihood: -189222.570
3. Current log-likelihood: -189222.522
4. Current log-likelihood: -189222.481
5. Current log-likelihood: -189222.426
6. Current log-likelihood: -189222.363
7. Current log-likelihood: -189222.298
8. Current log-likelihood: -189222.278
Optimal log-likelihood: -189222.272
Rate parameters:  A-C: 1.00000  A-G: 7.32785  A-T: 0.61155  C-G: 0.61155  C-T: 7.32785  G-T: 1.00000
Base frequencies:  A: 0.135  C: 0.359  G: 0.366  T: 0.140
Proportion of invariable sites: 0.882
Parameters optimization took 8 rounds (0.002 sec)
BEST SCORE FOUND : -189222.272
Total tree length: 0.016

Total number of iterations: 101
CPU time used for tree search: 0.480 sec (0h:0m:0s)
Wall-clock time used for tree search: 0.105 sec (0h:0m:0s)
Total CPU time used: 0.513 sec (0h:0m:0s)
Total wall-clock time used: 0.113 sec (0h:0m:0s)

Analysis results written to: 
  IQ-TREE report:                experiment-L2.iqtree
  Maximum-likelihood tree:       experiment-L2.treefile
  Likelihood distances:          experiment-L2.mldist
  Screen log file:               experiment-L2.log

Date and Time: Tue Jun 21 11:54:07 2022
