(Cooper,(((216_II,((B589,SP1777):0.9631615737100603,BHV5):2.4813702055171976):9.994717211727389,C33):0.3686544635179768,(Titanium_IBR_MLV_vaccine,#H9:::0.2652426852083434):10.0):10.0,(C46)#H9:::0.7347573147916565);
((C46,Titanium_IBR_MLV_vaccine):0.016247416853567575,Cooper,(C33,((216_II,#H9:::0.13332223864869777):10.0,((B589,SP1777):1.4663568520011412,(BHV5)#H9:::0.8666777613513023):10.0):10.0):0.35133920522776396);
(C46,((C33,(((B589,SP1777):0.6241715937107358,(BHV5)#H9:::0.9333464495914455):10.0,(216_II,#H9:::0.06665355040855447):10.0):10.0):1.0324800773930072,Titanium_IBR_MLV_vaccine):0.21574108946660517,Cooper);
(C46,(C33,((216_II,((SP1777,B589):0.7373634414442167,BHV5):2.5112161898777368):9.809552643421048,#H13:0.011952174912394802::0.4397275549283202):0.4714683132223227):2.9657111654262933,((Cooper,Titanium_IBR_MLV_vaccine):0.0)#H13:0.0749816600268559::0.5602724450716798);
(((C46,#H9:::0.2134074127853488):10.0,Cooper):0.268281959543852,Titanium_IBR_MLV_vaccine,((216_II,(BHV5,(B589,SP1777):1.6724140343723513):2.38800553651618):9.840558833117028,(C33)#H9:::0.7865925872146512):1.4838880244372894);
(C46,(Titanium_IBR_MLV_vaccine,(C33,((216_II,((B589,SP1777):1.6724142964252144,BHV5):2.388004852887307):9.576715524033174)#H9:::0.7732091114570132):1.7098888163362478):0.507931230628244,(Cooper,#H9:::0.22679088854298682):10.0);
(C46,Cooper,(Titanium_IBR_MLV_vaccine,(C33,((216_II,#H9:::0.13332223507302104):10.0,((B589,SP1777):2.1595040368898,(BHV5)#H9:::0.866677764926979):10.0):10.0):0.42849609894050633):0.2717159359904832);
(Cooper,C46,((C33,((216_II,#H9:::0.0666535572538524):10.0,((SP1777,B589):0.8473148143626685,(BHV5)#H9:::0.9333464427461476):10.0):10.0):0.837404443707772,Titanium_IBR_MLV_vaccine):0.5875372619897969);
(C46,(Titanium_IBR_MLV_vaccine,(C33,((216_II,((SP1777,B589):1.2604410028837087,BHV5):2.4298353466688623):9.886681108067917)#H9:::0.7412957340230406):1.1659918746152156):0.20289609834677788,(Cooper,#H9:::0.2587042659769594):10.0);
(C46,Cooper,(Titanium_IBR_MLV_vaccine,(C33,((216_II,#H9:::0.13332223526893489):10.0,((B589,SP1777):1.0608917520649568,(BHV5)#H9:::0.8666777647310651):10.0):10.0):0.4054133375385021):0.6328591497486274);
((C46,Cooper):0.28492025029046003,(C33,(216_II,((SP1777,(B589,#H9:::0.2666596052843225):10.0):10.0,(BHV5)#H9:::0.7333403947156776):2.117720790132049):2.053117979396147):0.681938564444784,Titanium_IBR_MLV_vaccine);
(C46,Cooper,(Titanium_IBR_MLV_vaccine,(C33,((216_II,#H9:::0.13332225312122617):10.0,((SP1777,B589):1.06089177959576,(BHV5)#H9:::0.8666777468787739):10.0):10.0):1.1468405387700986):0.6856177004447606);
(C46,Cooper,((C33,(((B589,SP1777):0.44184991909876803,(BHV5)#H11:::0.9333464559095732):10.0,(216_II,#H11:::0.06665354409042677):10.0):10.0):0.5061450176619622,Titanium_IBR_MLV_vaccine):0.723410907901348);
(C46,Cooper,(Titanium_IBR_MLV_vaccine,(C33,(216_II,((SP1777,(B589,#H9:::0.19999092657427456):9.999999999999998):10.0,(BHV5)#H9:::0.8000090734257255):2.0794641953022315):9.999999999999998):0.5784889105175322):0.6245464580321263);
(C46,Cooper,(Titanium_IBR_MLV_vaccine,(C33,(((B589,SP1777):1.0719152723165863,(BHV5)#H9:::0.8762847608025244):10.0,(216_II,#H9:::0.12371523919747557):10.0):2.2308689381775957):0.612891260781858):0.3117203476116005);
(C46,(Titanium_IBR_MLV_vaccine,(C33,((216_II,((B589,SP1777):0.7375437178502484,BHV5):2.511397843905317):9.896662153454592)#H9:::0.7805472661654858):2.438980241235245):1.4880312285254755,(Cooper,#H9:::0.21945273383451427):8.511969765086942);
(C46,((C33,((216_II,((B589,SP1777):0.7375417379101696,BHV5):2.511389833920955):9.688690760986733)#H9:::0.6576093451855098):9.57314777972816,Titanium_IBR_MLV_vaccine):0.42685273258459117,(Cooper,#H9:::0.3423906548144902):9.573147302546758);
(C46,((C33,(((BHV5,(SP1777,B589):1.260443349373745):2.429851715468159,216_II):9.981966390611127,#H9:0.21357264064423873::0.3204389249694077):8.88089505866527):1.1192224904527606,Titanium_IBR_MLV_vaccine):8.880778973217042,(Cooper)#H9:0.025169877096692043::0.6795610750305923);
(C46,Cooper,(Titanium_IBR_MLV_vaccine,(C33,(216_II,((SP1777,(B589,#H9:::0.19999094614617982):10.0):10.0,(BHV5)#H9:::0.8000090538538202):1.3863169956025017):10.0):0.41323238164551374):0.29502888049649845);
(C46,(Cooper)#H9:::0.7283554857341117,(Titanium_IBR_MLV_vaccine,(C33,((216_II,((B589,SP1777):1.3182245361755867,BHV5):1.7243497155982788):9.817688286734045,#H9:::0.2716445142658883):0.2689068239522163):2.5313546789710655):1.112145694882015);
(C46,Cooper,(Titanium_IBR_MLV_vaccine,(C33,(216_II,((SP1777,(B589,#H9:::0.19999091890075435):10.0):10.0,(BHV5)#H9:::0.8000090810992456):2.079464243843489):10.0):0.8698233877523971):0.1379178845460259);
(C46,(Titanium_IBR_MLV_vaccine,(((216_II,((B589,SP1777):1.734976605457535,BHV5):1.6854967000275587):9.678042480119618,#H9:::0.21546338868210052):10.0,C33):1.3487976039022624):1.3776300500134684,(Cooper)#H9:::0.7845366113178995);
(C46,(Titanium_IBR_MLV_vaccine,(C33,#H9:::0.48534516666619587):9.535781139220768):0.45981253326569843,(Cooper,((216_II,((SP1777,B589):0.7374916634252968,BHV5):2.5112472196783924):9.973582313481018)#H9:::0.5146548333338041):0.2097197789268737);
(C46,Cooper,(Titanium_IBR_MLV_vaccine,(C33,(216_II,((SP1777,(B589,#H9:::0.2666596086976105):10.0):10.0,(BHV5)#H9:::0.7333403913023895):1.9924563324899882):10.0):0.5705802876517071):0.44268427988407166);
((C33,((216_II,((B589,SP1777):0.7375401743498392,BHV5):2.511392701363596):9.741492975122425,#H9:0.0::0.24194161600557063):8.71054093347147):2.0284559429641056,C46,((Cooper,Titanium_IBR_MLV_vaccine):0.0)#H9:0.005012241720449645::0.7580583839944294);
(C46,Cooper,(Titanium_IBR_MLV_vaccine,(C33,(216_II,((SP1777,(B589,#H9:::0.33332830030566024):10.0):10.0,(BHV5)#H9:::0.6666716996943398):1.8971505260315966):10.0):0.6142947424154316):0.2860205367881857);
(C46,(Cooper)#H11:::0.7970493493279993,(Titanium_IBR_MLV_vaccine,(C33,((216_II,((B589,SP1777):0.7375438992707425,BHV5):2.5113980740420727):9.993403179770766,#H11:::0.20295065067200072):10.0):0.9676971215892166):1.3014544978754603);
(Cooper,(Titanium_IBR_MLV_vaccine,C46):0.25678030453086603,(C33,(216_II,((SP1777,(B589,#H9:::0.2666595698333564):10.0):10.0,(BHV5)#H9:::0.7333404301666435):1.29930908429224):10.0):0.5463954825120376);
(C46,Cooper,(Titanium_IBR_MLV_vaccine,(C33,(((B589,SP1777):0.44185004835764663,(BHV5)#H9:::0.9333464475363401):10.0,(216_II,#H9:::0.0666535524636599):10.0):10.0):0.7537082504065684):0.6328948390612182);
(C46,Cooper,(Titanium_IBR_MLV_vaccine,(C33,((216_II,#H9:::0.13332223608985053):10.0,((B589,SP1777):2.1595040708694766,(BHV5)#H9:::0.8666777639101495):10.0):10.0):0.6235165741589259):0.21829455865594308);
((Titanium_IBR_MLV_vaccine,(C33,((216_II,((B589,SP1777):1.3182249325982314,BHV5):1.7243494334507539):9.897238237408196)#H9:1.4336619290277195::0.8392128036212081):10.0):0.862761023471735,C46,(Cooper,#H9:8.191459670889467::0.16078719637879196):10.0);
(C46,Cooper,((C33,(((B589,SP1777):0.5046251285075513,BHV5):1.7926270661452608,(216_II)#H9:::0.9218201966118633):10.0):0.8764562134114858,(Titanium_IBR_MLV_vaccine,#H9:::0.07817980338813672):10.0):0.4737039434198336);
((Titanium_IBR_MLV_vaccine,(C33,((216_II,((B589,SP1777):1.2604414791436964,BHV5):2.4298353761559253):9.999898929170614,#H9:::0.23684935965537343):10.0):0.8051656500835508):0.7720697192710153,C46,(Cooper)#H9:::0.7631506403446265);
(((216_II,((B589,SP1777):1.2604406435666158,BHV5):2.4298347705558823):10.0,(C33,#H9:::0.4666397741931225):0.15416026818102785):9.895536952310147,(C46,Cooper):0.28777447789716426,(Titanium_IBR_MLV_vaccine)#H9:::0.5333602258068775);
(C46,Cooper,(Titanium_IBR_MLV_vaccine,(C33,(((B589,SP1777):0.6241715410864707,(BHV5)#H11:::0.9333464500485306):10.0,(216_II,#H11:::0.06665354995146944):10.0):10.0):0.3089151918934858):0.3081467886337865);
(C46,(Titanium_IBR_MLV_vaccine,(C33,((216_II,((B589,SP1777):0.7374882562235959,BHV5):2.619535948738869):2.4191122789628765)#H9:0.0::0.755890049863909):1.1903264406766387):1.8633234006023744,(Cooper,#H9:9.557833514874256::0.24410995013609108):10.0);
(Titanium_IBR_MLV_vaccine,(C46,Cooper):0.3831406704375673,(C33,((216_II,#H9:::0.19999091800475421):10.0,((B589,SP1777):0.9808519757484875,(BHV5)#H9:::0.8000090819952458):10.0):10.0):0.3917055319694859);
(Cooper,(C46,(Titanium_IBR_MLV_vaccine)#H9:::0.7580194214054968):0.3376526132475391,((216_II,((B589,SP1777):1.6724151508403169,BHV5):2.3880047176650665):10.0,(#H9:::0.24198057859450314,C33):1.7807900768582117):1.2832799273252207);
(C46,Cooper,(Titanium_IBR_MLV_vaccine,(C33,(((B589,SP1777):1.4663568624811005,(BHV5)#H9:::0.8666777646632219):10.0,(216_II,#H9:::0.13332223533677812):10.0):10.0):0.4392080943524858):0.5185692324964377);
(C46,Cooper,(Titanium_IBR_MLV_vaccine,(C33,(216_II,((BHV5)#H11:::0.733340436761446,(SP1777,(B589,#H11:::0.266659563238554):10.0):10.0):1.9924562855851002):10.0):0.6660934750344958):0.332111258198455);
(C46,Cooper,((C33,(((B589,SP1777):0.8473151601772654,(BHV5)#H9:::0.9333464459947155):10.0,(216_II,#H9:::0.06665355400528451):10.0):10.0):0.7675967652951305,Titanium_IBR_MLV_vaccine):0.22894114631393955);
(Cooper,((C33,(216_II,((B589,SP1777):0.723293164540287,BHV5):2.599782297444052):9.649052986303593):0.7332981846887653,(Titanium_IBR_MLV_vaccine,#H9:::0.4377855374457148):10.0):10.0,(C46)#H9:::0.5622144625542852);
(C46,Cooper,((C33,(((B589,SP1777):0.773209649994849,(BHV5)#H9:::0.8666777604799305):10.0,(216_II,#H9:::0.13332223952006944):10.0):10.0):0.7199153319674456,Titanium_IBR_MLV_vaccine):0.7366795603478021);
(C46,Cooper,(Titanium_IBR_MLV_vaccine,(C33,(((B589,SP1777):1.06089175361607,(BHV5)#H9:::0.8666777629604452):10.0,(216_II,#H9:::0.13332223703955476):10.0):10.0):0.9048106271098281):0.7614924436599553);
(C46,Cooper,(Titanium_IBR_MLV_vaccine,(C33,(216_II,((SP1777,(B589,#H9:::0.33332828886045573):10.0):10.0,(BHV5)#H9:::0.6666717111395443):1.897150228920476):10.0):0.9016419781638185):0.3469417986418655);
(C46,(Titanium_IBR_MLV_vaccine,(C33,((216_II,((B589,SP1777):1.2604367957011986,BHV5):2.4298254669472223):9.045508888007552,#H9:::0.3084443966397276):9.338314704896558):0.6616850437346922):10.0,(Cooper)#H9:::0.6915556033602723);
(C46,Cooper,(Titanium_IBR_MLV_vaccine,(C33,(216_II,((SP1777,(B589,#H9:::0.2666596287547452):10.0):10.0,(BHV5)#H9:::0.7333403712452549):1.9924566405102169):10.0):0.5660359083972925):1.0918597330552535);
((Titanium_IBR_MLV_vaccine,((216_II,((B589,SP1777):0.7375438464999406,BHV5):2.5113972808266984):9.854263361688043,(C33)#H9:::0.8074912543669492):1.4119678646526057):0.7455016940500261,Cooper,(C46,#H9:::0.19250874563305073):10.0);
(C46,Cooper,(Titanium_IBR_MLV_vaccine,(C33,(216_II,((SP1777,(B589,#H9:::0.26665960612259115):10.0):10.0,(BHV5)#H9:::0.7333403938774088):1.9924562871094436):10.0):1.0039482555124581):0.29546279655157415);
(C46,(Cooper)#H9:::0.5546379866154464,(Titanium_IBR_MLV_vaccine,((216_II,((B589,SP1777):1.735407112542765,BHV5):1.743646737997194):2.7605683520916564,(C33,#H9:::0.4453620133845536):0.6230931974105632):1.1834995396539327):1.6099590807063948);
(C46,Cooper,(Titanium_IBR_MLV_vaccine,(C33,(((B589,SP1777):0.8473151563811019,(BHV5)#H9:::0.9333464484364397):10.0,(216_II,#H9:::0.06665355156356036):10.0):10.0):1.0284205947817011):0.6723793405928419);
(C46,Cooper,(Titanium_IBR_MLV_vaccine,(C33,(216_II,((BHV5,(B589,(SP1777)#H9:::0.8037073583298673):9.987464182795636):1.3843614508052147,#H9:::0.19629264167013272):1.4375884808718793):10.0):0.33830896507270564):0.22501573979303946);
(C46,(C33,((216_II,((B589,SP1777):1.3182244610073508,BHV5):1.7243505115279438):9.996087191582152,#H9:0.0::0.370221262056904):10.0):10.0,((Cooper,Titanium_IBR_MLV_vaccine):0.0)#H9:0.0::0.629778737943096);
(C46,(Titanium_IBR_MLV_vaccine,(((216_II,((B589,SP1777):0.5496410641231533,BHV5):2.551034879916385):9.983914673728203,#H9:::0.19184516837697674):10.0,C33):0.8376814326451044):0.4353302901920876,(Cooper)#H9:::0.8081548316230233);
(Cooper,(((((B589,SP1777):0.3900965964156109,BHV5):2.697147306756345,216_II):2.277727603265187,C33):0.35220987446516044,(Titanium_IBR_MLV_vaccine,#H9:::0.4631328087251217):1.450136827069909):1.450136827069909,(C46)#H9:::0.5368671912748784);
(C46,Cooper,(Titanium_IBR_MLV_vaccine,(C33,(((SP1777,B589):0.6241716039727246,(BHV5)#H9:::0.9333464497178194):10.0,(216_II,#H9:::0.0666535502821806):10.0):10.0):0.5171708628416734):0.18099343494760736);
(Cooper,((C33,((216_II,#H9:::0.06665348936377616):10.0,((B589,SP1777):1.5404631533161885,(BHV5)#H9:::0.9333465106362239):10.0):10.0):0.7862989200527887,Titanium_IBR_MLV_vaccine):0.1785968554850378,C46);
(((216_II,((B589,SP1777):0.7378284180035718,BHV5):2.5778433695461533):2.55777988503282,((Titanium_IBR_MLV_vaccine,C33):0.0)#H9:0.0::0.6879972636464289):10.0,Cooper,(C46,#H9:0.0::0.31200273635357106):8.781113871150309);
(((Titanium_IBR_MLV_vaccine,(C33,((216_II,((B589,SP1777):1.6724143910876048,BHV5):2.388005217969999):9.985098297939764)#H9:::0.656996049702164):10.0):1.3524796762837894,C46):10.0,Cooper,#H9:::0.34300395029783604);
((216_II,((B589,SP1777):0.7375424170946497,BHV5):2.511400530026524):9.99999812344838,((Titanium_IBR_MLV_vaccine,(C46,(Cooper)#H9:::0.7678255483513278):1.3386399298525464):2.274675744912509,C33):0.04434130362283202,#H9:::0.23217445164867226);
((Titanium_IBR_MLV_vaccine,((216_II,((B589,SP1777):0.966568357389936,BHV5):2.470983315121132):9.997955629017149,(C33)#H11:::0.8133534074046563):2.0158027289031266):0.7489981997011302,Cooper,(C46,#H11:::0.1866465925953437):9.25100200108269);
(Cooper,((C33,(((B589,SP1777):0.3677445592837519,(BHV5)#H9:::0.8666777639596287):10.0,(216_II,#H9:::0.13332223604037127):10.0):10.0):0.8140343508524942,Titanium_IBR_MLV_vaccine):0.7145886828571112,C46);
(C46,Cooper,(Titanium_IBR_MLV_vaccine,(C33,(((B589,SP1777):0.6241716317654064,(BHV5)#H9:::0.9333464517575267):10.0,(216_II,#H9:::0.0666535482424733):10.0):10.0):0.18849613646601956):0.38965309182774865);
(C46,Cooper,(Titanium_IBR_MLV_vaccine,((((SP1777,(B589,#H9:::0.2666596055555555):10.0):10.0,(BHV5)#H9:::0.7333403944444445):1.2993091295072177,216_II):10.0,C33):0.8992665188938014):0.40173699230683474);
(C46,Cooper,(Titanium_IBR_MLV_vaccine,(C33,(((B589,SP1777):0.693169875044609,(BHV5)#H9:::0.8000090788844728):10.0,(216_II,#H9:::0.19999092111552721):10.0):10.0):0.9461284092504726):0.5369859633661291);
(C46,((C33,((216_II,((SP1777,B589):1.2604409385377637,BHV5):2.429835512484949):9.33117548546495,#H9:::0.258862739912472):10.0):0.6719369310805182,Titanium_IBR_MLV_vaccine):0.7919230888053943,(Cooper)#H9:::0.741137260087528);
(C46,Cooper,(((((B589,SP1777):0.47002632047653425,(BHV5)#H9:::0.8000090789868426):10.0,(216_II,#H9:::0.1999909210131574):10.0):10.0,C33):0.382015965086249,Titanium_IBR_MLV_vaccine):0.8053105337028829);
(C46,Cooper,(Titanium_IBR_MLV_vaccine,(C33,((216_II,#H9:::0.06665355410198373):10.0,((SP1777,B589):1.1349972195128535,(BHV5)#H9:::0.9333464458980163):10.0):10.0):0.50916428533019):0.41326221773171784);
(C46,Cooper,(Titanium_IBR_MLV_vaccine,(C33,(216_II,(((B589,#H9:::0.26665960144816175):10.0,SP1777):10.0,(BHV5)#H9:::0.7333403985518383):1.9924562371538213):10.0):0.35800392126758895):0.3305217173253988);
(C46,Cooper,(Titanium_IBR_MLV_vaccine,(C33,(216_II,((SP1777,(B589,#H9:::0.19999091653340034):10.0):10.0,(BHV5)#H9:::0.8000090834665996):0.9808519265593846):10.0):0.9940345173411793):0.889243848944526);
(C46,(Titanium_IBR_MLV_vaccine,(((216_II,((B589,SP1777):1.2604407904430597,BHV5):2.4298359443438327):10.0,C33):0.5053456269581349,(Cooper)#H9:::0.5928211483653328):1.0739674730929591):8.92603193592382,#H9:::0.40717885163466716);
((Cooper,C46):0.5576099313056926,Titanium_IBR_MLV_vaccine,(C33,(((B589,SP1777):1.0608919591486363,(BHV5)#H9:::0.8666777581727929):10.0,(216_II,#H9:::0.13332224182720714):10.0):10.0):0.8434373931255259);
(Cooper,((C33,(216_II,((B589,SP1777):1.7936084802206542,BHV5):1.4174228191506173):2.3584727268334564):0.2864942039480091,(Titanium_IBR_MLV_vaccine,(C46)#H9:::0.5131037457753468):10.0):10.0,#H9:::0.4868962542246533);
(C46,(Titanium_IBR_MLV_vaccine,(C33,((216_II,((B589,SP1777):1.0194207884824154,BHV5):1.7635797870733658):9.83615127056606)#H9:::0.7729890964435888):1.6014099822344883):1.1554279989832816,(Cooper,#H9:::0.22701090355641118):1.0476162886352371);
((((216_II,((B589,SP1777):1.6724168875209682,BHV5):2.3879986531088973):9.999967306495428,(C33)#H9:::0.7015136004950837):9.810510983108118,Cooper):0.1894891174621989,(C46,#H9:::0.29848639950491634):9.810510537676087,Titanium_IBR_MLV_vaccine);
((Titanium_IBR_MLV_vaccine,(C33,((216_II,((B589,SP1777):1.0744652358844193,BHV5):1.3436916385044249):9.814944899983594,#H9:::0.3690204911535118):0.3254250044904015):1.757603129514823):0.9561259370108262,C46,(Cooper)#H9:::0.6309795088464882);
(C46,Cooper,(Titanium_IBR_MLV_vaccine,(C33,(((B589,SP1777):0.6241716031594151,(BHV5)#H9:::0.9333464485287799):10.0,(216_II,#H9:::0.0666535514712201):10.0):10.0):0.3488858537770891):0.372600958586059);
(Cooper,(Titanium_IBR_MLV_vaccine,(C33,((216_II,#H9:::0.06665354744833005):10.0,((B589,SP1777):1.1349972181850643,(BHV5)#H9:::0.9333464525516699):10.0):10.0):0.5034744954129649):1.1730675847989938,C46);
((C33,((216_II,(BHV5,(B589,SP1777):1.6724142551217211):2.388004776642309):10.0,(Titanium_IBR_MLV_vaccine)#H11:::0.6410960013976752):0.07064389163784458):0.9056683056453838,Cooper,(C46,#H11:::0.3589039986023248):10.0);
(C46,Cooper,(Titanium_IBR_MLV_vaccine,(C33,(((B589,SP1777):1.060891719313491,(BHV5)#H9:::0.8666777600181872):10.0,(216_II,#H9:::0.13332223998181286):10.0):10.0):0.6066676315342908):0.28242258313422197);
(C46,Cooper,((C33,(((B589,SP1777):0.5496410251919999,BHV5):2.480729047186714,(216_II)#H9:::0.9321053478801252):10.0):0.8781249295168312,(Titanium_IBR_MLV_vaccine,#H9:::0.06789465211987476):10.0):1.0975589407712012);
(Cooper,((C33,(216_II,((B589,SP1777):1.260441364693556,BHV5):2.4298351955601385):10.0):0.15068257474411692,(Titanium_IBR_MLV_vaccine,#H9:::0.3867361853123902):2.984634765751431):2.984634765751431,(C46)#H9:::0.6132638146876098);
(C46,((C33,((216_II,(BHV5,(SP1777,B589):1.019420684335724):1.7635800268662147):9.989980534413139)#H9:::0.6889124769742545):10.0,Titanium_IBR_MLV_vaccine):0.8057673905528168,(Cooper,#H9:::0.31108752302574555):0.9401672499126618);
(C46,(Titanium_IBR_MLV_vaccine,(C33,((216_II,((B589,SP1777):1.6724143399641256,BHV5):2.388004898858027):8.34150702226715,#H9:::0.1360743634524999):10.0):1.4046787171240935):0.5810044950834062,(Cooper)#H9:::0.8639256365475001);
(C46,Cooper,(Titanium_IBR_MLV_vaccine,(C33,(216_II,((SP1777,(B589,#H9:::0.2666596086257418):10.0):10.0,(BHV5)#H9:::0.7333403913742582):1.2993091058020139):10.0):0.632621234511951):0.7593891706845285);
((Titanium_IBR_MLV_vaccine,(((BHV5,(B589,SP1777):0.9665685321855485):2.4709842464064375,216_II):10.0,(C33,#H9:::0.45880747905615477):0.02548747977267794):0.8760006722691187):2.562568264605484,C46,(Cooper)#H9:::0.5411925209438453);
(Cooper,((C33,(216_II,((B589,SP1777):0.8208134825339638,BHV5):2.6603374746493067):9.999952356949926):0.798967198111843,(Titanium_IBR_MLV_vaccine,(C46)#H9:::0.3931731914485361):10.0):10.0,#H9:::0.6068268085514639);
(Cooper,C46,(Titanium_IBR_MLV_vaccine,((216_II,((SP1777,(B589,#H11:::0.266659508800424):10.0):10.0,(BHV5)#H11:::0.733340491199576):1.2993100114921068):10.0,C33):0.5218523318422547):0.4093865137671311);
(Cooper,(((216_II,((B589,SP1777):1.2604412813046917,BHV5):2.4298355008940673):9.976876985521153,(C33)#H9:::0.7880096845779616):0.8443836479617061,Titanium_IBR_MLV_vaccine):0.7455536558036454,(C46,#H9:::0.21199031542203844):1.326649612221596);
(Cooper,C46,(Titanium_IBR_MLV_vaccine,(C33,((216_II,#H9:::0.06665355147837279):10.0,((SP1777,B589):0.847315175231572,(BHV5)#H9:::0.9333464485216272):10.0):10.0):0.63386792704529):0.4265085693835552);
(C46,Cooper,((C33,(((B589,SP1777):0.9665685441628921,BHV5):2.4003198107674497,(216_II)#H9:::0.9317714381656995):10.0):0.47393360477408564,(Titanium_IBR_MLV_vaccine,#H9:::0.06822856183430047):10.0):0.4136777463801666);
(C46,((C33,((216_II,((B589,SP1777):1.3182244640687626,BHV5):1.724350986613684):8.866430263313768,#H9:::0.2193141082430227):2.03096723397144):1.0407148188013793,Titanium_IBR_MLV_vaccine):10.0,(Cooper)#H9:::0.7806858917569773);
(C46,Cooper,((C33,(((B589,SP1777):1.7974964960465563,BHV5):1.296885005547122,(216_II,#H9:::0.06654820303276003):10.0):10.0):0.5884568747395839,(Titanium_IBR_MLV_vaccine)#H9:::0.93345179696724):0.22373108558383237);
(C46,Cooper,(Titanium_IBR_MLV_vaccine,(C33,(216_II,((SP1777,(B589,#H9:::0.2666596144032976):10.0):10.0,(BHV5)#H9:::0.7333403855967024):1.2993091625048419):10.0):0.44638327632139396):0.40893320707363606);
(((C33,((((B589,SP1777):0.9665682131741027,BHV5):2.470984299770282,216_II):9.501123514938929,#H9:4.693269000709293::0.2870431797361025):0.8518840994314294):1.3767842963146757,Titanium_IBR_MLV_vaccine):0.7789612610484642,C46,(Cooper)#H9:9.163159603092685::0.7129568202638975);
(C46,Cooper,(Titanium_IBR_MLV_vaccine,(C33,(216_II,((SP1777,(B589,#H9:::0.3333281632248868):10.0):10.0,(BHV5)#H9:::0.6666718367751132):1.2040030202070435):10.0):0.8469387975890547):0.6140815410951384);
(C46,Cooper,(Titanium_IBR_MLV_vaccine,(C33,(216_II,((SP1777,(B589,#H9:::0.2666596299541476):10.0):10.0,(BHV5)#H9:::0.7333403700458524):1.2993090461776196):10.0):0.6672581495300207):0.6523550478648517);
((C33,(Titanium_IBR_MLV_vaccine,(C46,(Cooper)#H9:::0.7504575916828357):0.7847341174973713):1.6207685131771146):10.0,#H9:::0.24954240831716432,(216_II,((B589,SP1777):1.7967190059042384,BHV5):1.2712327607135245):8.786373567989516);
(C46,(Titanium_IBR_MLV_vaccine,((216_II,((B589,SP1777):0.9665684086516503,BHV5):2.4709841785954803):9.999414543149943,(C33)#H9:::0.74298386652107):1.5562596162743954):0.6465618879011268,(Cooper,#H9:::0.25701613347893004):9.353438705739972);
(C46,Cooper,(Titanium_IBR_MLV_vaccine,(C33,((#H9:::0.06665355188411592,216_II):10.0,((BHV5)#H9:::0.9333464481158841,(B589,SP1777):0.2876993728062094):10.0):10.0):0.7834321924415929):0.15378047266780442);
