optimization of topology, BL and inheritance probabilities using:
 hmax = 0,
 tolerance parameters: ftolRel=1.0e-6, ftolAbs=1.0e-6,
                       xtolAbs=0.001, xtolRel=0.01.
 max number of failed proposals = 75, liktolAbs = 1.0e-6.
rootname for files: gitrepo/analysis/snaq/fromIQtrees/set1b/net0
BEGIN: 20 runs on starting tree (C46,Cooper,(Titanium_IBR_MLV_vaccine,(C33,(216_II,((B589,SP1777):1.2039728043259361,BHV5):2.3025850929940477):10.0):1.3862943611198908):0.6931471805599453);

main seed 55406
seed: 55406 for run 1, 2022-08-15 14:32:1.688

BEGIN SNaQ for run 1, seed 55406 and hmax 0
Begins heuristic optimization of network------

found best network, now we re-optimize branch lengths and gamma more precisely
STOPPED by number of failures criteria
END optTopLevel: found minimizer topology at step 75 (failures: 75) with -loglik=365.15873 and ht_min=[0.5616, 1.18284, 10.0, 2.42984, 1.26044]
PERFORMANCE: total number of moves (proposed, successful, accepted) in general, and to fix gamma=0.0,t=0.0 cases
	--------moves general--------				 --------moves gamma,t------	
move	 Num.Proposed	 Num.Successful	 Num.Accepted	 | Num.Proposed	 Num.Successful	 Num.Accepted
add		 0		 0		 0	 |	 NA 		 NA 		 NA 
mvorigin	 0		 0		 0	 |	 0		 0		 --
mvtarget	 0		 0		 0	 |	 0		 0		 --
chdir		 0		 0		 0	 |	 0		 0		 --
delete		 0		 0		 0	 |	 0		 0		 --
nni		 75		 75		 0	 |	 0		 0		 --
Total		 75		 75		 0	 |	 0		 0		 0
Proportion	 -- 		 1.0		 0.0	 |	 -- 		 0.0		 0.0
(C46,Cooper,(Titanium_IBR_MLV_vaccine,(C33,(216_II,((B589,SP1777):1.260441080284798,BHV5):2.4298351716706432):10.0):1.1828424712518206):0.5615981210148323);
---------------------
seed: 17236 for run 2, 2022-08-15 14:32:39.984

BEGIN SNaQ for run 2, seed 17236 and hmax 0 changed starting topology by NNI move

Begins heuristic optimization of network------

found best network, now we re-optimize branch lengths and gamma more precisely
STOPPED by number of failures criteria
END optTopLevel: found minimizer topology at step 79 (failures: 75) with -loglik=365.15873 and ht_min=[0.5616, 1.18284, 10.0, 2.42984, 1.26044]
PERFORMANCE: total number of moves (proposed, successful, accepted) in general, and to fix gamma=0.0,t=0.0 cases
	--------moves general--------				 --------moves gamma,t------	
move	 Num.Proposed	 Num.Successful	 Num.Accepted	 | Num.Proposed	 Num.Successful	 Num.Accepted
add		 0		 0		 0	 |	 NA 		 NA 		 NA 
mvorigin	 0		 0		 0	 |	 0		 0		 --
mvtarget	 0		 0		 0	 |	 0		 0		 --
chdir		 0		 0		 0	 |	 0		 0		 --
delete		 0		 0		 0	 |	 0		 0		 --
nni		 79		 79		 1	 |	 0		 0		 --
Total		 79		 79		 1	 |	 0		 0		 0
Proportion	 -- 		 1.0		 0.0	 |	 -- 		 0.0		 0.0
(C46,Cooper,(Titanium_IBR_MLV_vaccine,((((B589,SP1777):1.2604413208912626,BHV5):2.4298358969060323,216_II):10.0,C33):1.1828423183740766):0.5615977389984033);
---------------------
seed: 53584 for run 3, 2022-08-15 14:33:16.369

BEGIN SNaQ for run 3, seed 53584 and hmax 0 changed starting topology by NNI move

Begins heuristic optimization of network------

found best network, now we re-optimize branch lengths and gamma more precisely
STOPPED by number of failures criteria
END optTopLevel: found minimizer topology at step 79 (failures: 75) with -loglik=365.15873 and ht_min=[0.5616, 1.18284, 10.0, 2.42984, 1.26043]
PERFORMANCE: total number of moves (proposed, successful, accepted) in general, and to fix gamma=0.0,t=0.0 cases
	--------moves general--------				 --------moves gamma,t------	
move	 Num.Proposed	 Num.Successful	 Num.Accepted	 | Num.Proposed	 Num.Successful	 Num.Accepted
add		 0		 0		 0	 |	 NA 		 NA 		 NA 
mvorigin	 0		 0		 0	 |	 0		 0		 --
mvtarget	 0		 0		 0	 |	 0		 0		 --
chdir		 0		 0		 0	 |	 0		 0		 --
delete		 0		 0		 0	 |	 0		 0		 --
nni		 79		 77		 1	 |	 0		 0		 --
Total		 79		 77		 1	 |	 0		 0		 0
Proportion	 -- 		 1.0		 0.0	 |	 -- 		 0.0		 0.0
(C46,Cooper,(Titanium_IBR_MLV_vaccine,((((B589,SP1777):1.2604346391830332,BHV5):2.4298363587821106,216_II):10.0,C33):1.1828417493367596):0.5616001958608126);
---------------------
seed: 50840 for run 4, 2022-08-15 14:33:51.944

BEGIN SNaQ for run 4, seed 50840 and hmax 0 changed starting topology by NNI move

Begins heuristic optimization of network------

found best network, now we re-optimize branch lengths and gamma more precisely
STOPPED by number of failures criteria
END optTopLevel: found minimizer topology at step 84 (failures: 75) with -loglik=365.15873 and ht_min=[0.5616, 1.18284, 10.0, 2.42984, 1.26044]
PERFORMANCE: total number of moves (proposed, successful, accepted) in general, and to fix gamma=0.0,t=0.0 cases
	--------moves general--------				 --------moves gamma,t------	
move	 Num.Proposed	 Num.Successful	 Num.Accepted	 | Num.Proposed	 Num.Successful	 Num.Accepted
add		 0		 0		 0	 |	 NA 		 NA 		 NA 
mvorigin	 0		 0		 0	 |	 0		 0		 --
mvtarget	 0		 0		 0	 |	 0		 0		 --
chdir		 0		 0		 0	 |	 0		 0		 --
delete		 0		 0		 0	 |	 0		 0		 --
nni		 84		 84		 1	 |	 0		 0		 --
Total		 84		 84		 1	 |	 0		 0		 0
Proportion	 -- 		 1.0		 0.0	 |	 -- 		 0.0		 0.0
(C46,Cooper,(Titanium_IBR_MLV_vaccine,(C33,(216_II,((SP1777,B589):1.2604429438762763,BHV5):2.4298373170437886):10.0):1.1828433941437961):0.5615975736863205);
---------------------
seed: 67236 for run 5, 2022-08-15 14:34:21.206

BEGIN SNaQ for run 5, seed 67236 and hmax 0 changed starting topology by NNI move

Begins heuristic optimization of network------

found best network, now we re-optimize branch lengths and gamma more precisely
STOPPED by number of failures criteria
END optTopLevel: found minimizer topology at step 87 (failures: 75) with -loglik=365.15873 and ht_min=[0.5616, 1.18284, 10.0, 2.42984, 1.26044]
PERFORMANCE: total number of moves (proposed, successful, accepted) in general, and to fix gamma=0.0,t=0.0 cases
	--------moves general--------				 --------moves gamma,t------	
move	 Num.Proposed	 Num.Successful	 Num.Accepted	 | Num.Proposed	 Num.Successful	 Num.Accepted
add		 0		 0		 0	 |	 NA 		 NA 		 NA 
mvorigin	 0		 0		 0	 |	 0		 0		 --
mvtarget	 0		 0		 0	 |	 0		 0		 --
chdir		 0		 0		 0	 |	 0		 0		 --
delete		 0		 0		 0	 |	 0		 0		 --
nni		 87		 83		 1	 |	 0		 0		 --
Total		 87		 83		 1	 |	 0		 0		 0
Proportion	 -- 		 1.0		 0.0	 |	 -- 		 0.0		 0.0
(C46,Cooper,(Titanium_IBR_MLV_vaccine,(C33,(((B589,SP1777):1.2604412694501375,BHV5):2.4298353992086774,216_II):10.0):1.1828426159450376):0.5615979406914504);
---------------------
seed: 53600 for run 6, 2022-08-15 14:34:53.366

BEGIN SNaQ for run 6, seed 53600 and hmax 0 changed starting topology by NNI move

Begins heuristic optimization of network------

found best network, now we re-optimize branch lengths and gamma more precisely
STOPPED by number of failures criteria
END optTopLevel: found minimizer topology at step 80 (failures: 75) with -loglik=365.15873 and ht_min=[0.5616, 1.18284, 10.0, 2.42984, 1.26044]
PERFORMANCE: total number of moves (proposed, successful, accepted) in general, and to fix gamma=0.0,t=0.0 cases
	--------moves general--------				 --------moves gamma,t------	
move	 Num.Proposed	 Num.Successful	 Num.Accepted	 | Num.Proposed	 Num.Successful	 Num.Accepted
add		 0		 0		 0	 |	 NA 		 NA 		 NA 
mvorigin	 0		 0		 0	 |	 0		 0		 --
mvtarget	 0		 0		 0	 |	 0		 0		 --
chdir		 0		 0		 0	 |	 0		 0		 --
delete		 0		 0		 0	 |	 0		 0		 --
nni		 80		 79		 2	 |	 0		 0		 --
Total		 80		 79		 2	 |	 0		 0		 0
Proportion	 -- 		 1.0		 0.0	 |	 -- 		 0.0		 0.0
(C46,Cooper,(Titanium_IBR_MLV_vaccine,(C33,((BHV5,(B589,SP1777):1.2604414229163265):2.4298353533477792,216_II):10.0):1.182842614740178):0.5615979266579233);
---------------------
seed: 90244 for run 7, 2022-08-15 14:35:25.972

BEGIN SNaQ for run 7, seed 90244 and hmax 0
Begins heuristic optimization of network------

found best network, now we re-optimize branch lengths and gamma more precisely
STOPPED by number of failures criteria
END optTopLevel: found minimizer topology at step 78 (failures: 75) with -loglik=365.15873 and ht_min=[0.5616, 1.18284, 10.0, 2.42984, 1.26044]
PERFORMANCE: total number of moves (proposed, successful, accepted) in general, and to fix gamma=0.0,t=0.0 cases
	--------moves general--------				 --------moves gamma,t------	
move	 Num.Proposed	 Num.Successful	 Num.Accepted	 | Num.Proposed	 Num.Successful	 Num.Accepted
add		 0		 0		 0	 |	 NA 		 NA 		 NA 
mvorigin	 0		 0		 0	 |	 0		 0		 --
mvtarget	 0		 0		 0	 |	 0		 0		 --
chdir		 0		 0		 0	 |	 0		 0		 --
delete		 0		 0		 0	 |	 0		 0		 --
nni		 78		 75		 0	 |	 0		 0		 --
Total		 78		 75		 0	 |	 0		 0		 0
Proportion	 -- 		 1.0		 0.0	 |	 -- 		 0.0		 0.0
(C46,Cooper,(Titanium_IBR_MLV_vaccine,(C33,(216_II,((B589,SP1777):1.260441080284798,BHV5):2.4298351716706432):10.0):1.1828424712518206):0.5615981210148323);
---------------------
seed: 20539 for run 8, 2022-08-15 14:35:55.535

BEGIN SNaQ for run 8, seed 20539 and hmax 0 changed starting topology by NNI move

Begins heuristic optimization of network------

found best network, now we re-optimize branch lengths and gamma more precisely
STOPPED by number of failures criteria
END optTopLevel: found minimizer topology at step 84 (failures: 75) with -loglik=365.15873 and ht_min=[0.5616, 1.18284, 10.0, 2.42984, 1.26044]
PERFORMANCE: total number of moves (proposed, successful, accepted) in general, and to fix gamma=0.0,t=0.0 cases
	--------moves general--------				 --------moves gamma,t------	
move	 Num.Proposed	 Num.Successful	 Num.Accepted	 | Num.Proposed	 Num.Successful	 Num.Accepted
add		 0		 0		 0	 |	 NA 		 NA 		 NA 
mvorigin	 0		 0		 0	 |	 0		 0		 --
mvtarget	 0		 0		 0	 |	 0		 0		 --
chdir		 0		 0		 0	 |	 0		 0		 --
delete		 0		 0		 0	 |	 0		 0		 --
nni		 84		 83		 1	 |	 0		 0		 --
Total		 84		 83		 1	 |	 0		 0		 0
Proportion	 -- 		 1.0		 0.0	 |	 -- 		 0.0		 0.0
((C46,Cooper):0.5615976433740361,(C33,(216_II,((B589,SP1777):1.2604411477644546,BHV5):2.4298358583706734):10.0):1.182842705682365,Titanium_IBR_MLV_vaccine);
---------------------
seed: 67750 for run 9, 2022-08-15 14:36:25.534

BEGIN SNaQ for run 9, seed 67750 and hmax 0 changed starting topology by NNI move

Begins heuristic optimization of network------

found best network, now we re-optimize branch lengths and gamma more precisely
STOPPED by number of failures criteria
END optTopLevel: found minimizer topology at step 83 (failures: 75) with -loglik=365.15873 and ht_min=[0.5616, 1.18284, 10.0, 2.42984, 1.26044]
PERFORMANCE: total number of moves (proposed, successful, accepted) in general, and to fix gamma=0.0,t=0.0 cases
	--------moves general--------				 --------moves gamma,t------	
move	 Num.Proposed	 Num.Successful	 Num.Accepted	 | Num.Proposed	 Num.Successful	 Num.Accepted
add		 0		 0		 0	 |	 NA 		 NA 		 NA 
mvorigin	 0		 0		 0	 |	 0		 0		 --
mvtarget	 0		 0		 0	 |	 0		 0		 --
chdir		 0		 0		 0	 |	 0		 0		 --
delete		 0		 0		 0	 |	 0		 0		 --
nni		 83		 82		 2	 |	 0		 0		 --
Total		 83		 82		 2	 |	 0		 0		 0
Proportion	 -- 		 1.0		 0.0	 |	 -- 		 0.0		 0.0
(C46,((C33,(216_II,((B589,SP1777):1.2604417035147337,BHV5):2.4298353246698605):10.0):1.1828413123656587,Titanium_IBR_MLV_vaccine):0.5615981693553042,Cooper);
---------------------
seed: 47554 for run 10, 2022-08-15 14:36:56.685

BEGIN SNaQ for run 10, seed 47554 and hmax 0
Begins heuristic optimization of network------

found best network, now we re-optimize branch lengths and gamma more precisely
STOPPED by number of failures criteria
END optTopLevel: found minimizer topology at step 76 (failures: 75) with -loglik=365.15873 and ht_min=[0.5616, 1.18284, 10.0, 2.42984, 1.26044]
PERFORMANCE: total number of moves (proposed, successful, accepted) in general, and to fix gamma=0.0,t=0.0 cases
	--------moves general--------				 --------moves gamma,t------	
move	 Num.Proposed	 Num.Successful	 Num.Accepted	 | Num.Proposed	 Num.Successful	 Num.Accepted
add		 0		 0		 0	 |	 NA 		 NA 		 NA 
mvorigin	 0		 0		 0	 |	 0		 0		 --
mvtarget	 0		 0		 0	 |	 0		 0		 --
chdir		 0		 0		 0	 |	 0		 0		 --
delete		 0		 0		 0	 |	 0		 0		 --
nni		 76		 75		 0	 |	 0		 0		 --
Total		 76		 75		 0	 |	 0		 0		 0
Proportion	 -- 		 1.0		 0.0	 |	 -- 		 0.0		 0.0
(C46,Cooper,(Titanium_IBR_MLV_vaccine,(C33,(216_II,((B589,SP1777):1.260441080284798,BHV5):2.4298351716706432):10.0):1.1828424712518206):0.5615981210148323);
---------------------
seed: 89185 for run 11, 2022-08-15 14:37:27.136

BEGIN SNaQ for run 11, seed 89185 and hmax 0 changed starting topology by NNI move

Begins heuristic optimization of network------

found best network, now we re-optimize branch lengths and gamma more precisely
STOPPED by number of failures criteria
END optTopLevel: found minimizer topology at step 83 (failures: 75) with -loglik=365.15873 and ht_min=[0.5616, 1.18284, 10.0, 2.42984, 1.26044]
PERFORMANCE: total number of moves (proposed, successful, accepted) in general, and to fix gamma=0.0,t=0.0 cases
	--------moves general--------				 --------moves gamma,t------	
move	 Num.Proposed	 Num.Successful	 Num.Accepted	 | Num.Proposed	 Num.Successful	 Num.Accepted
add		 0		 0		 0	 |	 NA 		 NA 		 NA 
mvorigin	 0		 0		 0	 |	 0		 0		 --
mvtarget	 0		 0		 0	 |	 0		 0		 --
chdir		 0		 0		 0	 |	 0		 0		 --
delete		 0		 0		 0	 |	 0		 0		 --
nni		 83		 81		 2	 |	 0		 0		 --
Total		 83		 81		 2	 |	 0		 0		 0
Proportion	 -- 		 1.0		 0.0	 |	 -- 		 0.0		 0.0
(C46,Cooper,(Titanium_IBR_MLV_vaccine,((((B589,SP1777):1.2604418841199396,BHV5):2.429836177378314,216_II):10.0,C33):1.1828427125130703):0.561597601430016);
---------------------
seed: 17088 for run 12, 2022-08-15 14:38:2.87

BEGIN SNaQ for run 12, seed 17088 and hmax 0
Begins heuristic optimization of network------

found best network, now we re-optimize branch lengths and gamma more precisely
STOPPED by number of failures criteria
END optTopLevel: found minimizer topology at step 76 (failures: 75) with -loglik=365.15873 and ht_min=[0.5616, 1.18284, 10.0, 2.42984, 1.26044]
PERFORMANCE: total number of moves (proposed, successful, accepted) in general, and to fix gamma=0.0,t=0.0 cases
	--------moves general--------				 --------moves gamma,t------	
move	 Num.Proposed	 Num.Successful	 Num.Accepted	 | Num.Proposed	 Num.Successful	 Num.Accepted
add		 0		 0		 0	 |	 NA 		 NA 		 NA 
mvorigin	 0		 0		 0	 |	 0		 0		 --
mvtarget	 0		 0		 0	 |	 0		 0		 --
chdir		 0		 0		 0	 |	 0		 0		 --
delete		 0		 0		 0	 |	 0		 0		 --
nni		 76		 75		 0	 |	 0		 0		 --
Total		 76		 75		 0	 |	 0		 0		 0
Proportion	 -- 		 1.0		 0.0	 |	 -- 		 0.0		 0.0
(C46,Cooper,(Titanium_IBR_MLV_vaccine,(C33,(216_II,((B589,SP1777):1.260441080284798,BHV5):2.4298351716706432):10.0):1.1828424712518206):0.5615981210148323);
---------------------
seed: 63290 for run 13, 2022-08-15 14:38:33.846

BEGIN SNaQ for run 13, seed 63290 and hmax 0 changed starting topology by NNI move

Begins heuristic optimization of network------

found best network, now we re-optimize branch lengths and gamma more precisely
STOPPED by number of failures criteria
END optTopLevel: found minimizer topology at step 85 (failures: 75) with -loglik=365.15873 and ht_min=[0.5616, 1.18284, 10.0, 2.42982, 1.26045]
PERFORMANCE: total number of moves (proposed, successful, accepted) in general, and to fix gamma=0.0,t=0.0 cases
	--------moves general--------				 --------moves gamma,t------	
move	 Num.Proposed	 Num.Successful	 Num.Accepted	 | Num.Proposed	 Num.Successful	 Num.Accepted
add		 0		 0		 0	 |	 NA 		 NA 		 NA 
mvorigin	 0		 0		 0	 |	 0		 0		 --
mvtarget	 0		 0		 0	 |	 0		 0		 --
chdir		 0		 0		 0	 |	 0		 0		 --
delete		 0		 0		 0	 |	 0		 0		 --
nni		 85		 81		 1	 |	 0		 0		 --
Total		 85		 81		 1	 |	 0		 0		 0
Proportion	 -- 		 1.0		 0.0	 |	 -- 		 0.0		 0.0
(C46,Cooper,(Titanium_IBR_MLV_vaccine,(C33,(216_II,((B589,SP1777):1.2604501315328833,BHV5):2.4298189220895825):10.0):1.182841799566212):0.5615956879986789);
---------------------
seed: 351 for run 14, 2022-08-15 14:39:6.077

BEGIN SNaQ for run 14, seed 351 and hmax 0 changed starting topology by NNI move

Begins heuristic optimization of network------

found best network, now we re-optimize branch lengths and gamma more precisely
STOPPED by number of failures criteria
END optTopLevel: found minimizer topology at step 78 (failures: 75) with -loglik=365.15873 and ht_min=[0.5616, 1.18284, 10.0, 2.42983, 1.26044]
PERFORMANCE: total number of moves (proposed, successful, accepted) in general, and to fix gamma=0.0,t=0.0 cases
	--------moves general--------				 --------moves gamma,t------	
move	 Num.Proposed	 Num.Successful	 Num.Accepted	 | Num.Proposed	 Num.Successful	 Num.Accepted
add		 0		 0		 0	 |	 NA 		 NA 		 NA 
mvorigin	 0		 0		 0	 |	 0		 0		 --
mvtarget	 0		 0		 0	 |	 0		 0		 --
chdir		 0		 0		 0	 |	 0		 0		 --
delete		 0		 0		 0	 |	 0		 0		 --
nni		 78		 77		 1	 |	 0		 0		 --
Total		 78		 77		 1	 |	 0		 0		 0
Proportion	 -- 		 1.0		 0.0	 |	 -- 		 0.0		 0.0
(C46,Cooper,(Titanium_IBR_MLV_vaccine,(C33,(((B589,SP1777):1.2604408079221048,BHV5):2.4298329391068556,216_II):10.0):1.1828415518150113):0.5615993757447775);
---------------------
seed: 25993 for run 15, 2022-08-15 14:39:37.087

BEGIN SNaQ for run 15, seed 25993 and hmax 0 changed starting topology by NNI move

Begins heuristic optimization of network------

found best network, now we re-optimize branch lengths and gamma more precisely
STOPPED by number of failures criteria
END optTopLevel: found minimizer topology at step 89 (failures: 75) with -loglik=365.15873 and ht_min=[0.5616, 1.18284, 10.0, 2.42984, 1.26044]
PERFORMANCE: total number of moves (proposed, successful, accepted) in general, and to fix gamma=0.0,t=0.0 cases
	--------moves general--------				 --------moves gamma,t------	
move	 Num.Proposed	 Num.Successful	 Num.Accepted	 | Num.Proposed	 Num.Successful	 Num.Accepted
add		 0		 0		 0	 |	 NA 		 NA 		 NA 
mvorigin	 0		 0		 0	 |	 0		 0		 --
mvtarget	 0		 0		 0	 |	 0		 0		 --
chdir		 0		 0		 0	 |	 0		 0		 --
delete		 0		 0		 0	 |	 0		 0		 --
nni		 89		 88		 2	 |	 0		 0		 --
Total		 89		 88		 2	 |	 0		 0		 0
Proportion	 -- 		 1.0		 0.0	 |	 -- 		 0.0		 0.0
(C46,Cooper,(Titanium_IBR_MLV_vaccine,(C33,(216_II,((SP1777,B589):1.260441304060264,BHV5):2.429836847876763):10.0):1.1828420834039077):0.5615982108531123);
---------------------
seed: 25227 for run 16, 2022-08-15 14:40:12.561

BEGIN SNaQ for run 16, seed 25227 and hmax 0 changed starting topology by NNI move

Begins heuristic optimization of network------

found best network, now we re-optimize branch lengths and gamma more precisely
STOPPED by number of failures criteria
END optTopLevel: found minimizer topology at step 78 (failures: 75) with -loglik=365.15873 and ht_min=[0.5616, 1.18284, 10.0, 2.42984, 1.26044]
PERFORMANCE: total number of moves (proposed, successful, accepted) in general, and to fix gamma=0.0,t=0.0 cases
	--------moves general--------				 --------moves gamma,t------	
move	 Num.Proposed	 Num.Successful	 Num.Accepted	 | Num.Proposed	 Num.Successful	 Num.Accepted
add		 0		 0		 0	 |	 NA 		 NA 		 NA 
mvorigin	 0		 0		 0	 |	 0		 0		 --
mvtarget	 0		 0		 0	 |	 0		 0		 --
chdir		 0		 0		 0	 |	 0		 0		 --
delete		 0		 0		 0	 |	 0		 0		 --
nni		 78		 77		 1	 |	 0		 0		 --
Total		 78		 77		 1	 |	 0		 0		 0
Proportion	 -- 		 1.0		 0.0	 |	 -- 		 0.0		 0.0
(C46,Cooper,((C33,(216_II,((B589,SP1777):1.2604409660795648,BHV5):2.4298351923719874):10.0):1.182842799353241,Titanium_IBR_MLV_vaccine):0.5615984796550826);
---------------------
seed: 11520 for run 17, 2022-08-15 14:40:43.835

BEGIN SNaQ for run 17, seed 11520 and hmax 0 changed starting topology by NNI move

Begins heuristic optimization of network------

found best network, now we re-optimize branch lengths and gamma more precisely
STOPPED by number of failures criteria
END optTopLevel: found minimizer topology at step 84 (failures: 75) with -loglik=365.15873 and ht_min=[0.5616, 1.18284, 10.0, 2.42984, 1.26044]
PERFORMANCE: total number of moves (proposed, successful, accepted) in general, and to fix gamma=0.0,t=0.0 cases
	--------moves general--------				 --------moves gamma,t------	
move	 Num.Proposed	 Num.Successful	 Num.Accepted	 | Num.Proposed	 Num.Successful	 Num.Accepted
add		 0		 0		 0	 |	 NA 		 NA 		 NA 
mvorigin	 0		 0		 0	 |	 0		 0		 --
mvtarget	 0		 0		 0	 |	 0		 0		 --
chdir		 0		 0		 0	 |	 0		 0		 --
delete		 0		 0		 0	 |	 0		 0		 --
nni		 84		 82		 2	 |	 0		 0		 --
Total		 84		 82		 2	 |	 0		 0		 0
Proportion	 -- 		 1.0		 0.0	 |	 -- 		 0.0		 0.0
(C46,Cooper,(Titanium_IBR_MLV_vaccine,((216_II,((B589,SP1777):1.260441249273094,BHV5):2.429835389349004):10.0,C33):1.18284259323128):0.5615979534150009);
---------------------
seed: 62563 for run 18, 2022-08-15 14:41:18.991

BEGIN SNaQ for run 18, seed 62563 and hmax 0 changed starting topology by NNI move

Begins heuristic optimization of network------

found best network, now we re-optimize branch lengths and gamma more precisely
STOPPED by number of failures criteria
END optTopLevel: found minimizer topology at step 79 (failures: 75) with -loglik=365.15873 and ht_min=[0.5616, 1.18284, 10.0, 2.42984, 1.26044]
PERFORMANCE: total number of moves (proposed, successful, accepted) in general, and to fix gamma=0.0,t=0.0 cases
	--------moves general--------				 --------moves gamma,t------	
move	 Num.Proposed	 Num.Successful	 Num.Accepted	 | Num.Proposed	 Num.Successful	 Num.Accepted
add		 0		 0		 0	 |	 NA 		 NA 		 NA 
mvorigin	 0		 0		 0	 |	 0		 0		 --
mvtarget	 0		 0		 0	 |	 0		 0		 --
chdir		 0		 0		 0	 |	 0		 0		 --
delete		 0		 0		 0	 |	 0		 0		 --
nni		 79		 78		 1	 |	 0		 0		 --
Total		 79		 78		 1	 |	 0		 0		 0
Proportion	 -- 		 1.0		 0.0	 |	 -- 		 0.0		 0.0
(C46,Cooper,(Titanium_IBR_MLV_vaccine,(C33,(((B589,SP1777):1.2604414600440654,BHV5):2.4298352482961536,216_II):10.0):1.1828428331289862):0.561598082502225);
---------------------
seed: 441 for run 19, 2022-08-15 14:41:53.138

BEGIN SNaQ for run 19, seed 441 and hmax 0 changed starting topology by NNI move

Begins heuristic optimization of network------

found best network, now we re-optimize branch lengths and gamma more precisely
STOPPED by number of failures criteria
END optTopLevel: found minimizer topology at step 89 (failures: 75) with -loglik=365.15873 and ht_min=[0.5616, 1.18284, 10.0, 2.42983, 1.26045]
PERFORMANCE: total number of moves (proposed, successful, accepted) in general, and to fix gamma=0.0,t=0.0 cases
	--------moves general--------				 --------moves gamma,t------	
move	 Num.Proposed	 Num.Successful	 Num.Accepted	 | Num.Proposed	 Num.Successful	 Num.Accepted
add		 0		 0		 0	 |	 NA 		 NA 		 NA 
mvorigin	 0		 0		 0	 |	 0		 0		 --
mvtarget	 0		 0		 0	 |	 0		 0		 --
chdir		 0		 0		 0	 |	 0		 0		 --
delete		 0		 0		 0	 |	 0		 0		 --
nni		 89		 88		 1	 |	 0		 0		 --
Total		 89		 88		 1	 |	 0		 0		 0
Proportion	 -- 		 1.0		 0.0	 |	 -- 		 0.0		 0.0
(C46,Cooper,(Titanium_IBR_MLV_vaccine,(C33,(((B589,SP1777):1.2604536861925149,BHV5):2.429834817855213,216_II):10.0):1.1828426961806007):0.5615976757155193);
---------------------
seed: 49203 for run 20, 2022-08-15 14:42:31.167

BEGIN SNaQ for run 20, seed 49203 and hmax 0
Begins heuristic optimization of network------

found best network, now we re-optimize branch lengths and gamma more precisely
STOPPED by number of failures criteria
END optTopLevel: found minimizer topology at step 76 (failures: 75) with -loglik=365.15873 and ht_min=[0.5616, 1.18284, 10.0, 2.42984, 1.26044]
PERFORMANCE: total number of moves (proposed, successful, accepted) in general, and to fix gamma=0.0,t=0.0 cases
	--------moves general--------				 --------moves gamma,t------	
move	 Num.Proposed	 Num.Successful	 Num.Accepted	 | Num.Proposed	 Num.Successful	 Num.Accepted
add		 0		 0		 0	 |	 NA 		 NA 		 NA 
mvorigin	 0		 0		 0	 |	 0		 0		 --
mvtarget	 0		 0		 0	 |	 0		 0		 --
chdir		 0		 0		 0	 |	 0		 0		 --
delete		 0		 0		 0	 |	 0		 0		 --
nni		 76		 75		 0	 |	 0		 0		 --
Total		 76		 75		 0	 |	 0		 0		 0
Proportion	 -- 		 1.0		 0.0	 |	 -- 		 0.0		 0.0
(C46,Cooper,(Titanium_IBR_MLV_vaccine,(C33,(216_II,((B589,SP1777):1.260441080284798,BHV5):2.4298351716706432):10.0):1.1828424712518206):0.5615981210148323);
---------------------

2022-08-15 14:43:1.354
MaxNet is (C46,Cooper,(Titanium_IBR_MLV_vaccine,((216_II,((B589,SP1777):1.260441249273094,BHV5):2.429835389349004):10.0,C33):1.18284259323128):0.5615979534150009); 
with -loglik 365.1587301188808
