((Titanium_IBR_MLV_vaccine,(C33,((((SP1777,(B589,#H10:::0.19999101761385302):10.0):10.0,(BHV5)#H10:::0.8000089823861469):2.0794635253626494,216_II):9.999741261320395,#H9:::0.2724525848762052):1.3484002537363027):2.3546845295536025):10.0,C46,(Cooper)#H9:::0.7275474151237948); -Ploglik = 77.30057399899863
 Dendroscope: ((Titanium_IBR_MLV_vaccine,(C33,((((SP1777,(B589,#H10):10.0):10.0,(BHV5)#H10):2.0794635253626494,216_II):9.999741261320395,#H9):1.3484002537363027):2.3546845295536025):10.0,C46,(Cooper)#H9);
 Elapsed time: 3721.19 seconds, 20 attempted runs
-------
List of estimated networks for all runs (sorted by log-pseudolik; the smaller, the better):
 ((Titanium_IBR_MLV_vaccine,(C33,((((SP1777,(B589,#H10:::0.19999101761385302):10.0):10.0,(BHV5)#H10:::0.8000089823861469):2.0794635253626494,216_II):9.999741261320395,#H9:::0.2724525848762052):1.3484002537363027):2.3546845295536025):10.0,C46,(Cooper)#H9:::0.7275474151237948);, with -loglik 77.30057399899863
 ((Titanium_IBR_MLV_vaccine,(C33,((((SP1777,(B589,#H10:::0.19999102067825067):10.0):10.0,(BHV5)#H10:::0.8000089793217493):2.079464626187512,216_II):9.774463925232432,#H9:::0.27245269167316394):1.3483984243023839):2.354683093396296):9.995867734312002,C46,(Cooper)#H9:::0.727547308326836);, with -loglik 77.30058693809868
 ((Titanium_IBR_MLV_vaccine,(C33,((((SP1777,(B589,#H10:::0.19997471133475117):10.0):9.997363870162072,(BHV5)#H10:::0.8000252886652488):2.0798797053231595,216_II):9.997823345964242,#H9:::0.2724451532280315):1.3487392626856018):2.354583702356812):10.0,C46,(Cooper)#H9:::0.7275548467719686);, with -loglik 77.30059543722743
 ((Titanium_IBR_MLV_vaccine,(C33,((216_II,((BHV5)#H10:::0.8000074779714297,(SP1777,(B589,#H10:::0.19999252202857035):10.0):9.971529996491743):2.0794079347989123):9.666952741471182,#H9:::0.27244754446405633):1.348445793615885):2.354735387616949):10.0,C46,(Cooper)#H9:::0.7275524555359436);, with -loglik 77.30074905386397
 ((Titanium_IBR_MLV_vaccine,(C33,((((SP1777,(B589,#H10:::0.2000491671482678):7.764641219957728):10.0,(BHV5)#H10:::0.7999508328517322):2.0793145013637364,216_II):9.990036234191011,#H9:::0.2724255091093792):1.3486130012406707):2.355023802368285):10.0,C46,(Cooper)#H9:::0.7275744908906208);, with -loglik 77.31321875710965
 ((Titanium_IBR_MLV_vaccine,(C33,((216_II,((BHV5,#H10:::0.1823274806359479):10.0,(SP1777,(B589)#H10:::0.8176725193640522):10.0):2.3729837264933673):3.9405879964044033,#H9:::0.23096689148666066):9.995925568739308):2.0505411991718088):2.122034964222612,C46,(Cooper)#H9:::0.7690331085133393);, with -loglik 99.63111518559887
 ((Titanium_IBR_MLV_vaccine,(C33,((((B589,SP1777):1.135030670302031,(BHV5)#H10:::0.9333467135187642):10.0,(216_II,#H10:::0.06665328648123577):10.0):9.964499943795058,#H9:::0.27246335844183894):1.348222390651327):2.3546620293086873):9.986013618927776,C46,(Cooper)#H9:::0.727536641558161);, with -loglik 109.65202687129417
 (((C33,((((B589,SP1777):1.1349979514229984,(BHV5)#H10:::0.9333464780206575):10.0,(216_II,#H10:::0.06665352197934249):10.0):9.874626917147767,#H9:::0.24498889835368767):9.96546690326879):2.0846277838322957,Titanium_IBR_MLV_vaccine):10.0,C46,(Cooper)#H9:::0.7550111016463124);, with -loglik 113.96114395930914
 ((Titanium_IBR_MLV_vaccine,(C33,(#H9:::0.2722791020609024,((216_II)#H10:::0.9388815600494057,((B589,SP1777):1.2315607787684382,(BHV5,#H10:::0.06111843995059426):9.168815074983556):10.0):9.985924306170748):1.3519134951499765):2.352216883963073):10.0,C46,(Cooper)#H9:::0.7277208979390977);, with -loglik 114.77296514187984
 ((Titanium_IBR_MLV_vaccine,(C33,(((216_II)#H10:::0.9391263318209652,((B589,SP1777):1.2312837170717028,(BHV5,#H10:::0.0608736681790348):8.823207691320821):10.0):9.998009942480227,#H9:::0.27247559338818067):1.3480927862635539):2.3549421373455175):10.0,C46,(Cooper)#H9:::0.7275244066118194);, with -loglik 114.77317853883702
 (B589,(BHV5,(216_II,((#H9:::0.27245288306172855,(C33,(Titanium_IBR_MLV_vaccine,(C46,(Cooper)#H9:::0.7275471169382715):10.0):2.354683689933339):1.3483923097435755):8.34064342376357)#H10:::0.940749816364206):10.0):1.666567034987006,(SP1777,#H10:::0.05925018363579399):10.0);, with -loglik 116.3809981615961
 (B589,(BHV5,(216_II,((#H9:::0.2724530260047973,(C33,(Titanium_IBR_MLV_vaccine,(C46,(Cooper)#H9:::0.7275469739952027):9.996926652032826):2.354682349685189):1.348395494606586):9.160273257510116)#H10:::0.9407500297984336):10.0):1.666565251493334,(SP1777,#H10:::0.05924997020156641):10.0);, with -loglik 116.38100778030795
 ((B589,(SP1777,#H10:::0.05925042762652631):10.0):1.6665626811880234,BHV5,(216_II,((#H9:::0.27245185565440355,(C33,(Titanium_IBR_MLV_vaccine,(C46,(Cooper)#H9:::0.7275481443455964):9.991723649351261):2.3546808306100457):1.348414421157138):7.619396245508922)#H10:::0.9407495723734737):10.0);, with -loglik 116.38102413535788
 (B589,(BHV5,(216_II,((((Titanium_IBR_MLV_vaccine,(C46,(Cooper)#H9:::0.72757769511709):9.993576131111988):2.354270488997831,C33):1.3498329002877725,#H9:::0.27242230488291):9.777158523474109)#H10:1.4598025381354858::0.9407395002881979):10.0):1.666055529620228,(SP1777,#H10:3.8329568467618698::0.05926049971180209):8.826692326710484);, with -loglik 116.38211024384668
 (B589,(BHV5,(216_II,((#H9:::0.2722614700072942,(C33,(Titanium_IBR_MLV_vaccine,(C46,(Cooper)#H9:::0.7277385299927057):10.0):2.3589216453773205):1.3509248778909215):7.693444607850443)#H10:::0.9408716307497849):10.0):1.6673744101116021,(SP1777,#H10:::0.059128369250215126):6.0358045468136305);, with -loglik 116.41068531000047
 ((BHV5,(216_II,((#H9:2.3495015754949606::0.27179117903008504,(C33,(Titanium_IBR_MLV_vaccine,(C46,(Cooper)#H9:0.3238785361722342::0.7282088209699149):9.958920893580643):2.350051240919063):1.3684545621499702):9.910565343136112)#H10:6.659084506759375::0.9402905073520321):8.76151847746551):1.660449613268098,B589,(SP1777,#H10:3.502577583002372::0.059709492647967856):3.3558670675382767);, with -loglik 116.84486667732762
 (B589,(BHV5,(216_II,((#H9:::0.27261957801701403,(C33,((C46,(Cooper)#H9:::0.727380421982986):8.626397579859042,Titanium_IBR_MLV_vaccine):2.357408639814668):1.3440425992392235):9.969693196651043)#H10:9.996789882111857::0.940705458093796):9.138329631213582):1.6550963872037616,(SP1777,#H10:0.03228165221077022::0.059294541906203986):3.102117109547978);, with -loglik 116.96833414615168
 ((Titanium_IBR_MLV_vaccine,(C33,(#H9:::0.2724166649991352,(((BHV5,((B589,SP1777):1.3467345533690784)#H10:0.0::0.9451508496166847):9.973814701759418,216_II):9.999742819120254,#H10:4.573780905594238::0.05484915038331533):7.827633564613988):1.349331079311157):2.354258019943243):10.0,C46,(Cooper)#H9:::0.7275833350008648);, with -loglik 122.12808400658996
 ((Titanium_IBR_MLV_vaccine,(C33,(#H9:1.4855422594844843::0.27245347407265275,(((BHV5,((SP1777,B589):1.3462821100173736)#H10:0.0::0.9452041030502547):9.999640380834338,216_II):8.656490109533236,#H10:2.6435415111165788::0.054795896949745244):7.333491917906965):1.349574851213521):2.354320392850209):9.441848100302721,C46,(Cooper)#H9:1.4187422420118012::0.7275465259273473);, with -loglik 122.14387233849163
 ((Titanium_IBR_MLV_vaccine,(C33,(((Cooper,#H10:::0.0):0.0,(216_II,((SP1777,B589):1.2605701996751462,(BHV5)#H10:::1.0):2.432256611985572):10.0):0.0)#H9:0.042386530102986465::0.5964030858287228):9.999999999983801):0.4277676257787904,C46,#H9:0.0::0.40359691417127713);, with -loglik 834.1979010045659
-------
