IQ-TREE multicore version 2.1.3 COVID-edition for Linux 64-bit built Apr 21 2021
Developed by Bui Quang Minh, James Barbetti, Nguyen Lam Tung,
Olga Chernomor, Heiko Schmidt, Dominik Schrempf, Michael Woodhams.

Host:    mutalisk (AVX2, FMA3, 31 GB RAM)
Command: iqtree2 -nt AUTO -s experiment-set3_09-blocksize-0500-dataset.fasta -pre experiment-set3_09-blocksize-0500
Seed:    669516 (Using SPRNG - Scalable Parallel Random Number Generator)
Time:    Mon May 30 19:27:51 2022
Kernel:  AVX+FMA - auto-detect threads (12 CPU cores detected)

Reading alignment file experiment-set3_09-blocksize-0500-dataset.fasta ... Fasta format detected
Alignment most likely contains DNA/RNA sequences
WARNING: 7561 sites contain only gaps or ambiguous characters.
Alignment has 9 sequences with 144551 columns, 541 distinct patterns
1299 parsimony-informative, 738 singleton sites, 142514 constant sites
                          Gap/Ambiguity  Composition  p-value
   1  C33                         6.96%    passed     83.97%
   2  C46                         7.61%    passed     97.40%
   3  Titanium_IBR_MLV_vaccine    6.85%    passed     86.05%
   4  Cooper                      7.30%    passed     99.73%
   5  K22                         6.44%    passed     71.46%
   6  MN2                         6.64%    passed     78.59%
   7  MN3                         6.68%    passed     94.66%
   8  SM023                       6.66%    passed     63.12%
   9  MN10                        6.68%    passed     93.81%
****  TOTAL                       6.87%  0 sequences failed composition chi2 test (p-value<5%; df=3)
NOTE: minimal branch length is reduced to 0.000000691797 for long alignment


Create initial parsimony tree by phylogenetic likelihood library (PLL)... 0.000 seconds
Measuring multi-threading efficiency up to 12 CPU cores
Increase to 10 rounds for branch lengths
6258 trees examined
Threads: 1 / Time: 12.000 sec / Speedup: 1.000 / Efficiency: 100% / LogL: -201210
Threads: 2 / Time: 8.586 sec / Speedup: 1.398 / Efficiency: 70% / LogL: -201210
Threads: 3 / Time: 7.013 sec / Speedup: 1.711 / Efficiency: 57% / LogL: -201210
Threads: 4 / Time: 4.894 sec / Speedup: 2.452 / Efficiency: 61% / LogL: -201210
Threads: 5 / Time: 6.115 sec / Speedup: 1.963 / Efficiency: 39% / LogL: -201210
BEST NUMBER OF THREADS: 4

Perform fast likelihood tree search using GTR+I+G model...
Estimate model parameters (epsilon = 5.000)
Perform nearest neighbor interchange...
Estimate model parameters (epsilon = 1.000)
1. Initial log-likelihood: -191904.461
Optimal log-likelihood: -191904.176
Rate parameters:  A-C: 0.96941  A-G: 6.89560  A-T: 0.86067  C-G: 0.68448  C-T: 6.70843  G-T: 1.00000
Base frequencies:  A: 0.135  C: 0.359  G: 0.366  T: 0.140
Proportion of invariable sites: 0.495
Gamma shape alpha: 0.020
Parameters optimization took 1 rounds (0.002 sec)
Time for fast ML tree search: 0.020 seconds

NOTE: ModelFinder requires 1 MB RAM!
ModelFinder will test up to 286 DNA models (sample size: 144551) ...
 No. Model         -LnL         df  AIC          AICc         BIC
  1  GTR+F         192369.642   23  384785.283   384785.291   385012.555
  2  GTR+F+I       191788.231   24  383624.463   383624.471   383861.616
  3  GTR+F+G4      192045.792   24  384139.583   384139.592   384376.737
  4  GTR+F+I+G4    191878.677   25  383807.354   383807.363   384054.389
  5  GTR+F+R2      192133.667   25  384317.333   384317.342   384564.368
  6  GTR+F+R3      191801.412   27  383656.823   383656.834   383923.621
  7  GTR+F+R4      191788.741   29  383635.483   383635.495   383922.043
  8  GTR+F+R5      191788.679   31  383639.358   383639.372   383945.681
 15  SYM+I         206464.696   21  412971.392   412971.399   413178.901
 28  TVM+F+I       191788.811   23  383623.622   383623.630   383850.894
 41  TVMe+I        206465.044   20  412970.088   412970.093   413167.715
 54  TIM3+F+I      191791.660   22  383627.319   383627.326   383844.710
 67  TIM3e+I       206477.493   19  412992.987   412992.992   413180.733
 80  TIM2+F+I      191792.716   22  383629.432   383629.439   383846.823
 93  TIM2e+I       206474.196   19  412986.392   412986.397   413174.138
106  TIM+F+I       191790.174   22  383624.349   383624.356   383841.739
119  TIMe+I        206483.989   19  413005.978   413005.984   413193.725
132  TPM3u+F+I     191792.661   21  383627.322   383627.329   383834.832
145  TPM3+F+I      191792.647   21  383627.294   383627.300   383834.803
158  TPM2u+F+I     191793.486   21  383628.973   383628.979   383836.482
171  TPM2+F+I      191793.486   21  383628.973   383628.979   383836.482
184  K3Pu+F+I      191789.415   21  383620.830   383620.837   383828.339
197  K3P+I         206484.279   18  413004.557   413004.562   413182.422
210  TN+F+I        191794.617   21  383631.233   383631.240   383838.743
223  TNe+I         206485.204   18  413006.409   413006.414   413184.274
236  HKY+F+I       191795.322   20  383630.643   383630.649   383828.271
249  K2P+I         206485.442   17  413004.885   413004.889   413172.868
262  F81+F+I       192930.304   19  385898.609   385898.614   386086.355
275  JC+I          207377.014   16  414786.029   414786.032   414944.131
Akaike Information Criterion:           K3Pu+F+I
Corrected Akaike Information Criterion: K3Pu+F+I
Bayesian Information Criterion:         HKY+F+I
Best-fit model: HKY+F+I chosen according to BIC

All model information printed to experiment-set3_09-blocksize-0500.model.gz
CPU time for ModelFinder: 106.323 seconds (0h:1m:46s)
Wall-clock time for ModelFinder: 39.752 seconds (0h:0m:39s)

NOTE: 0 MB RAM (0 GB) is required!
Estimate model parameters (epsilon = 0.100)
1. Initial log-likelihood: -191795.322
Optimal log-likelihood: -191795.322
Rate parameters:  A-C: 1.00000  A-G: 9.08206  A-T: 1.00000  C-G: 1.00000  C-T: 9.08206  G-T: 1.00000
Base frequencies:  A: 0.135  C: 0.359  G: 0.366  T: 0.140
Proportion of invariable sites: 0.952
Parameters optimization took 1 rounds (0.001 sec)
Computing ML distances based on estimated model parameters...
Computing ML distances took 0.000229 sec (of wall-clock time) 0.000704 sec(of CPU time)
WARNING: Some pairwise ML distances are too long (saturated)
Computing RapidNJ tree took 0.000074 sec (of wall-clock time) 0.000252 sec (of CPU time)
Log-likelihood of RapidNJ tree: -194820.616
--------------------------------------------------------------------
|             INITIALIZING CANDIDATE TREE SET                      |
--------------------------------------------------------------------
Generating 98 parsimony trees... 0.059 second
Computing log-likelihood of 78 initial trees ... 0.017 seconds
Current best score: -191795.322

Do NNI search on 20 best initial trees
Estimate model parameters (epsilon = 0.100)
BETTER TREE FOUND at iteration 1: -191795.322
Iteration 10 / LogL: -191795.331 / Time: 0h:0m:0s
Iteration 20 / LogL: -191795.328 / Time: 0h:0m:0s
Finish initializing candidate tree set (1)
Current best tree score: -191795.322 / CPU time: 0.109
Number of iterations: 20
--------------------------------------------------------------------
|               OPTIMIZING CANDIDATE TREE SET                      |
--------------------------------------------------------------------
Iteration 30 / LogL: -191795.329 / Time: 0h:0m:0s (0h:0m:0s left)
Iteration 40 / LogL: -193292.621 / Time: 0h:0m:0s (0h:0m:0s left)
Iteration 50 / LogL: -191795.330 / Time: 0h:0m:0s (0h:0m:0s left)
WARNING: NNI search needs unusual large number of steps (9) to converge!
Iteration 60 / LogL: -191795.327 / Time: 0h:0m:0s (0h:0m:0s left)
Iteration 70 / LogL: -191795.413 / Time: 0h:0m:0s (0h:0m:0s left)
Iteration 80 / LogL: -191795.341 / Time: 0h:0m:0s (0h:0m:0s left)
Iteration 90 / LogL: -191795.331 / Time: 0h:0m:0s (0h:0m:0s left)
Iteration 100 / LogL: -191795.327 / Time: 0h:0m:0s (0h:0m:0s left)
TREE SEARCH COMPLETED AFTER 102 ITERATIONS / Time: 0h:0m:0s

--------------------------------------------------------------------
|                    FINALIZING TREE SEARCH                        |
--------------------------------------------------------------------
Performs final model parameters optimization
Estimate model parameters (epsilon = 0.010)
1. Initial log-likelihood: -191795.322
Optimal log-likelihood: -191795.322
Rate parameters:  A-C: 1.00000  A-G: 9.08206  A-T: 1.00000  C-G: 1.00000  C-T: 9.08206  G-T: 1.00000
Base frequencies:  A: 0.135  C: 0.359  G: 0.366  T: 0.140
Proportion of invariable sites: 0.952
Parameters optimization took 1 rounds (0.001 sec)
BEST SCORE FOUND : -191795.322
Total tree length: 0.020

Total number of iterations: 102
CPU time used for tree search: 1.518 sec (0h:0m:1s)
Wall-clock time used for tree search: 0.332 sec (0h:0m:0s)
Total CPU time used: 1.550 sec (0h:0m:1s)
Total wall-clock time used: 0.340 sec (0h:0m:0s)

Analysis results written to: 
  IQ-TREE report:                experiment-set3_09-blocksize-0500.iqtree
  Maximum-likelihood tree:       experiment-set3_09-blocksize-0500.treefile
  Likelihood distances:          experiment-set3_09-blocksize-0500.mldist
  Screen log file:               experiment-set3_09-blocksize-0500.log

Date and Time: Mon May 30 19:28:31 2022
