((Titanium_IBR_MLV_vaccine,(C33,(((BHV5,((K22,SP1777):0.032831681291231866,B589):0.5047230253285209):1.3679991351816216,216_II):1.4731973801477958)#H10:::0.8587112251851192):0.42760345353347184):0.13264785699722653,C46,(Cooper,#H10:::0.14128877481488075):9.793085571535155); -Ploglik = 88.80499919683237
 Dendroscope: ((Titanium_IBR_MLV_vaccine,(C33,(((BHV5,((K22,SP1777):0.032831681291231866,B589):0.5047230253285209):1.3679991351816216,216_II):1.4731973801477958)#H10):0.42760345353347184):0.13264785699722653,C46,(Cooper,#H10):9.793085571535155);
 Elapsed time: 4003.5 seconds, 20 attempted runs
-------
List of estimated networks for all runs (sorted by log-pseudolik; the smaller, the better):
 ((Titanium_IBR_MLV_vaccine,(C33,(((BHV5,((K22,SP1777):0.032831681291231866,B589):0.5047230253285209):1.3679991351816216,216_II):1.4731973801477958)#H10:::0.8587112251851192):0.42760345353347184):0.13264785699722653,C46,(Cooper,#H10:::0.14128877481488075):9.793085571535155);, with -loglik 88.80499919683237
 (((216_II,(((SP1777,K22):0.03209459480440029,B589):0.5052223946458034,BHV5):1.3675903077802736):1.8036986836254714,(C33,#H10:0.4631730619603618::0.17540868991676256):2.7882195346936016):0.5658004342548987,Cooper,((C46,Titanium_IBR_MLV_vaccine):0.07849168615044298)#H10:0.017904761900286646::0.8245913100832374);, with -loglik 90.91782198229456
 ((Titanium_IBR_MLV_vaccine,(C33,(216_II,((B589,(SP1777,K22):0.032948561770097785):0.45922392784037447,(BHV5)#H10:::0.9753221499055467):1.5355918338534342):2.098630896404616):0.29209662322782154):0.06108906924823153,C46,(Cooper,#H10:::0.02467785009445329):10.0);, with -loglik 94.81791520880361
 ((C33,(216_II,(((K22,SP1777):0.03295412100353282,B589):0.459225864397834,(BHV5)#H10:::0.9753231681063096):1.5355807854051178):2.098640182855518):0.2920888785728256,(C46,(Cooper,#H10:::0.024676831893690427):8.765268556974245):0.06109990559073193,Titanium_IBR_MLV_vaccine);, with -loglik 94.81830116370439
 ((SP1777,K22):0.03293566602741341,B589,((216_II,(C33,(Titanium_IBR_MLV_vaccine,((C46,Cooper):0.0754806360957929)#H10:0.0::0.98187985945774):0.319416088791867):2.246995615496329):1.4838481669881054,(BHV5,#H10:0.12812925957695306::0.018120140542259983):3.284582409596167):0.49228295713088915);, with -loglik 96.15908588811547
 ((K22,SP1777):0.03290704061536727,((216_II,((C33,((Cooper,C46):0.05321673154266415,Titanium_IBR_MLV_vaccine):0.2896496257032264):0.0)#H10:2.6489448306264713::0.9818405412745163):1.5708350790457868,(BHV5,#H10:0.06992506170569028::0.01815945872548371):1.6828025150297101):0.4861670450558943,B589);, with -loglik 102.19559761615659
 (K22,SP1777,(B589,((216_II,((C33,(Titanium_IBR_MLV_vaccine,(C46,Cooper):0.05355637840966796):0.28945014239656136):0.0)#H10:2.6607864481830745::0.9815623475079771):1.5710447586749459,(BHV5,#H10:0.00020653557512167762::0.018437652492022852):1.5150701752989932):0.4866326063020928):0.03256254137538332);, with -loglik 102.19587917011994
 (K22,SP1777,(B589,((216_II,((C33,((Cooper,C46):0.05315401029114703,Titanium_IBR_MLV_vaccine):0.2896176757154536):0.0)#H12:2.6514176258467965::0.9817589621027761):1.571061385133079,(BHV5,#H12:0.546957289796044::0.018241037897223845):1.6504032886878859):0.48625939725821504):0.03292779788566226);, with -loglik 102.20146486406962
 (SP1777,(((216_II,((C33,(Titanium_IBR_MLV_vaccine,(C46,Cooper):0.05321095567516018):0.28966622742125764):0.007190437645048711)#H10:2.6513858218924047::0.9814375097809785):1.5719566289889513,(BHV5,#H10:0.24003832863996732::0.018562490219021493):1.5174934908860915):0.4868647051230961,B589):0.03296610478489244,K22);, with -loglik 102.20657361246509
 ((SP1777,K22):0.030715029119255288,B589,((BHV5,#H10:9.492881866200214::0.08954451689104302):0.0837641368916433,(216_II,((C33,(Titanium_IBR_MLV_vaccine,(C46,Cooper):0.0540660147290646):0.2905762881457061):1.1396254176808083)#H10:1.8002236782548942::0.910455483108957):1.8989848309862993):0.4998426971812099);, with -loglik 103.32768546173982
 (Titanium_IBR_MLV_vaccine,(C33,(216_II,((((K22,SP1777):0.03286856038024974,B589):0.5049109290992688,BHV5):0.0)#H12:1.6873085216874637::0.9828956660830206):2.3040054271280335):0.2958431569538066,((Cooper,#H12:0.00039213135915127544::0.01710433391697941):1.68842603141677e-5,C46):0.059457082863567684);, with -loglik 103.47540276801422
 (C46,Cooper,(Titanium_IBR_MLV_vaccine,((216_II,((((K22,SP1777):0.033097411953674064,B589):0.5051334281002301,BHV5):0.8877489914761533)#H10:0.8527980360522444::0.9356068464451359):2.8488264414691944,(C33,#H10:0.07663234437810272::0.0643931535548641):0.010039219943285969):0.2893183860674681):0.05338202969967364);, with -loglik 103.79231932547096
 (C46,Cooper,(Titanium_IBR_MLV_vaccine,((216_II,((((K22,SP1777):0.032871944705829007,B589):0.5050172412040189,BHV5):0.24328881700234176)#H10:1.5133424755023501::0.9707365659703068):2.3834212275599045,(C33,#H10:0.042620219737735596::0.02926343402969319):0.0011677956406407665):0.2899128038778955):0.05320858633679613);, with -loglik 103.80562034852956
 (K22,(B589,(BHV5,(216_II,((C33,(Titanium_IBR_MLV_vaccine,(C46,Cooper):0.053250335274383206):0.2899401311934906):0.39595448862308424)#H10:2.0053199923810343::0.9814489103919729):1.5664631863348204):0.5198724719525155):0.03922716142411524,(SP1777,#H10:2.442598964074354::0.018551089608027135):1.262412629906946);, with -loglik 107.31078439103956
 (K22,SP1777,((BHV5,(216_II,((C33,((C46,Cooper):0.053204031993913985,Titanium_IBR_MLV_vaccine):0.2895779446774606):0.0)#H10:2.496426341993226::0.9852933718926331):1.539599458085495):0.5094177907419253,(B589,#H10:0.0006864667219961686::0.014706628107366943):0.0):0.03517247502844876);, with -loglik 107.75938500792843
 (C46,Cooper,((C33,(216_II,((((B589,#H10:::0.4680122031360574):0.05971685301743915,K22):0.06679361325629897,SP1777):1.344020832632476,(BHV5)#H10:::0.5319877968639426):0.803921413417628):1.930708209117088):0.2898337986421324,Titanium_IBR_MLV_vaccine):0.05320545030412564);, with -loglik 107.8962080222629
 (C46,Cooper,((C33,(216_II,((SP1777,(K22,(B589,#H10:::0.46800984380009825):0.059720678856188036):0.06679461080574989):1.3440151959214515,(BHV5)#H10:::0.5319901561999018):0.8039265463366885):1.9307067919174026):0.28983389027035683,Titanium_IBR_MLV_vaccine):0.05320385602180543);, with -loglik 107.89620802229332
 ((Titanium_IBR_MLV_vaccine,(C33,(216_II,((SP1777,(K22,(B589,#H10:::0.46801529840926803):0.05971666255003511):0.06679426475949414):1.3440352340431851,(BHV5)#H10:::0.531984701590732):0.8039125184812566):1.9307070744473116):0.28983431168462315):0.05320583771832292,C46,Cooper);, with -loglik 107.89620802880812
 ((C46,Cooper):0.053205843925938745,(C33,(216_II,(((K22,(B589,#H10:::0.46800498815541325):0.05971980102336662):0.06679422921731194,SP1777):1.3439980566933634,(BHV5)#H10:::0.5319950118445868):0.8039378442296965):1.930705515539404):0.289834681100501,Titanium_IBR_MLV_vaccine);, with -loglik 107.89620802966873
 (((C33,(216_II,(((K22,(B589,#H10:::0.4680129457359478):0.0597083730133729):0.06680041853789953,SP1777):1.3440245033444833,(BHV5)#H10:::0.5319870542640521):0.8039211985652392):1.9307069283670029):0.2898336155884255,Titanium_IBR_MLV_vaccine):0.05320580273203245,C46,Cooper);, with -loglik 107.89620806420143
-------
