IQ-TREE multicore version 2.1.3 COVID-edition for Linux 64-bit built Apr 21 2021
Developed by Bui Quang Minh, James Barbetti, Nguyen Lam Tung,
Olga Chernomor, Heiko Schmidt, Dominik Schrempf, Michael Woodhams.

Host:    mutalisk (AVX2, FMA3, 31 GB RAM)
Command: iqtree2 -nt AUTO -s experiment-set3_08-blocksize-0500-dataset.fasta -pre experiment-set3_08-blocksize-0500
Seed:    275046 (Using SPRNG - Scalable Parallel Random Number Generator)
Time:    Mon May 30 19:05:50 2022
Kernel:  AVX+FMA - auto-detect threads (12 CPU cores detected)

Reading alignment file experiment-set3_08-blocksize-0500-dataset.fasta ... Fasta format detected
Alignment most likely contains DNA/RNA sequences
WARNING: 7575 sites contain only gaps or ambiguous characters.
Alignment has 8 sequences with 144551 columns, 500 distinct patterns
1287 parsimony-informative, 734 singleton sites, 142530 constant sites
                          Gap/Ambiguity  Composition  p-value
   1  C33                         6.96%    passed     80.37%
   2  C46                         7.61%    passed     96.46%
   3  Titanium_IBR_MLV_vaccine    6.85%    passed     82.68%
   4  Cooper                      7.30%    passed     99.40%
   5  K22                         6.44%    passed     75.71%
   6  MN2                         6.64%    passed     82.21%
   7  MN3                         6.68%    passed     92.52%
   8  SM023                       6.66%    passed     67.67%
****  TOTAL                       6.89%  0 sequences failed composition chi2 test (p-value<5%; df=3)
NOTE: minimal branch length is reduced to 0.000000691797 for long alignment


Create initial parsimony tree by phylogenetic likelihood library (PLL)... 0.000 seconds
Measuring multi-threading efficiency up to 12 CPU cores
Increase to 10 rounds for branch lengths
7780 trees examined
Threads: 1 / Time: 12.001 sec / Speedup: 1.000 / Efficiency: 100% / LogL: -200737
Threads: 2 / Time: 6.853 sec / Speedup: 1.751 / Efficiency: 88% / LogL: -200737
Threads: 3 / Time: 5.331 sec / Speedup: 2.251 / Efficiency: 75% / LogL: -200737
Threads: 4 / Time: 4.984 sec / Speedup: 2.408 / Efficiency: 60% / LogL: -200737
Threads: 5 / Time: 5.022 sec / Speedup: 2.390 / Efficiency: 48% / LogL: -200737
BEST NUMBER OF THREADS: 4

Perform fast likelihood tree search using GTR+I+G model...
Estimate model parameters (epsilon = 5.000)
Perform nearest neighbor interchange...
Estimate model parameters (epsilon = 1.000)
1. Initial log-likelihood: -191602.770
Optimal log-likelihood: -191602.001
Rate parameters:  A-C: 1.06112  A-G: 7.62298  A-T: 1.13756  C-G: 0.75090  C-T: 7.22001  G-T: 1.00000
Base frequencies:  A: 0.135  C: 0.359  G: 0.366  T: 0.140
Proportion of invariable sites: 0.495
Gamma shape alpha: 0.020
Parameters optimization took 1 rounds (0.002 sec)
Time for fast ML tree search: 0.014 seconds

NOTE: ModelFinder requires 1 MB RAM!
ModelFinder will test up to 286 DNA models (sample size: 144551) ...
 No. Model         -LnL         df  AIC          AICc         BIC
  1  GTR+F         192034.203   21  384110.406   384110.412   384317.915
  2  GTR+F+I       191497.044   22  383038.088   383038.095   383255.479
  3  GTR+F+G4      191732.518   22  383509.035   383509.042   383726.426
  4  GTR+F+I+G4    191579.490   23  383204.981   383204.988   383432.252
  5  GTR+F+R2      191821.169   23  383688.338   383688.346   383915.610
  6  GTR+F+R3      191525.505   25  383101.011   383101.020   383348.045
  7  GTR+F+R4      191497.928   27  383049.856   383049.866   383316.653
  8  GTR+F+R5      191497.829   29  383053.659   383053.671   383340.219
 15  SYM+I         206177.400   19  412392.801   412392.806   412580.547
 28  TVM+F+I       191497.604   21  383037.207   383037.214   383244.716
 41  TVMe+I        206174.710   18  412385.420   412385.425   412563.285
 54  TIM3+F+I      191501.575   20  383043.151   383043.157   383240.779
 67  TIM3e+I       206185.992   17  412405.983   412405.988   412573.967
 80  TIM2+F+I      191502.687   20  383045.374   383045.380   383243.002
 93  TIM2e+I       206183.017   17  412400.034   412400.038   412568.017
106  TIM+F+I       191500.335   20  383040.670   383040.676   383238.298
119  TIMe+I        206193.339   17  412420.679   412420.683   412588.662
132  TPM3u+F+I     191502.515   19  383043.030   383043.035   383230.777
145  TPM3+F+I      191502.502   19  383043.004   383043.009   383230.750
158  TPM2u+F+I     191503.113   19  383044.226   383044.231   383231.972
171  TPM2+F+I      191503.113   19  383044.226   383044.231   383231.972
184  K3Pu+F+I      191498.468   19  383034.936   383034.941   383222.682
197  K3P+I         206192.790   16  412417.580   412417.584   412575.682
210  TN+F+I        191504.546   19  383047.093   383047.098   383234.839
223  TNe+I         206193.447   16  412418.894   412418.898   412576.996
236  HKY+F+I       191505.099   18  383046.198   383046.203   383224.063
249  K2P+I         206193.617   15  412417.233   412417.236   412565.454
262  F81+F+I       192621.131   17  385276.261   385276.265   385444.245
275  JC+I          207069.465   14  414166.930   414166.933   414305.269
Akaike Information Criterion:           K3Pu+F+I
Corrected Akaike Information Criterion: K3Pu+F+I
Bayesian Information Criterion:         K3Pu+F+I
Best-fit model: K3Pu+F+I chosen according to BIC

All model information printed to experiment-set3_08-blocksize-0500.model.gz
CPU time for ModelFinder: 92.660 seconds (0h:1m:32s)
Wall-clock time for ModelFinder: 35.266 seconds (0h:0m:35s)

NOTE: 0 MB RAM (0 GB) is required!
Estimate model parameters (epsilon = 0.100)
1. Initial log-likelihood: -191498.468
Optimal log-likelihood: -191498.466
Rate parameters:  A-C: 1.00000  A-G: 7.39043  A-T: 0.69771  C-G: 0.69771  C-T: 7.39043  G-T: 1.00000
Base frequencies:  A: 0.135  C: 0.359  G: 0.366  T: 0.140
Proportion of invariable sites: 0.951
Parameters optimization took 1 rounds (0.001 sec)
Computing ML distances based on estimated model parameters...
Computing ML distances took 0.000168 sec (of wall-clock time) 0.000362 sec(of CPU time)
WARNING: Some pairwise ML distances are too long (saturated)
Computing RapidNJ tree took 0.000062 sec (of wall-clock time) 0.000223 sec (of CPU time)
Log-likelihood of RapidNJ tree: -194568.558
--------------------------------------------------------------------
|             INITIALIZING CANDIDATE TREE SET                      |
--------------------------------------------------------------------
Generating 98 parsimony trees... 0.046 second
Computing log-likelihood of 49 initial trees ... 0.009 seconds
Current best score: -191498.466

Do NNI search on 20 best initial trees
Estimate model parameters (epsilon = 0.100)
BETTER TREE FOUND at iteration 1: -191498.465
Iteration 10 / LogL: -191498.472 / Time: 0h:0m:0s
Iteration 20 / LogL: -191499.763 / Time: 0h:0m:0s
Finish initializing candidate tree set (1)
Current best tree score: -191498.465 / CPU time: 0.085
Number of iterations: 20
--------------------------------------------------------------------
|               OPTIMIZING CANDIDATE TREE SET                      |
--------------------------------------------------------------------
Iteration 30 / LogL: -191498.471 / Time: 0h:0m:0s (0h:0m:0s left)
UPDATE BEST LOG-LIKELIHOOD: -191498.465
Iteration 40 / LogL: -191498.651 / Time: 0h:0m:0s (0h:0m:0s left)
Iteration 50 / LogL: -191498.530 / Time: 0h:0m:0s (0h:0m:0s left)
Iteration 60 / LogL: -191498.474 / Time: 0h:0m:0s (0h:0m:0s left)
Iteration 70 / LogL: -191498.468 / Time: 0h:0m:0s (0h:0m:0s left)
Iteration 80 / LogL: -191498.471 / Time: 0h:0m:0s (0h:0m:0s left)
Iteration 90 / LogL: -191500.014 / Time: 0h:0m:0s (0h:0m:0s left)
Iteration 100 / LogL: -191499.114 / Time: 0h:0m:0s (0h:0m:0s left)
TREE SEARCH COMPLETED AFTER 102 ITERATIONS / Time: 0h:0m:0s

--------------------------------------------------------------------
|                    FINALIZING TREE SEARCH                        |
--------------------------------------------------------------------
Performs final model parameters optimization
Estimate model parameters (epsilon = 0.010)
1. Initial log-likelihood: -191498.465
Optimal log-likelihood: -191498.465
Rate parameters:  A-C: 1.00000  A-G: 7.38952  A-T: 0.69617  C-G: 0.69617  C-T: 7.38952  G-T: 1.00000
Base frequencies:  A: 0.135  C: 0.359  G: 0.366  T: 0.140
Proportion of invariable sites: 0.951
Parameters optimization took 1 rounds (0.000 sec)
BEST SCORE FOUND : -191498.465
Total tree length: 0.019

Total number of iterations: 102
CPU time used for tree search: 1.087 sec (0h:0m:1s)
Wall-clock time used for tree search: 0.224 sec (0h:0m:0s)
Total CPU time used: 1.117 sec (0h:0m:1s)
Total wall-clock time used: 0.231 sec (0h:0m:0s)

Analysis results written to: 
  IQ-TREE report:                experiment-set3_08-blocksize-0500.iqtree
  Maximum-likelihood tree:       experiment-set3_08-blocksize-0500.treefile
  Likelihood distances:          experiment-set3_08-blocksize-0500.mldist
  Screen log file:               experiment-set3_08-blocksize-0500.log

Date and Time: Mon May 30 19:06:25 2022
