IQ-TREE multicore version 2.1.3 COVID-edition for Linux 64-bit built Apr 21 2021
Developed by Bui Quang Minh, James Barbetti, Nguyen Lam Tung,
Olga Chernomor, Heiko Schmidt, Dominik Schrempf, Michael Woodhams.

Host:    mutalisk (AVX2, FMA3, 31 GB RAM)
Command: iqtree2 -nt AUTO -s experiment-set3_06-blocksize-1000-dataset.fasta -pre experiment-set3_06-blocksize-1000
Seed:    782927 (Using SPRNG - Scalable Parallel Random Number Generator)
Time:    Mon May 30 18:44:52 2022
Kernel:  AVX+FMA - auto-detect threads (12 CPU cores detected)

Reading alignment file experiment-set3_06-blocksize-1000-dataset.fasta ... Fasta format detected
Alignment most likely contains DNA/RNA sequences
WARNING: 7739 sites contain only gaps or ambiguous characters.
Alignment has 6 sequences with 144551 columns, 327 distinct patterns
750 parsimony-informative, 1111 singleton sites, 142690 constant sites
                          Gap/Ambiguity  Composition  p-value
   1  C33                         6.96%    passed     84.45%
   2  C46                         7.61%    passed     97.69%
   3  Titanium_IBR_MLV_vaccine    6.85%    passed     86.54%
   4  Cooper                      7.30%    passed     99.75%
   5  K22                         6.44%    passed     70.75%
   6  MN2                         6.64%    passed     77.94%
****  TOTAL                       6.96%  0 sequences failed composition chi2 test (p-value<5%; df=3)
NOTE: minimal branch length is reduced to 0.000000691797 for long alignment


Create initial parsimony tree by phylogenetic likelihood library (PLL)... 0.000 seconds
Measuring multi-threading efficiency up to 12 CPU cores
Increase to 10 rounds for branch lengths
19225 trees examined
Threads: 1 / Time: 12.000 sec / Speedup: 1.000 / Efficiency: 100% / LogL: -189843
Threads: 2 / Time: 8.737 sec / Speedup: 1.373 / Efficiency: 69% / LogL: -189843
Threads: 3 / Time: 6.182 sec / Speedup: 1.941 / Efficiency: 65% / LogL: -189843
Threads: 4 / Time: 5.996 sec / Speedup: 2.001 / Efficiency: 50% / LogL: -189843
Threads: 5 / Time: 5.723 sec / Speedup: 2.097 / Efficiency: 42% / LogL: -189843
BEST NUMBER OF THREADS: 3

Perform fast likelihood tree search using GTR+I+G model...
Estimate model parameters (epsilon = 5.000)
Perform nearest neighbor interchange...
Estimate model parameters (epsilon = 1.000)
1. Initial log-likelihood: -188817.381
Optimal log-likelihood: -188816.594
Rate parameters:  A-C: 1.60329  A-G: 11.51574  A-T: 1.64200  C-G: 1.06172  C-T: 10.63975  G-T: 1.00000
Base frequencies:  A: 0.135  C: 0.359  G: 0.366  T: 0.140
Proportion of invariable sites: 0.493
Gamma shape alpha: 0.020
Parameters optimization took 1 rounds (0.001 sec)
Time for fast ML tree search: 0.007 seconds

NOTE: ModelFinder requires 0 MB RAM!
ModelFinder will test up to 286 DNA models (sample size: 144551) ...
 No. Model         -LnL         df  AIC          AICc         BIC
  1  GTR+F         188843.818   17  377721.635   377721.640   377889.619
  2  GTR+F+I       188807.021   18  377650.042   377650.047   377827.907
  3  GTR+F+G4      188813.311   18  377662.621   377662.626   377840.486
  4  GTR+F+I+G4    188807.009   19  377652.018   377652.023   377839.764
  5  GTR+F+R2      188827.446   19  377692.891   377692.897   377880.638
  6  GTR+F+R3      188819.145   21  377680.290   377680.296   377887.799
 15  SYM+I         203427.449   15  406884.897   406884.900   407033.118
 28  TVM+F+I       188808.236   17  377650.471   377650.475   377818.455
 41  TVMe+I        203426.963   14  406881.925   406881.928   407020.265
 54  TIM3+F+I      188811.802   16  377655.603   377655.607   377813.705
 67  TIM3e+I       203434.755   13  406895.509   406895.512   407023.967
 80  TIM2+F+I      188811.252   16  377654.503   377654.507   377812.605
 93  TIM2e+I       203432.727   13  406891.455   406891.457   407019.913
106  TIM+F+I       188807.795   16  377647.590   377647.594   377805.692
119  TIMe+I        203438.905   13  406903.811   406903.813   407032.269
132  TPM3u+F+I     188812.269   15  377654.538   377654.541   377802.759
145  TPM3+F+I      188812.229   15  377654.458   377654.461   377802.679
158  TPM2u+F+I     188812.399   15  377654.797   377654.801   377803.018
171  TPM2+F+I      188812.399   15  377654.797   377654.801   377803.018
184  K3Pu+F+I      188807.703   15  377645.405   377645.409   377793.626
197  K3P+I         203439.529   12  406903.057   406903.060   407021.634
210  TN+F+I        188812.855   15  377655.711   377655.714   377803.931
223  TNe+I         203439.151   12  406902.303   406902.305   407020.879
236  HKY+F+I       188814.039   14  377656.077   377656.080   377794.417
249  K2P+I         203439.651   11  406901.303   406901.305   407009.998
262  F81+F+I       189738.100   13  379502.200   379502.202   379630.658
275  JC+I          204162.054   10  408344.108   408344.109   408442.922
Akaike Information Criterion:           K3Pu+F+I
Corrected Akaike Information Criterion: K3Pu+F+I
Bayesian Information Criterion:         K3Pu+F+I
Best-fit model: K3Pu+F+I chosen according to BIC

All model information printed to experiment-set3_06-blocksize-1000.model.gz
CPU time for ModelFinder: 102.843 seconds (0h:1m:42s)
Wall-clock time for ModelFinder: 38.809 seconds (0h:0m:38s)

NOTE: 0 MB RAM (0 GB) is required!
Estimate model parameters (epsilon = 0.100)
1. Initial log-likelihood: -188807.703
Optimal log-likelihood: -188807.695
Rate parameters:  A-C: 1.00000  A-G: 7.16103  A-T: 0.72743  C-G: 0.72743  C-T: 7.16103  G-T: 1.00000
Base frequencies:  A: 0.135  C: 0.359  G: 0.366  T: 0.140
Proportion of invariable sites: 0.872
Parameters optimization took 1 rounds (0.000 sec)
Computing ML distances based on estimated model parameters...
Computing ML distances took 0.000100 sec (of wall-clock time) 0.000403 sec(of CPU time)
Computing RapidNJ tree took 0.000035 sec (of wall-clock time) 0.000070 sec (of CPU time)
Log-likelihood of RapidNJ tree: -188868.178
--------------------------------------------------------------------
|             INITIALIZING CANDIDATE TREE SET                      |
--------------------------------------------------------------------
Generating 98 parsimony trees... 0.035 second
Computing log-likelihood of 6 initial trees ... 0.001 seconds
Current best score: -188807.695

Do NNI search on 8 best initial trees
UPDATE BEST LOG-LIKELIHOOD: -188807.694
UPDATE BEST LOG-LIKELIHOOD: -188807.694
Finish initializing candidate tree set (8)
Current best tree score: -188807.694 / CPU time: 0.042
Number of iterations: 8
--------------------------------------------------------------------
|               OPTIMIZING CANDIDATE TREE SET                      |
--------------------------------------------------------------------
Iteration 10 / LogL: -188808.793 / Time: 0h:0m:0s
UPDATE BEST LOG-LIKELIHOOD: -188807.694
Iteration 20 / LogL: -188807.694 / Time: 0h:0m:0s
UPDATE BEST LOG-LIKELIHOOD: -188807.694
UPDATE BEST LOG-LIKELIHOOD: -188807.694
Iteration 30 / LogL: -188808.886 / Time: 0h:0m:0s (0h:0m:0s left)
Iteration 40 / LogL: -188807.695 / Time: 0h:0m:0s (0h:0m:0s left)
Iteration 50 / LogL: -188807.694 / Time: 0h:0m:0s (0h:0m:0s left)
UPDATE BEST LOG-LIKELIHOOD: -188807.694
Iteration 60 / LogL: -188807.695 / Time: 0h:0m:0s (0h:0m:0s left)
Iteration 70 / LogL: -188830.840 / Time: 0h:0m:0s (0h:0m:0s left)
Iteration 80 / LogL: -188836.705 / Time: 0h:0m:0s (0h:0m:0s left)
Iteration 90 / LogL: -188837.623 / Time: 0h:0m:0s (0h:0m:0s left)
Iteration 100 / LogL: -188807.751 / Time: 0h:0m:0s (0h:0m:0s left)
TREE SEARCH COMPLETED AFTER 101 ITERATIONS / Time: 0h:0m:0s

--------------------------------------------------------------------
|                    FINALIZING TREE SEARCH                        |
--------------------------------------------------------------------
Performs final model parameters optimization
Estimate model parameters (epsilon = 0.010)
1. Initial log-likelihood: -188807.694
Optimal log-likelihood: -188807.686
Rate parameters:  A-C: 1.00000  A-G: 7.15817  A-T: 0.72091  C-G: 0.72091  C-T: 7.15817  G-T: 1.00000
Base frequencies:  A: 0.135  C: 0.359  G: 0.366  T: 0.140
Proportion of invariable sites: 0.872
Parameters optimization took 1 rounds (0.000 sec)
BEST SCORE FOUND : -188807.686
Total tree length: 0.015

Total number of iterations: 101
CPU time used for tree search: 0.527 sec (0h:0m:0s)
Wall-clock time used for tree search: 0.116 sec (0h:0m:0s)
Total CPU time used: 0.557 sec (0h:0m:0s)
Total wall-clock time used: 0.122 sec (0h:0m:0s)

Analysis results written to: 
  IQ-TREE report:                experiment-set3_06-blocksize-1000.iqtree
  Maximum-likelihood tree:       experiment-set3_06-blocksize-1000.treefile
  Likelihood distances:          experiment-set3_06-blocksize-1000.mldist
  Screen log file:               experiment-set3_06-blocksize-1000.log

Date and Time: Mon May 30 18:45:31 2022
