IQ-TREE multicore version 2.1.3 COVID-edition for Linux 64-bit built Apr 21 2021
Developed by Bui Quang Minh, James Barbetti, Nguyen Lam Tung,
Olga Chernomor, Heiko Schmidt, Dominik Schrempf, Michael Woodhams.

Host:    mutalisk (AVX2, FMA3, 31 GB RAM)
Command: iqtree2 -nt AUTO -s experiment-set3_06-blocksize-0500-dataset.fasta -pre experiment-set3_06-blocksize-0500
Seed:    616693 (Using SPRNG - Scalable Parallel Random Number Generator)
Time:    Mon May 30 18:43:34 2022
Kernel:  AVX+FMA - auto-detect threads (12 CPU cores detected)

Reading alignment file experiment-set3_06-blocksize-0500-dataset.fasta ... Fasta format detected
Alignment most likely contains DNA/RNA sequences
WARNING: 7739 sites contain only gaps or ambiguous characters.
Alignment has 6 sequences with 144551 columns, 327 distinct patterns
750 parsimony-informative, 1111 singleton sites, 142690 constant sites
                          Gap/Ambiguity  Composition  p-value
   1  C33                         6.96%    passed     84.45%
   2  C46                         7.61%    passed     97.69%
   3  Titanium_IBR_MLV_vaccine    6.85%    passed     86.54%
   4  Cooper                      7.30%    passed     99.75%
   5  K22                         6.44%    passed     70.75%
   6  MN2                         6.64%    passed     77.94%
****  TOTAL                       6.96%  0 sequences failed composition chi2 test (p-value<5%; df=3)
NOTE: minimal branch length is reduced to 0.000000691797 for long alignment


Create initial parsimony tree by phylogenetic likelihood library (PLL)... 0.000 seconds
Measuring multi-threading efficiency up to 12 CPU cores
Increase to 10 rounds for branch lengths
20201 trees examined
Threads: 1 / Time: 12.000 sec / Speedup: 1.000 / Efficiency: 100% / LogL: -192545
Threads: 2 / Time: 7.351 sec / Speedup: 1.632 / Efficiency: 82% / LogL: -192545
Threads: 3 / Time: 6.710 sec / Speedup: 1.788 / Efficiency: 60% / LogL: -192545
Threads: 4 / Time: 7.368 sec / Speedup: 1.629 / Efficiency: 41% / LogL: -192545
BEST NUMBER OF THREADS: 3

Perform fast likelihood tree search using GTR+I+G model...
Estimate model parameters (epsilon = 5.000)
Perform nearest neighbor interchange...
Estimate model parameters (epsilon = 1.000)
1. Initial log-likelihood: -188817.393
Optimal log-likelihood: -188816.602
Rate parameters:  A-C: 1.60374  A-G: 11.51540  A-T: 1.64293  C-G: 1.06183  C-T: 10.64204  G-T: 1.00000
Base frequencies:  A: 0.135  C: 0.359  G: 0.366  T: 0.140
Proportion of invariable sites: 0.493
Gamma shape alpha: 0.020
Parameters optimization took 1 rounds (0.001 sec)
Time for fast ML tree search: 0.008 seconds

NOTE: ModelFinder requires 0 MB RAM!
ModelFinder will test up to 286 DNA models (sample size: 144551) ...
 No. Model         -LnL         df  AIC          AICc         BIC
  1  GTR+F         188843.789   17  377721.577   377721.581   377889.561
  2  GTR+F+I       188806.995   18  377649.991   377649.995   377827.855
  3  GTR+F+G4      188813.278   18  377662.557   377662.561   377840.422
  4  GTR+F+I+G4    188806.982   19  377651.963   377651.969   377839.710
  5  GTR+F+R2      188827.519   19  377693.038   377693.044   377880.785
  6  GTR+F+R3      188819.132   21  377680.264   377680.270   377887.773
 15  SYM+I         203426.757   15  406883.514   406883.517   407031.735
 28  TVM+F+I       188808.204   17  377650.408   377650.413   377818.392
 41  TVMe+I        203426.704   14  406881.408   406881.411   407019.747
 54  TIM3+F+I      188811.791   16  377655.581   377655.585   377813.683
 67  TIM3e+I       203434.773   13  406895.546   406895.548   407024.004
 80  TIM2+F+I      188811.254   16  377654.508   377654.511   377812.610
 93  TIM2e+I       203432.719   13  406891.439   406891.441   407019.897
106  TIM+F+I       188807.803   16  377647.605   377647.609   377805.707
119  TIMe+I        203438.953   13  406903.905   406903.908   407032.363
132  TPM3u+F+I     188812.261   15  377654.522   377654.525   377802.742
145  TPM3+F+I      188812.237   15  377654.475   377654.478   377802.695
158  TPM2u+F+I     188812.395   15  377654.789   377654.793   377803.010
171  TPM2+F+I      188812.395   15  377654.789   377654.793   377803.010
184  K3Pu+F+I      188807.568   15  377645.135   377645.139   377793.356
197  K3P+I         203439.887   12  406903.775   406903.777   407022.351
210  TN+F+I        188812.873   15  377655.745   377655.748   377803.966
223  TNe+I         203439.148   12  406902.296   406902.298   407020.872
236  HKY+F+I       188814.038   14  377656.076   377656.079   377794.416
249  K2P+I         203439.651   11  406901.303   406901.305   407009.998
262  F81+F+I       189738.100   13  379502.200   379502.202   379630.658
275  JC+I          204162.054   10  408344.108   408344.109   408442.922
Akaike Information Criterion:           K3Pu+F+I
Corrected Akaike Information Criterion: K3Pu+F+I
Bayesian Information Criterion:         K3Pu+F+I
Best-fit model: K3Pu+F+I chosen according to BIC

All model information printed to experiment-set3_06-blocksize-0500.model.gz
CPU time for ModelFinder: 78.209 seconds (0h:1m:18s)
Wall-clock time for ModelFinder: 33.615 seconds (0h:0m:33s)

NOTE: 0 MB RAM (0 GB) is required!
Estimate model parameters (epsilon = 0.100)
1. Initial log-likelihood: -188807.568
Optimal log-likelihood: -188807.561
Rate parameters:  A-C: 1.00000  A-G: 6.95126  A-T: 0.70330  C-G: 0.70330  C-T: 6.95126  G-T: 1.00000
Base frequencies:  A: 0.135  C: 0.359  G: 0.366  T: 0.140
Proportion of invariable sites: 0.871
Parameters optimization took 1 rounds (0.000 sec)
Computing ML distances based on estimated model parameters...
Computing ML distances took 0.000100 sec (of wall-clock time) 0.000220 sec(of CPU time)
Computing RapidNJ tree took 0.000037 sec (of wall-clock time) 0.000037 sec (of CPU time)
Log-likelihood of RapidNJ tree: -188868.250
--------------------------------------------------------------------
|             INITIALIZING CANDIDATE TREE SET                      |
--------------------------------------------------------------------
Generating 98 parsimony trees... 0.028 second
Computing log-likelihood of 6 initial trees ... 0.001 seconds
Current best score: -188807.561

Do NNI search on 8 best initial trees
UPDATE BEST LOG-LIKELIHOOD: -188807.560
UPDATE BEST LOG-LIKELIHOOD: -188807.560
Finish initializing candidate tree set (8)
Current best tree score: -188807.560 / CPU time: 0.035
Number of iterations: 8
--------------------------------------------------------------------
|               OPTIMIZING CANDIDATE TREE SET                      |
--------------------------------------------------------------------
Iteration 10 / LogL: -188807.616 / Time: 0h:0m:0s
UPDATE BEST LOG-LIKELIHOOD: -188807.560
UPDATE BEST LOG-LIKELIHOOD: -188807.560
Iteration 20 / LogL: -188807.586 / Time: 0h:0m:0s
Iteration 30 / LogL: -188808.647 / Time: 0h:0m:0s (0h:0m:0s left)
Iteration 40 / LogL: -188807.561 / Time: 0h:0m:0s (0h:0m:0s left)
Iteration 50 / LogL: -188807.610 / Time: 0h:0m:0s (0h:0m:0s left)
Iteration 60 / LogL: -188808.640 / Time: 0h:0m:0s (0h:0m:0s left)
Iteration 70 / LogL: -188807.560 / Time: 0h:0m:0s (0h:0m:0s left)
UPDATE BEST LOG-LIKELIHOOD: -188807.560
Iteration 80 / LogL: -188807.583 / Time: 0h:0m:0s (0h:0m:0s left)
Iteration 90 / LogL: -188807.560 / Time: 0h:0m:0s (0h:0m:0s left)
Iteration 100 / LogL: -188807.560 / Time: 0h:0m:0s (0h:0m:0s left)
TREE SEARCH COMPLETED AFTER 101 ITERATIONS / Time: 0h:0m:0s

--------------------------------------------------------------------
|                    FINALIZING TREE SEARCH                        |
--------------------------------------------------------------------
Performs final model parameters optimization
Estimate model parameters (epsilon = 0.010)
1. Initial log-likelihood: -188807.560
Optimal log-likelihood: -188807.554
Rate parameters:  A-C: 1.00000  A-G: 6.90536  A-T: 0.69608  C-G: 0.69608  C-T: 6.90536  G-T: 1.00000
Base frequencies:  A: 0.135  C: 0.359  G: 0.366  T: 0.140
Proportion of invariable sites: 0.871
Parameters optimization took 1 rounds (0.000 sec)
BEST SCORE FOUND : -188807.554
Total tree length: 0.015

Total number of iterations: 101
CPU time used for tree search: 0.426 sec (0h:0m:0s)
Wall-clock time used for tree search: 0.107 sec (0h:0m:0s)
Total CPU time used: 0.447 sec (0h:0m:0s)
Total wall-clock time used: 0.113 sec (0h:0m:0s)

Analysis results written to: 
  IQ-TREE report:                experiment-set3_06-blocksize-0500.iqtree
  Maximum-likelihood tree:       experiment-set3_06-blocksize-0500.treefile
  Likelihood distances:          experiment-set3_06-blocksize-0500.mldist
  Screen log file:               experiment-set3_06-blocksize-0500.log

Date and Time: Mon May 30 18:44:08 2022
